[libmmcso] : offloading thread affinity on [host i02r01c02s05, rank [libmmcso] : offloading thread affinity on [host i02r03c04s08, rank 1] : cpu=47
[libmmcso] : offloading thread affinity on [host i02r04c01s12, rank [libmmcso] : offloading thread affinity on [host i02r03c05s10, rank 17] : cpu=47
[libmmcso] : offloading thread affinity on [host i08r05c06s09, rank [libmmcso] : offloading thread affinity on [host i02r02c06s08, rank [libmmcso] : offloading thread affinity on [host i02r04c01s12, rank 27] : cpu=47
[libmmcso] : offloading thread affinity on [host i02r03c04s08, rank 88] : cpu=23
6] : cpu=23
32] : cpu=23
[libmmcso] : offloading thread affinity on [host i02r03c05s09, rank 16] : cpu=23
[libmmcso] : offloading thread affinity on [host i08r05c06s09, rank [libmmcso] : offloading thread affinity on [host i02r02c01s02, rank 33] : cpu=47
[libmmcso] : offloading thread affinity on [host i02r03c05s09, rank 25] : cpu=89] : cpu=47
[libmmcso] : offloading thread affinity on [host i02r01c06s10, rank [libmmcso] : offloading thread affinity on [host i02r04c02s02, rank 24] : cpu=23
[libmmcso] : offloading thread affinity on [host i02r02c01s02, rank [libmmcso] : offloading thread affinity on [host i02r04c02s02, rank 47
[libmmcso] : offloading thread affinity on [host i02r01c06s10, rank 36] : cpu=23
4] : cpu=23
37] : cpu=47
2] : cpu=23
[libmmcso] : offloading thread affinity on [host i02r04c02s09, rank 5] : cpu=47
[libmmcso] : offloading thread affinity on [host i02r04c02s09, rank [libmmcso] : offloading thread affinity on [host i02r02c06s08, rank 49] : cpu=47
3] : cpu=47
48] : cpu=23
7] : cpu=47
[libmmcso] : offloading thread affinity on [host i02r03c05s10, rank [libmmcso] : offloading thread affinity on [host i02r01c02s05, rank 26] : cpu=23
[libmmcso] : offloading thread affinity on [host i08r11c02s05, rank 0] : cpu=23
[libmmcso] : offloading thread affinity on [host 122] : cpu=23
i08r11c02s05, rank 123] : cpu=47
[libmmcso] : offloading thread affinity on [host i03r11c02s08, rank 70] : cpu=23
[libmmcso] : offloading thread affinity on [host i03r11c02s08, rank 71] : cpu=47
[libmmcso] : offloading thread affinity on [host i03r05c02s11, rank 65] : cpu=47
[libmmcso] : offloading thread affinity on [host i03r05c02s11, rank 64] : cpu=23
[libmmcso] : offloading thread affinity on [host i02r04c02s01, rank 35] : cpu=47
[libmmcso] : offloading thread affinity on [host i02r04c02s01, rank 34] : cpu=23
[libmmcso] : offloading thread affinity on [host i02r04c02s12, rank 52] : cpu=23
[libmmcso] : offloading thread affinity on [host i02r03c04s10, rank [libmmcso] : offloading thread affinity on [host i02r04c02s12, rank 53] : cpu=47
20] : cpu=23
[libmmcso] : offloading thread affinity on [host i02r04c03s05, rank [libmmcso] : offloading thread affinity on [host i08r11c01s12, rank [libmmcso] : offloading thread affinity on [host i02r04c02s03, rank [libmmcso] : offloading thread affinity on [host i03r05c02s12, rank 62] : cpu=23
113] : cpu=47
38] : cpu=23
[libmmcso] : offloading thread affinity on [host i02r03c04s10, rank [libmmcso] : offloading thread affinity on [host i03r05c03s01, rank 21] : cpu=47
67] : cpu=47
[libmmcso] : offloading thread affinity on [host i02r04c03s01, rank [libmmcso] : offloading thread affinity on [host i02r04c03s05, rank 69] : cpu=47
55] : cpu=4763] : cpu=47
[libmmcso] : offloading thread affinity on [host i03r05c03s01, rank 
[libmmcso] : offloading thread affinity on [host i02r04c01s11, rank 68] : cpu=23
[libmmcso] : offloading thread affinity on [host i02r04c01s11, rank [libmmcso] : offloading thread affinity on [host i02r03c04s09, rank [libmmcso] : offloading thread affinity on [host i02r04c02s03, rank 30] : cpu=23
[libmmcso] : offloading thread affinity on [host i02r03c04s09, rank 39] : cpu=47
31] : cpu=47
18] : cpu=23
[libmmcso] : offloading thread affinity on [host i02r04c03s01, rank [libmmcso] : offloading thread affinity on [host i02r03c04s05, rank [libmmcso] : offloading thread affinity on [host i08r11c01s12, rank [libmmcso] : offloading thread affinity on [host i02r03c05s11, rank 19] : cpu=47
[libmmcso] : offloading thread affinity on [host i03r05c02s12, rank 54] : cpu=23
10] : cpu=23
112] : cpu=23
[libmmcso] : offloading thread affinity on [host i02r03c05s11, rank 66] : cpu=23
[libmmcso] : offloading thread affinity on [host i02r03c04s05, rank 11] : cpu=47
28] : cpu=2329] : cpu=47

[libmmcso] : offloading thread affinity on [host i02r04c03s02, rank 56] : cpu=23
[libmmcso] : offloading thread affinity on [host i02r03c05s08, rank 23] : cpu=47
[libmmcso] : offloading thread affinity on [host i02r04c03s03, rank [libmmcso] : offloading thread affinity on [host i08r11c02s04, rank [libmmcso] : offloading thread affinity on [host i02r04c02s11, rank 59] : cpu=47
120] : cpu=23
50] : cpu=23
[libmmcso] : offloading thread affinity on [host i02r04c03s02, rank [libmmcso] : offloading thread affinity on [host i02r03c05s08, rank 22] : cpu=23
57] : cpu=47
[libmmcso] : offloading thread affinity on [host i08r11c02s04, rank 121] : cpu=47
[libmmcso] : offloading thread affinity on [host i02r04c02s11, rank [libmmcso] : offloading thread affinity on [host i02r04c03s03, rank 51] : cpu=47
58] : cpu=23
[libmmcso] : offloading thread affinity on [host i08r11c02s03, rank [libmmcso] : offloading thread affinity on [host i08r11c02s03, rank 118] : cpu=23
119] : cpu=47
[libmmcso] : offloading thread affinity on [host i02r03c04s07, rank [libmmcso] : offloading thread affinity on [host i02r03c04s07, rank 14] : cpu=23
15] : cpu=47
[libmmcso] : offloading thread affinity on [host i08r05c06s10, rank 90] : cpu=23
[libmmcso] : offloading thread affinity on [host i08r05c06s11, rank [libmmcso] : offloading thread affinity on [host i08r05c06s10, rank 93] : cpu=47
91] : cpu=47
[libmmcso] : offloading thread affinity on [host i08r05c06s11, rank 92] : cpu=23
[libmmcso] : offloading thread affinity on [host i02r03c03s01, rank 8] : cpu=23
[libmmcso] : offloading thread affinity on [host i02r04c02s06, rank [libmmcso] : offloading thread affinity on [host i02r04c02s07, rank [libmmcso] : offloading thread affinity on [host i02r04c02s06, rank [libmmcso] : offloading thread affinity on [host i02r04c02s07, rank 43] : cpu=47
45] : cpu=47
42] : cpu=23
44] : cpu=23
[libmmcso] : offloading thread affinity on [host i02r03c04s06, rank [libmmcso] : offloading thread affinity on [host i02r03c04s06, rank 13] : cpu=47
12] : cpu=23
[libmmcso] : offloading thread affinity on [host i02r03c03s01, rank 9] : cpu=47
[libmmcso] : offloading thread affinity on [host i08r11c02s01, rank [libmmcso] : offloading thread affinity on [host i08r11c02s01, rank 114] : cpu=23
115] : cpu=47
[libmmcso] : offloading thread affinity on [host i02r04c02s05, rank [libmmcso] : offloading thread affinity on [host i02r04c02s05, rank 41] : cpu=47
40] : cpu=23
[libmmcso] : offloading thread affinity on [host i08r06c01s01, rank 96] : cpu=23
[libmmcso] : offloading thread affinity on [host i08r06c01s01, rank 97] : cpu=47
[libmmcso] : offloading thread affinity on [host i06r02c01s04, rank [libmmcso] : offloading thread affinity on [host i02r04c03s04, rank [libmmcso] : offloading thread affinity on [host i06r02c01s04, rank 60] : cpu=23
[libmmcso] : offloading thread affinity on [host i02r04c02s08, rank [libmmcso] : offloading thread affinity on [host i08r06c01s02, rank 72] : cpu=23
[libmmcso] : offloading thread affinity on [host i08r05c06s12, rank [libmmcso] : offloading thread affinity on [host i02r04c02s08, rank [libmmcso] : offloading thread affinity on [host i08r06c01s02, rank 73] : cpu=47
95] : cpu=47] : cpu=47
98] : cpu=23
47
46] : cpu=23
99] : cpu=47
[libmmcso] : offloading thread affinity on [host i06r02c01s06, rank [libmmcso] : offloading thread affinity on [host i02r04c03s04, rank [libmmcso] : offloading thread affinity on [host [libmmcso] : offloading thread affinity on [host i06r02c01s06, rank 61] : cpu=47
[libmmcso] : offloading thread affinity on [host i08r11c02s02, rank 76] : cpu=23
i08r11c02s02, rank 116] : cpu=2377] : cpu=47
117] : cpu=47
[libmmcso] : offloading thread affinity on [host i08r05c06s08, rank 
[libmmcso] : offloading thread affinity on [host i08r05c06s12, rank [libmmcso] : offloading thread affinity on [host i08r05c06s08, rank 94] : cpu=23
87] : cpu=47
86] : cpu=23
[libmmcso] : offloading thread affinity on [host i06r02c02s04, rank [libmmcso] : offloading thread affinity on [host i06r02c02s04, rank 80] : cpu=23
81] : cpu=47
[libmmcso] : offloading thread affinity on [host i08r06c01s04, rank [libmmcso] : offloading thread affinity on [host i08r06c01s04, rank 102] : cpu=23
103] : cpu=47
[libmmcso] : offloading thread affinity on [host i08r11c06s12, rank [libmmcso] : offloading thread affinity on [host i08r11c06s12, rank 127] : cpu=47
126] : cpu=23
[libmmcso] : offloading thread affinity on [host i08r06c01s05, rank 105] : cpu=47
[libmmcso] : offloading thread affinity on [host i06r02c02s11, rank 85] : cpu=47
[libmmcso] : offloading thread affinity on [host i06r02c02s11, rank 84] : cpu=23
[libmmcso] : offloading thread affinity on [host i08r06c01s06, rank [libmmcso] : offloading thread affinity on [host i08r06c01s05, rank 104] : cpu=23
[libmmcso] : offloading thread affinity on [host i08r06c01s06, rank 107] : cpu=47
106] : cpu=23
[libmmcso] : offloading thread affinity on [host i08r06c01s03, rank [libmmcso] : offloading thread affinity on [host i08r06c01s03, rank 100] : cpu=23101] : cpu=47

[libmmcso] : offloading thread affinity on [host i08r11c06s10, rank 125] : cpu=47
[libmmcso] : offloading thread affinity on [host i08r11c01s10, rank [libmmcso] : offloading thread affinity on [host i06r02c02s05, rank [libmmcso] : offloading thread affinity on [host i08r11c01s11, rank 83] : cpu=47109] : cpu=47

111] : cpu=47
[libmmcso] : offloading thread affinity on [host i06r02c01s07, rank 78] : cpu=23
[libmmcso] : offloading thread affinity on [host i08r11c06s10, rank 124] : cpu=23
[libmmcso] : offloading thread affinity on [host i08r11c01s10, rank [libmmcso] : offloading thread affinity on [host i06r02c02s05, rank 108] : cpu=23
[libmmcso] : offloading thread affinity on [host i06r02c01s07, rank 82] : cpu=23
[libmmcso] : offloading thread affinity on [host i08r11c01s11, rank 110] : cpu=23
79] : cpu=47
[libmmcso] : offloading thread affinity on [host i06r02c01s05, rank [libmmcso] : offloading thread affinity on [host i06r02c01s05, rank 74] : cpu=23
75] : cpu=47
