[libmmcso] : offloading thread affinity on [host i04r09c05s05, rank [libmmcso] : offloading thread affinity on [host i04r09c05s03, rank [libmmcso] : offloading thread affinity on [host i04r09c05s10, rank 81] : cpu=47
77] : cpu=47
91] : cpu=47
[libmmcso] : offloading thread affinity on [host i04r09c05s08, rank [libmmcso] : offloading thread affinity on [host i04r09c05s03, rank [libmmcso] : offloading thread affinity on [host i04r09c05s10, rank 87] : cpu=47
76] : cpu=23
90] : cpu=23
[libmmcso] : offloading thread affinity on [host i04r09c05s08, rank 86] : cpu=23
[libmmcso] : offloading thread affinity on [host i04r09c05s05, rank 80] : cpu=23
[libmmcso] : offloading thread affinity on [host i04r09c05s06, rank 82] : cpu=23
[libmmcso] : offloading thread affinity on [host i04r09c05s09, rank [libmmcso] : offloading thread affinity on [host i04r09c05s09, rank 88] : cpu=23
89] : cpu=47
[libmmcso] : offloading thread affinity on [host i04r09c05s06, rank 83] : cpu=47
[libmmcso] : offloading thread affinity on [host i04r08c06s04, rank 1] : cpu=47
[libmmcso] : offloading thread affinity on [host [libmmcso] : offloading thread affinity on [host i04r09c06s04, rank [libmmcso] : offloading thread affinity on [host i04r09c06s04, rank 95] : cpu=47
94] : cpu=23
[libmmcso] : offloading thread affinity on [host i04r08c06s06, rank i04r08c06s04, rank 0] : cpu=23
5] : cpu=47
[libmmcso] : offloading thread affinity on [host i04r08c06s06, rank 4] : cpu=23
[libmmcso] : offloading thread affinity on [host i04r09c01s04, rank 25] : cpu=47
[libmmcso] : offloading thread affinity on [host i04r09c01s09, rank 34] : cpu=23
[libmmcso] : offloading thread affinity on [host i04r09c01s09, rank 35] : cpu=47
[libmmcso] : offloading thread affinity on [host i04r09c01s04, rank 24] : cpu=23
[libmmcso] : offloading thread affinity on [host i04r08c06s11, rank [libmmcso] : offloading thread affinity on [host i04r08c06s11, rank 15] : cpu=47
14] : cpu=23
[libmmcso] : offloading thread affinity on [host i04r09c01s06[libmmcso] : offloading thread affinity on [host i04r09c01s06, rank , rank 28] : cpu=23
29] : cpu=47
[libmmcso] : offloading thread affinity on [host i04r08c06s07[libmmcso] : offloading thread affinity on [host i04r08c06s07, rank , rank 6] : cpu=7] : cpu=47
23
[libmmcso] : offloading thread affinity on [host i04r09c04s07, rank 60] : cpu=23
[libmmcso] : offloading thread affinity on [host i04r09c04s07, rank 61] : cpu=47
[libmmcso] : offloading thread affinity on [host i04r09c05s01, rank 73] : cpu=47
[libmmcso] : offloading thread affinity on [host i04r09c05s01, rank 72] : cpu=23
[libmmcso] : offloading thread affinity on [host i04r09c03s08, rank 38] : cpu=23
[libmmcso] : offloading thread affinity on [host i04r09c03s08, rank 39] : cpu=47
[libmmcso] : offloading thread affinity on [host i04r09c05s02, rank 74] : cpu=23
[libmmcso] : offloading thread affinity on [host i04r09c05s02, rank 75] : cpu=47
[libmmcso] : offloading thread affinity on [host i04r09c05s04, rank [libmmcso] : offloading thread affinity on [host i04r09c05s04, rank 79] : cpu=47
78] : cpu=23
[libmmcso] : offloading thread affinity on [host i04r09c04s01, rank 49] : cpu=47
[libmmcso] : offloading thread affinity on [host i04r09c04s01, rank 48] : cpu=23
[libmmcso] : offloading thread affinity on [host i04r09c05s11, rank 92] : cpu=23
[libmmcso] : offloading thread affinity on [host i04r09c05s11, rank 93] : cpu=47
[libmmcso] : offloading thread affinity on [host i04r08c06s05, rank 2] : cpu=23
[libmmcso] : offloading thread affinity on [host i04r08c06s05, rank 3] : cpu=47
[libmmcso] : offloading thread affinity on [host i04r09c04s03, rank 52] : cpu=23
[libmmcso] : offloading thread affinity on [host i04r09c04s03, rank 53] : cpu=47
[libmmcso] : offloading thread affinity on [host i04r09c04s04, rank [libmmcso] : offloading thread affinity on [host i04r09c04s04, rank 54] : cpu=23
55] : cpu=47
[libmmcso] : offloading thread affinity on [host i04r09c04s06, rank 59] : cpu=47
[libmmcso] : offloading thread affinity on [host i04r09c04s06, rank 58] : cpu=23
[libmmcso] : offloading thread affinity on [host i04r09c01s08, rank [libmmcso] : offloading thread affinity on [host i04r09c04s05, rank [libmmcso] : offloading thread affinity on [host i04r08c06s08, rank [libmmcso] : offloading thread affinity on [host i04r10c01s06, rank 32] : cpu=23
[libmmcso] : offloading thread affinity on [host i04r09c04s05, rank 57] : cpu=47
[libmmcso] : offloading thread affinity on [host i04r08c06s08, rank [libmmcso] : offloading thread affinity on [host i04r10c01s06, rank [libmmcso] : offloading thread affinity on [host i04r09c01s08, rank 56] : cpu=23
9] : cpu=47
108] : cpu=23
33] : cpu=47
8] : cpu=23
109] : cpu=47
[libmmcso] : offloading thread affinity on [host i04r08c06s10, rank [libmmcso] : offloading thread affinity on [host i04r08c06s10, rank 12] : cpu=23
13] : cpu=47
[libmmcso] : offloading thread affinity on [host i04r09c03s12, rank 47] : cpu=47
[libmmcso] : offloading thread affinity on [host i04r09c03s12, rank 46] : cpu=23
[libmmcso] : offloading thread affinity on [host i04r09c01s05, rank [libmmcso] : offloading thread affinity on [host i04r09c01s05, rank 26] : cpu=23
27] : cpu=47
[libmmcso] : offloading thread affinity on [host i04r09c01s07, rank [libmmcso] : offloading thread affinity on [host i04r09c01s07, rank 30] : cpu=2331] : cpu=47

[libmmcso] : offloading thread affinity on [host i04r09c05s07, rank 84] : cpu=23
[libmmcso] : offloading thread affinity on [host i04r09c05s07, rank 85] : cpu=47
[libmmcso] : offloading thread affinity on [host i04r09c04s02, rank 50] : cpu=23
[libmmcso] : offloading thread affinity on [host i04r09c04s02, rank [libmmcso] : offloading thread affinity on [host i04r08c06s09, rank 51] : cpu=47
[libmmcso] : offloading thread affinity on [host i04r09c04s08, rank 10] : cpu=23
62] : cpu=23
[libmmcso] : offloading thread affinity on [host i04r08c06s09, rank 11] : cpu=47
[libmmcso] : offloading thread affinity on [host i04r09c04s08, rank 63] : cpu=47
[libmmcso] : offloading thread affinity on [host i04r09c03s09, rank 40] : cpu=23
[libmmcso] : offloading thread affinity on [host i04r09c01s10, rank [libmmcso] : offloading thread affinity on [host i04r09c01s10, rank 37] : cpu=47
[libmmcso] : offloading thread affinity on [host i04r09c03s09, rank 36] : cpu=23
41] : cpu=47
[libmmcso] : offloading thread affinity on [host i04r09c04s11, rank [libmmcso] : offloading thread affinity on [host i04r09c04s11, rank 69] : cpu=47
68] : cpu=23
[libmmcso] : offloading thread affinity on [host i04r10c01s01, rank [libmmcso] : offloading thread affinity on [host i04r10c01s01, rank 98] : cpu=23
99] : cpu=47
[libmmcso] : offloading thread affinity on [host i04r10c01s05, rank 107] : cpu=47
[libmmcso] : offloading thread affinity on [host i04r10c01s05, rank 106] : cpu=23
[libmmcso] : offloading thread affinity on [host i04r08c06s12, rank [libmmcso] : offloading thread affinity on [host i04r08c06s12, rank 17] : cpu=47
16] : cpu=23
[libmmcso] : offloading thread affinity on [host i08r09c02s08, rank [libmmcso] : offloading thread affinity on [host i08r09c02s08, rank 126] : cpu=23
127] : cpu=47
[libmmcso] : offloading thread affinity on [host i04r09c04s12, rank 71] : cpu=47
[libmmcso] : offloading thread affinity on [host i04r09c03s11, rank 45] : cpu=47
[libmmcso] : offloading thread affinity on [host i04r09c03s11, rank [libmmcso] : offloading thread affinity on [host i04r09c04s12, rank 70] : cpu=23
44] : cpu=23
[libmmcso] : offloading thread affinity on [host i04r10c01s08, rank 113] : cpu=47
[libmmcso] : offloading thread affinity on [host i04r10c01s08, rank 112] : cpu=23
[libmmcso] : offloading thread affinity on [host i08r09c02s06, rank 123] : cpu=47
[libmmcso] : offloading thread affinity on [host i08r09c02s06, rank 122] : cpu=23
[libmmcso] : offloading thread affinity on [host i04r10c01s03, rank [libmmcso] : offloading thread affinity on [host i04r10c01s03, rank 102] : cpu=23
103] : cpu=47
[libmmcso] : offloading thread affinity on [host i08r09c02s05, rank [libmmcso] : offloading thread affinity on [host i08r09c02s05, rank 121] : cpu=47
120] : cpu=23
[libmmcso] : offloading thread affinity on [host i04r09c06s05, rank 96] : cpu=23
[libmmcso] : offloading thread affinity on [host i04r09c06s05, rank 97] : cpu=47
[libmmcso] : offloading thread affinity on [host i04r09c01s03, rank 23] : cpu=47
[libmmcso] : offloading thread affinity on [host i04r09c01s03, rank 22] : cpu=23
[libmmcso] : offloading thread affinity on [host i04r09c04s09, rank [libmmcso] : offloading thread affinity on [host i04r09c04s09, rank 65] : cpu=47
64] : cpu=23
[libmmcso] : offloading thread affinity on [host i04r09c03s10[libmmcso] : offloading thread affinity on [host i04r09c03s10, rank , rank 4243] : cpu=47
] : cpu=23
[libmmcso] : offloading thread affinity on [host i04r09c01s01, rank 18] : cpu=23
[libmmcso] : offloading thread affinity on [host i04r09c01s01, rank 19] : cpu=47
[libmmcso] : offloading thread affinity on [host i04r11c01s08, rank 115] : cpu=47
[libmmcso] : offloading thread affinity on [host i04r11c01s08, rank 114] : cpu=23
[libmmcso] : offloading thread affinity on [host i04r09c04s10, rank [libmmcso] : offloading thread affinity on [host i04r09c04s10, rank 67] : cpu=47
66] : cpu=23
[libmmcso] : offloading thread affinity on [host i04r10c01s07, rank 110] : cpu=23
[libmmcso] : offloading thread affinity on [host i04r10c01s07, rank 111] : cpu=47
[libmmcso] : offloading thread affinity on [host i04r09c01s02, rank [libmmcso] : offloading thread affinity on [host i04r09c01s02, rank 21] : cpu=47
20] : cpu=23
[libmmcso] : offloading thread affinity on [host i08r09c02s03, rank [libmmcso] : offloading thread affinity on [host i08r09c02s03, rank 116] : cpu=23
117] : cpu=47
[libmmcso] : offloading thread affinity on [host i08r09c02s04, rank 118] : cpu=23
[libmmcso] : offloading thread affinity on [host i04r10c01s04, rank 105] : cpu=47
[libmmcso] : offloading thread affinity on [host i04r10c01s02, rank [libmmcso] : offloading thread affinity on [host i08r09c02s04, rank [libmmcso] : offloading thread affinity on [host i04r10c01s02, rank 119] : cpu=47
100] : cpu=23101] : cpu=47

[libmmcso] : offloading thread affinity on [host i04r10c01s04, rank 104] : cpu=23
[libmmcso] : offloading thread affinity on [host i08r09c02s07, rank [libmmcso] : offloading thread affinity on [host i08r09c02s07, rank 124] : cpu=23125] : cpu=47

