[libmmcso] : offloading thread affinity on [host i05r03c05s09, rank [libmmcso] : offloading thread affinity on [host i05r06c01s08, rank [libmmcso] : offloading thread affinity on [host i05r03c06s06, rank [libmmcso] : offloading thread affinity on [host i05r06c02s06, rank [libmmcso] : offloading thread affinity on [host i05r03c03s01, rank 337[libmmcso] : offloading thread affinity on [host i05r03c05s09, rank [libmmcso] : offloading thread affinity on [host i05r06c01s07, rank [libmmcso] : offloading thread affinity on [host i05r02c01s12, rank [libmmcso] : offloading thread affinity on [host i05r03c04s12, rank [libmmcso] : offloading thread affinity on [host i05r03c05s11, rank 734] : cpu=23
167] : cpu=47
] : cpu=47
[libmmcso] : offloading thread affinity on [host i05r03c06s02, rank [libmmcso] : offloading thread affinity on [host i05r04c06s02, rank 755] : cpu=47
383] : cpu=47
418] : cpu=23
[libmmcso] : offloading thread affinity on [host i05r04c06s06, rank 732] : cpu=23
[libmmcso] : offloading thread affinity on [host i05r03c03s01, rank [libmmcso] : offloading thread affinity on [host i05r03c05s08, rank [libmmcso] : offloading thread affinity on [host i05r04c06s12, rank [libmmcso] : offloading thread affinity on [host i05r06c01s07, rank 336] : cpu=23
405] : cpu=47
[libmmcso] : offloading thread affinity on [host i05r04c04s10, rank [libmmcso] : offloading thread affinity on [host i05r06c01s04, rank 411] : cpu=47
555] : cpu=47
733] : cpu=47
400] : cpu=23
563] : cpu=47
[libmmcso] : offloading thread affinity on [host i05r06c01s08, rank [libmmcso] : offloading thread affinity on [host i05r03c06s03, rank [libmmcso] : offloading thread affinity on [host i05r04c06s12, rank 575] : cpu=47
[libmmcso] : offloading thread affinity on [host i05r02c01s07, rank [libmmcso] : offloading thread affinity on [host i05r03c03s12, rank [libmmcso] : offloading thread affinity on [host i05r03c06s06, rank 523] : cpu=47
[libmmcso] : offloading thread affinity on [host i05r06c01s10, rank 157] : cpu=47
[libmmcso] : offloading thread affinity on [host i05r03c02s12, rank 401] : cpu=47
574] : cpu=23
726] : cpu=23
[libmmcso] : offloading thread affinity on [host i05r03c03s12, rank [libmmcso] : offloading thread affinity on [host i05r04c06s02, rank 735] : cpu=47
[libmmcso] : offloading thread affinity on [host i05r02c01s07, rank [libmmcso] : offloading thread affinity on [host i05r03c02s12, rank [libmmcso] : offloading thread affinity on [host i05r03c06s03, rank 738] : cpu=23
156] : cpu=23
358] : cpu=23
419] : cpu=47
[libmmcso] : offloading thread affinity on [host i05r04c04s12, rank [libmmcso] : offloading thread affinity on [host i05r05c06s09, rank [libmmcso] : offloading thread affinity on [host i05r02c01s12, rank [libmmcso] : offloading thread affinity on [host i05r03c02s06, rank [libmmcso] : offloading thread affinity on [host i05r02c06s03, rank [libmmcso] : offloading thread affinity on [host i05r04c01s07, rank 554] : cpu=23
713] : cpu=166] : cpu=23
335] : cpu=47
[libmmcso] : offloading thread affinity on [host i05r02c06s12, rank 399] : cpu=47
[libmmcso] : offloading thread affinity on [host i05r04c06s08, rank [libmmcso] : offloading thread affinity on [host i05r06c01s03, rank 359] : cpu=47
[libmmcso] : offloading thread affinity on [host i05r03c01s10, rank [libmmcso] : offloading thread affinity on [host i05r03c05s11, rank 526] : cpu=23
[libmmcso] : offloading thread affinity on [host [libmmcso] : offloading thread affinity on [host i05r03c02s06, rank 268] : cpu=23
413] : cpu=47
[libmmcso] : offloading thread affinity on [host i05r04c05s06, rank 47
334] : cpu=23
[libmmcso] : offloading thread affinity on [host i05r02c06s05, rank 445] : cpu=47[libmmcso] : offloading thread affinity on [host i05r04c06s06, rank 725] : cpu=47
[libmmcso] : offloading thread affinity on [host i05r02c02s03, rank [libmmcso] : offloading thread affinity on [host i05r03c04s01, rank 286] : cpu=23
404] : cpu=23
566] : cpu=23
i05r06c02s06, rank 172] : cpu=23
[libmmcso] : offloading thread affinity on [host i05r05c04s08, rank 322] : cpu=23
307] : cpu=47
[libmmcso] : offloading thread affinity on [host i05r03c05s12, rank [libmmcso] : offloading thread affinity on [host i05r04c04s10, rank 522] : cpu=23
[libmmcso] : offloading thread affinity on [host i05r05c06s11, rank [libmmcso] : offloading thread affinity on [host i05r02c02s03, rank 662] : cpu=23
361] : cpu=47
272] : cpu=23
[libmmcso] : offloading thread affinity on [host i05r07c02s07, rank [libmmcso] : offloading thread affinity on [host i05r05c01s05, rank [libmmcso] : offloading thread affinity on [host i05r02c03s06, rank 412] : cpu=23
538] : cpu=754] : cpu=23
173] : cpu=47
[libmmcso] : offloading thread affinity on [host i05r05c04s09, rank 323] : cpu=47
[libmmcso] : offloading thread affinity on [host i05r03c01s03, rank 900] : cpu=23
[libmmcso] : offloading thread affinity on [host i05r05c01s05, rank 584] : cpu=23
203] : cpu=47

[libmmcso] : offloading thread affinity on [host i05r04c06s03, rank 717] : cpu=47
[libmmcso] : offloading thread affinity on [host i05r01c06s08, rank 665] : cpu=47
[libmmcso] : offloading thread affinity on [host i05r03c04s08, rank [libmmcso] : offloading thread affinity on [host i05r02c06s12, rank [libmmcso] : offloading thread affinity on [host i05r01c04s06, rank [libmmcso] : offloading thread affinity on [host i05r07c02s07, rank [libmmcso] : offloading thread affinity on [host i05r01c02s12, rank 585] : cpu=47
[libmmcso] : offloading thread affinity on [host i05r02c03s06, rank [libmmcso] : offloading thread affinity on [host i05r03c05s04, rank 562] : cpu=23
[libmmcso] : offloading thread affinity on [host i05r06c01s11, rank 134] : cpu=23
[libmmcso] : offloading thread affinity on [host i05r05c04s08, rank 663] : cpu=47[libmmcso] : offloading thread affinity on [host i05r03c03s11, rank 83] : cpu=47
901] : cpu=47
47] : cpu=47
[libmmcso] : offloading thread affinity on [host i05r05c02s01, rank 202] : cpu=23
[libmmcso] : offloading thread affinity on [host i05r03c05s10, rank [libmmcso] : offloading thread affinity on [host i05r04c04s12, rank [libmmcso] : offloading thread affinity on [host i05r05c06s12, rank [libmmcso] : offloading thread affinity on [host i05r02c02s04, rank [libmmcso] : offloading thread affinity on [host i05r05c04s09, rank 293] : cpu=47
[libmmcso] : offloading thread affinity on [host i05r07c06s10, rank [libmmcso] : offloading thread affinity on [host i05r07c03s09, rank [libmmcso] : offloading thread affinity on [host i05r05c02s01, rank [libmmcso] : offloading thread affinity on [host i05r04c02s01, rank [libmmcso] : offloading thread affinity on [host i05r02c03s07, rank 407] : cpu=47
23
[libmmcso] : offloading thread affinity on [host i05r06c01s11, rank [libmmcso] : offloading thread affinity on [host i05r01c06s11, rank 
375] : cpu=47
[libmmcso] : offloading thread affinity on [host i05r03c01s08, rank [libmmcso] : offloading thread affinity on [host i05r01c05s06, rank [libmmcso] : offloading thread affinity on [host i05r07c05s04, rank [libmmcso] : offloading thread affinity on [host i05r07c03s09, rank [libmmcso] : offloading thread affinity on [host i05r01c02s06, rank 600] : cpu=23
[libmmcso] : offloading thread affinity on [host i05r04c02s01, rank [libmmcso] : offloading thread affinity on [host i05r02c03s07, rank [libmmcso] : offloading thread affinity on [host i05r04c01s01, rank 556] : cpu=23
[libmmcso] : offloading thread affinity on [host i05r06c02s10, rank [libmmcso] : offloading thread affinity on [host i05r02c01s05, rank 664] : cpu=23[libmmcso] : offloading thread affinity on [host i05r03c04s12, rank [libmmcso] : offloading thread affinity on [host i05r03c01s10, rank 306] : cpu=23
106] : cpu=23
1002] : cpu=23
[libmmcso] : offloading thread affinity on [host i05r06c06s11, rank 928] : cpu=2334] : cpu=23
601] : cpu=47
457] : cpu=47
204] : cpu=23
390] : cpu=23
[libmmcso] : offloading thread affinity on [host [libmmcso] : offloading thread affinity on [host i05r05c06s09, rank 175] : cpu=47

[libmmcso] : offloading thread affinity on [host i05r03c02s08, rank [libmmcso] : offloading thread affinity on [host i05r02c06s03, rank 269] : cpu=47
[libmmcso] : offloading thread affinity on [host i05r01c06s02, rank 967] : cpu=47
[libmmcso] : offloading thread affinity on [host 929] : cpu=47
[libmmcso] : offloading thread affinity on [host i05r01c02s12, rank [libmmcso] : offloading thread affinity on [host 456] : cpu=23
205] : cpu=47
[libmmcso] : offloading thread affinity on [host i05r03c05s10, rank 527] : cpu=47
[libmmcso] : offloading thread affinity on [host i05r06c01s01, rank [libmmcso] : offloading thread affinity on [host i05r01c06s08, rank 135] : cpu=47
[libmmcso] : offloading thread affinity on [host i05r05c05s05, rank [libmmcso] : offloading thread affinity on [host i05r03c03s05, rank 287] : cpu=47
[libmmcso] : offloading thread affinity on [host i05r01c04s08, rank [libmmcso] : offloading thread affinity on [host i05r08c01s08, rank [libmmcso] : offloading thread affinity on [host i05r07c01s08, rank [libmmcso] : offloading thread affinity on [host i05r07c04s06, rank 46] : cpu=23
i05r05c01s04, rank [libmmcso] : offloading thread affinity on [host i05r04c02s04, rank 432] : cpu=23
[libmmcso] : offloading thread affinity on [host i05r04c05s06, rank [libmmcso] : offloading thread affinity on [host i05r06c01s04, rank 727] : cpu=47
141] : cpu=47
[libmmcso] : offloading thread affinity on [host i05r05c05s11, rank [libmmcso] : offloading thread affinity on [host i05r03c03s06, rank 303] : cpu=47
[libmmcso] : offloading thread affinity on [host i05r01c06s02, rank [libmmcso] : offloading thread affinity on [host i05r07c06s10, rank 861] : cpu=47
[libmmcso] : offloading thread affinity on [host i05r01c02s06, rank [libmmcso] : offloading thread affinity on [host i05r05c01s04, rank [libmmcso] : offloading thread affinity on [host i05r04c02s04, rank [libmmcso] : offloading thread affinity on [host i05r02c03s05, rank [libmmcso] : offloading thread affinity on [host i05r04c01s07, rank [libmmcso] : offloading thread affinity on [host i05r04c06s03, rank [libmmcso] : offloading thread affinity on [host i05r06c01s10, rank [libmmcso] : offloading thread affinity on [host i05r02c01s05, rank [libmmcso] : offloading thread affinity on [host i05r05c05s05, rank [libmmcso] : offloading thread affinity on [host i05r03c03s11, rank [libmmcso] : offloading thread affinity on [host i05r02c06s05, rank [libmmcso] : offloading thread affinity on [host i05r01c04s06, rank 82] : cpu=23
1023] : cpu=47i05r06c06s12, rank 
35] : cpu=47
463] : cpu=47
200] : cpu=23
[libmmcso] : offloading thread affinity on [host i05r03c05s04, rank 391] : cpu=47
i05r04c06s08, rank 567] : cpu=47
762] : cpu=23
153] : cpu=47
[libmmcso] : offloading thread affinity on [host i05r05c05s11, rank [libmmcso] : offloading thread affinity on [host i05r03c04s01, rank 273] : cpu=47
[libmmcso] : offloading thread affinity on [host i05r01c04s08, rank 1003] : cpu=47
879] : cpu=47
[libmmcso] : offloading thread affinity on [host i05r07c04s06, rank [libmmcso] : offloading thread affinity on [host i05r01c01s12, rank 582] : cpu=23
462] : cpu=23
[libmmcso] : offloading thread affinity on [host i05r02c03s05, rank 201] : cpu=47
[libmmcso] : offloading thread affinity on [host 539] : cpu=47
712] : cpu=23
152] : cpu=23
680] : cpu=23
382] : cpu=23
[libmmcso] : offloading thread affinity on [host i05r03c01s03, rank 122] : cpu=23

[libmmcso] : offloading thread affinity on [host i05r06c06s11, rank 946] : cpu=23
23] : cpu=47
583] : cpu=47
[libmmcso] : offloading thread affinity on [host i05r04c01s11, rank [libmmcso] : offloading thread affinity on [host i05r02c03s02, rank 402] : cpu=23
[libmmcso] : offloading thread affinity on [host i05r04c05s08, rank 719] : cpu=47
[libmmcso] : offloading thread affinity on [host i05r01c06s10692] : cpu=23
[libmmcso] : offloading thread affinity on [host i05r03c02s08, rank 292] : cpu=23
87] : cpu=47
[libmmcso] : offloading thread affinity on [host i05r07c06s06, rank 862] : cpu=23
947] : cpu=47
[libmmcso] : offloading thread affinity on [host i05r01c02s01, rank [libmmcso] : offloading thread affinity on [host i05r05c02s06, rank 452] : cpu=23
[libmmcso] : offloading thread affinity on [host i05r06c04s12, rank 194] : cpu=23
444] : cpu=23
557] : cpu=47
740] : cpu=23
[libmmcso] : offloading thread affinity on [host i05r01c06s09, rank 681] : cpu=47
344] : cpu=23
[libmmcso] : offloading thread affinity on [host i05r03c01s07, rank [libmmcso] : offloading thread affinity on [host i05r01c05s06, rank [libmmcso] : offloading thread affinity on [host i05r07c06s06, rank [libmmcso] : offloading thread affinity on [host i05r06c06s06, rank [libmmcso] : offloading thread affinity on [host i05r07c02s06, rank [libmmcso] : offloading thread affinity on [host i05r01c02s01, rank 610] : cpu=23
[libmmcso] : offloading thread affinity on [host i05r06c03s02, rank [libmmcso] : offloading thread affinity on [host i05r02c04s06, rank i05r03c05s08, rank [libmmcso] : offloading thread affinity on [host i05r04c05s08, rank 721] : cpu=47
, rank 693] : cpu=47
347] : cpu=47
300] : cpu=23
123] : cpu=47
994] : cpu=23
[libmmcso] : offloading thread affinity on [host i05r06c06s12, rank 899] : cpu=47
24] : cpu=23
[libmmcso] : offloading thread affinity on [host i05r05c03s02, rank [libmmcso] : offloading thread affinity on [host i05r04c01s11, rank 453] : cpu=47
[libmmcso] : offloading thread affinity on [host i05r06c03s04, rank [libmmcso] : offloading thread affinity on [host i05r02c03s02, rank 403] : cpu=47
542] : cpu=23
739] : cpu=47
137] : cpu=47
[libmmcso] : offloading thread affinity on [host i05r05c06s04, rank 357] : cpu=47
[libmmcso] : offloading thread affinity on [host i05r03c01s08, rank 86] : cpu=23
[libmmcso] : offloading thread affinity on [host i05r07c05s04, rank [libmmcso] : offloading thread affinity on [host i05r06c06s05, rank [libmmcso] : offloading thread affinity on [host i05r07c02s12, rank 25] : cpu=47
[libmmcso] : offloading thread affinity on [host i05r05c03s02, rank 627] : cpu=47
[libmmcso] : offloading thread affinity on [host i05r04c03s12, rank 815] : cpu=47
226] : cpu=23
[libmmcso] : offloading thread affinity on [host i05r03c06s04, rank 543] : cpu=47
[libmmcso] : offloading thread affinity on [host i05r06c02s04, rank 138] : cpu=23
703] : cpu=47
360] : cpu=23
[libmmcso] : offloading thread affinity on [host i05r03c01s06, rank [libmmcso] : offloading thread affinity on [host i05r01c05s02, rank 995] : cpu=47
850] : cpu=23
910] : cpu=23
[libmmcso] : offloading thread affinity on [host i05r01c02s07, rank 626] : cpu=23
[libmmcso] : offloading thread affinity on [host i05r04c03s07, rank 771] : cpu=47
[libmmcso] : offloading thread affinity on [host i05r02c03s03, rank [libmmcso] : offloading thread affinity on [host i05r04c01s01, rank [libmmcso] : offloading thread affinity on [host i05r04c05s01, rank [libmmcso] : offloading thread affinity on [host i05r06c02s07, rank [libmmcso] : offloading thread affinity on [host i05r02c02s09, rank [libmmcso] : offloading thread affinity on [host i05r05c06s04, rank 327] : cpu=47
302] : cpu=23
107] : cpu=47
966] : cpu=23
860] : cpu=23
[libmmcso] : offloading thread affinity on [host i05r07c02s12, rank 911] : cpu=47
36] : cpu=23
[libmmcso] : offloading thread affinity on [host i05r05c02s06, rank 503] : cpu=47
775] : cpu=47
195] : cpu=47
398] : cpu=23
[libmmcso] : offloading thread affinity on [host i05r04c04s08, rank [libmmcso] : offloading thread affinity on [host i05r05c06s11, rank [libmmcso] : offloading thread affinity on [host i05r02c01s01, rank 702] : cpu=23
[libmmcso] : offloading thread affinity on [host i05r03c03s05, rank [libmmcso] : offloading thread affinity on [host i05r02c06s10, rank 99] : cpu=47
[libmmcso] : offloading thread affinity on [host i05r07c06s09, rank 863] : cpu=47
[libmmcso] : offloading thread affinity on [host i05r07c02s06, rank [libmmcso] : offloading thread affinity on [host [libmmcso] : offloading thread affinity on [host i05r05c02s02, rank 492] : cpu=23
[libmmcso] : offloading thread affinity on [host i05r06c04s12, rank 196] : cpu=23
[libmmcso] : offloading thread affinity on [host i05r03c06s01, rank 529] : cpu=47
[libmmcso] : offloading thread affinity on [host i05r06c01s03, rank [libmmcso] : offloading thread affinity on [host i05r02c02s04, rank [libmmcso] : offloading thread affinity on [host i05r05c05s07, rank 356] : cpu=23
[libmmcso] : offloading thread affinity on [host i05r03c01s06, rank [libmmcso] : offloading thread affinity on [host i05r01c05s07, rank [libmmcso] : offloading thread affinity on [host i05r07c06s11, rank 849] : cpu=47
898] : cpu=23
i05r01c01s12, rank [libmmcso] : offloading thread affinity on [host i05r05c02s02, rank 602] : cpu=23
[libmmcso] : offloading thread affinity on [host i05r04c03s07, rank [libmmcso] : offloading thread affinity on [host i05r06c05s01, rank 817] : cpu=47
[libmmcso] : offloading thread affinity on [host i05r02c04s06, rank [libmmcso] : offloading thread affinity on [host i05r03c06s04, rank 518] : cpu=23
741] : cpu=47
145] : cpu=47
[libmmcso] : offloading thread affinity on [host i05r05c04s12, rank [libmmcso] : offloading thread affinity on [host i05r03c04s08, rank [libmmcso] : offloading thread affinity on [host i05r02c06s02[libmmcso] : offloading thread affinity on [host i05r01c05s02, rank 1000] : cpu=23
[libmmcso] : offloading thread affinity on [host i05r06c06s05, rank [libmmcso] : offloading thread affinity on [host i05r07c04s04, rank 22] : cpu=23
611] : cpu=47
493] : cpu=47
[libmmcso] : offloading thread affinity on [host i05r06c03s04, rank 227] : cpu=47
[libmmcso] : offloading thread affinity on [host i05r03c06s01, rank [libmmcso] : offloading thread affinity on [host i05r04c04s08, rank 751] : cpu=47
174] : cpu=23
[libmmcso] : offloading thread affinity on [host i05r05c05s07, rank 326] : cpu=23
283] : cpu=47
98] : cpu=23
[libmmcso] : offloading thread affinity on [host i05r07c06s11, rank 848] : cpu=23
[libmmcso] : offloading thread affinity on [host i05r07c03s11, rank [libmmcso] : offloading thread affinity on [host i05r01c02s05, rank 603] : cpu=47
[libmmcso] : offloading thread affinity on [host i05r04c03s12, rank 814] : cpu=23
[libmmcso] : offloading thread affinity on [host i05r02c03s03, rank 415] : cpu=47
[libmmcso] : offloading thread affinity on [host i05r04c05s03, rank 756] : cpu=23
[libmmcso] : offloading thread affinity on [host i05r02c02s09, rank 670] : cpu=23
345] : cpu=47
298] : cpu=23109] : cpu=47
1004] : cpu=23
[libmmcso] : offloading thread affinity on [host i05r06c06s03, rank 943] : cpu=47
[libmmcso] : offloading thread affinity on [host i05r01c02s07, rank [libmmcso] : offloading thread affinity on [host i05r05c03s04, rank 630502] : cpu=23
197] : cpu=47
408] : cpu=23
533] : cpu=47716] : cpu=23
184] : cpu=23685] : cpu=47
374] : cpu=23
, rank [libmmcso] : offloading thread affinity on [host i05r01c03s10, rank 1005] : cpu=47
844] : cpu=23
932] : cpu=23
33] : cpu=47
] : cpu=23
[libmmcso] : offloading thread affinity on [host i05r04c01s12, rank 774] : cpu=23
[libmmcso] : offloading thread affinity on [host i05r02c03s04, rank 414] : cpu=23
[libmmcso] : offloading thread affinity on [host i05r04c05s12, rank 724] : cpu=23
185] : cpu=47
[libmmcso] : offloading thread affinity on [host i05r05c04s12, rank [libmmcso] : offloading thread affinity on [host i05r03c03s04, rank [libmmcso] : offloading thread affinity on [host i05r02c06s10[libmmcso] : offloading thread affinity on [host i05r01c03s10, rank [libmmcso] : offloading thread affinity on [host i05r07c06s09, rank [libmmcso] : offloading thread affinity on [host i05r06c06s06, rank 851] : cpu=47
[libmmcso] : offloading thread affinity on [host i05r07c03s11, rank 37] : cpu=47
[libmmcso] : offloading thread affinity on [host i05r05c01s07, rank 454] : cpu=23
[libmmcso] : offloading thread affinity on [host i05r06c03s02, rank [libmmcso] : offloading thread affinity on [host i05r02c03s04, rank 409] : cpu=47
519] : cpu=47
[libmmcso] : offloading thread affinity on [host i05r06c01s06, rank 
684] : cpu=23
[libmmcso] : offloading thread affinity on [host i05r03c04s04, rank 299] : cpu=47
66] : cpu=23
1001] : cpu=47
[libmmcso] : offloading thread affinity on [host i05r07c01s09, rank 933] : cpu=47
[libmmcso] : offloading thread affinity on [host i05r01c01s10, rank 588] : cpu=23
[libmmcso] : offloading thread affinity on [host i05r04c02s11, rank 770] : cpu=23
198] : cpu=23
433] : cpu=47

[libmmcso] : offloading thread affinity on [host i05r06c01s09, rank [libmmcso] : offloading thread affinity on [host i05r01c06s10, rank 671] : cpu=47
342] : cpu=23
, rank 67] : cpu=47
[libmmcso] : offloading thread affinity on [host i05r07c05s06, rank 880] : cpu=23
[libmmcso] : offloading thread affinity on [host i05r07c02s10, rank [libmmcso] : offloading thread affinity on [host i05r01c02s04, rank [libmmcso] : offloading thread affinity on [host i05r05c01s12, rank 476] : cpu=23
[libmmcso] : offloading thread affinity on [host i05r06c03s12, rank 199] : cpu=47
[libmmcso] : offloading thread affinity on [host i05r03c05s05, rank [libmmcso] : offloading thread affinity on [host i05r04c05s12, rank [libmmcso] : offloading thread affinity on [host i05r06c02s03, rank [libmmcso] : offloading thread affinity on [host i05r01c06s09, rank [libmmcso] : offloading thread affinity on [host i05r05c03s11, rank [libmmcso] : offloading thread affinity on [host [libmmcso] : offloading thread affinity on [host i05r03c01s07, rank [libmmcso] : offloading thread affinity on [host i05r01c05s07, rank [libmmcso] : offloading thread affinity on [host i05r07c05s05, rank [libmmcso] : offloading thread affinity on [host i05r06c05s11, rank 906] : cpu=23
[libmmcso] : offloading thread affinity on [host i05r01c01s10, rank [libmmcso] : offloading thread affinity on [host i05r05c01s07, rank [libmmcso] : offloading thread affinity on [host i05r04c01s12, rank 791] : cpu=47
[libmmcso] : offloading thread affinity on [host i05r04c01s08, rank 550] : cpu=23
[libmmcso] : offloading thread affinity on [host i05r06c02s10, rank 136] : cpu=23
[libmmcso] : offloading thread affinity on [host i05r05c05s04, rank 366] : cpu=266] : cpu=23
[libmmcso] : offloading thread affinity on [host i05r01c03s11, rank [libmmcso] : offloading thread affinity on [host i05r07c05s06, rank [libmmcso] : offloading thread affinity on [host i05r07c01s11, rank [libmmcso] : offloading thread affinity on [host i05r07c04s04, rank 30] : cpu=23
599] : cpu=47
455] : cpu=47
[libmmcso] : offloading thread affinity on [host i05r06c05s01, rank [libmmcso] : offloading thread affinity on [host i05r02c05s08, rank [libmmcso] : offloading thread affinity on [host i05r03c05s05, rank 551] : cpu=47
[libmmcso] : offloading thread affinity on [host i05r05c06s06, rank 139] : cpu=47
645] : cpu=47
[libmmcso] : offloading thread affinity on [host i05r03c02s10, rank 282] : cpu=23
108] : cpu=23
968] : cpu=23
837] : cpu=47
942] : cpu=23
18] : cpu=23
[libmmcso] : offloading thread affinity on [host i05r05c02s03, rank [libmmcso] : offloading thread affinity on [host i05r04c02s11, rank 816] : cpu=23
255] : cpu=47[libmmcso] : offloading thread affinity on [host [libmmcso] : offloading thread affinity on [host i05r04c06s10, rank [libmmcso] : offloading thread affinity on [host i05r06c01s01, rank [libmmcso] : offloading thread affinity on [host i05r02c01s01, rank [libmmcso] : offloading thread affinity on [host i05r05c04s05, rank i05r03c04s04, rank 
[libmmcso] : offloading thread affinity on [host i05r01c03s11, rank 970] : cpu=23
[libmmcso] : offloading thread affinity on [host i05r07c01s09, rank [libmmcso] : offloading thread affinity on [host i05r07c02s09, rank 19] : cpu=47
589] : cpu=47
477] : cpu=47
[libmmcso] : offloading thread affinity on [host i05r06c04s03, rank 
[libmmcso] : offloading thread affinity on [host i05r03c06s05, rank [libmmcso] : offloading thread affinity on [host i05r04c05s01, rank [libmmcso] : offloading thread affinity on [host i05r06c01s02, rank 144] : cpu=23
678] : cpu=23
331] : cpu=47
301] : cpu=47
68] : cpu=23
[libmmcso] : offloading thread affinity on [host i05r08c01s08, rank 884] : cpu=23905] : cpu=47
[libmmcso] : offloading thread affinity on [host i05r01c02s05, rank 604] : cpu=23
[libmmcso] : offloading thread affinity on [host i05r04c01s10, rank [libmmcso] : offloading thread affinity on [host i05r06c04s03, rank [libmmcso] : offloading thread affinity on [host i05r02c03s09, rank [libmmcso] : offloading thread affinity on [host i05r04c01s08, rank [libmmcso] : offloading thread affinity on [host i05r04c05s03, rank 731] : cpu=47
[libmmcso] : offloading thread affinity on [host i05r01c06s11, rank 656] : cpu=23
23
[libmmcso] : offloading thread affinity on [host i05r02c06s02, rank 267] : cpu=47
[libmmcso] : offloading thread affinity on [host i05r01c04s12, rank 971] : cpu=47

[libmmcso] : offloading thread affinity on [host i05r07c04s05, rank 32] : cpu=23
[libmmcso] : offloading thread affinity on [host i05r05c02s05, rank 450] : cpu=23
796] : cpu=23
209] : cpu=47
393] : cpu=47
[libmmcso] : offloading thread affinity on [host i05r04c06s10, rank [libmmcso] : offloading thread affinity on [host i05r06c01s09, rank [libmmcso] : offloading thread affinity on [host i05r02c02s10, rank [libmmcso] : offloading thread affinity on [host i05r05c05s02, rank [libmmcso] : offloading thread affinity on [host i05r03c02s10, rank [libmmcso] : offloading thread affinity on [host i05r02c05s10, rank 69] : cpu=47
1022] : cpu=23
881] : cpu=47
945] : cpu=47
[libmmcso] : offloading thread affinity on [host i05r01c01s09, rank [libmmcso] : offloading thread affinity on [host i05r05c03s04, rank 631] : cpu=47
[libmmcso] : offloading thread affinity on [host i05r04c02s08, rank 797] : cpu=47
[libmmcso] : offloading thread affinity on [host i05r02c04s01, rank [libmmcso] : offloading thread affinity on [host i05r03c05s06, rank 528] : cpu=23
[libmmcso] : offloading thread affinity on [host i05r06c02s01, rank 140] : cpu=23
[libmmcso] : offloading thread affinity on [host i05r05c04s10, rank 367] : cpu=47
259] : cpu=47
95] : cpu=47
[libmmcso] : offloading thread affinity on [host i05r07c05s05, rank 969] : cpu=47
[libmmcso] : offloading thread affinity on [host i05r06c06s03, rank [libmmcso] : offloading thread affinity on [host i05r07c04s12, rank [libmmcso] : offloading thread affinity on [host i05r01c01s09, rank [libmmcso] : offloading thread affinity on [host i05r05c02s03, rank [libmmcso] : offloading thread affinity on [host i05r04c01s10, rank [libmmcso] : offloading thread affinity on [host i05r06c03s12, rank [libmmcso] : offloading thread affinity on [host i05r02c05s06, rank i05r03c05s12, rank 532] : cpu=23
[libmmcso] : offloading thread affinity on [host i05r06c02s03, rank [libmmcso] : offloading thread affinity on [host i05r02c01s04, rank 675] : cpu=47
[libmmcso] : offloading thread affinity on [host i05r03c03s07, rank [libmmcso] : offloading thread affinity on [host i05r02c06s01, rank [libmmcso] : offloading thread affinity on [host i05r01c04s10, rank [libmmcso] : offloading thread affinity on [host i05r07c05s11, rank 845] : cpu=47
[libmmcso] : offloading thread affinity on [host i05r07c03s01, rank [libmmcso] : offloading thread affinity on [host i05r01c03s06, rank 608] : cpu=23
470] : cpu=23
790] : cpu=23
[libmmcso] : offloading thread affinity on [host i05r02c03s09, rank [libmmcso] : offloading thread affinity on [host i05r03c06s02, rank 571] : cpu=47
[libmmcso] : offloading thread affinity on [host i05r06c02s07, rank 186] : cpu=23
[libmmcso] : offloading thread affinity on [host i05r05c03s11, rank [libmmcso] : offloading thread affinity on [host i05r03c02s09, rank [libmmcso] : offloading thread affinity on [host i05r03c02s04, rank [libmmcso] : offloading thread affinity on [host i05r01c05s03, rank [libmmcso] : offloading thread affinity on [host i05r07c05s11, rank [libmmcso] : offloading thread affinity on [host i05r07c01s08, rank 958] : cpu=23
17] : cpu=47
605] : cpu=47
451] : cpu=47
[libmmcso] : offloading thread affinity on [host i05r06c04s07, rank 216] : cpu=23
416] : cpu=23
570] : cpu=23
763] : cpu=47
[libmmcso] : offloading thread affinity on [host i05r02c01s04, rank [libmmcso] : offloading thread affinity on [host i05r05c04s10, rank [libmmcso] : offloading thread affinity on [host i05r03c02s09, rank [libmmcso] : offloading thread affinity on [host i05r02c05s12, rank 262] : cpu=23
[libmmcso] : offloading thread affinity on [host i05r01c03s12, rank [libmmcso] : offloading thread affinity on [host i05r07c06s08, rank 878] : cpu=23
[libmmcso] : offloading thread affinity on [host i05r07c02s10, rank [libmmcso] : offloading thread affinity on [host i05r01c02s04, rank [libmmcso] : offloading thread affinity on [host i05r05c02s05, rank [libmmcso] : offloading thread affinity on [host i05r04c02s03, rank 804] : cpu=23
[libmmcso] : offloading thread affinity on [host i05r02c05s07, rank 447] : cpu=47
[libmmcso] : offloading thread affinity on [host i05r04c06s05, rank 706] : cpu=23
150] : cpu=23
[libmmcso] : offloading thread affinity on [host i05r05c05s01, rank 330] : cpu=23
318] : cpu=23
[libmmcso] : offloading thread affinity on [host [libmmcso] : offloading thread affinity on [host i05r08c01s07, rank [libmmcso] : offloading thread affinity on [host i05r06c05s11, rank [libmmcso] : offloading thread affinity on [host i05r07c03s01, rank [libmmcso] : offloading thread affinity on [host i05r01c03s04, rank [libmmcso] : offloading thread affinity on [host i05r05c01s12, rank 460] : cpu=23
[libmmcso] : offloading thread affinity on [host i05r06c04s07, rank 208] : cpu=23
392] : cpu=23
[libmmcso] : offloading thread affinity on [host i05r04c06s05, rank [libmmcso] : offloading thread affinity on [host i05r05c06s12, rank 718] : cpu=23
151] : cpu=47
[libmmcso] : offloading thread affinity on [host i05r05c05s10, rank [libmmcso] : offloading thread affinity on [host i05r03c03s04, rank [libmmcso] : offloading thread affinity on [host i05r02c06s01, rank 100] : cpu=23
[libmmcso] : offloading thread affinity on [host i05r07c05s07, rank 836] : cpu=23
[libmmcso] : offloading thread affinity on [host i05r07c02s11, rank 58] : cpu=23
609] : cpu=47
[libmmcso] : offloading thread affinity on [host i05r04c02s05, rank 805] : cpu=47
[libmmcso] : offloading thread affinity on [host i05r02c05s06, rank 395] : cpu=47
[libmmcso] : offloading thread affinity on [host i05r04c06s01, rank 723] : cpu=47
[libmmcso] : offloading thread affinity on [host i05r02c02s10, rank 644] : cpu=23
[libmmcso] : offloading thread affinity on [host i05r03c03s06, rank 346] : cpu=23
265] : cpu=47
70] : cpu=23
981] : cpu=[libmmcso] : offloading thread affinity on [host i05r07c01s01, rank 912] : cpu=16] : cpu=23
598] : cpu=23
[libmmcso] : offloading thread affinity on [host i05r04c02s05, rank [libmmcso] : offloading thread affinity on [host i05r06c03s05, rank 776[libmmcso] : offloading thread affinity on [host i05r02c03s08, rank 406] : cpu=23
560] : cpu=23
[libmmcso] : offloading thread affinity on [host i05r06c01s05, rank 187] : cpu=47
[libmmcso] : offloading thread affinity on [host i05r05c04s05, rank 329] : cpu=47
264] : cpu=23
i05r01c04s10, rank 999] : cpu=47
864] : cpu=23
[libmmcso] : offloading thread affinity on [host i05r07c02s09, rank 31] : cpu=47
[libmmcso] : offloading thread affinity on [host i05r05c03s08, rank 464] : cpu=23
] : cpu=23
253] : cpu=47
410] : cpu=23
[libmmcso] : offloading thread affinity on [host i05r04c04s07, rank [libmmcso] : offloading thread affinity on [host i05r06c01s06, rank [libmmcso] : offloading thread affinity on [host i05r02c01s06, rank 666] : cpu=23
343] : cpu=47
[libmmcso] : offloading thread affinity on [host i05r03c01s11, rank [libmmcso] : offloading thread affinity on [host i05r01c04s12, rank [libmmcso] : offloading thread affinity on [host i05r08c01s07, rank [libmmcso] : offloading thread affinity on [host i05r06c06s08, rank 907] : cpu=47
[libmmcso] : offloading thread affinity on [host i05r01c02s09, rank [libmmcso] : offloading thread affinity on [host i05r05c03s08, rank 465] : cpu=47
[libmmcso] : offloading thread affinity on [host i05r06c03s11, rank 250] : cpu=23
[libmmcso] : offloading thread affinity on [host i05r04c01s04, rank 553] : cpu=47
736] : cpu=23
[libmmcso] : offloading thread affinity on [host i05r02c01s06, rank [libmmcso] : offloading thread affinity on [host i05r05c05s01348] : cpu=23
[libmmcso] : offloading thread affinity on [host i05r02c05s10, rank [libmmcso] : offloading thread affinity on [host i05r01c04s05, rank 973] : cpu=855] : cpu=47
23
[libmmcso] : offloading thread affinity on [host i05r01c03s04, rank 638] : cpu=23
[libmmcso] : offloading thread affinity on [host i05r04c02s03, rank 461] : cpu=47
789] : cpu=47
207] : cpu=47
446] : cpu=23
561] : cpu=47
745] : cpu=47
[libmmcso] : offloading thread affinity on [host i05r02c02s02, rank [libmmcso] : offloading thread affinity on [host i05r05c05s10, rank [libmmcso] : offloading thread affinity on [host i05r03c03s08, rank 308] : cpu=23
90] : cpu=23
980] : cpu=23
[libmmcso] : offloading thread affinity on [host i05r07c01s01, rank [libmmcso] : offloading thread affinity on [host i05r07c04s08, rank 41] : cpu=47
639] : cpu=47
[libmmcso] : offloading thread affinity on [host i05r04c02s12, rank [libmmcso] : offloading thread affinity on [host i05r06c05s02, rank 251] : cpu=47
[libmmcso] : offloading thread affinity on [host i05r03c05s02, rank 517] : cpu=47
748] : cpu=154] : cpu=23
657] : cpu=47
328] : cpu=23
258] : cpu=23
94] : cpu=23
1020] : cpu=23865] : cpu=47
904] : cpu=23
55] : cpu=47
[libmmcso] : offloading thread affinity on [host i05r05c01s09, rank [libmmcso] : offloading thread affinity on [host i05r04c02s08, rank 471] : cpu=47
[libmmcso] : offloading thread affinity on [host i05r06c03s11, rank [libmmcso] : offloading thread affinity on [host i05r02c04s01, rank [libmmcso] : offloading thread affinity on [host i05r03c05s07, rank [libmmcso] : offloading thread affinity on [host i05r04c06s07, rank [libmmcso] : offloading thread affinity on [host i05r06c02s04, rank 171] : cpu=47
667] : cpu=47
[libmmcso] : offloading thread affinity on [host i05r03c03s03, rank [libmmcso] : offloading thread affinity on [host i05r03c02s04, rank 81] : cpu=47
47
[libmmcso] : offloading thread affinity on [host i05r06c06s08, rank 909] : cpu=47
54] : cpu=23
593] : cpu=47
478] : cpu=23
[libmmcso] : offloading thread affinity on [host i05r06c05s03, rank 217] : cpu=47
[libmmcso] : offloading thread affinity on [host i05r03c06s05, rank [libmmcso] : offloading thread affinity on [host i05r04c05s09, rank 757] : cpu=47
155] : cpu=47
672] : cpu=23
[libmmcso] : offloading thread affinity on [host i05r03c03s08, rank 319] : cpu=47
91] : cpu=47
47
854] : cpu=23
913] : cpu=47
[libmmcso] : offloading thread affinity on [host i05r01c02s09, rank [libmmcso] : offloading thread affinity on [host [libmmcso] : offloading thread affinity on [host i05r04c03s09, rank 788] : cpu=23
[libmmcso] : offloading thread affinity on [host 438] : cpu=23
564] : cpu=23
[libmmcso] : offloading thread affinity on [host i05r05c06s07, rank [libmmcso] : offloading thread affinity on [host i05r01c06s06, rank [libmmcso] : offloading thread affinity on [host i05r05c05s04, rank [libmmcso] : offloading thread affinity on [host i05r03c03s03, rank [libmmcso] : offloading thread affinity on [host i05r02c06s04, rank [libmmcso] : offloading thread affinity on [host i05r01c05s03, rank [libmmcso] : offloading thread affinity on [host i05r08c01s02, rank [libmmcso] : offloading thread affinity on [host i05r07c01s06, rank [libmmcso] : offloading thread affinity on [host i05r07c03s06, rank 40] : cpu=23
i05r05c02s04, rank 497] : cpu=47
820] : cpu=23
i05r02c03s08, rank [libmmcso] : offloading thread affinity on [host i05r03c05s02, rank [libmmcso] : offloading thread affinity on [host i05r04c06s09, rank 720] : cpu=23
[libmmcso] : offloading thread affinity on [host i05r02c02s11, rank 691] : cpu=47
351] : cpu=47
[libmmcso] : offloading thread affinity on [host i05r02c05s12, rank 101] : cpu=47
1021] : cpu=47
[libmmcso] : offloading thread affinity on [host i05r06c06s09, rank 950] : cpu=23
[libmmcso] : offloading thread affinity on [host i05r01c03s08, rank [libmmcso] : offloading thread affinity on [host i05r05c02s04, rank [libmmcso] : offloading thread affinity on [host i05r04c03s01, rank [libmmcso] : offloading thread affinity on [host i05r06c05s06, rank [libmmcso] : offloading thread affinity on [host i05r02c05s08, rank 396] : cpu=23
[libmmcso] : offloading thread affinity on [host i05r04c04s07, rank [libmmcso] : offloading thread affinity on [host i05r06c01s02, rank 131] : cpu=47
[libmmcso] : offloading thread affinity on [host i05r05c04s06, rank [libmmcso] : offloading thread affinity on [host i05r03c04s11, rank 270] : cpu=23
[libmmcso] : offloading thread affinity on [host i05r01c05s10, rank [libmmcso] : offloading thread affinity on [host i05r08c01s02, rank [libmmcso] : offloading thread affinity on [host i05r07c01s11, rank [libmmcso] : offloading thread affinity on [host i05r07c04s12, rank 62] : cpu=23
[libmmcso] : offloading thread affinity on [host i05r05c02s11, rank 480] : cpu=23
[libmmcso] : offloading thread affinity on [host i05r06c03s03, rank 206] : cpu=23
417] : cpu=47
545] : cpu=47[libmmcso] : offloading thread affinity on [host i05r06c01s05, rank [libmmcso] : offloading thread affinity on [host i05r02c02s11, rank , rank 340] : cpu=23
[libmmcso] : offloading thread affinity on [host i05r03c01s11, rank 114] : cpu=23

[libmmcso] : offloading thread affinity on [host i05r06c06s09, rank 922] : cpu=23
[libmmcso] : offloading thread affinity on [host i05r01c01s08, rank [libmmcso] : offloading thread affinity on [host i05r05c01s09, rank [libmmcso] : offloading thread affinity on [host i05r04c02s12819] : cpu=47
254] : cpu=23
[libmmcso] : offloading thread affinity on [host i05r03c05s03, rank [libmmcso] : offloading thread affinity on [host i05r04c06s09, rank 730] : cpu=23
188] : cpu=23
679] : cpu=47
[libmmcso] : offloading thread affinity on [host i05r03c03s07, rank 263] : cpu=47
[libmmcso] : offloading thread affinity on [host i05r01c03s12, rank 1010] : cpu=23
875] : cpu=47
[libmmcso] : offloading thread affinity on [host i05r07c04s08, rank 951] : cpu=47
15] : cpu=47
606] : cpu=23
, rank 827] : cpu=47
[libmmcso] : offloading thread affinity on [host i05r02c05s07, rank 252] : cpu=23
[libmmcso] : offloading thread affinity on [host i05r03c05s07, rank 397] : cpu=47
516] : cpu=23
737] : cpu=47
189] : cpu=47690] : cpu=23
350] : cpu=23
309] : cpu=47
71] : cpu=47
1011] : cpu=47
885] : cpu=47
959] : cpu=47
[libmmcso] : offloading thread affinity on [host i05r01c02s03, rank 621] : cpu=47
[libmmcso] : offloading thread affinity on [host i05r04c03s03, rank 773] : cpu=47
[libmmcso] : offloading thread affinity on [host i05r02c05s02, rank 386] : cpu=23

[libmmcso] : offloading thread affinity on [host i05r06c02s01, rank 
[libmmcso] : offloading thread affinity on [host i05r05c04s03, rank 380] : cpu=23
[libmmcso] : offloading thread affinity on [host i05r02c06s04, rank [libmmcso] : offloading thread affinity on [host i05r01c04s05, rank [libmmcso] : offloading thread affinity on [host i05r07c05s03, rank 856] : cpu=23
[libmmcso] : offloading thread affinity on [host i05r07c03s03, rank [libmmcso] : offloading thread affinity on [host i05r01c01s07, rank 592] : cpu=23
[libmmcso] : offloading thread affinity on [host i05r04c03s09, rank [libmmcso] : offloading thread affinity on [host i05r06c04s01, rank 242] : cpu=23
[libmmcso] : offloading thread affinity on [host i05r03c05s06, rank 569] : cpu=47
749] : cpu=47
[libmmcso] : offloading thread affinity on [host i05r02c02s02, rank 659] : cpu=47341] : cpu=47
271] : cpu=47
80] : cpu=23
[libmmcso] : offloading thread affinity on [host i05r07c05s03, rank 857] : cpu=47
917] : cpu=47
[libmmcso] : offloading thread affinity on [host i05r01c02s03, rank 607] : cpu=47
484] : cpu=23
[libmmcso] : offloading thread affinity on [host i05r06c04s04, rank [libmmcso] : offloading thread affinity on [host i05r02c04s02, rank [libmmcso] : offloading thread affinity on [host i05r03c05s03, rank 568] : cpu=23
750] : cpu=23
170] : cpu=23
673] : cpu=47349] : cpu=47
[libmmcso] : offloading thread affinity on [host i05r02c06s11, rank [libmmcso] : offloading thread affinity on [host i05r01c05s10, rank [libmmcso] : offloading thread affinity on [host i05r07c05s07, rank [libmmcso] : offloading thread affinity on [host i05r07c02s02, rank [libmmcso] : offloading thread affinity on [host i05r07c03s12, rank [libmmcso] : offloading thread affinity on [host i05r01c03s08, rank [libmmcso] : offloading thread affinity on [host i05r05c03s01, rank 496] : cpu=23
[libmmcso] : offloading thread affinity on [host [libmmcso] : offloading thread affinity on [host 394] : cpu=[libmmcso] : offloading thread affinity on [host i05r04c06s01, rank [libmmcso] : offloading thread affinity on [host i05r05c06s06, rank [libmmcso] : offloading thread affinity on [host i05r01c06s06, rank [libmmcso] : offloading thread affinity on [host i05r05c05s12, rank [libmmcso] : offloading thread affinity on [host i05r03c04s11, rank [libmmcso] : offloading thread affinity on [host i05r03c01s02, rank 115] : cpu=47
[libmmcso] : offloading thread affinity on [host i05r07c06s05, rank 890] : cpu=23
[libmmcso] : offloading thread affinity on [host i05r07c04s05, rank [libmmcso] : offloading thread affinity on [host i05r01c01s07, rank [libmmcso] : offloading thread affinity on [host i05r05c03s01, rank 479] : cpu=47
792] : cpu=23
218] : cpu=23
387] : cpu=47
552] : cpu=23
[libmmcso] : offloading thread affinity on [host i05r05c06s08, rank 130] : cpu=23
[libmmcso] : offloading thread affinity on [host i05r05c04s01, rank 381] : cpu=47
[libmmcso] : offloading thread affinity on [host i05r02c06s11, rank [libmmcso] : offloading thread affinity on [host i05r01c05s01, rank 964] : cpu=23
[libmmcso] : offloading thread affinity on [host i05r07c01s06, rank 935] : cpu=47
28] : cpu=624] : cpu=23
[libmmcso] : offloading thread affinity on [host i05r04c03s01, rank [libmmcso] : offloading thread affinity on [host i05r06c04s04, rank i05r02c04s02, rank 388] : cpu=23
[libmmcso] : offloading thread affinity on [host i05r04c05s05, rank 722] : cpu=23
[libmmcso] : offloading thread affinity on [host i05r02c02s07, rank 652] : cpu=23
[libmmcso] : offloading thread affinity on [host i05r03c04s05, rank 290] : cpu=23
96] : cpu=23
972] : cpu=23
874] : cpu=23
944] : cpu=23
63] : cpu=47
625] : cpu=47
[libmmcso] : offloading thread affinity on [host [libmmcso] : offloading thread affinity on [host i05r06c05s03, rank [libmmcso] : offloading thread affinity on [host i05r02c05s02, rank 23
[libmmcso] : offloading thread affinity on [host i05r04c04s11, rank 729] : cpu=47
[libmmcso] : offloading thread affinity on [host i05r02c01s11, rank 
[libmmcso] : offloading thread affinity on [host 285] : cpu=47[libmmcso] : offloading thread affinity on [host i05r01c04s01, rank 993] : cpu=47
[libmmcso] : offloading thread affinity on [host i05r06c06s04, rank [libmmcso] : offloading thread affinity on [host i05r07c03s06, rank 12] : cpu=23
[libmmcso] : offloading thread affinity on [host i05r05c02s10, rank [libmmcso] : offloading thread affinity on [host i05r04c03s03, rank [libmmcso] : offloading thread affinity on [host i05r06c03s06, rank 219] : cpu=47
389] : cpu=47
[libmmcso] : offloading thread affinity on [host i05r04c05s05, rank 744] : cpu=23
180] : cpu=23

[libmmcso] : offloading thread affinity on [host i05r03c04s05, rank [libmmcso] : offloading thread affinity on [host i05r03c01s02, rank 291] : cpu=47
73] : cpu=47
965] : cpu=47
847] : cpu=47
923] : cpu=47
23
[libmmcso] : offloading thread affinity on [host i05r05c01s08, rank 481] : cpu=47
i05r06c03s10, rank [libmmcso] : offloading thread affinity on [host i05r02c04s11, rank [libmmcso] : offloading thread affinity on [host i05r03c06s07, rank [libmmcso] : offloading thread affinity on [host i05r04c05s07, rank 23
[libmmcso] : offloading thread affinity on [host i05r02c01s11, rank [libmmcso] : offloading thread affinity on [host i05r05c05s02, rank i05r03c03s02, rank [libmmcso] : offloading thread affinity on [host i05r02c06s09, rank [libmmcso] : offloading thread affinity on [host i05r01c05s12, rank [libmmcso] : offloading thread affinity on [host i05r07c06s05, rank [libmmcso] : offloading thread affinity on [host i05r07c01s10, rank [libmmcso] : offloading thread affinity on [host i05r07c03s03, rank 13] : cpu=[libmmcso] : offloading thread affinity on [host i05r05c02s10, rank 619] : cpu=47
485] : cpu=47
798] : cpu=23
243] : cpu=47
[libmmcso] : offloading thread affinity on [host i05r03c06s07, rank [libmmcso] : offloading thread affinity on [host [libmmcso] : offloading thread affinity on [host i05r05c06s07, rank [libmmcso] : offloading thread affinity on [host i05r02c01s09, rank 694] : cpu=23
368] : cpu=23
284] : cpu=23
[libmmcso] : offloading thread affinity on [host i05r01c05s12, rank 992] : cpu=23
[libmmcso] : offloading thread affinity on [host i05r07c02s02, rank 916] : cpu=23
29] : cpu=47
[libmmcso] : offloading thread affinity on [host i05r05c01s08, rank i05r04c03s08, rank [libmmcso] : offloading thread affinity on [host i05r06c04s09, rank [libmmcso] : offloading thread affinity on [host i05r02c03s10, rank 420] : cpu=23
[libmmcso] : offloading thread affinity on [host i05r04c05s04, rank 711] : cpu=47
164] : cpu=23
649] : cpu=47[libmmcso] : offloading thread affinity on [host i05r03c03s02, rank 281] : cpu=47
118] : cpu=23
[libmmcso] : offloading thread affinity on [host i05r08c01s01, rank [libmmcso] : offloading thread affinity on [host i05r07c01s10, rank [libmmcso] : offloading thread affinity on [host i05r07c03s12, rank 47
618] : cpu=23
[libmmcso] : offloading thread affinity on [host i05r04c02s09, rank 821] : cpu=47
[libmmcso] : offloading thread affinity on [host i05r02c04s03, rank 421] : cpu=47
[libmmcso] : offloading thread affinity on [host i05r04c05s07, rank 728] : cpu=23
[libmmcso] : offloading thread affinity on [host i05r02c01s02, rank [libmmcso] : offloading thread affinity on [host i05r05c04s07, rank 369] : cpu=47

119] : cpu=47
[libmmcso] : offloading thread affinity on [host i05r07c06s08, rank 891] : cpu=47
934] : cpu=23
[libmmcso] : offloading thread affinity on [host i05r01c02s10, rank 591] : cpu=47
[libmmcso] : offloading thread affinity on [host i05r04c03s08, rank 778] : cpu=23
237] : cpu=47
[libmmcso] : offloading thread affinity on [host i05r03c06s11, rank [libmmcso] : offloading thread affinity on [host i05r04c05s09, rank 709] : cpu=47
[libmmcso] : offloading thread affinity on [host i05r02c01s09, rank 674] : cpu=23
338] : cpu=23
[libmmcso] : offloading thread affinity on [host i05r03c02s02, rank [libmmcso] : offloading thread affinity on [host i05r01c05s05, rank [libmmcso] : offloading thread affinity on [host i05r08c01s01, rank 882] : cpu=23
[libmmcso] : offloading thread affinity on [host i05r07c03s08, rank [libmmcso] : offloading thread affinity on [host i05r01c01s08, rank [libmmcso] : offloading thread affinity on [host i05r05c01s02, rank 472] : cpu=23
786] : cpu=23
[libmmcso] : offloading thread affinity on [host i05r02c03s10, rank [libmmcso] : offloading thread affinity on [host i05r03c06s11, rank 429] : cpu=47
524] : cpu=23
[libmmcso] : offloading thread affinity on [host i05r06c02s02, rank 165] : cpu=47

339] : cpu=47
314] : cpu=23
[libmmcso] : offloading thread affinity on [host i05r01c04s01, rank 998] : cpu=23
883] : cpu=47
926] : cpu=23
[libmmcso] : offloading thread affinity on [host i05r01c02s10, rank [libmmcso] : offloading thread affinity on [host i05r05c01s02, rank 578[libmmcso] : offloading thread affinity on [host i05r04c03s10, rank [libmmcso] : offloading thread affinity on [host i05r06c04s01, rank 220] : cpu=23
428] : cpu=23
537] : cpu=47
708] : cpu=23
[libmmcso] : offloading thread affinity on [host i05r02c02s07, rank 181] : cpu=47
[libmmcso] : offloading thread affinity on [host i05r05c04s07, rank [libmmcso] : offloading thread affinity on [host i05r03c02s11, rank [libmmcso] : offloading thread affinity on [host i05r02c06s07, rank 105] : cpu=47
1009] : cpu=[libmmcso] : offloading thread affinity on [host i05r07c02s01, rank [libmmcso] : offloading thread affinity on [host i05r07c04s03, rank [libmmcso] : offloading thread affinity on [host i05r01c03s06, rank 590] : cpu=23
498] : cpu=23
799] : cpu=47
[libmmcso] : offloading thread affinity on [host i05r02c04s10[libmmcso] : offloading thread affinity on [host i05r03c06s09, rank 540] : cpu=23
707] : cpu=47
147] : cpu=47
[libmmcso] : offloading thread affinity on [host i05r05c04s03, rank [libmmcso] : offloading thread affinity on [host i05r03c02s11, rank [libmmcso] : offloading thread affinity on [host i05r02c06s07, rank [libmmcso] : offloading thread affinity on [host i05r01c05s11, rank 1008] : cpu=23
[libmmcso] : offloading thread affinity on [host i05r06c06s04, rank [libmmcso] : offloading thread affinity on [host i05r07c02s11, rank 908] : cpu=23
14] : cpu=23
[libmmcso] : offloading thread affinity on [host i05r05c01s10, rank [libmmcso] : offloading thread affinity on [host i05r04c03s04, rank 809] : cpu=47210] : cpu=23
[libmmcso] : offloading thread affinity on [host i05r03c06s09, rank 544] : cpu=23
746] : cpu=23
160] : cpu=23
661] : cpu=47
332] : cpu=23
[libmmcso] : offloading thread affinity on [host i05r02c06s09, rank 72] : cpu=23
[libmmcso] : offloading thread affinity on [host i05r07c06s07, rank [libmmcso] : offloading thread affinity on [host i05r07c02s01, rank [libmmcso] : offloading thread affinity on [host i05r07c04s03, rank 42] : cpu=23
579] : cpu=47
487] : cpu=47
[libmmcso] : offloading thread affinity on [host , rank 424] : cpu=23
i05r04c04s11, rank [libmmcso] : offloading thread affinity on [host i05r05c06s08, rank 161] : cpu=47
[libmmcso] : offloading thread affinity on [host i05r05c05s09, rank 333] : cpu=47
[libmmcso] : offloading thread affinity on [host i05r02c06s06, rank [libmmcso] : offloading thread affinity on [host i05r01c05s05, rank 47
[libmmcso] : offloading thread affinity on [host i05r06c05s10, rank 940] : cpu=23
59] : cpu=47
[libmmcso] : offloading thread affinity on [host i05r05c01s10, rank [libmmcso] : offloading thread affinity on [host i05r04c03s11, rank [libmmcso] : offloading thread affinity on [host i05r06c05s08, rank 211] : cpu=47
425] : cpu=47
534] : cpu=23
[libmmcso] : offloading thread affinity on [host i05r06c02s02, rank [libmmcso] : offloading thread affinity on [host i05r01c06s12, rank 653] : cpu=47
[libmmcso] : offloading thread affinity on [host i05r03c03s09, rank 280] : cpu=23
[libmmcso] : offloading thread affinity on [host i05r01c05s09, rank 996] : cpu=23
846] : cpu=23
941] : cpu=47
43] : cpu=47
] : cpu=23
501] : cpu=47
793] : cpu=47
[libmmcso] : offloading thread affinity on [host i05r02c04s03, rank [libmmcso] : offloading thread affinity on [host 541] : cpu=47
710] : cpu=23
[libmmcso] : offloading thread affinity on [host i05r01c06s12, rank 143] : cpu=47
660] : cpu=23
[libmmcso] : offloading thread affinity on [host i05r03c03s09, rank [libmmcso] : offloading thread affinity on [host i05r02c05s11, rank 116] : cpu=23
[libmmcso] : offloading thread affinity on [host i05r07c06s07, rank [libmmcso] : offloading thread affinity on [host i05r06c06s10, rank [libmmcso] : offloading thread affinity on [host i05r07c03s08, rank [libmmcso] : offloading thread affinity on [host i05r01c03s02, rank 594] : cpu=23
[libmmcso] : offloading thread affinity on [host i05r04c02s09, rank [libmmcso] : offloading thread affinity on [host i05r06c04s08, rank 234] : cpu=23
[libmmcso] : offloading thread affinity on [host i05r04c01s04, rank 525] : cpu=747] : cpu=47
[libmmcso] : offloading thread affinity on [host i05r02c02s06, rank [libmmcso] : offloading thread affinity on [host i05r05c05s09, rank 352] : cpu=23
[libmmcso] : offloading thread affinity on [host i05r02c06s06, rank 104] : cpu=23
997] : cpu=47
889] : cpu=47
[libmmcso] : offloading thread affinity on [host i05r07c03s04, rank [libmmcso] : offloading thread affinity on [host i05r01c03s02, rank [libmmcso] : offloading thread affinity on [host i05r05c02s11, rank 620] : cpu=23
[libmmcso] : offloading thread affinity on [host i05r04c03s10, rank i05r06c05s02, rank i05r03c06s10, rank 536] : cpu=23
[libmmcso] : offloading thread affinity on [host i05r06c02s08, rank [libmmcso] : offloading thread affinity on [host i05r02c02s12, rank [libmmcso] : offloading thread affinity on [host i05r05c04s01, rank 353] : cpu=47
[libmmcso] : offloading thread affinity on [host i05r02c05s11, rank [libmmcso] : offloading thread affinity on [host i05r01c05s08, rank 111] : cpu=47
[libmmcso] : offloading thread affinity on [host i05r07c05s02, rank [libmmcso] : offloading thread affinity on [host i05r06c05s10, rank 927] : cpu=47
[libmmcso] : offloading thread affinity on [host i05r01c03s07, rank 595] : cpu=47
[libmmcso] : offloading thread affinity on [host i05r04c02s02, rank 831] : cpu=47
221] : cpu=47
439] : cpu=47
47
[libmmcso] : offloading thread affinity on [host i05r06c02s08, rank 142] : cpu=23
689] : cpu=47
[libmmcso] : offloading thread affinity on [host i05r03c03s10, rank 276] : cpu=23
[libmmcso] : offloading thread affinity on [host i05r01c05s09, rank [libmmcso] : offloading thread affinity on [host i05r07c06s02, rank 858] : cpu=23
919] : cpu=47
[libmmcso] : offloading thread affinity on [host i05r01c02s08, rank [libmmcso] : offloading thread affinity on [host i05r05c02s07, rank 499] : cpu=47
[libmmcso] : offloading thread affinity on [host i05r06c03s03, rank [libmmcso] : offloading thread affinity on [host i05r02c04s11, rank [libmmcso] : offloading thread affinity on [host i05r03c06s10, rank [libmmcso] : offloading thread affinity on [host i05r04c05s04, rank 758] : cpu=23
[libmmcso] : offloading thread affinity on [host i05r02c02s06, rank 688] : cpu=23
355] : cpu=47
[libmmcso] : offloading thread affinity on [host i05r03c01s05, rank 112] : cpu=23
[libmmcso] : offloading thread affinity on [host i05r08c01s06, rank [libmmcso] : offloading thread affinity on [host i05r07c01s04, rank [libmmcso] : offloading thread affinity on [host i05r07c02s08, rank 51] : cpu=47
612] : cpu=23
[libmmcso] : offloading thread affinity on [host i05r04c02s02, rank 
[libmmcso] : offloading thread affinity on [host i05r02c04s12, rank 426] : cpu=23
535] : cpu=47
759] : cpu=47
[libmmcso] : offloading thread affinity on [host i05r02c02s12, rank 648] : cpu=23
[libmmcso] : offloading thread affinity on [host i05r03c04s10, rank 260] : cpu=23
113] : cpu=47
963] : cpu=47
888] : cpu=23
[libmmcso] : offloading thread affinity on [host i05r07c02s08, rank 61] : cpu=47
[libmmcso] : offloading thread affinity on [host i05r05c02s07, rank 613] : cpu=47
473] : cpu=47
818] : cpu=23
236] : cpu=23
427] : cpu=47
[libmmcso] : offloading thread affinity on [host i05r04c06s11, rank [libmmcso] : offloading thread affinity on [host i05r06c02s05, rank 178] : cpu=23
[libmmcso] : offloading thread affinity on [host i05r05c04s06, rank 378] : cpu=23
277] : cpu=47
[libmmcso] : offloading thread affinity on [host i05r01c06s04, rank 987] : cpu=47
834] : cpu=23
[libmmcso] : offloading thread affinity on [host i05r07c03s07, rank [libmmcso] : offloading thread affinity on [host i05r01c02s08, rank [libmmcso] : offloading thread affinity on [host i05r05c01s11, rank [libmmcso] : offloading thread affinity on [host i05r04c04s04, rank 806] : cpu=23
239] : cpu=47
[libmmcso] : offloading thread affinity on [host i05r04c01s06, rank [libmmcso] : offloading thread affinity on [host i05r04c06s04, rank [libmmcso] : offloading thread affinity on [host i05r06c02s05, rank 190] : cpu=23
658] : cpu=23
[libmmcso] : offloading thread affinity on [host i05r03c04s06, rank [libmmcso] : offloading thread affinity on [host [libmmcso] : offloading thread affinity on [host i05r01c05s11, rank 117] : cpu=47
[libmmcso] : offloading thread affinity on [host i05r08c01s06, rank 870] : cpu=23
902] : cpu=50] : cpu=23
[libmmcso] : offloading thread affinity on [host i05r05c01s11, rank 458] : cpu=23
772] : cpu=23
[libmmcso] : offloading thread affinity on [host i05r02c05s03, rank 443] : cpu=47
[libmmcso] : offloading thread affinity on [host i05r04c06s11, rank 753] : cpu=47
179] : cpu=47
[libmmcso] : offloading thread affinity on [host i05r05c05s12, rank [libmmcso] : offloading thread affinity on [host i05r03c03s10, rank 261] : cpu=47
[libmmcso] : offloading thread affinity on [host i05r01c06s04, rank 1018] : cpu=23
835] : cpu=47
924] : cpu=23
[libmmcso] : offloading thread affinity on [host i05r01c03s07, rank 596] : cpu=23
[libmmcso] : offloading thread affinity on [host i05r04c04s04, rank [libmmcso] : offloading thread affinity on [host i05r06c03s08, rank [libmmcso] : offloading thread affinity on [host i05r02c03s12, rank [libmmcso] : offloading thread affinity on [host i05r04c01s06, rank [libmmcso] : offloading thread affinity on [host i05r04c05s02, rank 752] : cpu=23
191] : cpu=47
[libmmcso] : offloading thread affinity on [host i05r05c04s11, rank 370] : cpu=23
275] : cpu=47
126] : cpu=23[libmmcso] : offloading thread affinity on [host i05r07c05s12, rank [libmmcso] : offloading thread affinity on [host i05r06c06s10, rank 903] : cpu=47
39] : cpu=47
597] : cpu=47
459] : cpu=47
783] : cpu=47
[libmmcso] : offloading thread affinity on [host i05r02c05s03, rank 442] : cpu=23
[libmmcso] : offloading thread affinity on [host i05r04c06s04, rank [libmmcso] : offloading thread affinity on [host i05r06c02s12, rank [libmmcso] : offloading thread affinity on [host i05r02c02s01, rank 695] : cpu=47
354] : cpu=23
296] : cpu=23

1019] : cpu=47
[libmmcso] : offloading thread affinity on [host i05r06c06s01, rank 23
[libmmcso] : offloading thread affinity on [host i05r01c02s11, rank [libmmcso] : offloading thread affinity on [host 510] : cpu=23[libmmcso] : offloading thread affinity on [host i05r06c03s10, rank 215] : cpu=47
[libmmcso] : offloading thread affinity on [host i05r03c06s08, rank 573] : cpu=47
[libmmcso] : offloading thread affinity on [host i05r06c02s12, rank [libmmcso] : offloading thread affinity on [host i05r02c02s01, rank 669] : cpu=47[libmmcso] : offloading thread affinity on [host i05r03c04s10, rank 274] : cpu=23
127] : cpu=47
982] : cpu=23
840] : cpu=23
[libmmcso] : offloading thread affinity on [host i05r07c04s0260] : cpu=23
[libmmcso] : offloading thread affinity on [host i05r05c01s03, rank [libmmcso] : offloading thread affinity on [host i05r04c04s01, rank [libmmcso] : offloading thread affinity on [host i05r06c05s07, rank 244] : cpu=23
[libmmcso] : offloading thread affinity on [host i05r03c06s08, rank [libmmcso] : offloading thread affinity on [host i05r04c05s02, rank 766] : cpu=23
168] : cpu=23

379] : cpu=47
i05r03c01s05, rank [libmmcso] : offloading thread affinity on [host i05r01c04s04, rank [libmmcso] : offloading thread affinity on [host i05r07c05s10, rank 859] : cpu=47
[libmmcso] : offloading thread affinity on [host i05r07c03s10, rank 38] : cpu=23
i05r05c01s03, rank [libmmcso] : offloading thread affinity on [host i05r04c04s02, rank 787] : cpu=[libmmcso] : offloading thread affinity on [host i05r02c05s04, rank 422] : cpu=23
559] : cpu=47
767] : cpu=47
169] : cpu=47
[libmmcso] : offloading thread affinity on [host i05r05c04s11, rank [libmmcso] : offloading thread affinity on [host i05r03c04s06, rank [libmmcso] : offloading thread affinity on [host i05r03c01s09, rank [libmmcso] : offloading thread affinity on [host i05r01c05s01, rank [libmmcso] : offloading thread affinity on [host i05r07c05s02, rank [libmmcso] : offloading thread affinity on [host i05r07c01s04, rank 871] : cpu=47
, rank [libmmcso] : offloading thread affinity on [host i05r01c02s11, rank 45] : cpu=47
581] : cpu=47

[libmmcso] : offloading thread affinity on [host i05r06c04s09, rank 808] : cpu=23
[libmmcso] : offloading thread affinity on [host i05r02c04s10, rank 423] : cpu=47
572] : cpu=23
[libmmcso] : offloading thread affinity on [host i05r06c01s12, rank [libmmcso] : offloading thread affinity on [host i05r02c01s02, rank 668] : cpu=23
371] : cpu=47
[libmmcso] : offloading thread affinity on [host i05r03c02s02, rank 315] : cpu=47
[libmmcso] : offloading thread affinity on [host i05r01c04s04, rank 979] : cpu=47
[libmmcso] : offloading thread affinity on [host i05r07c01s02, rank [libmmcso] : offloading thread affinity on [host i05r07c03s04, rank 44] : cpu=23
580] : cpu=23
[libmmcso] : offloading thread affinity on [host i05r04c02s10, rank 47
245] : cpu=47
[libmmcso] : offloading thread affinity on [host i05r04c01s05, rank 530] : cpu=23
743] : cpu=47
146] : cpu=23
[libmmcso] : offloading thread affinity on [host [libmmcso] : offloading thread affinity on [host i05r03c04s02, rank 297] : cpu=97] : cpu=47
[libmmcso] : offloading thread affinity on [host i05r07c06s03, rank [libmmcso] : offloading thread affinity on [host i05r06c05s12, rank [libmmcso] : offloading thread affinity on [host i05r07c04s07, rank [libmmcso] : offloading thread affinity on [host i05r01c03s01, rank [libmmcso] : offloading thread affinity on [host i05r05c03s03, rank [libmmcso] : offloading thread affinity on [host i05r04c03s04, rank [libmmcso] : offloading thread affinity on [host i05r06c05s07, rank [libmmcso] : offloading thread affinity on [host i05r02c05s04, rank 440] : cpu=23
558] : cpu=23
[libmmcso] : offloading thread affinity on [host i05r06c01s12, rank [libmmcso] : offloading thread affinity on [host i05r02c02s05, rank [libmmcso] : offloading thread affinity on [host i05r05c04s02, rank 362] : cpu=23
[libmmcso] : offloading thread affinity on [host i05r03c01s09, rank [libmmcso] : offloading thread affinity on [host i05r01c04s03, rank 962] : cpu=23
[libmmcso] : offloading thread affinity on [host i05r07c01s02, rank 918] : cpu=23
[libmmcso] : offloading thread affinity on [host i05r01c01s04, rank [libmmcso] : offloading thread affinity on [host i05r05c02s08, rank 504] : cpu=828] : cpu=23
[libmmcso] : offloading thread affinity on [host i05r02c04s09, rank [libmmcso] : offloading thread affinity on [host i05r04c01s05, rank 441] : cpu=47
531] : cpu=47
742] : cpu=23
[libmmcso] : offloading thread affinity on [host i05r02c01s03, rank i05r05c03s12, rank [libmmcso] : offloading thread affinity on [host i05r03c02s07, rank [libmmcso] : offloading thread affinity on [host i05r03c01s0477] : cpu=47
988] : cpu=23
838] : cpu=[libmmcso] : offloading thread affinity on [host i05r07c03s10, rank 931] : cpu=47
6] : cpu=23
[libmmcso] : offloading thread affinity on [host i05r05c02s12, rank 507] : cpu=47
829] : cpu=47
235] : cpu=47
[libmmcso] : offloading thread affinity on [host i05r04c01s02, rank [libmmcso] : offloading thread affinity on [host i05r04c05s10, rank [libmmcso] : offloading thread affinity on [host i05r06c02s11, rank 176] : cpu=23
[libmmcso] : offloading thread affinity on [host i05r05c04s02, rank [libmmcso] : offloading thread affinity on [host i05r03c02s07, rank 305] : cpu=47
78] : cpu=23
[libmmcso] : offloading thread affinity on [host i05r08c01s03, rank 866] : cpu=938] : cpu=23
[libmmcso] : offloading thread affinity on [host i05r01c03s01, rank 629] : cpu=47
511] : cpu=47
[libmmcso] : offloading thread affinity on [host i05r06c03s06, rank 246] : cpu=23
[libmmcso] : offloading thread affinity on [host i05r04c01s02, rank 547] : cpu=47
[libmmcso] : offloading thread affinity on [host i05r06c02s09, rank [libmmcso] : offloading thread affinity on [host i05r01c06s07, rank [libmmcso] : offloading thread affinity on [host i05r05c06s01, rank 324] : cpu=23
304] : cpu=23
79] : cpu=47
[libmmcso] : offloading thread affinity on [host i05r08c01s03, rank 23
[libmmcso] : offloading thread affinity on [host i05r07c04s07, rank 49] : cpu=47[libmmcso] : offloading thread affinity on [host i05r05c02s08, rank [libmmcso] : offloading thread affinity on [host i05r04c02s06, rank [libmmcso] : offloading thread affinity on [host i05r06c03s09, rank [libmmcso] : offloading thread affinity on [host i05r02c03s12, rank 435] : cpu=47[libmmcso] : offloading thread affinity on [host i05r04c06s07, rank [libmmcso] : offloading thread affinity on [host i05r06c02s11, rank [libmmcso] : offloading thread affinity on [host i05r02c01s03, rank 646] : cpu=23
325] : cpu=47
, rank [libmmcso] : offloading thread affinity on [host i05r01c04s11, rank 1012] : cpu=23
23
930] : cpu=23
48] : cpu=23
[libmmcso] : offloading thread affinity on [host i05r05c02s12, rank 623] : cpu=47
[libmmcso] : offloading thread affinity on [host i05r04c02s10, rank [libmmcso] : offloading thread affinity on [host i05r06c03s05, rank [libmmcso] : offloading thread affinity on [host i05r02c04s04, rank 434] : cpu=23
565] : cpu=47
[libmmcso] : offloading thread affinity on [host i05r06c02s09, rank [libmmcso] : offloading thread affinity on [host i05r01c06s07, rank 650] : cpu=23
[libmmcso] : offloading thread affinity on [host i05r03c04s02, rank [libmmcso] : offloading thread affinity on [host i05r03c01s04, rank 93] : cpu=47
1013] : cpu=47
867] : cpu=47
948] : cpu=23

614] : cpu=23
486] : cpu=23
779] : cpu=47
233] : cpu=47

[libmmcso] : offloading thread affinity on [host i05r04c04s09, rank 764] : cpu=23
149] : cpu=47
697] : cpu=47
363] : cpu=47
47
[libmmcso] : offloading thread affinity on [host i05r01c04s11, rank [libmmcso] : offloading thread affinity on [host i05r07c05s12, rank 983] : cpu=47
[libmmcso] : offloading thread affinity on [host i05r06c05s12, rank 839] : cpu=47
[libmmcso] : offloading thread affinity on [host i05r07c03s07, rank [libmmcso] : offloading thread affinity on [host i05r01c03s03, rank 622] : cpu=23
23
[libmmcso] : offloading thread affinity on [host [libmmcso] : offloading thread affinity on [host i05r02c05s01, rank [libmmcso] : offloading thread affinity on [host i05r03c06s12, rank [libmmcso] : offloading thread affinity on [host i05r04c04s09, rank 760] : cpu=23
[libmmcso] : offloading thread affinity on [host i05r02c02s05, rank 651] : cpu=47
[libmmcso] : offloading thread affinity on [host i05r03c04s03, rank 294] : cpu=23
[libmmcso] : offloading thread affinity on [host i05r01c05s08, rank [libmmcso] : offloading thread affinity on [host i05r07c06s03, rank [libmmcso] : offloading thread affinity on [host i05r06c06s01, rank 949] : cpu=47
[libmmcso] : offloading thread affinity on [host i05r01c03s03, rank 615] : cpu=47
[libmmcso] : offloading thread affinity on [host i05r04c02s06, rank 467] : cpu=47
[libmmcso] : offloading thread affinity on [host i05r06c05s08, rank 247] : cpu=47
430] : cpu=23
520] : cpu=23
765] : cpu=132] : cpu=23
[libmmcso] : offloading thread affinity on [host i05r05c05s03, rank [libmmcso] : offloading thread affinity on [host i05r03c04s03, rank 295] : cpu=47
92] : cpu=23
989] : cpu=47
841] : cpu=47
925] : cpu=47
[libmmcso] : offloading thread affinity on [host [libmmcso] : offloading thread affinity on [host i05r05c03s03, rank 474] : cpu=23
777] : cpu=47
214] : cpu=23
[libmmcso] : offloading thread affinity on [host i05r03c06s12, rank [libmmcso] : offloading thread affinity on [host i05r04c04s06, rank 761] : cpu=47
148] : cpu=23
[libmmcso] : offloading thread affinity on [host i05r05c05s03, rank 364] : cpu=23
[libmmcso] : offloading thread affinity on [host i05r03c01s12, rank 110] : cpu=23
[libmmcso] : offloading thread affinity on [host i05r07c06s02, rank [libmmcso] : offloading thread affinity on [host i05r07c02s04, rank [libmmcso] : offloading thread affinity on [host i05r07c03s05, rank 52] : cpu=23
628] : cpu=23
[libmmcso] : offloading thread affinity on [host i05r04c03s06, rank 784] : cpu=23
223] : cpu=47
431] : cpu=47
[libmmcso] : offloading thread affinity on [host i05r04c04s06, rank 47
177] : cpu=47
365] : cpu=47
[libmmcso] : offloading thread affinity on [host i05r03c01s01, rank [libmmcso] : offloading thread affinity on [host i05r01c04s07, rank 986] : cpu=23
[libmmcso] : offloading thread affinity on [host i05r07c02s04, rank [libmmcso] : offloading thread affinity on [host i05r07c03s05, rank [libmmcso] : offloading thread affinity on [host i05r01c01s05, rank [libmmcso] : offloading thread affinity on [host i05r05c03s07, rank [libmmcso] : offloading thread affinity on [host i05r04c04s01, rank [libmmcso] : offloading thread affinity on [host i05r06c04s02, rank [libmmcso] : offloading thread affinity on [host i05r02c05s01, rank [libmmcso] : offloading thread affinity on [host i05r04c01s03, rank 521] : cpu=47
[libmmcso] : offloading thread affinity on [host i05r05c06s10, rank 133] : cpu=47
676] : cpu=23
[libmmcso] : offloading thread affinity on [host i05r03c04s09, rank 311] : cpu=47
[libmmcso] : offloading thread affinity on [host i05r01c04s07, rank [libmmcso] : offloading thread affinity on [host i05r07c06s01, rank 895] : cpu=47
920] : cpu=23
[libmmcso] : offloading thread affinity on [host i05r01c03s05, rank [libmmcso] : offloading thread affinity on [host i05r05c03s07, rank 466] : cpu=[libmmcso] : offloading thread affinity on [host i05r06c05s04, rank [libmmcso] : offloading thread affinity on [host i05r02c05s05, rank [libmmcso] : offloading thread affinity on [host i05r04c01s03, rank 436] : cpu=23
514] : cpu=23
[libmmcso] : offloading thread affinity on [host i05r05c06s10, rank [libmmcso] : offloading thread affinity on [host i05r02c01s08, rank 677] : cpu=47
[libmmcso] : offloading thread affinity on [host i05r03c04s09, rank [libmmcso] : offloading thread affinity on [host i05r03c01s01, rank 84] : cpu=23
984] : cpu=23
894] : cpu=23
921] : cpu=47
[libmmcso] : offloading thread affinity on [host i05r01c01s03, rank 636] : cpu=23
475] : cpu=47
i05r06c05s06, rank 240] : cpu=23
437] : cpu=47
515] : cpu=47
714] : cpu=23
158] : cpu=23
[libmmcso] : offloading thread affinity on [host i05r05c06s01, rank 376] : cpu=23
288] : cpu=23
85] : cpu=47
[libmmcso] : offloading thread affinity on [host i05r07c06s01, rank [libmmcso] : offloading thread affinity on [host i05r07c01s03, rank [libmmcso] : offloading thread affinity on [host i05r07c04s02, rank [libmmcso] : offloading thread affinity on [host i05r01c01s04, rank 7] : cpu=47
637] : cpu=47
491] : cpu=47
830] : cpu=23
249] : cpu=47
[libmmcso] : offloading thread affinity on [host i05r03c05s01, rank [libmmcso] : offloading thread affinity on [host i05r04c05s10, rank 715] : cpu=47
[libmmcso] : offloading thread affinity on [host i05r02c01s08, rank 696] : cpu=23
377] : cpu=47
289] : cpu=47
[libmmcso] : offloading thread affinity on [host i05r01c04s02[libmmcso] : offloading thread affinity on [host i05r07c05s10, rank 978] : cpu=23
[libmmcso] : offloading thread affinity on [host i05r07c01s03, rank 939] : cpu=47
[libmmcso] : offloading thread affinity on [host i05r01c02s02, rank [libmmcso] : offloading thread affinity on [host i05r05c01s06, rank 586] : cpu=23
505] : cpu=47
[libmmcso] : offloading thread affinity on [host i05r06c03s08, rank 782] : cpu=23
241] : cpu=47
385] : cpu=47
546] : cpu=23
[libmmcso] : offloading thread affinity on [host i05r05c06s05, rank 159] : cpu=47
[libmmcso] : offloading thread affinity on [host i05r05c03s12, rank [libmmcso] : offloading thread affinity on [host i05r03c04s07, rank [libmmcso] : offloading thread affinity on [host i05r03c01s12, rank , rank 985] : cpu=47
[libmmcso] : offloading thread affinity on [host i05r06c06s07, rank [libmmcso] : offloading thread affinity on [host i05r07c03s02, rank 53] : cpu=47
[libmmcso] : offloading thread affinity on [host i05r05c01s06, rank 23
795] : cpu=47
[libmmcso] : offloading thread affinity on [host i05r02c04s09, rank [libmmcso] : offloading thread affinity on [host i05r03c05s01, rank 384] : cpu=23
[libmmcso] : offloading thread affinity on [host i05r04c05s11, rank 704] : cpu=23
[libmmcso] : offloading thread affinity on [host i05r02c02s08, rank 647] : cpu=47
[libmmcso] : offloading thread affinity on [host i05r03c04s07, rank 310] : cpu=23
[libmmcso] : offloading thread affinity on [host i05r01c04s02, rank [libmmcso] : offloading thread affinity on [host i05r07c05s08, rank 869] : cpu=47
[libmmcso] : offloading thread affinity on [host i05r07c03s02, rank 57] : cpu=47
587] : cpu=47
[libmmcso] : offloading thread affinity on [host i05r04c04s02, rank [libmmcso] : offloading thread affinity on [host i05r06c05s05, rank 232] : cpu=23
548] : cpu=23
[libmmcso] : offloading thread affinity on [host i05r05c06s05, rank 705] : cpu=47
[libmmcso] : offloading thread affinity on [host i05r02c02s08, rank [libmmcso] : offloading thread affinity on [host i05r05c06s03, rank 373] : cpu=47
[libmmcso] : offloading thread affinity on [host i05r03c02s01, rank 313[libmmcso] : offloading thread affinity on [host i05r01c04s09, rank [libmmcso] : offloading thread affinity on [host i05r07c05s08, rank 852] : cpu=23
914] : cpu=23
5] : cpu=47
[libmmcso] : offloading thread affinity on [host i05r05c02s09, rank 506] : cpu=23
826] : cpu=23
[libmmcso] : offloading thread affinity on [host [libmmcso] : offloading thread affinity on [host i05r04c05s11, rank 183] : cpu=47[libmmcso] : offloading thread affinity on [host i05r05c04s04, rank 372] : cpu=23
] : cpu=47
74] : cpu=23
[libmmcso] : offloading thread affinity on [host i05r07c06s12, rank 868] : cpu=23
915] : cpu=47
i05r01c01s05, rank [libmmcso] : offloading thread affinity on [host i05r05c02s09, rank [libmmcso] : offloading thread affinity on [host i05r04c03s06, rank [libmmcso] : offloading thread affinity on [host i05r06c03s09, rank 785] : cpu=47
[libmmcso] : offloading thread affinity on [host i05r02c04s05, rank 549] : cpu=47
182] : cpu=23
[libmmcso] : offloading thread affinity on [host i05r05c06s03, rank [libmmcso] : offloading thread affinity on [host i05r03c02s05, rank [libmmcso] : offloading thread affinity on [host i05r03c02s01, rank 312] : cpu=23
[libmmcso] : offloading thread affinity on [host i05r01c04s09, rank 89] : cpu=47
975] : cpu=47
[libmmcso] : offloading thread affinity on [host i05r07c01s05, rank [libmmcso] : offloading thread affinity on [host i05r07c04s10, rank [libmmcso] : offloading thread affinity on [host i05r01c02s02, rank 27] : cpu=47
616] : cpu=23
[libmmcso] : offloading thread affinity on [host i05r04c03s11, rank 822] : cpu=23
[libmmcso] : offloading thread affinity on [host i05r02c04s08, rank [libmmcso] : offloading thread affinity on [host i05r04c04s05, rank 
[libmmcso] : offloading thread affinity on [host i05r05c04s04, rank 321] : cpu=47
[libmmcso] : offloading thread affinity on [host i05r02c06s08, rank [libmmcso] : offloading thread affinity on [host i05r01c06s03, rank [libmmcso] : offloading thread affinity on [host i05r07c06s12, rank 1007] : cpu=47
873] : cpu=47
955] : cpu=47
[libmmcso] : offloading thread affinity on [host i05r01c01s02, rank 617] : cpu=47
490] : cpu=23
[libmmcso] : offloading thread affinity on [host i05r06c05s05, rank [libmmcso] : offloading thread affinity on [host i05r02c03s11, rank [libmmcso] : offloading thread affinity on [host i05r04c04s05, rank 513] : cpu=47
700] : cpu=23[libmmcso] : offloading thread affinity on [host i05r03c02s05, rank 320] : cpu=23
[libmmcso] : offloading thread affinity on [host i05r02c06s08, rank 75] : cpu=47
974] : cpu=23
[libmmcso] : offloading thread affinity on [host i05r06c06s07, rank [libmmcso] : offloading thread affinity on [host i05r07c04s11, rank 8] : cpu=23
[libmmcso] : offloading thread affinity on [host i05r05c03s05, rank 500] : cpu=23
825] : cpu=47
[libmmcso] : offloading thread affinity on [host i05r02c04s08, rank 512] : cpu=23
[libmmcso] : offloading thread affinity on [host i05r02c01s10, rank 654] : cpu=23
278] : cpu=23
88] : cpu=23
1006] : cpu=23
853] : cpu=47
956] : cpu=23
26] : cpu=23
632] : cpu=23
[libmmcso] : offloading thread affinity on [host i05r04c01s09, rank 824] : cpu=23
i05r02c04s12, rank [libmmcso] : offloading thread affinity on [host i05r02c01s10, rank 
279] : cpu=47
[libmmcso] : offloading thread affinity on [host i05r01c05s04, rank [libmmcso] : offloading thread affinity on [host i05r08c01s05, rank [libmmcso] : offloading thread affinity on [host i05r07c01s05, rank [libmmcso] : offloading thread affinity on [host i05r07c04s10, rank 954] : cpu=23
[libmmcso] : offloading thread affinity on [host i05r01c01s02, rank [libmmcso] : offloading thread affinity on [host i05r05c03s05, rank [libmmcso] : offloading thread affinity on [host i05r04c04s03, rank [libmmcso] : offloading thread affinity on [host i05r06c04s06, rank [libmmcso] : offloading thread affinity on [host i05r02c05s05, rank 163] : cpu=47
655] : cpu=47
[libmmcso] : offloading thread affinity on [host i05r03c02s03, rank [libmmcso] : offloading thread affinity on [host i05r01c06s03, rank [libmmcso] : offloading thread affinity on [host i05r07c05s09, rank 872] : cpu=23
[libmmcso] : offloading thread affinity on [host i05r07c04s11, rank 957] : cpu=47
9] : cpu=47
[libmmcso] : offloading thread affinity on [host i05r05c03s06, rank [libmmcso] : offloading thread affinity on [host i05r04c02s07, rank [libmmcso] : offloading thread affinity on [host i05r06c04s02, rank [libmmcso] : offloading thread affinity on [host i05r02c03s11, rank 162] : cpu=23
701] : cpu=47
[libmmcso] : offloading thread affinity on [host i05r03c02s03, rank 317] : cpu=47
102] : cpu=23
[libmmcso] : offloading thread affinity on [host i05r07c06s04, rank [libmmcso] : offloading thread affinity on [host i05r06c06s02, rank [libmmcso] : offloading thread affinity on [host i05r07c04s09, rank 2] : cpu=23
633] : cpu=47
508] : cpu=23
[libmmcso] : offloading thread affinity on [host i05r06c04s06, rank [libmmcso] : offloading thread affinity on [host i05r02c04s05, rank [libmmcso] : offloading thread affinity on [host i05r01c06s05, rank [libmmcso] : offloading thread affinity on [host i05r05c06s02, rank 316] : cpu=23
124] : cpu=23
1016] : cpu=23
[libmmcso] : offloading thread affinity on [host i05r06c06s02, rank [libmmcso] : offloading thread affinity on [host i05r07c04s09, rank 3] : cpu=47
634] : cpu=23
[libmmcso] : offloading thread affinity on [host i05r04c01s09, rank [libmmcso] : offloading thread affinity on [host i05r06c04s11, rank 230] : cpu=23
[libmmcso] : offloading thread affinity on [host i05r01c06s05, rank [libmmcso] : offloading thread affinity on [host i05r05c06s02, rank [libmmcso] : offloading thread affinity on [host i05r02c05s09, rank [libmmcso] : offloading thread affinity on [host i05r01c04s03, rank [libmmcso] : offloading thread affinity on [host i05r07c05s09, rank 977] : cpu=47
[libmmcso] : offloading thread affinity on [host i05r07c01s12, rank 952] : cpu=23
[libmmcso] : offloading thread affinity on [host i05r01c03s05, rank [libmmcso] : offloading thread affinity on [host i05r05c01s01, rank 577449] : cpu=47
794] : cpu=23
238] : cpu=23
129] : cpu=47
698] : cpu=23
256] : cpu=23
125] : cpu=47
991] : cpu=47
[libmmcso] : offloading thread affinity on [host i05r07c02s03, rank 953] : cpu=47
56] : cpu=23
] : cpu=47
469] : cpu=47802] : cpu=23
248] : cpu=23
128] : cpu=23
699] : cpu=47
[libmmcso] : offloading thread affinity on [host i05r02c05s09, rank 257] : cpu=47
76] : cpu=23
[libmmcso] : offloading thread affinity on [host i05r08c01s05, rank 842] : cpu=23
[libmmcso] : offloading thread affinity on [host i05r07c02s05, rank [libmmcso] : offloading thread affinity on [host i05r01c01s06, rank [libmmcso] : offloading thread affinity on [host i05r05c01s01[libmmcso] : offloading thread affinity on [host i05r04c03s02, rank 812] : cpu=23
212] : cpu=23
[libmmcso] : offloading thread affinity on [host i05r05c03s10, rank [libmmcso] : offloading thread affinity on [host i05r01c06s01, rank 976[libmmcso] : offloading thread affinity on [host i05r07c01s07, rank 896] : cpu=23
[libmmcso] : offloading thread affinity on [host i05r01c01s03, rank , rank 
803] : cpu=47
224] : cpu=643] : cpu=47
[libmmcso] : offloading thread affinity on [host i05r01c06s01, rank [libmmcso] : offloading thread affinity on [host i05r07c06s04, rank 990] : cpu=23
[libmmcso] : offloading thread affinity on [host i05r07c01s12, rank 887] : cpu=47
[libmmcso] : offloading thread affinity on [host i05r07c04s01, rank [libmmcso] : offloading thread affinity on [host i05r01c01s06, rank 11] : cpu=47
576] : cpu=23
[libmmcso] : offloading thread affinity on [host i05r04c03s02, rank [libmmcso] : offloading thread affinity on [host i05r06c04s10, rank [libmmcso] : offloading thread affinity on [host i05r02c04s07, rank [libmmcso] : offloading thread affinity on [host i05r05c05s08, rank 121] : cpu=47
1017] : cpu=47
[libmmcso] : offloading thread affinity on [host i05r07c02s03, rank 936] : cpu=23
[libmmcso] : offloading thread affinity on [host i05r01c01s11, rank [libmmcso] : offloading thread affinity on [host i05r05c03s06, rank 448] : cpu=23
[libmmcso] : offloading thread affinity on [host i05r06c05s04, rank 213] : cpu=47
[libmmcso] : offloading thread affinity on [host i05r05c05s06, rank 120] : cpu=23
] : cpu=23
843] : cpu=47
[libmmcso] : offloading thread affinity on [host i05r07c04s01, rank 4] : cpu=23
635] : cpu=47
482] : cpu=23[libmmcso] : offloading thread affinity on [host i05r06c04s11, rank 225] : cpu=47
[libmmcso] : offloading thread affinity on [host i05r05c05s08[libmmcso] : offloading thread affinity on [host i05r01c05s04, rank [libmmcso] : offloading thread affinity on [host i05r08c01s04, rank [libmmcso] : offloading thread affinity on [host i05r07c01s07, rank 937] : cpu=47
10] : cpu=23
483] : cpu=47
823] : cpu=47
228] : cpu=23
[libmmcso] : offloading thread affinity on [host i05r05c05s06, rank 683] : cpu=47
103] : cpu=47
[libmmcso] : offloading thread affinity on [host i05r08c01s04, rank 886] : cpu=23
[libmmcso] : offloading thread affinity on [host i05r07c02s05, rank 897] : cpu=47
[libmmcso] : offloading thread affinity on [host i05r01c01s11, rank 
813] : cpu=47
231] : cpu=47
686] : cpu=[libmmcso] : offloading thread affinity on [host i05r01c03s09, rank 1015] : cpu=47
893] : cpu=47
20] : cpu=23
[libmmcso] : offloading thread affinity on [host i05r04c03s05, rank 810] : cpu=23
23
682] : cpu=23
65] : cpu=47
1014] : cpu=23
877] : cpu=47
21] : cpu=47
489] : cpu=47
[libmmcso] : offloading thread affinity on [host i05r06c04s10, rank 811] : cpu=47
[libmmcso] : offloading thread affinity on [host i05r02c04s07, rank , rank [libmmcso] : offloading thread affinity on [host i05r01c03s09, rank 64[libmmcso] : offloading thread affinity on [host i05r07c05s01, rank 892] : cpu=23
[libmmcso] : offloading thread affinity on [host i05r01c01s01, rank [libmmcso] : offloading thread affinity on [host i05r04c02s07, rank [libmmcso] : offloading thread affinity on [host i05r06c03s07, rank 229] : cpu=47
[libmmcso] : offloading thread affinity on [host i05r05c03s10, rank ] : cpu=23
[libmmcso] : offloading thread affinity on [host i05r07c05s01, rank 876] : cpu=23
1] : cpu=47
468] : cpu=23
[libmmcso] : offloading thread affinity on [host i05r06c03s07, rank [libmmcso] : offloading thread affinity on [host 23
960] : cpu=23
[libmmcso] : offloading thread affinity on [host i05r06c05s09, rank [libmmcso] : offloading thread affinity on [host i05r04c04s03, rank [libmmcso] : offloading thread affinity on [host i05r06c04s08, rank 807] : cpu=47
i05r02c04s04, rank 687] : cpu=47
961] : cpu=47
[libmmcso] : offloading thread affinity on [host i05r06c05s09, rank [libmmcso] : offloading thread affinity on [host i05r01c01s01, rank 509] : cpu=47
780] : cpu=23
222] : cpu=23
642] : cpu=23
832] : cpu=23
0] : cpu=23
494] : cpu=23
[libmmcso] : offloading thread affinity on [host i05r06c04s05, rank [libmmcso] : offloading thread affinity on [host i05r02c03s01, rank [libmmcso] : offloading thread affinity on [host i05r05c03s09, rank 833] : cpu=47
495] : cpu=47
781] : cpu=47
[libmmcso] : offloading thread affinity on [host i05r02c03s01, rank [libmmcso] : offloading thread affinity on [host i05r05c03s09, rank [libmmcso] : offloading thread affinity on [host i05r04c03s05, rank 801] : cpu=47
192] : cpu=23
640] : cpu=23
488] : cpu=23
[libmmcso] : offloading thread affinity on [host i05r06c04s05, rank 193] : cpu=47
641] : cpu=47
800] : cpu=23
[libmmcso] : offloading thread affinity on [host i05r06c03s01, rank [libmmcso] : offloading thread affinity on [host i05r06c03s01, rank 768] : cpu=23
769] : cpu=47
