Placing MMCSO Threads in 4 MPI processes on each 24th Core of each Node with total 48 Cores
MMCSO_THREAD_AFFINITY=0:23,1:47,2:23,3:47
[rank 2] post time (avg. per thread and iter): 2.065283us
[rank 2] wait time (avg. per thread and iter): 19.716170us
[rank 2] comp time (avg. per thread and iter): 53.897172us
[rank 2] comm time (avg. per thread and iter): 75.678626us
[rank 2] overlap: 71.22%
[rank 0] post time (avg. per thread and iter): 2.079631us
[rank 0] wait time (avg. per thread and iter): 19.213661us
[rank 0] comp time (avg. per thread and iter): 53.806921us
[rank 0] comm time (avg. per thread and iter): 75.100214us
[rank 0] overlap: 71.65%
[rank 1] post time (avg. per thread and iter): 2.035870us
[rank 1] wait time (avg. per thread and iter): 9.645146us
[rank 1] comp time (avg. per thread and iter): 54.006629us
[rank 1] comm time (avg. per thread and iter): 65.687645us
[rank 1] overlap: 82.22%
[rank 3] post time (avg. per thread and iter): 1.905882us
[rank 3] wait time (avg. per thread and iter): 10.478321us
[rank 3] comp time (avg. per thread and iter): 53.966209us
[rank 3] comm time (avg. per thread and iter): 66.350411us
[rank 3] overlap: 81.34%
[rank 2] post time (avg. per thread and iter): 2.059867us
[rank 2] wait time (avg. per thread and iter): 22.126046us
[rank 2] comp time (avg. per thread and iter): 53.861044us
[rank 2] comm time (avg. per thread and iter): 78.046956us
[rank 2] overlap: 69.01%
[rank 1] post time (avg. per thread and iter): 2.141553us
[rank 1] wait time (avg. per thread and iter): 22.118060us
[rank 1] comp time (avg. per thread and iter): 53.933572us
[rank 1] comm time (avg. per thread and iter): 78.193184us
[rank 1] overlap: 68.97%
[rank 0] post time (avg. per thread and iter): 1.987555us
[rank 0] wait time (avg. per thread and iter): 12.872708us
[rank 0] comp time (avg. per thread and iter): 53.826669us
[rank 0] comm time (avg. per thread and iter): 68.686931us
[rank 0] overlap: 78.37%
[rank 3] post time (avg. per thread and iter): 1.973252us
[rank 3] wait time (avg. per thread and iter): 19.311149us
[rank 3] comp time (avg. per thread and iter): 53.818575us
[rank 3] comm time (avg. per thread and iter): 75.102976us
[rank 3] overlap: 71.66%
[rank 1] post time (avg. per thread and iter): 2.109711us
[rank 1] wait time (avg. per thread and iter): 374.312005us
[rank 1] comp time (avg. per thread and iter): 54.195394us
[rank 1] comm time (avg. per thread and iter): 430.617109us
[rank 1] overlap: 12.59%
[rank 3] post time (avg. per thread and iter): 2.061741us
[rank 3] wait time (avg. per thread and iter): 384.539705us
[rank 3] comp time (avg. per thread and iter): 54.028501us
[rank 3] comm time (avg. per thread and iter): 440.629947us
[rank 3] overlap: 12.26%
[rank 2] post time (avg. per thread and iter): 2.058439us
[rank 2] wait time (avg. per thread and iter): 416.302650us
[rank 2] comp time (avg. per thread and iter): 54.199761us
[rank 2] comm time (avg. per thread and iter): 472.560850us
[rank 2] overlap: 11.47%
[rank 0] post time (avg. per thread and iter): 2.112348us
[rank 0] wait time (avg. per thread and iter): 388.073279us
[rank 0] comp time (avg. per thread and iter): 54.032849us
[rank 0] comm time (avg. per thread and iter): 444.218476us
[rank 0] overlap: 12.16%
[rank 2] post time (avg. per thread and iter): 1.823131us
[rank 2] wait time (avg. per thread and iter): 1357.166222us
[rank 2] comp time (avg. per thread and iter): 53.818207us
[rank 2] comm time (avg. per thread and iter): 1412.807560us
[rank 2] overlap: 3.81%
[rank 1] post time (avg. per thread and iter): 1.856932us
[rank 1] wait time (avg. per thread and iter): 1291.690617us
[rank 1] comp time (avg. per thread and iter): 54.275975us
[rank 1] comm time (avg. per thread and iter): 1347.823524us
[rank 1] overlap: 4.03%
[rank 0] post time (avg. per thread and iter): 1.789838us
[rank 0] wait time (avg. per thread and iter): 1310.372687us
[rank 0] comp time (avg. per thread and iter): 53.966080us
[rank 0] comm time (avg. per thread and iter): 1366.128605us
[rank 0] overlap: 3.95%
[rank 3] post time (avg. per thread and iter): 1.882686us
[rank 3] wait time (avg. per thread and iter): 1358.265765us
[rank 3] comp time (avg. per thread and iter): 53.999437us
[rank 3] comm time (avg. per thread and iter): 1414.147888us
[rank 3] overlap: 3.82%
[rank 0] post time (avg. per thread and iter): 1.908070us
[rank 0] wait time (avg. per thread and iter): 14999.565002us
[rank 0] comp time (avg. per thread and iter): 54.318555us
[rank 0] comm time (avg. per thread and iter): 15055.791627us
[rank 0] overlap: 0.36%
[rank 3] post time (avg. per thread and iter): 1.817599us
[rank 3] wait time (avg. per thread and iter): 14261.565891us
[rank 3] comp time (avg. per thread and iter): 54.474125us
[rank 3] comm time (avg. per thread and iter): 14317.857615us
[rank 3] overlap: 0.38%
[rank 2] post time (avg. per thread and iter): 1.777923us
[rank 2] wait time (avg. per thread and iter): 14756.640712us
[rank 2] comp time (avg. per thread and iter): 54.182708us
[rank 2] comm time (avg. per thread and iter): 14812.601343us
[rank 2] overlap: 0.37%
[rank 1] post time (avg. per thread and iter): 1.860840us
[rank 1] wait time (avg. per thread and iter): 13686.013075us
[rank 1] comp time (avg. per thread and iter): 54.463295us
[rank 1] comm time (avg. per thread and iter): 13742.337210us
[rank 1] overlap: 0.40%
[rank 1] post time (avg. per thread and iter): 1.674474us
[rank 1] wait time (avg. per thread and iter): 111991.059922us
[rank 1] comp time (avg. per thread and iter): 56.151816us
[rank 1] comm time (avg. per thread and iter): 112048.886212us
[rank 1] overlap: 0.05%
[rank 3] post time (avg. per thread and iter): 1.581186us
[rank 3] wait time (avg. per thread and iter): 99317.948366us
[rank 3] comp time (avg. per thread and iter): 56.584046us
[rank 3] comm time (avg. per thread and iter): 99376.113598us
[rank 3] overlap: 0.06%
[rank 2] post time (avg. per thread and iter): 1.593917us
[rank 2] wait time (avg. per thread and iter): 107937.903553us
[rank 2] comp time (avg. per thread and iter): 56.367522us
[rank 2] comm time (avg. per thread and iter): 107995.864992us
[rank 2] overlap: 0.05%
[rank 0] post time (avg. per thread and iter): 1.620654us
[rank 0] wait time (avg. per thread and iter): 107327.750796us
[rank 0] comp time (avg. per thread and iter): 56.141530us
[rank 0] comm time (avg. per thread and iter): 107385.512980us
[rank 0] overlap: 0.05%
[rank 2] post time (avg. per thread and iter): 1.993638us
[rank 2] wait time (avg. per thread and iter): 12.520058us
[rank 2] comp time (avg. per thread and iter): 63.812412us
[rank 2] comm time (avg. per thread and iter): 78.326108us
[rank 2] overlap: 81.47%
[rank 1] post time (avg. per thread and iter): 1.953333us
[rank 1] wait time (avg. per thread and iter): 9.590422us
[rank 1] comp time (avg. per thread and iter): 63.777793us
[rank 1] comm time (avg. per thread and iter): 75.321548us
[rank 1] overlap: 84.67%
[rank 0] post time (avg. per thread and iter): 1.952950us
[rank 0] wait time (avg. per thread and iter): 11.152099us
[rank 0] comp time (avg. per thread and iter): 63.770562us
[rank 0] comm time (avg. per thread and iter): 76.875610us
[rank 0] overlap: 82.95%
[rank 3] post time (avg. per thread and iter): 2.050405us
[rank 3] wait time (avg. per thread and iter): 9.728488us
[rank 3] comp time (avg. per thread and iter): 63.759392us
[rank 3] comm time (avg. per thread and iter): 75.538285us
[rank 3] overlap: 84.41%
[rank 2] post time (avg. per thread and iter): 1.959265us
[rank 2] wait time (avg. per thread and iter): 13.103064us
[rank 2] comp time (avg. per thread and iter): 63.702829us
[rank 2] comm time (avg. per thread and iter): 78.765158us
[rank 2] overlap: 80.88%
[rank 0] post time (avg. per thread and iter): 1.980152us
[rank 0] wait time (avg. per thread and iter): 10.984941us
[rank 0] comp time (avg. per thread and iter): 63.705184us
[rank 0] comm time (avg. per thread and iter): 76.670278us
[rank 0] overlap: 83.09%
[rank 1] post time (avg. per thread and iter): 2.076045us
[rank 1] wait time (avg. per thread and iter): 12.846065us
[rank 1] comp time (avg. per thread and iter): 63.798749us
[rank 1] comm time (avg. per thread and iter): 78.720860us
[rank 1] overlap: 81.04%
[rank 3] post time (avg. per thread and iter): 1.989060us
[rank 3] wait time (avg. per thread and iter): 11.815825us
[rank 3] comp time (avg. per thread and iter): 63.695715us
[rank 3] comm time (avg. per thread and iter): 77.500600us
[rank 3] overlap: 82.19%
[rank 1] post time (avg. per thread and iter): 2.070397us
[rank 1] wait time (avg. per thread and iter): 379.689908us
[rank 1] comp time (avg. per thread and iter): 64.053200us
[rank 1] comm time (avg. per thread and iter): 445.813505us
[rank 1] overlap: 14.37%
[rank 3] post time (avg. per thread and iter): 2.045083us
[rank 3] wait time (avg. per thread and iter): 369.187986us
[rank 3] comp time (avg. per thread and iter): 63.884406us
[rank 3] comm time (avg. per thread and iter): 435.117475us
[rank 3] overlap: 14.68%
[rank 2] post time (avg. per thread and iter): 2.165370us
[rank 2] wait time (avg. per thread and iter): 411.354284us
[rank 2] comp time (avg. per thread and iter): 64.117967us
[rank 2] comm time (avg. per thread and iter): 477.637621us
[rank 2] overlap: 13.42%
[rank 0] post time (avg. per thread and iter): 2.073784us
[rank 0] wait time (avg. per thread and iter): 389.542939us
[rank 0] comp time (avg. per thread and iter): 63.993534us
[rank 0] comm time (avg. per thread and iter): 455.610256us
[rank 0] overlap: 14.05%
[rank 1] post time (avg. per thread and iter): 1.830440us
[rank 1] wait time (avg. per thread and iter): 1340.468559us
[rank 1] comp time (avg. per thread and iter): 63.927749us
[rank 1] comm time (avg. per thread and iter): 1406.226748us
[rank 1] overlap: 4.55%
[rank 2] post time (avg. per thread and iter): 1.843354us
[rank 2] wait time (avg. per thread and iter): 1381.877650us
[rank 2] comp time (avg. per thread and iter): 63.739749us
[rank 2] comm time (avg. per thread and iter): 1447.460753us
[rank 2] overlap: 4.40%
[rank 3] post time (avg. per thread and iter): 1.878400us
[rank 3] wait time (avg. per thread and iter): 1398.647992us
[rank 3] comp time (avg. per thread and iter): 63.807190us
[rank 3] comm time (avg. per thread and iter): 1464.333582us
[rank 3] overlap: 4.36%
[rank 0] post time (avg. per thread and iter): 1.857422us
[rank 0] wait time (avg. per thread and iter): 1355.336134us
[rank 0] comp time (avg. per thread and iter): 63.955855us
[rank 0] comm time (avg. per thread and iter): 1421.149411us
[rank 0] overlap: 4.50%
[rank 0] post time (avg. per thread and iter): 1.877032us
[rank 0] wait time (avg. per thread and iter): 14478.318296us
[rank 0] comp time (avg. per thread and iter): 64.408402us
[rank 0] comm time (avg. per thread and iter): 14544.603730us
[rank 0] overlap: 0.44%
[rank 1] post time (avg. per thread and iter): 1.836739us
[rank 1] wait time (avg. per thread and iter): 13863.650484us
[rank 1] comp time (avg. per thread and iter): 64.281043us
[rank 1] comm time (avg. per thread and iter): 13929.768266us
[rank 1] overlap: 0.46%
[rank 2] post time (avg. per thread and iter): 1.794823us
[rank 2] wait time (avg. per thread and iter): 14519.493340us
[rank 2] comp time (avg. per thread and iter): 64.138394us
[rank 2] comm time (avg. per thread and iter): 14585.426557us
[rank 2] overlap: 0.44%
[rank 3] post time (avg. per thread and iter): 1.824167us
[rank 3] wait time (avg. per thread and iter): 14018.035717us
[rank 3] comp time (avg. per thread and iter): 64.296335us
[rank 3] comm time (avg. per thread and iter): 14084.156219us
[rank 3] overlap: 0.46%
[rank 1] post time (avg. per thread and iter): 1.589240us
[rank 1] wait time (avg. per thread and iter): 112428.284120us
[rank 1] comp time (avg. per thread and iter): 66.113925us
[rank 1] comm time (avg. per thread and iter): 112495.987285us
[rank 1] overlap: 0.06%
[rank 2] post time (avg. per thread and iter): 1.570939us
[rank 2] wait time (avg. per thread and iter): 109828.531900us
[rank 2] comp time (avg. per thread and iter): 66.124560us
[rank 2] comm time (avg. per thread and iter): 109896.227399us
[rank 2] overlap: 0.06%
[rank 3] post time (avg. per thread and iter): 1.591989us
[rank 3] wait time (avg. per thread and iter): 101075.186784us
[rank 3] comp time (avg. per thread and iter): 66.270360us
[rank 3] comm time (avg. per thread and iter): 101143.049132us
[rank 3] overlap: 0.07%
[rank 0] post time (avg. per thread and iter): 1.618148us
[rank 0] wait time (avg. per thread and iter): 108359.427284us
[rank 0] comp time (avg. per thread and iter): 66.317626us
[rank 0] comm time (avg. per thread and iter): 108427.363058us
[rank 0] overlap: 0.06%
[rank 2] post time (avg. per thread and iter): 2.621814us
[rank 2] wait time (avg. per thread and iter): 10.636824us
[rank 2] comp time (avg. per thread and iter): 1112.762921us
[rank 2] comm time (avg. per thread and iter): 1126.021558us
[rank 2] overlap: 98.82%
[rank 1] post time (avg. per thread and iter): 2.674744us
[rank 1] wait time (avg. per thread and iter): 7.392565us
[rank 1] comp time (avg. per thread and iter): 1113.076123us
[rank 1] comm time (avg. per thread and iter): 1123.143431us
[rank 1] overlap: 99.10%
[rank 0] post time (avg. per thread and iter): 2.567936us
[rank 0] wait time (avg. per thread and iter): 9.965105us
[rank 0] comp time (avg. per thread and iter): 1113.337640us
[rank 0] comm time (avg. per thread and iter): 1125.870680us
[rank 0] overlap: 98.89%
[rank 3] post time (avg. per thread and iter): 2.574743us
[rank 3] wait time (avg. per thread and iter): 7.225175us
[rank 3] comp time (avg. per thread and iter): 1113.395373us
[rank 3] comm time (avg. per thread and iter): 1123.195291us
[rank 3] overlap: 99.13%
[rank 1] post time (avg. per thread and iter): 2.590216us
[rank 1] wait time (avg. per thread and iter): 9.114230us
[rank 1] comp time (avg. per thread and iter): 1112.740400us
[rank 1] comm time (avg. per thread and iter): 1124.444846us
[rank 1] overlap: 98.96%
[rank 2] post time (avg. per thread and iter): 2.637805us
[rank 2] wait time (avg. per thread and iter): 7.327467us
[rank 2] comp time (avg. per thread and iter): 1113.285530us
[rank 2] comm time (avg. per thread and iter): 1123.250802us
[rank 2] overlap: 99.11%
[rank 3] post time (avg. per thread and iter): 2.594072us
[rank 3] wait time (avg. per thread and iter): 7.548564us
[rank 3] comp time (avg. per thread and iter): 1113.161056us
[rank 3] comm time (avg. per thread and iter): 1123.303692us
[rank 3] overlap: 99.10%
[rank 0] post time (avg. per thread and iter): 2.491694us
[rank 0] wait time (avg. per thread and iter): 7.207101us
[rank 0] comp time (avg. per thread and iter): 1112.740730us
[rank 0] comm time (avg. per thread and iter): 1122.439526us
[rank 0] overlap: 99.14%
[rank 1] post time (avg. per thread and iter): 2.365531us
[rank 1] wait time (avg. per thread and iter): 10.538519us
[rank 1] comp time (avg. per thread and iter): 1106.173527us
[rank 1] comm time (avg. per thread and iter): 1119.077577us
[rank 1] overlap: 98.85%
[rank 0] post time (avg. per thread and iter): 2.404346us
[rank 2] post time (avg. per thread and iter): 2.340487us
[rank 2] wait time (avg. per thread and iter): 12.254366us
[rank 2] comp time (avg. per thread and iter): 1114.443608us
[rank 2] comm time (avg. per thread and iter): 1129.038462us
[rank 2] overlap: 98.71%
[rank 0] wait time (avg. per thread and iter): 12.393155us
[rank 0] comp time (avg. per thread and iter): 1107.220835us
[rank 0] comm time (avg. per thread and iter): 1122.018337us
[rank 0] overlap: 98.68%
[rank 3] post time (avg. per thread and iter): 2.389432us
[rank 3] wait time (avg. per thread and iter): 9.739171us
[rank 3] comp time (avg. per thread and iter): 1113.146603us
[rank 3] comm time (avg. per thread and iter): 1125.275206us
[rank 3] overlap: 98.92%
[rank 1] post time (avg. per thread and iter): 1.773096us
[rank 1] wait time (avg. per thread and iter): 372.846394us
[rank 1] comp time (avg. per thread and iter): 1094.534654us
[rank 1] comm time (avg. per thread and iter): 1469.154144us
[rank 1] overlap: 74.50%
[rank 2] post time (avg. per thread and iter): 1.763815us
[rank 2] wait time (avg. per thread and iter): 404.843219us
[rank 2] comp time (avg. per thread and iter): 1104.568312us
[rank 2] comm time (avg. per thread and iter): 1511.175346us
[rank 2] overlap: 73.09%
[rank 3] post time (avg. per thread and iter): 1.783221us
[rank 3] wait time (avg. per thread and iter): 394.272041us
[rank 3] comp time (avg. per thread and iter): 1103.703386us
[rank 3] comm time (avg. per thread and iter): 1499.758648us
[rank 3] overlap: 73.59%
[rank 0] post time (avg. per thread and iter): 1.759812us
[rank 0] wait time (avg. per thread and iter): 363.759250us
[rank 0] comp time (avg. per thread and iter): 1094.325396us
[rank 0] comm time (avg. per thread and iter): 1459.844458us
[rank 0] overlap: 74.96%
[rank 1] post time (avg. per thread and iter): 1.809714us
[rank 1] wait time (avg. per thread and iter): 13386.728459us
[rank 1] comp time (avg. per thread and iter): 1095.057758us
[rank 1] comm time (avg. per thread and iter): 14483.595931us
[rank 1] overlap: 7.56%
[rank 3] post time (avg. per thread and iter): 1.717015us
[rank 3] wait time (avg. per thread and iter): 13261.781216us
[rank 3] comp time (avg. per thread and iter): 1102.451503us
[rank 3] comm time (avg. per thread and iter): 14365.949734us
[rank 3] overlap: 7.67%
[rank 2] post time (avg. per thread and iter): 1.738005us
[rank 2] wait time (avg. per thread and iter): 13082.984571us
[rank 2] comp time (avg. per thread and iter): 1103.472058us
[rank 2] comm time (avg. per thread and iter): 14188.194635us
[rank 2] overlap: 7.78%
[rank 0] post time (avg. per thread and iter): 1.771617us
[rank 0] wait time (avg. per thread and iter): 13092.836376us
[rank 0] comp time (avg. per thread and iter): 1095.037299us
[rank 0] comm time (avg. per thread and iter): 14189.645293us
[rank 0] overlap: 7.72%
[rank 3] post time (avg. per thread and iter): 1.735567us
[rank 3] wait time (avg. per thread and iter): 104817.179467us
[rank 3] comp time (avg. per thread and iter): 1106.512584us
[rank 3] comm time (avg. per thread and iter): 105925.427618us
[rank 3] overlap: 1.04%
[rank 1] post time (avg. per thread and iter): 1.692782us
[rank 1] wait time (avg. per thread and iter): 108248.475372us
[rank 1] comp time (avg. per thread and iter): 1098.885448us
[rank 1] comm time (avg. per thread and iter): 109349.053603us
[rank 1] overlap: 1.00%
[rank 2] post time (avg. per thread and iter): 1.646072us
[rank 2] wait time (avg. per thread and iter): 107047.969336us
[rank 2] comp time (avg. per thread and iter): 1106.880836us
[rank 2] comm time (avg. per thread and iter): 108156.496244us
[rank 2] overlap: 1.02%
[rank 0] post time (avg. per thread and iter): 1.655289us
[rank 0] wait time (avg. per thread and iter): 108388.931458us
[rank 0] comp time (avg. per thread and iter): 1098.488803us
[rank 0] comm time (avg. per thread and iter): 109489.075549us
[rank 0] overlap: 1.00%
