Placing MMCSO Threads in 4 MPI processes on each 24th Core of each Node with total 48 Cores
MMCSO_THREAD_AFFINITY=0:23,1:47,2:23,3:47
[rank 1] post time (avg. per thread and iter): 75.297729us
[rank 1] wait time (avg. per thread and iter): 133.335088us
[rank 1] comp time (avg. per thread and iter): 5.360170us
[rank 1] comm time (avg. per thread and iter): 213.992987us
[rank 1] overlap: 2.50%
[rank 2] post time (avg. per thread and iter): 76.610022us
[rank 2] wait time (avg. per thread and iter): 138.000656us
[rank 2] comp time (avg. per thread and iter): 5.416914us
[rank 2] comm time (avg. per thread and iter): 220.027591us
[rank 2] overlap: 2.46%
[rank 3] post time (avg. per thread and iter): 77.606453us
[rank 3] wait time (avg. per thread and iter): 140.390209us
[rank 3] comp time (avg. per thread and iter): 5.481026us
[rank 3] comm time (avg. per thread and iter): 223.477687us
[rank 3] overlap: 2.45%
[rank 0] post time (avg. per thread and iter): 74.036908us
[rank 0] wait time (avg. per thread and iter): 147.156828us
[rank 0] comp time (avg. per thread and iter): 5.346624us
[rank 0] comm time (avg. per thread and iter): 226.540361us
[rank 0] overlap: 2.36%
[rank 1] post time (avg. per thread and iter): 89.857062us
[rank 1] wait time (avg. per thread and iter): 144.709268us
[rank 1] comp time (avg. per thread and iter): 5.659873us
[rank 1] comm time (avg. per thread and iter): 240.226204us
[rank 1] overlap: 2.36%
[rank 2] post time (avg. per thread and iter): 91.969141us
[rank 2] wait time (avg. per thread and iter): 158.357505us
[rank 2] comp time (avg. per thread and iter): 5.601543us
[rank 2] comm time (avg. per thread and iter): 255.928190us
[rank 2] overlap: 2.19%
[rank 3] post time (avg. per thread and iter): 92.364332us
[rank 3] wait time (avg. per thread and iter): 152.769681us
[rank 3] comp time (avg. per thread and iter): 5.694317us
[rank 3] comm time (avg. per thread and iter): 250.828329us
[rank 3] overlap: 2.27%
[rank 0] post time (avg. per thread and iter): 89.605429us
[rank 0] wait time (avg. per thread and iter): 147.808785us
[rank 0] comp time (avg. per thread and iter): 5.640448us
[rank 0] comm time (avg. per thread and iter): 243.054663us
[rank 0] overlap: 2.32%
[rank 2] post time (avg. per thread and iter): 122.814253us
[rank 2] wait time (avg. per thread and iter): 162.412429us
[rank 2] comp time (avg. per thread and iter): 5.708095us
[rank 2] comm time (avg. per thread and iter): 290.934777us
[rank 2] overlap: 1.96%
[rank 3] post time (avg. per thread and iter): 125.575945us
[rank 3] wait time (avg. per thread and iter): 147.946055us
[rank 3] comp time (avg. per thread and iter): 5.783933us
[rank 3] comm time (avg. per thread and iter): 279.305933us
[rank 3] overlap: 2.07%
[rank 0] post time (avg. per thread and iter): 114.479336us
[rank 0] wait time (avg. per thread and iter): 169.435267us
[rank 0] comp time (avg. per thread and iter): 5.734024us
[rank 0] comm time (avg. per thread and iter): 289.648627us
[rank 0] overlap: 1.98%
[rank 1] post time (avg. per thread and iter): 113.734542us
[rank 1] wait time (avg. per thread and iter): 166.145198us
[rank 1] comp time (avg. per thread and iter): 5.749727us
[rank 1] comm time (avg. per thread and iter): 285.629467us
[rank 1] overlap: 2.01%
[rank 2] post time (avg. per thread and iter): 305.381956us
[rank 2] wait time (avg. per thread and iter): 409.984605us
[rank 2] comp time (avg. per thread and iter): 4.977540us
[rank 2] comm time (avg. per thread and iter): 720.344101us
[rank 2] overlap: 0.69%
[rank 3] post time (avg. per thread and iter): 357.207996us
[rank 3] wait time (avg. per thread and iter): 296.470067us
[rank 3] comp time (avg. per thread and iter): 5.001693us
[rank 3] comm time (avg. per thread and iter): 658.679756us
[rank 3] overlap: 0.76%
[rank 1] post time (avg. per thread and iter): 166.613763us
[rank 1] wait time (avg. per thread and iter): 560.419414us
[rank 1] comp time (avg. per thread and iter): 4.866423us
[rank 1] comm time (avg. per thread and iter): 731.899601us
[rank 1] overlap: 0.66%
[rank 0] post time (avg. per thread and iter): 190.199366us
[rank 0] wait time (avg. per thread and iter): 421.966338us
[rank 0] comp time (avg. per thread and iter): 4.957019us
[rank 0] comm time (avg. per thread and iter): 617.122724us
[rank 0] overlap: 0.80%
[rank 1] post time (avg. per thread and iter): 80.632767us
[rank 1] wait time (avg. per thread and iter): 6342.429577us
[rank 1] comp time (avg. per thread and iter): 4.194432us
[rank 1] comm time (avg. per thread and iter): 6427.256777us
[rank 1] overlap: 0.07%
[rank 3] post time (avg. per thread and iter): 3144.541635us
[rank 3] wait time (avg. per thread and iter): 1049.442634us
[rank 3] comp time (avg. per thread and iter): 4.692100us
[rank 3] comm time (avg. per thread and iter): 4198.676369us
[rank 3] overlap: 0.11%
[rank 2] post time (avg. per thread and iter): 320.734441us
[rank 2] wait time (avg. per thread and iter): 2585.341930us
[rank 2] comp time (avg. per thread and iter): 4.220618us
[rank 2] comm time (avg. per thread and iter): 2910.296989us
[rank 2] overlap: 0.15%
[rank 0] post time (avg. per thread and iter): 365.789474us
[rank 0] wait time (avg. per thread and iter): 3032.014535us
[rank 0] comp time (avg. per thread and iter): 4.331156us
[rank 0] comm time (avg. per thread and iter): 3402.135165us
[rank 0] overlap: 0.13%
[rank 1] post time (avg. per thread and iter): 295.169175us
[rank 1] wait time (avg. per thread and iter): 16243.522728us
[rank 1] comp time (avg. per thread and iter): 4.354876us
[rank 1] comm time (avg. per thread and iter): 16543.046779us
[rank 1] overlap: 0.03%
[rank 2] post time (avg. per thread and iter): 2075.227169us
[rank 2] wait time (avg. per thread and iter): 13486.274918us
[rank 2] comp time (avg. per thread and iter): 4.443444us
[rank 2] comm time (avg. per thread and iter): 15565.945531us
[rank 2] overlap: 0.03%
[rank 3] post time (avg. per thread and iter): 7542.110711us
[rank 3] wait time (avg. per thread and iter): 7545.044895us
[rank 3] comp time (avg. per thread and iter): 4.724991us
[rank 3] comm time (avg. per thread and iter): 15091.880596us
[rank 3] overlap: 0.03%
[rank 0] post time (avg. per thread and iter): 464.703810us
[rank 0] wait time (avg. per thread and iter): 12033.309660us
[rank 0] comp time (avg. per thread and iter): 4.416663us
[rank 0] comm time (avg. per thread and iter): 12502.430133us
[rank 0] overlap: 0.04%
[rank 2] post time (avg. per thread and iter): 4396.110428us
[rank 2] wait time (avg. per thread and iter): 120337.743253us
[rank 2] comp time (avg. per thread and iter): 4.560966us
[rank 2] comm time (avg. per thread and iter): 124738.414647us
[rank 2] overlap: 0.00%
[rank 1] post time (avg. per thread and iter): 886.513964us
[rank 1] wait time (avg. per thread and iter): 126322.081822us
[rank 1] comp time (avg. per thread and iter): 4.492804us
[rank 1] comm time (avg. per thread and iter): 127213.088590us
[rank 1] overlap: 0.00%
[rank 3] post time (avg. per thread and iter): 56546.529280us
[rank 3] wait time (avg. per thread and iter): 75138.282211us
[rank 3] comp time (avg. per thread and iter): 4.901362us
[rank 3] comm time (avg. per thread and iter): 131689.712854us
[rank 3] overlap: 0.00%
[rank 0] post time (avg. per thread and iter): 5067.487894us
[rank 0] wait time (avg. per thread and iter): 112545.562695us
[rank 0] comp time (avg. per thread and iter): 4.895903us
[rank 0] comm time (avg. per thread and iter): 117617.946492us
[rank 0] overlap: 0.00%
[rank 1] post time (avg. per thread and iter): 536.606050us
[rank 1] wait time (avg. per thread and iter): 1088024.435962us
[rank 1] comp time (avg. per thread and iter): 4.702342us
[rank 1] comm time (avg. per thread and iter): 1088565.744353us
[rank 1] overlap: 0.00%
[rank 2] post time (avg. per thread and iter): 4533.493383us
[rank 2] wait time (avg. per thread and iter): 1059656.428560us
[rank 2] comp time (avg. per thread and iter): 4.805770us
[rank 2] comm time (avg. per thread and iter): 1064194.727713us
[rank 2] overlap: 0.00%
[rank 3] post time (avg. per thread and iter): 119773.813046us
[rank 3] wait time (avg. per thread and iter): 872483.255219us
[rank 3] comp time (avg. per thread and iter): 5.153690us
[rank 3] comm time (avg. per thread and iter): 992262.221955us
[rank 3] overlap: 0.00%
[rank 0] post time (avg. per thread and iter): 10026.520923us
[rank 0] wait time (avg. per thread and iter): 1064719.222746us
[rank 0] comp time (avg. per thread and iter): 5.082424us
[rank 0] comm time (avg. per thread and iter): 1074750.826094us
[rank 0] overlap: 0.00%
[rank 2] post time (avg. per thread and iter): 79.461214us
[rank 2] wait time (avg. per thread and iter): 178.095241us
[rank 2] comp time (avg. per thread and iter): 21.152933us
[rank 2] comm time (avg. per thread and iter): 278.709389us
[rank 2] overlap: 7.59%
[rank 0] post time (avg. per thread and iter): 76.103591us
[rank 0] wait time (avg. per thread and iter): 184.837302us
[rank 0] comp time (avg. per thread and iter): 21.398576us
[rank 0] comm time (avg. per thread and iter): 282.339468us
[rank 0] overlap: 7.58%
[rank 3] post time (avg. per thread and iter): 78.492404us
[rank 3] wait time (avg. per thread and iter): 159.999724us
[rank 3] comp time (avg. per thread and iter): 21.292537us
[rank 3] comm time (avg. per thread and iter): 259.784665us
[rank 3] overlap: 8.20%
[rank 1] post time (avg. per thread and iter): 75.914961us
[rank 1] wait time (avg. per thread and iter): 154.962496us
[rank 1] comp time (avg. per thread and iter): 20.595627us
[rank 1] comm time (avg. per thread and iter): 251.473084us
[rank 1] overlap: 8.19%
[rank 2] post time (avg. per thread and iter): 91.052004us
[rank 2] wait time (avg. per thread and iter): 181.297410us
[rank 2] comp time (avg. per thread and iter): 21.999649us
[rank 2] comm time (avg. per thread and iter): 294.349063us
[rank 2] overlap: 7.47%
[rank 3] post time (avg. per thread and iter): 93.706203us
[rank 3] wait time (avg. per thread and iter): 178.491131us
[rank 3] comp time (avg. per thread and iter): 22.131229us
[rank 3] comm time (avg. per thread and iter): 294.328563us
[rank 3] overlap: 7.52%
[rank 1] post time (avg. per thread and iter): 88.790812us
[rank 1] wait time (avg. per thread and iter): 191.347735us
[rank 1] comp time (avg. per thread and iter): 21.943358us
[rank 1] comm time (avg. per thread and iter): 302.081904us
[rank 1] overlap: 7.26%
[rank 0] post time (avg. per thread and iter): 87.782893us
[rank 0] wait time (avg. per thread and iter): 179.260036us
[rank 0] comp time (avg. per thread and iter): 21.734313us
[rank 0] comm time (avg. per thread and iter): 288.777242us
[rank 0] overlap: 7.53%
[rank 1] post time (avg. per thread and iter): 111.198710us
[rank 1] wait time (avg. per thread and iter): 236.041819us
[rank 1] comp time (avg. per thread and iter): 23.847175us
[rank 1] comm time (avg. per thread and iter): 371.087704us
[rank 1] overlap: 6.43%
[rank 3] post time (avg. per thread and iter): 128.521322us
[rank 3] wait time (avg. per thread and iter): 186.387707us
[rank 3] comp time (avg. per thread and iter): 23.817087us
[rank 3] comm time (avg. per thread and iter): 338.726117us
[rank 3] overlap: 7.03%
[rank 2] post time (avg. per thread and iter): 121.861526us
[rank 2] wait time (avg. per thread and iter): 205.231025us
[rank 2] comp time (avg. per thread and iter): 23.555571us
[rank 2] comm time (avg. per thread and iter): 350.648122us
[rank 2] overlap: 6.72%
[rank 0] post time (avg. per thread and iter): 110.711962us
[rank 0] wait time (avg. per thread and iter): 239.014158us
[rank 0] comp time (avg. per thread and iter): 23.699363us
[rank 0] comm time (avg. per thread and iter): 373.425483us
[rank 0] overlap: 6.35%
[rank 1] post time (avg. per thread and iter): 167.435491us
[rank 1] wait time (avg. per thread and iter): 721.028179us
[rank 1] comp time (avg. per thread and iter): 20.901726us
[rank 1] comm time (avg. per thread and iter): 909.365396us
[rank 1] overlap: 2.30%
[rank 2] post time (avg. per thread and iter): 362.674795us
[rank 2] wait time (avg. per thread and iter): 464.080725us
[rank 2] comp time (avg. per thread and iter): 21.408779us
[rank 2] comm time (avg. per thread and iter): 848.164299us
[rank 2] overlap: 2.52%
[rank 0] post time (avg. per thread and iter): 194.178907us
[rank 0] wait time (avg. per thread and iter): 551.320297us
[rank 0] comp time (avg. per thread and iter): 21.032672us
[rank 0] comm time (avg. per thread and iter): 766.531876us
[rank 0] overlap: 2.74%
[rank 3] post time (avg. per thread and iter): 385.042765us
[rank 3] wait time (avg. per thread and iter): 332.081217us
[rank 3] comp time (avg. per thread and iter): 21.780975us
[rank 3] comm time (avg. per thread and iter): 738.904956us
[rank 3] overlap: 2.95%
[rank 2] post time (avg. per thread and iter): 473.551448us
[rank 2] wait time (avg. per thread and iter): 941.464990us
[rank 2] comp time (avg. per thread and iter): 17.464695us
[rank 2] comm time (avg. per thread and iter): 1432.481133us
[rank 2] overlap: 1.22%
[rank 1] post time (avg. per thread and iter): 308.219656us
[rank 1] wait time (avg. per thread and iter): 1086.614372us
[rank 1] comp time (avg. per thread and iter): 16.982144us
[rank 1] comm time (avg. per thread and iter): 1411.816172us
[rank 1] overlap: 1.20%
[rank 3] post time (avg. per thread and iter): 592.347849us
[rank 3] wait time (avg. per thread and iter): 847.474201us
[rank 3] comp time (avg. per thread and iter): 17.825748us
[rank 3] comm time (avg. per thread and iter): 1457.647798us
[rank 3] overlap: 1.22%
[rank 0] post time (avg. per thread and iter): 453.094095us
[rank 0] wait time (avg. per thread and iter): 948.770666us
[rank 0] comp time (avg. per thread and iter): 17.794325us
[rank 0] comm time (avg. per thread and iter): 1419.659085us
[rank 0] overlap: 1.25%
[rank 3] post time (avg. per thread and iter): 1977.141593us
[rank 3] wait time (avg. per thread and iter): 12039.412611us
[rank 3] comp time (avg. per thread and iter): 18.448623us
[rank 3] comm time (avg. per thread and iter): 14035.002827us
[rank 3] overlap: 0.13%
[rank 2] post time (avg. per thread and iter): 3846.337986us
[rank 2] wait time (avg. per thread and iter): 10894.471152us
[rank 2] comp time (avg. per thread and iter): 19.529489us
[rank 2] comm time (avg. per thread and iter): 14760.338626us
[rank 2] overlap: 0.13%
[rank 0] post time (avg. per thread and iter): 2115.437617us
[rank 0] wait time (avg. per thread and iter): 12463.534025us
[rank 0] comp time (avg. per thread and iter): 19.344071us
[rank 0] comm time (avg. per thread and iter): 14598.315714us
[rank 0] overlap: 0.13%
[rank 1] post time (avg. per thread and iter): 2119.613119us
[rank 1] wait time (avg. per thread and iter): 12221.026767us
[rank 1] comp time (avg. per thread and iter): 19.048793us
[rank 1] comm time (avg. per thread and iter): 14359.688678us
[rank 1] overlap: 0.13%
[rank 1] post time (avg. per thread and iter): 368.837039us
[rank 1] wait time (avg. per thread and iter): 128543.276870us
[rank 1] comp time (avg. per thread and iter): 17.266611us
[rank 1] comm time (avg. per thread and iter): 128929.380520us
[rank 1] overlap: 0.01%
[rank 3] post time (avg. per thread and iter): 55855.069259us
[rank 3] wait time (avg. per thread and iter): 75270.453003us
[rank 3] comp time (avg. per thread and iter): 21.834034us
[rank 3] comm time (avg. per thread and iter): 131147.356295us
[rank 3] overlap: 0.02%
[rank 2] post time (avg. per thread and iter): 8897.074849us
[rank 2] wait time (avg. per thread and iter): 116092.216954us
[rank 2] comp time (avg. per thread and iter): 19.274041us
[rank 2] comm time (avg. per thread and iter): 125008.565844us
[rank 2] overlap: 0.02%
[rank 0] post time (avg. per thread and iter): 4145.354237us
[rank 0] wait time (avg. per thread and iter): 112089.007163us
[rank 0] comp time (avg. per thread and iter): 20.080544us
[rank 0] comm time (avg. per thread and iter): 116254.441944us
[rank 0] overlap: 0.02%
[rank 1] post time (avg. per thread and iter): 923.611688us
[rank 1] wait time (avg. per thread and iter): 1085596.206492us
[rank 1] comp time (avg. per thread and iter): 18.063815us
[rank 1] comm time (avg. per thread and iter): 1086537.881995us
[rank 1] overlap: 0.00%
[rank 2] post time (avg. per thread and iter): 2265.632484us
[rank 2] wait time (avg. per thread and iter): 1065646.089951us
[rank 2] comp time (avg. per thread and iter): 18.592179us
[rank 2] comm time (avg. per thread and iter): 1067930.314614us
[rank 2] overlap: 0.00%
[rank 3] post time (avg. per thread and iter): 128315.244440us
[rank 3] wait time (avg. per thread and iter): 855682.360716us
[rank 3] comp time (avg. per thread and iter): 22.906292us
[rank 3] comm time (avg. per thread and iter): 984020.511447us
[rank 3] overlap: 0.00%
[rank 0] post time (avg. per thread and iter): 9155.587556us
[rank 0] wait time (avg. per thread and iter): 1070345.471965us
[rank 0] comp time (avg. per thread and iter): 22.025249us
[rank 0] comm time (avg. per thread and iter): 1079523.084770us
[rank 0] overlap: 0.00%
[rank 3] post time (avg. per thread and iter): 80.120820us
[rank 3] wait time (avg. per thread and iter): 176.434844us
[rank 3] comp time (avg. per thread and iter): 36.994398us
[rank 3] comm time (avg. per thread and iter): 293.550062us
[rank 3] overlap: 12.60%
[rank 1] post time (avg. per thread and iter): 75.642300us
[rank 1] wait time (avg. per thread and iter): 184.368817us
[rank 1] comp time (avg. per thread and iter): 35.644829us
[rank 1] comm time (avg. per thread and iter): 295.655946us
[rank 1] overlap: 12.06%
[rank 2] post time (avg. per thread and iter): 78.072523us
[rank 2] wait time (avg. per thread and iter): 199.010828us
[rank 2] comp time (avg. per thread and iter): 37.081102us
[rank 2] comm time (avg. per thread and iter): 314.164453us
[rank 2] overlap: 11.80%
[rank 0] post time (avg. per thread and iter): 75.096290us
[rank 0] wait time (avg. per thread and iter): 234.401842us
[rank 0] comp time (avg. per thread and iter): 36.266458us
[rank 0] comm time (avg. per thread and iter): 345.764590us
[rank 0] overlap: 10.49%
[rank 2] post time (avg. per thread and iter): 90.140915us
[rank 2] wait time (avg. per thread and iter): 233.265244us
[rank 2] comp time (avg. per thread and iter): 39.036042us
[rank 2] comm time (avg. per thread and iter): 362.442201us
[rank 2] overlap: 10.77%
[rank 0] post time (avg. per thread and iter): 86.342789us
[rank 0] wait time (avg. per thread and iter): 253.598331us
[rank 0] comp time (avg. per thread and iter): 38.332656us
[rank 0] comm time (avg. per thread and iter): 378.273775us
[rank 0] overlap: 10.13%
[rank 1] post time (avg. per thread and iter): 89.212880us
[rank 1] wait time (avg. per thread and iter): 199.501113us
[rank 1] comp time (avg. per thread and iter): 38.914426us
[rank 1] comm time (avg. per thread and iter): 327.628420us
[rank 1] overlap: 11.88%
[rank 3] post time (avg. per thread and iter): 89.731175us
[rank 3] wait time (avg. per thread and iter): 249.180588us
[rank 3] comp time (avg. per thread and iter): 38.914099us
[rank 3] comm time (avg. per thread and iter): 377.825863us
[rank 3] overlap: 10.30%
[rank 3] post time (avg. per thread and iter): 120.382860us
[rank 3] wait time (avg. per thread and iter): 231.901558us
[rank 3] comp time (avg. per thread and iter): 42.817454us
[rank 3] comm time (avg. per thread and iter): 395.101873us
[rank 3] overlap: 10.84%
[rank 0] post time (avg. per thread and iter): 107.407697us
[rank 0] wait time (avg. per thread and iter): 284.011389us
[rank 0] comp time (avg. per thread and iter): 41.620803us
[rank 0] comm time (avg. per thread and iter): 433.039889us
[rank 0] overlap: 9.61%
[rank 1] post time (avg. per thread and iter): 108.293927us
[rank 1] wait time (avg. per thread and iter): 282.644771us
[rank 1] comp time (avg. per thread and iter): 42.237018us
[rank 1] comm time (avg. per thread and iter): 433.175716us
[rank 1] overlap: 9.75%
[rank 2] post time (avg. per thread and iter): 112.383573us
[rank 2] wait time (avg. per thread and iter): 282.112405us
[rank 2] comp time (avg. per thread and iter): 42.359490us
[rank 2] comm time (avg. per thread and iter): 436.855468us
[rank 2] overlap: 9.70%
[rank 1] post time (avg. per thread and iter): 195.191081us
[rank 1] wait time (avg. per thread and iter): 954.340189us
[rank 1] comp time (avg. per thread and iter): 48.397910us
[rank 1] comm time (avg. per thread and iter): 1197.929180us
[rank 1] overlap: 4.04%
[rank 0] post time (avg. per thread and iter): 197.529873us
[rank 0] wait time (avg. per thread and iter): 731.898423us
[rank 0] comp time (avg. per thread and iter): 45.587162us
[rank 0] comm time (avg. per thread and iter): 975.015459us
[rank 0] overlap: 4.68%
[rank 2] post time (avg. per thread and iter): 355.906781us
[rank 2] wait time (avg. per thread and iter): 718.791590us
[rank 2] comp time (avg. per thread and iter): 44.175164us
[rank 2] comm time (avg. per thread and iter): 1118.873535us
[rank 2] overlap: 3.95%
[rank 3] post time (avg. per thread and iter): 457.712339us
[rank 3] wait time (avg. per thread and iter): 416.690586us
[rank 3] comp time (avg. per thread and iter): 48.273712us
[rank 3] comm time (avg. per thread and iter): 922.676637us
[rank 3] overlap: 5.23%
[rank 1] post time (avg. per thread and iter): 74.604783us
[rank 1] wait time (avg. per thread and iter): 3441.277782us
[rank 1] comp time (avg. per thread and iter): 28.422972us
[rank 1] comm time (avg. per thread and iter): 3544.305537us
[rank 1] overlap: 0.80%
[rank 2] post time (avg. per thread and iter): 355.192025us
[rank 2] wait time (avg. per thread and iter): 1401.973889us
[rank 2] comp time (avg. per thread and iter): 31.346963us
[rank 2] comm time (avg. per thread and iter): 1788.512877us
[rank 2] overlap: 1.75%
[rank 0] post time (avg. per thread and iter): 427.005514us
[rank 0] wait time (avg. per thread and iter): 1537.392511us
[rank 0] comp time (avg. per thread and iter): 30.260299us
[rank 0] comm time (avg. per thread and iter): 1994.658324us
[rank 0] overlap: 1.52%
[rank 3] post time (avg. per thread and iter): 1513.086031us
[rank 3] wait time (avg. per thread and iter): 987.680720us
[rank 3] comp time (avg. per thread and iter): 37.194486us
[rank 3] comm time (avg. per thread and iter): 2537.961237us
[rank 3] overlap: 1.47%
[rank 0] post time (avg. per thread and iter): 405.215544us
[rank 0] wait time (avg. per thread and iter): 12973.752321us
[rank 0] comp time (avg. per thread and iter): 29.751727us
[rank 0] comm time (avg. per thread and iter): 13408.719591us
[rank 0] overlap: 0.22%
[rank 2] post time (avg. per thread and iter): 797.744650us
[rank 2] wait time (avg. per thread and iter): 13445.361195us
[rank 2] comp time (avg. per thread and iter): 31.756736us
[rank 2] comm time (avg. per thread and iter): 14274.862582us
[rank 2] overlap: 0.22%
[rank 3] post time (avg. per thread and iter): 5793.629895us
[rank 3] wait time (avg. per thread and iter): 9328.901749us
[rank 3] comp time (avg. per thread and iter): 38.080264us
[rank 3] comm time (avg. per thread and iter): 15160.611908us
[rank 3] overlap: 0.25%
[rank 1] post time (avg. per thread and iter): 3258.210027us
[rank 1] wait time (avg. per thread and iter): 12685.775823us
[rank 1] comp time (avg. per thread and iter): 35.542165us
[rank 1] comm time (avg. per thread and iter): 15979.528015us
[rank 1] overlap: 0.22%
[rank 1] post time (avg. per thread and iter): 234.192073us
[rank 1] wait time (avg. per thread and iter): 128704.696159us
[rank 1] comp time (avg. per thread and iter): 31.426236us
[rank 1] comm time (avg. per thread and iter): 128970.314468us
[rank 1] overlap: 0.02%
[rank 2] post time (avg. per thread and iter): 3564.605434us
[rank 2] wait time (avg. per thread and iter): 120981.706675us
[rank 2] comp time (avg. per thread and iter): 33.341325us
[rank 2] comm time (avg. per thread and iter): 124579.653433us
[rank 2] overlap: 0.03%
[rank 3] post time (avg. per thread and iter): 52547.164849us
[rank 3] wait time (avg. per thread and iter): 78523.675375us
[rank 3] comp time (avg. per thread and iter): 41.660896us
[rank 3] comm time (avg. per thread and iter): 131112.501121us
[rank 3] overlap: 0.03%
[rank 0] post time (avg. per thread and iter): 3716.779986us
[rank 0] wait time (avg. per thread and iter): 113386.172284us
[rank 0] comp time (avg. per thread and iter): 36.085168us
[rank 0] comm time (avg. per thread and iter): 117139.037439us
[rank 0] overlap: 0.03%
[rank 1] post time (avg. per thread and iter): 269.783703us
[rank 1] wait time (avg. per thread and iter): 1093762.320381us
[rank 1] comp time (avg. per thread and iter): 32.788415us
[rank 1] comm time (avg. per thread and iter): 1094064.892500us
[rank 1] overlap: 0.00%
[rank 2] post time (avg. per thread and iter): 7854.236567us
[rank 2] wait time (avg. per thread and iter): 1042564.332854us
[rank 2] comp time (avg. per thread and iter): 34.815071us
[rank 2] comm time (avg. per thread and iter): 1050453.384492us
[rank 2] overlap: 0.00%
[rank 3] post time (avg. per thread and iter): 111487.470736us
[rank 3] wait time (avg. per thread and iter): 884560.486169us
[rank 3] comp time (avg. per thread and iter): 44.055630us
[rank 3] comm time (avg. per thread and iter): 996092.012535us
[rank 3] overlap: 0.00%
[rank 0] post time (avg. per thread and iter): 8856.130191us
[rank 0] wait time (avg. per thread and iter): 1068218.557407us
[rank 0] comp time (avg. per thread and iter): 39.866298us
[rank 0] comm time (avg. per thread and iter): 1077114.553897us
[rank 0] overlap: 0.00%
[rank 2] post time (avg. per thread and iter): 53.614776us
[rank 2] wait time (avg. per thread and iter): 298.835060us
[rank 2] comp time (avg. per thread and iter): 76.431525us
[rank 2] comm time (avg. per thread and iter): 428.881361us
[rank 2] overlap: 17.82%
[rank 0] post time (avg. per thread and iter): 51.645138us
[rank 0] wait time (avg. per thread and iter): 302.268209us
[rank 0] comp time (avg. per thread and iter): 74.378261us
[rank 0] comm time (avg. per thread and iter): 428.291608us
[rank 0] overlap: 17.37%
[rank 3] post time (avg. per thread and iter): 58.209103us
[rank 3] wait time (avg. per thread and iter): 167.337238us
[rank 3] comp time (avg. per thread and iter): 80.803580us
[rank 3] comm time (avg. per thread and iter): 306.349921us
[rank 3] overlap: 26.38%
[rank 1] post time (avg. per thread and iter): 56.995141us
[rank 1] wait time (avg. per thread and iter): 135.827162us
[rank 1] comp time (avg. per thread and iter): 80.291820us
[rank 1] comm time (avg. per thread and iter): 273.114124us
[rank 1] overlap: 29.40%
[rank 3] post time (avg. per thread and iter): 59.653235us
[rank 3] wait time (avg. per thread and iter): 305.202272us
[rank 3] comp time (avg. per thread and iter): 82.355938us
[rank 3] comm time (avg. per thread and iter): 447.211446us
[rank 3] overlap: 18.42%
[rank 1] post time (avg. per thread and iter): 56.732341us
[rank 1] wait time (avg. per thread and iter): 328.227968us
[rank 1] comp time (avg. per thread and iter): 79.456378us
[rank 1] comm time (avg. per thread and iter): 464.416687us
[rank 1] overlap: 17.11%
[rank 0] post time (avg. per thread and iter): 58.503064us
[rank 0] wait time (avg. per thread and iter): 315.217421us
[rank 0] comp time (avg. per thread and iter): 82.207754us
[rank 0] comm time (avg. per thread and iter): 455.928239us
[rank 0] overlap: 18.03%
[rank 2] post time (avg. per thread and iter): 72.640340us
[rank 2] wait time (avg. per thread and iter): 33.508331us
[rank 2] comp time (avg. per thread and iter): 90.879981us
[rank 2] comm time (avg. per thread and iter): 197.028652us
[rank 2] overlap: 46.13%
[rank 2] post time (avg. per thread and iter): 65.892984us
[rank 2] wait time (avg. per thread and iter): 360.327077us
[rank 2] comp time (avg. per thread and iter): 89.361846us
[rank 2] comm time (avg. per thread and iter): 515.581907us
[rank 2] overlap: 17.33%
[rank 0] post time (avg. per thread and iter): 66.515709us
[rank 0] wait time (avg. per thread and iter): 337.484757us
[rank 0] comp time (avg. per thread and iter): 87.447326us
[rank 0] comm time (avg. per thread and iter): 491.447792us
[rank 0] overlap: 17.79%
[rank 1] post time (avg. per thread and iter): 67.593749us
[rank 1] wait time (avg. per thread and iter): 337.509755us
[rank 1] comp time (avg. per thread and iter): 90.816017us
[rank 1] comm time (avg. per thread and iter): 495.919521us
[rank 1] overlap: 18.31%
[rank 3] post time (avg. per thread and iter): 101.359201us
[rank 3] wait time (avg. per thread and iter): 41.937281us
[rank 3] comp time (avg. per thread and iter): 101.374440us
[rank 3] comm time (avg. per thread and iter): 244.670923us
[rank 3] overlap: 41.43%
[rank 2] post time (avg. per thread and iter): 308.739788us
[rank 2] wait time (avg. per thread and iter): 432.414663us
[rank 2] comp time (avg. per thread and iter): 124.774748us
[rank 2] comm time (avg. per thread and iter): 865.929199us
[rank 2] overlap: 14.41%
[rank 3] post time (avg. per thread and iter): 231.470893us
[rank 3] wait time (avg. per thread and iter): 436.264795us
[rank 3] comp time (avg. per thread and iter): 126.062345us
[rank 3] comm time (avg. per thread and iter): 793.798033us
[rank 3] overlap: 15.88%
[rank 0] post time (avg. per thread and iter): 154.546772us
[rank 0] wait time (avg. per thread and iter): 651.998664us
[rank 0] comp time (avg. per thread and iter): 126.466539us
[rank 0] comm time (avg. per thread and iter): 933.011975us
[rank 0] overlap: 13.55%
[rank 1] post time (avg. per thread and iter): 145.269082us
[rank 1] wait time (avg. per thread and iter): 779.598247us
[rank 1] comp time (avg. per thread and iter): 126.571473us
[rank 1] comm time (avg. per thread and iter): 1051.438802us
[rank 1] overlap: 12.04%
[rank 1] post time (avg. per thread and iter): 258.984838us
[rank 1] wait time (avg. per thread and iter): 1143.381517us
[rank 1] comp time (avg. per thread and iter): 91.838437us
[rank 1] comm time (avg. per thread and iter): 1494.204793us
[rank 1] overlap: 6.15%
[rank 2] post time (avg. per thread and iter): 333.678758us
[rank 2] wait time (avg. per thread and iter): 1059.863015us
[rank 2] comp time (avg. per thread and iter): 106.662689us
[rank 2] comm time (avg. per thread and iter): 1500.204461us
[rank 2] overlap: 7.11%
[rank 0] post time (avg. per thread and iter): 420.257292us
[rank 0] wait time (avg. per thread and iter): 932.791564us
[rank 0] comp time (avg. per thread and iter): 99.949137us
[rank 0] comm time (avg. per thread and iter): 1452.997992us
[rank 0] overlap: 6.88%
[rank 3] post time (avg. per thread and iter): 541.243684us
[rank 3] wait time (avg. per thread and iter): 829.981159us
[rank 3] comp time (avg. per thread and iter): 105.959792us
[rank 3] comm time (avg. per thread and iter): 1477.184635us
[rank 3] overlap: 7.17%
[rank 1] post time (avg. per thread and iter): 146.933660us
[rank 1] wait time (avg. per thread and iter): 12948.352091us
[rank 1] comp time (avg. per thread and iter): 91.194262us
[rank 1] comm time (avg. per thread and iter): 13186.480013us
[rank 1] overlap: 0.69%
[rank 3] post time (avg. per thread and iter): 2081.765670us
[rank 3] wait time (avg. per thread and iter): 12179.490759us
[rank 3] comp time (avg. per thread and iter): 122.561325us
[rank 3] comm time (avg. per thread and iter): 14383.817754us
[rank 3] overlap: 0.85%
[rank 2] post time (avg. per thread and iter): 4548.972841us
[rank 2] wait time (avg. per thread and iter): 10622.091636us
[rank 2] comp time (avg. per thread and iter): 147.833850us
[rank 2] comm time (avg. per thread and iter): 15318.898327us
[rank 2] overlap: 0.97%
[rank 0] post time (avg. per thread and iter): 3106.146738us
[rank 0] wait time (avg. per thread and iter): 12383.241286us
[rank 0] comp time (avg. per thread and iter): 136.916672us
[rank 0] comm time (avg. per thread and iter): 15626.304696us
[rank 0] overlap: 0.88%
[rank 2] post time (avg. per thread and iter): 4042.921307us
[rank 2] wait time (avg. per thread and iter): 120836.610101us
[rank 2] comp time (avg. per thread and iter): 119.109841us
[rank 2] comm time (avg. per thread and iter): 124998.641249us
[rank 2] overlap: 0.10%
[rank 1] post time (avg. per thread and iter): 3512.924704us
[rank 1] wait time (avg. per thread and iter): 125146.733673us
[rank 1] comp time (avg. per thread and iter): 119.605710us
[rank 1] comm time (avg. per thread and iter): 128779.264087us
[rank 1] overlap: 0.09%
[rank 0] post time (avg. per thread and iter): 3219.776027us
[rank 0] wait time (avg. per thread and iter): 114220.018565us
[rank 0] comp time (avg. per thread and iter): 129.987056us
[rank 0] comm time (avg. per thread and iter): 117569.781648us
[rank 0] overlap: 0.11%
[rank 3] post time (avg. per thread and iter): 46938.134255us
[rank 3] wait time (avg. per thread and iter): 80716.626850us
[rank 3] comp time (avg. per thread and iter): 185.348218us
[rank 3] comm time (avg. per thread and iter): 127840.109323us
[rank 3] overlap: 0.14%
[rank 1] post time (avg. per thread and iter): 243.525074us
[rank 1] wait time (avg. per thread and iter): 1089046.138168us
[rank 1] comp time (avg. per thread and iter): 109.939161us
[rank 1] comm time (avg. per thread and iter): 1089399.602403us
[rank 1] overlap: 0.01%
[rank 2] post time (avg. per thread and iter): 5358.493862us
[rank 2] wait time (avg. per thread and iter): 1051125.185397us
[rank 2] comp time (avg. per thread and iter): 121.678840us
[rank 2] comm time (avg. per thread and iter): 1056605.358099us
[rank 2] overlap: 0.01%
[rank 3] post time (avg. per thread and iter): 94596.625197us
[rank 3] wait time (avg. per thread and iter): 879577.566446us
[rank 3] comp time (avg. per thread and iter): 188.760758us
[rank 3] comm time (avg. per thread and iter): 974362.952400us
[rank 3] overlap: 0.02%
[rank 0] post time (avg. per thread and iter): 7921.616760us
[rank 0] wait time (avg. per thread and iter): 1068517.064934us
[rank 0] comp time (avg. per thread and iter): 138.514998us
[rank 0] comm time (avg. per thread and iter): 1076577.196692us
[rank 0] overlap: 0.01%
[rank 2] post time (avg. per thread and iter): 50.400209us
[rank 2] wait time (avg. per thread and iter): 305.172832us
[rank 2] comp time (avg. per thread and iter): 105.445141us
[rank 2] comm time (avg. per thread and iter): 461.018182us
[rank 2] overlap: 22.87%
[rank 0] post time (avg. per thread and iter): 50.355526us
[rank 0] wait time (avg. per thread and iter): 300.003716us
[rank 0] comp time (avg. per thread and iter): 106.110716us
[rank 0] comm time (avg. per thread and iter): 456.469958us
[rank 0] overlap: 23.25%
[rank 1] post time (avg. per thread and iter): 51.737321us
[rank 1] wait time (avg. per thread and iter): 252.141177us
[rank 1] comp time (avg. per thread and iter): 109.069908us
[rank 1] comm time (avg. per thread and iter): 412.948405us
[rank 1] overlap: 26.41%
[rank 3] post time (avg. per thread and iter): 61.568997us
[rank 3] wait time (avg. per thread and iter): 23.654577us
[rank 3] comp time (avg. per thread and iter): 121.362605us
[rank 3] comm time (avg. per thread and iter): 206.586180us
[rank 3] overlap: 58.75%
[rank 1] post time (avg. per thread and iter): 53.621696us
[rank 1] wait time (avg. per thread and iter): 322.211788us
[rank 1] comp time (avg. per thread and iter): 110.047683us
[rank 1] comm time (avg. per thread and iter): 485.881167us
[rank 1] overlap: 22.65%
[rank 0] post time (avg. per thread and iter): 56.841040us
[rank 0] wait time (avg. per thread and iter): 299.359514us
[rank 0] comp time (avg. per thread and iter): 118.036529us
[rank 0] comm time (avg. per thread and iter): 474.237083us
[rank 0] overlap: 24.89%
[rank 3] post time (avg. per thread and iter): 58.649411us
[rank 3] wait time (avg. per thread and iter): 292.141868us
[rank 3] comp time (avg. per thread and iter): 119.956370us
[rank 3] comm time (avg. per thread and iter): 470.747649us
[rank 3] overlap: 25.48%
[rank 2] post time (avg. per thread and iter): 69.774590us
[rank 2] wait time (avg. per thread and iter): 28.785332us
[rank 2] comp time (avg. per thread and iter): 132.972098us
[rank 2] comm time (avg. per thread and iter): 231.532020us
[rank 2] overlap: 57.43%
[rank 2] post time (avg. per thread and iter): 66.792918us
[rank 2] wait time (avg. per thread and iter): 337.411576us
[rank 2] comp time (avg. per thread and iter): 133.079813us
[rank 2] comm time (avg. per thread and iter): 537.284306us
[rank 2] overlap: 24.77%
[rank 0] post time (avg. per thread and iter): 65.968170us
[rank 0] wait time (avg. per thread and iter): 314.718744us
[rank 0] comp time (avg. per thread and iter): 131.381792us
[rank 0] comm time (avg. per thread and iter): 512.068706us
[rank 0] overlap: 25.66%
[rank 1] post time (avg. per thread and iter): 65.888172us
[rank 1] wait time (avg. per thread and iter): 331.285862us
[rank 1] comp time (avg. per thread and iter): 132.310721us
[rank 1] comm time (avg. per thread and iter): 529.484755us
[rank 1] overlap: 24.99%
[rank 3] post time (avg. per thread and iter): 99.007256us
[rank 3] wait time (avg. per thread and iter): 37.146616us
[rank 3] comp time (avg. per thread and iter): 150.225234us
[rank 3] comm time (avg. per thread and iter): 286.379106us
[rank 3] overlap: 52.46%
[rank 2] post time (avg. per thread and iter): 175.306566us
[rank 2] wait time (avg. per thread and iter): 712.914340us
[rank 2] comp time (avg. per thread and iter): 194.386670us
[rank 2] comm time (avg. per thread and iter): 1082.607576us
[rank 2] overlap: 17.96%
[rank 3] post time (avg. per thread and iter): 343.699967us
[rank 3] wait time (avg. per thread and iter): 255.374317us
[rank 3] comp time (avg. per thread and iter): 186.108186us
[rank 3] comm time (avg. per thread and iter): 785.182470us
[rank 3] overlap: 23.70%
[rank 0] post time (avg. per thread and iter): 162.746309us
[rank 0] wait time (avg. per thread and iter): 471.899484us
[rank 0] comp time (avg. per thread and iter): 187.263213us
[rank 0] comm time (avg. per thread and iter): 821.909006us
[rank 0] overlap: 22.78%
[rank 1] post time (avg. per thread and iter): 138.768560us
[rank 1] wait time (avg. per thread and iter): 749.289821us
[rank 1] comp time (avg. per thread and iter): 190.564068us
[rank 1] comm time (avg. per thread and iter): 1078.622449us
[rank 1] overlap: 17.67%
[rank 1] post time (avg. per thread and iter): 242.143511us
[rank 1] wait time (avg. per thread and iter): 1146.401900us
[rank 1] comp time (avg. per thread and iter): 139.321976us
[rank 1] comm time (avg. per thread and iter): 1527.867386us
[rank 1] overlap: 9.12%
[rank 0] post time (avg. per thread and iter): 384.657709us
[rank 0] wait time (avg. per thread and iter): 942.952526us
[rank 0] comp time (avg. per thread and iter): 152.869865us
[rank 0] comm time (avg. per thread and iter): 1480.480100us
[rank 0] overlap: 10.33%
[rank 3] post time (avg. per thread and iter): 538.643909us
[rank 3] wait time (avg. per thread and iter): 778.799324us
[rank 3] comp time (avg. per thread and iter): 164.469560us
[rank 3] comm time (avg. per thread and iter): 1481.912793us
[rank 3] overlap: 11.10%
[rank 2] post time (avg. per thread and iter): 364.734697us
[rank 2] wait time (avg. per thread and iter): 982.644332us
[rank 2] comp time (avg. per thread and iter): 166.229090us
[rank 2] comm time (avg. per thread and iter): 1513.608119us
[rank 2] overlap: 10.98%
[rank 0] post time (avg. per thread and iter): 147.237542us
[rank 0] wait time (avg. per thread and iter): 14612.059458us
[rank 0] comp time (avg. per thread and iter): 139.235344us
[rank 0] comm time (avg. per thread and iter): 14898.532344us
[rank 0] overlap: 0.93%
[rank 2] post time (avg. per thread and iter): 3899.693205us
[rank 2] wait time (avg. per thread and iter): 11514.748318us
[rank 2] comp time (avg. per thread and iter): 193.525170us
[rank 2] comm time (avg. per thread and iter): 15607.966693us
[rank 2] overlap: 1.24%
[rank 3] post time (avg. per thread and iter): 3382.050950us
[rank 3] wait time (avg. per thread and iter): 10319.274115us
[rank 3] comp time (avg. per thread and iter): 194.422563us
[rank 3] comm time (avg. per thread and iter): 13895.747628us
[rank 3] overlap: 1.40%
[rank 1] post time (avg. per thread and iter): 1697.655592us
[rank 1] wait time (avg. per thread and iter): 12895.610239us
[rank 1] comp time (avg. per thread and iter): 199.158848us
[rank 1] comm time (avg. per thread and iter): 14792.424680us
[rank 1] overlap: 1.35%
[rank 2] post time (avg. per thread and iter): 8092.922643us
[rank 2] wait time (avg. per thread and iter): 116286.202170us
[rank 2] comp time (avg. per thread and iter): 197.146938us
[rank 2] comm time (avg. per thread and iter): 124576.271750us
[rank 2] overlap: 0.16%
[rank 3] post time (avg. per thread and iter): 40326.807280us
[rank 3] wait time (avg. per thread and iter): 88934.979274us
[rank 3] comp time (avg. per thread and iter): 195.650455us
[rank 3] comm time (avg. per thread and iter): 129457.437010us
[rank 3] overlap: 0.15%
[rank 1] post time (avg. per thread and iter): 4168.895872us
[rank 1] wait time (avg. per thread and iter): 120558.796186us
[rank 1] comp time (avg. per thread and iter): 197.704029us
[rank 1] comm time (avg. per thread and iter): 124925.396086us
[rank 1] overlap: 0.16%
[rank 0] post time (avg. per thread and iter): 4035.570369us
[rank 0] wait time (avg. per thread and iter): 113597.527565us
[rank 0] comp time (avg. per thread and iter): 200.894911us
[rank 0] comm time (avg. per thread and iter): 117833.992845us
[rank 0] overlap: 0.17%
[rank 1] post time (avg. per thread and iter): 223.823478us
[rank 1] wait time (avg. per thread and iter): 1088669.272642us
[rank 1] comp time (avg. per thread and iter): 158.802968us
[rank 1] comm time (avg. per thread and iter): 1089051.899088us
[rank 1] overlap: 0.01%
[rank 2] post time (avg. per thread and iter): 1717.266880us
[rank 2] wait time (avg. per thread and iter): 1065453.818712us
[rank 2] comp time (avg. per thread and iter): 168.453681us
[rank 2] comm time (avg. per thread and iter): 1067339.539274us
[rank 2] overlap: 0.02%
[rank 3] post time (avg. per thread and iter): 102778.297195us
[rank 3] wait time (avg. per thread and iter): 867371.703073us
[rank 3] comp time (avg. per thread and iter): 198.426439us
[rank 3] comm time (avg. per thread and iter): 970348.426707us
[rank 3] overlap: 0.02%
[rank 0] post time (avg. per thread and iter): 6583.036241us
[rank 0] wait time (avg. per thread and iter): 1073335.736885us
[rank 0] comp time (avg. per thread and iter): 156.963519us
[rank 0] comm time (avg. per thread and iter): 1080075.736645us
[rank 0] overlap: 0.01%
[rank 2] post time (avg. per thread and iter): 43.968119us
[rank 2] wait time (avg. per thread and iter): 296.237325us
[rank 2] comp time (avg. per thread and iter): 201.867933us
[rank 2] comm time (avg. per thread and iter): 542.073376us
[rank 2] overlap: 37.24%
[rank 1] post time (avg. per thread and iter): 44.102133us
[rank 1] wait time (avg. per thread and iter): 246.262127us
[rank 1] comp time (avg. per thread and iter): 206.755593us
[rank 1] comm time (avg. per thread and iter): 497.119853us
[rank 1] overlap: 41.59%
[rank 0] post time (avg. per thread and iter): 44.848687us
[rank 0] wait time (avg. per thread and iter): 271.128941us
[rank 0] comp time (avg. per thread and iter): 200.796887us
[rank 0] comm time (avg. per thread and iter): 516.774515us
[rank 0] overlap: 38.86%
[rank 3] post time (avg. per thread and iter): 56.349019us
[rank 3] wait time (avg. per thread and iter): 23.751933us
[rank 3] comp time (avg. per thread and iter): 250.658645us
[rank 3] comm time (avg. per thread and iter): 330.759597us
[rank 3] overlap: 75.78%
[rank 2] post time (avg. per thread and iter): 51.153594us
[rank 2] wait time (avg. per thread and iter): 207.788938us
[rank 2] comp time (avg. per thread and iter): 231.156133us
[rank 2] comm time (avg. per thread and iter): 490.098665us
[rank 2] overlap: 47.17%
[rank 0] post time (avg. per thread and iter): 48.927656us
[rank 0] wait time (avg. per thread and iter): 259.325972us
[rank 0] comp time (avg. per thread and iter): 220.797793us
[rank 0] comm time (avg. per thread and iter): 529.051422us
[rank 0] overlap: 41.73%
[rank 3] post time (avg. per thread and iter): 56.844262us
[rank 3] wait time (avg. per thread and iter): 49.234312us
[rank 3] comp time (avg. per thread and iter): 252.364030us
[rank 3] comm time (avg. per thread and iter): 358.442604us
[rank 3] overlap: 70.41%
[rank 1] post time (avg. per thread and iter): 50.028742us
[rank 1] wait time (avg. per thread and iter): 244.146283us
[rank 1] comp time (avg. per thread and iter): 228.112219us
[rank 1] comm time (avg. per thread and iter): 522.287244us
[rank 1] overlap: 43.68%
[rank 2] post time (avg. per thread and iter): 71.556044us
[rank 2] wait time (avg. per thread and iter): 188.222614us
[rank 2] comp time (avg. per thread and iter): 264.719704us
[rank 2] comm time (avg. per thread and iter): 524.498362us
[rank 2] overlap: 50.47%
[rank 3] post time (avg. per thread and iter): 75.880241us
[rank 3] wait time (avg. per thread and iter): 137.213295us
[rank 3] comp time (avg. per thread and iter): 269.644464us
[rank 3] comm time (avg. per thread and iter): 482.738001us
[rank 3] overlap: 55.86%
[rank 0] post time (avg. per thread and iter): 64.465513us
[rank 0] wait time (avg. per thread and iter): 249.569762us
[rank 0] comp time (avg. per thread and iter): 255.287829us
[rank 0] comm time (avg. per thread and iter): 569.323104us
[rank 0] overlap: 44.84%
[rank 1] post time (avg. per thread and iter): 63.366876us
[rank 1] wait time (avg. per thread and iter): 273.045060us
[rank 1] comp time (avg. per thread and iter): 262.766205us
[rank 1] comm time (avg. per thread and iter): 599.178142us
[rank 1] overlap: 43.85%
[rank 3] post time (avg. per thread and iter): 188.123995us
[rank 3] wait time (avg. per thread and iter): 471.882127us
[rank 3] comp time (avg. per thread and iter): 266.385677us
[rank 3] comm time (avg. per thread and iter): 926.391799us
[rank 3] overlap: 28.76%
[rank 2] post time (avg. per thread and iter): 338.637634us
[rank 2] wait time (avg. per thread and iter): 295.098429us
[rank 2] comp time (avg. per thread and iter): 253.534629us
[rank 2] comm time (avg. per thread and iter): 887.270692us
[rank 2] overlap: 28.57%
[rank 1] post time (avg. per thread and iter): 144.733333us
[rank 1] wait time (avg. per thread and iter): 711.745280us
[rank 1] comp time (avg. per thread and iter): 270.942758us
[rank 1] comm time (avg. per thread and iter): 1127.421372us
[rank 1] overlap: 24.03%
[rank 0] post time (avg. per thread and iter): 149.024293us
[rank 0] wait time (avg. per thread and iter): 682.500128us
[rank 0] comp time (avg. per thread and iter): 267.915773us
[rank 0] comm time (avg. per thread and iter): 1099.440194us
[rank 0] overlap: 24.37%
[rank 2] post time (avg. per thread and iter): 305.200292us
[rank 2] wait time (avg. per thread and iter): 970.462324us
[rank 2] comp time (avg. per thread and iter): 267.403998us
[rank 2] comm time (avg. per thread and iter): 1543.066615us
[rank 2] overlap: 17.33%
[rank 3] post time (avg. per thread and iter): 444.738884us
[rank 3] wait time (avg. per thread and iter): 823.778748us
[rank 3] comp time (avg. per thread and iter): 255.073099us
[rank 3] comm time (avg. per thread and iter): 1523.590730us
[rank 3] overlap: 16.74%
[rank 0] post time (avg. per thread and iter): 311.259676us
[rank 0] wait time (avg. per thread and iter): 949.095736us
[rank 0] comp time (avg. per thread and iter): 264.310807us
[rank 0] comm time (avg. per thread and iter): 1524.666219us
[rank 0] overlap: 17.34%
[rank 1] post time (avg. per thread and iter): 258.929487us
[rank 1] wait time (avg. per thread and iter): 1022.515148us
[rank 1] comp time (avg. per thread and iter): 268.484733us
[rank 1] comm time (avg. per thread and iter): 1549.929368us
[rank 1] overlap: 17.32%
[rank 3] post time (avg. per thread and iter): 341.659441us
[rank 3] wait time (avg. per thread and iter): 13898.727321us
[rank 3] comp time (avg. per thread and iter): 263.970165us
[rank 3] comm time (avg. per thread and iter): 14504.356927us
[rank 3] overlap: 1.82%
[rank 2] post time (avg. per thread and iter): 2863.191143us
[rank 2] wait time (avg. per thread and iter): 11806.108672us
[rank 2] comp time (avg. per thread and iter): 244.165985us
[rank 2] comm time (avg. per thread and iter): 14913.465800us
[rank 2] overlap: 1.64%
[rank 1] post time (avg. per thread and iter): 3469.576980us
[rank 1] wait time (avg. per thread and iter): 11881.729189us
[rank 1] comp time (avg. per thread and iter): 253.502850us
[rank 1] comm time (avg. per thread and iter): 15604.809019us
[rank 1] overlap: 1.62%
[rank 0] post time (avg. per thread and iter): 896.588740us
[rank 0] wait time (avg. per thread and iter): 13367.380941us
[rank 0] comp time (avg. per thread and iter): 263.430251us
[rank 0] comm time (avg. per thread and iter): 14527.399932us
[rank 0] overlap: 1.81%
[rank 2] post time (avg. per thread and iter): 3223.750950us
[rank 2] wait time (avg. per thread and iter): 121856.629443us
[rank 2] comp time (avg. per thread and iter): 253.951553us
[rank 2] comm time (avg. per thread and iter): 125334.331945us
[rank 2] overlap: 0.20%
[rank 3] post time (avg. per thread and iter): 32781.309498us
[rank 3] wait time (avg. per thread and iter): 96004.496043us
[rank 3] comp time (avg. per thread and iter): 239.146296us
[rank 3] comm time (avg. per thread and iter): 129024.951838us
[rank 3] overlap: 0.19%
[rank 1] post time (avg. per thread and iter): 4622.832043us
[rank 1] wait time (avg. per thread and iter): 123161.764276us
[rank 1] comp time (avg. per thread and iter): 266.075514us
[rank 1] comm time (avg. per thread and iter): 128050.671833us
[rank 1] overlap: 0.21%
[rank 0] post time (avg. per thread and iter): 2361.228431us
[rank 0] wait time (avg. per thread and iter): 114797.171315us
[rank 0] comp time (avg. per thread and iter): 260.391648us
[rank 0] comm time (avg. per thread and iter): 117418.791394us
[rank 0] overlap: 0.22%
[rank 3] post time (avg. per thread and iter): 56310.175816us
[rank 3] wait time (avg. per thread and iter): 919174.110231us
[rank 3] comp time (avg. per thread and iter): 247.985178us
[rank 3] comm time (avg. per thread and iter): 975732.271225us
[rank 3] overlap: 0.03%
[rank 2] post time (avg. per thread and iter): 4373.954480us
[rank 2] wait time (avg. per thread and iter): 1039912.482992us
[rank 2] comp time (avg. per thread and iter): 252.164739us
[rank 2] comm time (avg. per thread and iter): 1044538.602211us
[rank 2] overlap: 0.02%
[rank 0] post time (avg. per thread and iter): 5383.213077us
[rank 0] wait time (avg. per thread and iter): 1063347.678501us
[rank 0] comp time (avg. per thread and iter): 254.609856us
[rank 0] comm time (avg. per thread and iter): 1068985.501433us
[rank 0] overlap: 0.02%
[rank 1] post time (avg. per thread and iter): 195.752887us
[rank 1] wait time (avg. per thread and iter): 1091602.341877us
[rank 1] comp time (avg. per thread and iter): 444.770766us
[rank 1] comm time (avg. per thread and iter): 1092242.865530us
[rank 1] overlap: 0.04%
[rank 2] post time (avg. per thread and iter): 50.664907us
[rank 2] wait time (avg. per thread and iter): 173.967987us
[rank 2] comp time (avg. per thread and iter): 373.745968us
[rank 2] comm time (avg. per thread and iter): 598.378863us
[rank 2] overlap: 62.46%
[rank 3] post time (avg. per thread and iter): 48.117932us
[rank 3] wait time (avg. per thread and iter): 257.210594us
[rank 3] comp time (avg. per thread and iter): 360.453962us
[rank 3] comm time (avg. per thread and iter): 665.782488us
[rank 3] overlap: 54.14%
[rank 1] post time (avg. per thread and iter): 49.218457us
[rank 1] wait time (avg. per thread and iter): 200.184218us
[rank 1] comp time (avg. per thread and iter): 376.549842us
[rank 1] comm time (avg. per thread and iter): 625.952517us
[rank 1] overlap: 60.16%
[rank 0] post time (avg. per thread and iter): 46.266382us
[rank 0] wait time (avg. per thread and iter): 300.957595us
[rank 0] comp time (avg. per thread and iter): 330.892688us
[rank 0] comm time (avg. per thread and iter): 678.116665us
[rank 0] overlap: 48.80%
[rank 2] post time (avg. per thread and iter): 50.445184us
[rank 2] wait time (avg. per thread and iter): 246.359970us
[rank 2] comp time (avg. per thread and iter): 345.209278us
[rank 2] comm time (avg. per thread and iter): 642.014433us
[rank 2] overlap: 53.77%
[rank 3] post time (avg. per thread and iter): 56.578804us
[rank 3] wait time (avg. per thread and iter): 38.131815us
[rank 3] comp time (avg. per thread and iter): 376.819668us
[rank 3] comm time (avg. per thread and iter): 471.530287us
[rank 3] overlap: 79.91%
[rank 0] post time (avg. per thread and iter): 49.542274us
[rank 0] wait time (avg. per thread and iter): 261.708531us
[rank 0] comp time (avg. per thread and iter): 323.638407us
[rank 0] comm time (avg. per thread and iter): 634.889212us
[rank 0] overlap: 50.98%
[rank 1] post time (avg. per thread and iter): 49.629577us
[rank 1] wait time (avg. per thread and iter): 217.546478us
[rank 1] comp time (avg. per thread and iter): 354.567132us
[rank 1] comm time (avg. per thread and iter): 621.743188us
[rank 1] overlap: 57.03%
[rank 3] post time (avg. per thread and iter): 69.923424us
[rank 3] wait time (avg. per thread and iter): 155.324077us
[rank 3] comp time (avg. per thread and iter): 421.528871us
[rank 3] comm time (avg. per thread and iter): 646.776372us
[rank 3] overlap: 65.17%
[rank 2] post time (avg. per thread and iter): 74.384230us
[rank 2] wait time (avg. per thread and iter): 97.555577us
[rank 2] comp time (avg. per thread and iter): 424.352689us
[rank 2] comm time (avg. per thread and iter): 596.292497us
[rank 2] overlap: 71.17%
[rank 0] post time (avg. per thread and iter): 66.638961us
[rank 0] wait time (avg. per thread and iter): 188.448036us
[rank 0] comp time (avg. per thread and iter): 393.738368us
[rank 0] comm time (avg. per thread and iter): 648.825366us
[rank 0] overlap: 60.68%
[rank 1] post time (avg. per thread and iter): 70.189268us
[rank 1] wait time (avg. per thread and iter): 133.566135us
[rank 1] comp time (avg. per thread and iter): 428.085342us
[rank 1] comm time (avg. per thread and iter): 631.840745us
[rank 1] overlap: 67.75%
[rank 2] post time (avg. per thread and iter): 305.821849us
[rank 2] wait time (avg. per thread and iter): 329.758086us
[rank 2] comp time (avg. per thread and iter): 341.131699us
[rank 2] comm time (avg. per thread and iter): 976.711634us
[rank 2] overlap: 34.93%
[rank 3] post time (avg. per thread and iter): 229.294454us
[rank 3] wait time (avg. per thread and iter): 363.387678us
[rank 3] comp time (avg. per thread and iter): 374.734103us
[rank 3] comm time (avg. per thread and iter): 967.416234us
[rank 3] overlap: 38.74%
[rank 0] post time (avg. per thread and iter): 156.786235us
[rank 0] wait time (avg. per thread and iter): 554.376295us
[rank 0] comp time (avg. per thread and iter): 374.938370us
[rank 0] comm time (avg. per thread and iter): 1086.100899us
[rank 0] overlap: 34.52%
[rank 1] post time (avg. per thread and iter): 174.427705us
[rank 1] wait time (avg. per thread and iter): 475.213745us
[rank 1] comp time (avg. per thread and iter): 393.485217us
[rank 1] comm time (avg. per thread and iter): 1043.126666us
[rank 1] overlap: 37.72%
[rank 2] post time (avg. per thread and iter): 256.517643us
[rank 2] wait time (avg. per thread and iter): 946.324041us
[rank 2] comp time (avg. per thread and iter): 384.764868us
[rank 2] comm time (avg. per thread and iter): 1587.606552us
[rank 2] overlap: 24.24%
[rank 3] post time (avg. per thread and iter): 416.672620us
[rank 3] wait time (avg. per thread and iter): 806.950576us
[rank 3] comp time (avg. per thread and iter): 354.692480us
[rank 3] comm time (avg. per thread and iter): 1578.315677us
[rank 3] overlap: 22.47%
[rank 0] post time (avg. per thread and iter): 290.833023us
[rank 0] wait time (avg. per thread and iter): 903.336185us
[rank 0] comp time (avg. per thread and iter): 376.810317us
[rank 0] comm time (avg. per thread and iter): 1570.979526us
[rank 0] overlap: 23.99%
[rank 1] post time (avg. per thread and iter): 228.754579us
[rank 1] wait time (avg. per thread and iter): 986.271864us
[rank 1] comp time (avg. per thread and iter): 408.591608us
[rank 1] comm time (avg. per thread and iter): 1623.618052us
[rank 1] overlap: 25.17%
[rank 2] post time (avg. per thread and iter): 2394.194463us
[rank 2] wait time (avg. per thread and iter): 11958.809922us
[rank 2] comp time (avg. per thread and iter): 319.255244us
[rank 2] comm time (avg. per thread and iter): 14672.259628us
[rank 2] overlap: 2.18%
[rank 3] post time (avg. per thread and iter): 430.961456us
[rank 3] wait time (avg. per thread and iter): 14620.461525us
[rank 3] comp time (avg. per thread and iter): 381.013249us
[rank 3] comm time (avg. per thread and iter): 15432.436230us
[rank 3] overlap: 2.47%
[rank 0] post time (avg. per thread and iter): 978.018802us
[rank 0] wait time (avg. per thread and iter): 13109.719496us
[rank 0] comp time (avg. per thread and iter): 362.192451us
[rank 0] comm time (avg. per thread and iter): 14449.930749us
[rank 0] overlap: 2.51%
[rank 1] post time (avg. per thread and iter): 3104.586933us
[rank 1] wait time (avg. per thread and iter): 12086.483875us
[rank 1] comp time (avg. per thread and iter): 336.866975us
[rank 1] comm time (avg. per thread and iter): 15527.937784us
[rank 1] overlap: 2.17%
[rank 3] post time (avg. per thread and iter): 23198.726609us
[rank 3] wait time (avg. per thread and iter): 107227.086271us
[rank 3] comp time (avg. per thread and iter): 313.743013us
[rank 3] comm time (avg. per thread and iter): 130739.555893us
[rank 3] overlap: 0.24%
[rank 2] post time (avg. per thread and iter): 6471.212939us
[rank 2] wait time (avg. per thread and iter): 115394.985654us
[rank 2] comp time (avg. per thread and iter): 317.604809us
[rank 2] comm time (avg. per thread and iter): 122183.803401us
[rank 2] overlap: 0.26%
[rank 1] post time (avg. per thread and iter): 380.990313us
[rank 1] wait time (avg. per thread and iter): 126461.651261us
[rank 1] comp time (avg. per thread and iter): 426.054229us
[rank 1] comm time (avg. per thread and iter): 127268.695803us
[rank 1] overlap: 0.33%
[rank 0] post time (avg. per thread and iter): 3385.005408us
[rank 0] wait time (avg. per thread and iter): 113048.435574us
[rank 0] comp time (avg. per thread and iter): 330.502430us
[rank 0] comm time (avg. per thread and iter): 116763.943412us
[rank 0] overlap: 0.28%
[rank 3] post time (avg. per thread and iter): 43027.419682us
[rank 3] wait time (avg. per thread and iter): 917277.292791us
[rank 3] comp time (avg. per thread and iter): 315.394853us
[rank 3] comm time (avg. per thread and iter): 960620.107326us
[rank 3] overlap: 0.03%
[rank 2] post time (avg. per thread and iter): 3198.334091us
[rank 2] wait time (avg. per thread and iter): 1049146.746205us
[rank 2] comp time (avg. per thread and iter): 352.861739us
[rank 2] comm time (avg. per thread and iter): 1052697.942035us
[rank 2] overlap: 0.03%
[rank 0] post time (avg. per thread and iter): 5184.236692us
[rank 0] wait time (avg. per thread and iter): 1056807.269912us
[rank 0] comp time (avg. per thread and iter): 370.522213us
[rank 0] comm time (avg. per thread and iter): 1062362.028817us
[rank 0] overlap: 0.03%
[rank 1] post time (avg. per thread and iter): 942.386737us
[rank 1] wait time (avg. per thread and iter): 1085836.761788us
[rank 1] comp time (avg. per thread and iter): 605.161379us
[rank 1] comm time (avg. per thread and iter): 1087384.309904us
[rank 1] overlap: 0.06%
[rank 3] post time (avg. per thread and iter): 50.528616us
[rank 3] wait time (avg. per thread and iter): 11.719010us
[rank 3] comp time (avg. per thread and iter): 1833.596653us
[rank 3] comm time (avg. per thread and iter): 1895.844280us
[rank 3] overlap: 96.72%
[rank 2] post time (avg. per thread and iter): 49.302836us
[rank 2] wait time (avg. per thread and iter): 87.671676us
[rank 2] comp time (avg. per thread and iter): 1785.224315us
[rank 2] comm time (avg. per thread and iter): 1922.198827us
[rank 2] overlap: 92.87%
[rank 0] post time (avg. per thread and iter): 46.203009us
[rank 0] wait time (avg. per thread and iter): 258.635875us
[rank 0] comp time (avg. per thread and iter): 1633.345852us
[rank 0] comm time (avg. per thread and iter): 1938.184737us
[rank 0] overlap: 84.27%
[rank 1] post time (avg. per thread and iter): 49.912532us
[rank 1] wait time (avg. per thread and iter): 25.281628us
[rank 1] comp time (avg. per thread and iter): 1834.752051us
[rank 1] comm time (avg. per thread and iter): 1909.946210us
[rank 1] overlap: 96.06%
[rank 2] post time (avg. per thread and iter): 54.471620us
[rank 2] wait time (avg. per thread and iter): 81.939519us
[rank 2] comp time (avg. per thread and iter): 1784.305433us
[rank 2] comm time (avg. per thread and iter): 1920.716573us
[rank 2] overlap: 92.90%
[rank 3] post time (avg. per thread and iter): 56.484864us
[rank 3] wait time (avg. per thread and iter): 12.687260us
[rank 3] comp time (avg. per thread and iter): 1828.308318us
[rank 3] comm time (avg. per thread and iter): 1897.480442us
[rank 3] overlap: 96.35%
[rank 0] post time (avg. per thread and iter): 51.369716us
[rank 0] wait time (avg. per thread and iter): 258.109809us
[rank 0] comp time (avg. per thread and iter): 1625.345366us
[rank 0] comm time (avg. per thread and iter): 1934.824890us
[rank 0] overlap: 84.00%
[rank 1] post time (avg. per thread and iter): 54.933613us
[rank 1] wait time (avg. per thread and iter): 12.037225us
[rank 1] comp time (avg. per thread and iter): 1831.949741us
[rank 1] comm time (avg. per thread and iter): 1898.920579us
[rank 1] overlap: 96.47%
[rank 2] post time (avg. per thread and iter): 84.157456us
[rank 2] wait time (avg. per thread and iter): 90.907667us
[rank 2] comp time (avg. per thread and iter): 1747.301229us
[rank 2] comm time (avg. per thread and iter): 1922.366352us
[rank 2] overlap: 90.89%
[rank 3] post time (avg. per thread and iter): 86.033784us
[rank 3] wait time (avg. per thread and iter): 19.712862us
[rank 3] comp time (avg. per thread and iter): 1791.543226us
[rank 3] comm time (avg. per thread and iter): 1897.289872us
[rank 3] overlap: 94.43%
[rank 0] post time (avg. per thread and iter): 80.807746us
[rank 0] wait time (avg. per thread and iter): 252.513808us
[rank 0] comp time (avg. per thread and iter): 1597.850530us
[rank 0] comm time (avg. per thread and iter): 1931.172085us
[rank 0] overlap: 82.74%
[rank 1] post time (avg. per thread and iter): 84.781629us
[rank 1] wait time (avg. per thread and iter): 16.639135us
[rank 1] comp time (avg. per thread and iter): 1795.410936us
[rank 1] comm time (avg. per thread and iter): 1896.831700us
[rank 1] overlap: 94.65%
[rank 2] post time (avg. per thread and iter): 175.382359us
[rank 2] wait time (avg. per thread and iter): 106.691655us
[rank 2] comp time (avg. per thread and iter): 1703.435502us
[rank 2] comm time (avg. per thread and iter): 1985.509516us
[rank 2] overlap: 85.79%
[rank 3] post time (avg. per thread and iter): 211.022649us
[rank 3] wait time (avg. per thread and iter): 30.920428us
[rank 3] comp time (avg. per thread and iter): 1671.867820us
[rank 3] comm time (avg. per thread and iter): 1913.810897us
[rank 3] overlap: 87.36%
[rank 0] post time (avg. per thread and iter): 170.102873us
[rank 0] wait time (avg. per thread and iter): 139.398865us
[rank 0] comp time (avg. per thread and iter): 1639.300615us
[rank 0] comm time (avg. per thread and iter): 1948.802353us
[rank 0] overlap: 84.12%
[rank 1] post time (avg. per thread and iter): 202.742401us
[rank 1] wait time (avg. per thread and iter): 21.293472us
[rank 1] comp time (avg. per thread and iter): 1705.673960us
[rank 1] comm time (avg. per thread and iter): 1929.709833us
[rank 1] overlap: 88.39%
[rank 2] post time (avg. per thread and iter): 194.651985us
[rank 2] wait time (avg. per thread and iter): 798.213410us
[rank 2] comp time (avg. per thread and iter): 1696.865849us
[rank 2] comm time (avg. per thread and iter): 2689.731244us
[rank 2] overlap: 63.09%
[rank 3] post time (avg. per thread and iter): 224.324314us
[rank 3] wait time (avg. per thread and iter): 754.721487us
[rank 3] comp time (avg. per thread and iter): 1696.421572us
[rank 3] comm time (avg. per thread and iter): 2675.467374us
[rank 3] overlap: 63.41%
[rank 0] post time (avg. per thread and iter): 171.900481us
[rank 0] wait time (avg. per thread and iter): 845.365950us
[rank 0] comp time (avg. per thread and iter): 1653.178812us
[rank 0] comm time (avg. per thread and iter): 2670.445243us
[rank 0] overlap: 61.91%
[rank 1] post time (avg. per thread and iter): 189.939658us
[rank 1] wait time (avg. per thread and iter): 727.487980us
[rank 1] comp time (avg. per thread and iter): 1782.064311us
[rank 1] comm time (avg. per thread and iter): 2699.491949us
[rank 1] overlap: 66.01%
[rank 0] post time (avg. per thread and iter): 108.550237us
[rank 0] wait time (avg. per thread and iter): 14228.218621us
[rank 0] comp time (avg. per thread and iter): 1646.044459us
[rank 0] comm time (avg. per thread and iter): 15982.813317us
[rank 0] overlap: 10.30%
[rank 2] post time (avg. per thread and iter): 2314.186192us
[rank 2] wait time (avg. per thread and iter): 13236.141784us
[rank 2] comp time (avg. per thread and iter): 1213.508276us
[rank 2] comm time (avg. per thread and iter): 16763.836251us
[rank 2] overlap: 7.24%
[rank 3] post time (avg. per thread and iter): 2233.938585us
[rank 3] wait time (avg. per thread and iter): 11877.213691us
[rank 3] comp time (avg. per thread and iter): 1173.099412us
[rank 3] comm time (avg. per thread and iter): 15284.251688us
[rank 3] overlap: 7.68%
[rank 1] post time (avg. per thread and iter): 983.056792us
[rank 1] wait time (avg. per thread and iter): 12897.578440us
[rank 1] comp time (avg. per thread and iter): 1570.507669us
[rank 1] comm time (avg. per thread and iter): 15451.142901us
[rank 1] overlap: 10.16%
[rank 2] post time (avg. per thread and iter): 473.246029us
[rank 2] wait time (avg. per thread and iter): 126315.494924us
[rank 2] comp time (avg. per thread and iter): 1504.150305us
[rank 2] comm time (avg. per thread and iter): 128292.891259us
[rank 2] overlap: 1.17%
[rank 0] post time (avg. per thread and iter): 1593.713041us
[rank 0] wait time (avg. per thread and iter): 115573.878095us
[rank 0] comp time (avg. per thread and iter): 1358.752838us
[rank 0] comm time (avg. per thread and iter): 118526.343973us
[rank 0] overlap: 1.15%
[rank 3] post time (avg. per thread and iter): 17566.212001us
[rank 3] wait time (avg. per thread and iter): 109706.388087us
[rank 3] comp time (avg. per thread and iter): 1128.022141us
[rank 3] comm time (avg. per thread and iter): 128400.622230us
[rank 3] overlap: 0.88%
[rank 1] post time (avg. per thread and iter): 2367.406779us
[rank 1] wait time (avg. per thread and iter): 122391.486539us
[rank 1] comp time (avg. per thread and iter): 1488.988494us
[rank 1] comm time (avg. per thread and iter): 126247.881812us
[rank 1] overlap: 1.18%
[rank 3] post time (avg. per thread and iter): 56270.031385us
[rank 3] wait time (avg. per thread and iter): 897716.041226us
[rank 3] comp time (avg. per thread and iter): 943.938229us
[rank 3] comm time (avg. per thread and iter): 954930.010840us
[rank 3] overlap: 0.10%
[rank 2] post time (avg. per thread and iter): 2869.103575us
[rank 2] wait time (avg. per thread and iter): 1048417.210887us
[rank 2] comp time (avg. per thread and iter): 1327.334222us
[rank 2] comm time (avg. per thread and iter): 1052613.648684us
[rank 2] overlap: 0.13%
[rank 1] post time (avg. per thread and iter): 359.089471us
[rank 1] wait time (avg. per thread and iter): 1084339.153978us
[rank 1] comp time (avg. per thread and iter): 2191.612222us
[rank 1] comm time (avg. per thread and iter): 1086889.855671us
[rank 1] overlap: 0.20%
[rank 0] post time (avg. per thread and iter): 4731.784782us
[rank 0] wait time (avg. per thread and iter): 1064924.827593us
[rank 0] comp time (avg. per thread and iter): 1174.123208us
[rank 0] comm time (avg. per thread and iter): 1070830.735584us
[rank 0] overlap: 0.11%
