Placing MMCSO Threads in 4 MPI processes on each 24th Core of each Node with total 48 Cores
MMCSO_THREAD_AFFINITY=0:23,1:47,2:23,3:47
[rank 1] post time (avg. per thread and iter): 1.863453us
[rank 1] wait time (avg. per thread and iter): 9.858372us
[rank 1] comp time (avg. per thread and iter): 53.671561us
[rank 1] comm time (avg. per thread and iter): 65.393386us
[rank 1] overlap: 82.07%
[rank 0] post time (avg. per thread and iter): 2.006978us
[rank 0] wait time (avg. per thread and iter): 16.224368us
[rank 0] comp time (avg. per thread and iter): 53.716584us
[rank 0] comm time (avg. per thread and iter): 71.947930us
[rank 0] overlap: 74.66%
[rank 3] post time (avg. per thread and iter): 1.849863us
[rank 3] wait time (avg. per thread and iter): 10.371476us
[rank 3] comp time (avg. per thread and iter): 53.741619us
[rank 3] comm time (avg. per thread and iter): 65.962959us
[rank 3] overlap: 81.47%
[rank 2] post time (avg. per thread and iter): 1.960961us
[rank 2] wait time (avg. per thread and iter): 15.491268us
[rank 2] comp time (avg. per thread and iter): 53.753076us
[rank 2] comm time (avg. per thread and iter): 71.205305us
[rank 2] overlap: 75.49%
[rank 0] post time (avg. per thread and iter): 1.960502us
[rank 0] wait time (avg. per thread and iter): 14.790352us
[rank 0] comp time (avg. per thread and iter): 53.846918us
[rank 0] comm time (avg. per thread and iter): 70.597772us
[rank 0] overlap: 76.27%
[rank 1] post time (avg. per thread and iter): 1.840747us
[rank 1] wait time (avg. per thread and iter): 9.774765us
[rank 1] comp time (avg. per thread and iter): 53.887367us
[rank 1] comm time (avg. per thread and iter): 65.502878us
[rank 1] overlap: 82.27%
[rank 2] post time (avg. per thread and iter): 1.958166us
[rank 2] wait time (avg. per thread and iter): 13.866985us
[rank 2] comp time (avg. per thread and iter): 53.808894us
[rank 2] comm time (avg. per thread and iter): 69.634046us
[rank 2] overlap: 77.27%
[rank 3] post time (avg. per thread and iter): 1.819796us
[rank 3] wait time (avg. per thread and iter): 10.030805us
[rank 3] comp time (avg. per thread and iter): 53.800594us
[rank 3] comm time (avg. per thread and iter): 65.651195us
[rank 3] overlap: 81.95%
[rank 1] post time (avg. per thread and iter): 2.013961us
[rank 1] wait time (avg. per thread and iter): 19.381900us
[rank 1] comp time (avg. per thread and iter): 54.028083us
[rank 1] comm time (avg. per thread and iter): 75.423943us
[rank 1] overlap: 71.63%
[rank 0] post time (avg. per thread and iter): 1.990729us
[rank 0] wait time (avg. per thread and iter): 11.736319us
[rank 0] comp time (avg. per thread and iter): 53.743011us
[rank 0] comm time (avg. per thread and iter): 67.470059us
[rank 0] overlap: 79.65%
[rank 3] post time (avg. per thread and iter): 1.871387us
[rank 3] wait time (avg. per thread and iter): 15.582357us
[rank 3] comp time (avg. per thread and iter): 54.013821us
[rank 3] comm time (avg. per thread and iter): 71.467564us
[rank 3] overlap: 75.58%
[rank 2] post time (avg. per thread and iter): 1.984177us
[rank 2] wait time (avg. per thread and iter): 21.094051us
[rank 2] comp time (avg. per thread and iter): 53.903963us
[rank 2] comm time (avg. per thread and iter): 76.982190us
[rank 2] overlap: 70.02%
[rank 0] post time (avg. per thread and iter): 1.995347us
[rank 0] wait time (avg. per thread and iter): 386.026737us
[rank 0] comp time (avg. per thread and iter): 54.115515us
[rank 0] comm time (avg. per thread and iter): 442.137599us
[rank 0] overlap: 12.24%
[rank 2] post time (avg. per thread and iter): 2.090452us
[rank 2] wait time (avg. per thread and iter): 414.315856us
[rank 2] comp time (avg. per thread and iter): 53.904234us
[rank 2] comm time (avg. per thread and iter): 470.310542us
[rank 2] overlap: 11.46%
[rank 1] post time (avg. per thread and iter): 1.931606us
[rank 1] wait time (avg. per thread and iter): 368.673067us
[rank 1] comp time (avg. per thread and iter): 54.077929us
[rank 1] comm time (avg. per thread and iter): 424.682602us
[rank 1] overlap: 12.73%
[rank 3] post time (avg. per thread and iter): 2.113387us
[rank 3] wait time (avg. per thread and iter): 384.703404us
[rank 3] comp time (avg. per thread and iter): 53.771379us
[rank 3] comm time (avg. per thread and iter): 440.588170us
[rank 3] overlap: 12.20%
[rank 3] post time (avg. per thread and iter): 1.844493us
[rank 3] wait time (avg. per thread and iter): 1400.468889us
[rank 3] comp time (avg. per thread and iter): 53.673781us
[rank 3] comm time (avg. per thread and iter): 1455.987163us
[rank 3] overlap: 3.69%
[rank 1] post time (avg. per thread and iter): 1.776322us
[rank 1] wait time (avg. per thread and iter): 1305.780459us
[rank 1] comp time (avg. per thread and iter): 53.917150us
[rank 1] comm time (avg. per thread and iter): 1361.473931us
[rank 1] overlap: 3.96%
[rank 0] post time (avg. per thread and iter): 1.772559us
[rank 0] wait time (avg. per thread and iter): 1299.872911us
[rank 0] comp time (avg. per thread and iter): 54.086860us
[rank 0] comm time (avg. per thread and iter): 1355.732330us
[rank 0] overlap: 3.99%
[rank 2] post time (avg. per thread and iter): 1.794113us
[rank 2] wait time (avg. per thread and iter): 1307.832053us
[rank 2] comp time (avg. per thread and iter): 53.799546us
[rank 2] comm time (avg. per thread and iter): 1363.425712us
[rank 2] overlap: 3.95%
[rank 1] post time (avg. per thread and iter): 1.769725us
[rank 1] wait time (avg. per thread and iter): 13863.609456us
[rank 1] comp time (avg. per thread and iter): 54.575349us
[rank 1] comm time (avg. per thread and iter): 13919.954529us
[rank 1] overlap: 0.39%
[rank 0] post time (avg. per thread and iter): 1.833241us
[rank 0] wait time (avg. per thread and iter): 14068.504628us
[rank 0] comp time (avg. per thread and iter): 54.506343us
[rank 0] comm time (avg. per thread and iter): 14124.844212us
[rank 0] overlap: 0.39%
[rank 3] post time (avg. per thread and iter): 1.773568us
[rank 3] wait time (avg. per thread and iter): 13782.040353us
[rank 3] comp time (avg. per thread and iter): 54.292975us
[rank 3] comm time (avg. per thread and iter): 13838.106895us
[rank 3] overlap: 0.39%
[rank 2] post time (avg. per thread and iter): 1.757848us
[rank 2] wait time (avg. per thread and iter): 13827.500866us
[rank 2] comp time (avg. per thread and iter): 54.372414us
[rank 2] comm time (avg. per thread and iter): 13883.631128us
[rank 2] overlap: 0.39%
[rank 3] post time (avg. per thread and iter): 1.611742us
[rank 3] wait time (avg. per thread and iter): 101292.987213us
[rank 3] comp time (avg. per thread and iter): 56.157006us
[rank 3] comm time (avg. per thread and iter): 101350.755960us
[rank 3] overlap: 0.06%
[rank 1] post time (avg. per thread and iter): 1.628693us
[rank 1] wait time (avg. per thread and iter): 109647.245107us
[rank 1] comp time (avg. per thread and iter): 56.140296us
[rank 1] comm time (avg. per thread and iter): 109705.014096us
[rank 1] overlap: 0.05%
[rank 0] post time (avg. per thread and iter): 1.654483us
[rank 0] wait time (avg. per thread and iter): 109324.556594us
[rank 0] comp time (avg. per thread and iter): 56.398851us
[rank 0] comm time (avg. per thread and iter): 109382.609928us
[rank 0] overlap: 0.05%
[rank 2] post time (avg. per thread and iter): 1.686566us
[rank 2] wait time (avg. per thread and iter): 106094.975233us
[rank 2] comp time (avg. per thread and iter): 56.395235us
[rank 2] comm time (avg. per thread and iter): 106153.057033us
[rank 2] overlap: 0.05%
[rank 1] post time (avg. per thread and iter): 1.778906us
[rank 1] wait time (avg. per thread and iter): 1064160.781180us
[rank 1] comp time (avg. per thread and iter): 56.836387us
[rank 1] comm time (avg. per thread and iter): 1064219.396473us
[rank 1] overlap: 0.01%
[rank 2] post time (avg. per thread and iter): 1.872431us
[rank 2] wait time (avg. per thread and iter): 1016486.174410us
[rank 2] comp time (avg. per thread and iter): 57.095994us
[rank 2] comm time (avg. per thread and iter): 1016545.142835us
[rank 2] overlap: 0.01%
[rank 3] post time (avg. per thread and iter): 1.914937us
[rank 3] wait time (avg. per thread and iter): 984849.616534us
[rank 3] comp time (avg. per thread and iter): 57.032885us
[rank 3] comm time (avg. per thread and iter): 984908.564356us
[rank 3] overlap: 0.01%
[rank 0] post time (avg. per thread and iter): 1.793880us
[rank 0] wait time (avg. per thread and iter): 1070908.353738us
[rank 0] comp time (avg. per thread and iter): 56.770195us
[rank 0] comm time (avg. per thread and iter): 1070966.917813us
[rank 0] overlap: 0.01%
[rank 0] post time (avg. per thread and iter): 1.875041us
[rank 0] wait time (avg. per thread and iter): 11.729306us
[rank 0] comp time (avg. per thread and iter): 54.751608us
[rank 0] comm time (avg. per thread and iter): 68.355955us
[rank 0] overlap: 80.10%
[rank 1] post time (avg. per thread and iter): 1.992047us
[rank 1] wait time (avg. per thread and iter): 9.342390us
[rank 1] comp time (avg. per thread and iter): 54.780167us
[rank 1] comm time (avg. per thread and iter): 66.114603us
[rank 1] overlap: 82.86%
[rank 2] post time (avg. per thread and iter): 2.005436us
[rank 2] wait time (avg. per thread and iter): 11.419421us
[rank 2] comp time (avg. per thread and iter): 54.533506us
[rank 2] comm time (avg. per thread and iter): 67.958363us
[rank 2] overlap: 80.25%
[rank 3] post time (avg. per thread and iter): 1.990209us
[rank 3] wait time (avg. per thread and iter): 10.328191us
[rank 3] comp time (avg. per thread and iter): 54.845794us
[rank 3] comm time (avg. per thread and iter): 67.164194us
[rank 3] overlap: 81.66%
[rank 0] post time (avg. per thread and iter): 1.946956us
[rank 0] wait time (avg. per thread and iter): 9.059126us
[rank 0] comp time (avg. per thread and iter): 54.796889us
[rank 0] comm time (avg. per thread and iter): 65.802971us
[rank 0] overlap: 83.27%
[rank 1] post time (avg. per thread and iter): 1.950684us
[rank 1] wait time (avg. per thread and iter): 13.444343us
[rank 1] comp time (avg. per thread and iter): 54.797553us
[rank 1] comm time (avg. per thread and iter): 70.192580us
[rank 1] overlap: 78.07%
[rank 3] post time (avg. per thread and iter): 1.898469us
[rank 3] wait time (avg. per thread and iter): 13.132208us
[rank 3] comp time (avg. per thread and iter): 54.580049us
[rank 3] comm time (avg. per thread and iter): 69.610727us
[rank 3] overlap: 78.41%
[rank 2] post time (avg. per thread and iter): 1.960731us
[rank 2] wait time (avg. per thread and iter): 9.208469us
[rank 2] comp time (avg. per thread and iter): 54.749792us
[rank 2] comm time (avg. per thread and iter): 65.918992us
[rank 2] overlap: 83.06%
[rank 1] post time (avg. per thread and iter): 1.866836us
[rank 1] wait time (avg. per thread and iter): 16.263378us
[rank 1] comp time (avg. per thread and iter): 54.769174us
[rank 1] comm time (avg. per thread and iter): 72.899388us
[rank 1] overlap: 75.13%
[rank 3] post time (avg. per thread and iter): 1.949803us
[rank 3] wait time (avg. per thread and iter): 14.906661us
[rank 3] comp time (avg. per thread and iter): 54.840166us
[rank 3] comm time (avg. per thread and iter): 71.696630us
[rank 3] overlap: 76.49%
[rank 0] post time (avg. per thread and iter): 1.965739us
[rank 0] wait time (avg. per thread and iter): 11.081507us
[rank 0] comp time (avg. per thread and iter): 54.782105us
[rank 0] comm time (avg. per thread and iter): 67.829352us
[rank 0] overlap: 80.76%
[rank 2] post time (avg. per thread and iter): 1.975106us
[rank 2] wait time (avg. per thread and iter): 19.462553us
[rank 2] comp time (avg. per thread and iter): 54.861979us
[rank 2] comm time (avg. per thread and iter): 76.299639us
[rank 2] overlap: 71.90%
[rank 1] post time (avg. per thread and iter): 2.056811us
[rank 1] wait time (avg. per thread and iter): 373.188168us
[rank 1] comp time (avg. per thread and iter): 54.916404us
[rank 1] comm time (avg. per thread and iter): 430.161384us
[rank 1] overlap: 12.77%
[rank 3] post time (avg. per thread and iter): 2.056709us
[rank 3] wait time (avg. per thread and iter): 384.000205us
[rank 3] comp time (avg. per thread and iter): 55.033079us
[rank 3] comm time (avg. per thread and iter): 441.089993us
[rank 3] overlap: 12.48%
[rank 0] post time (avg. per thread and iter): 1.973311us
[rank 0] wait time (avg. per thread and iter): 385.544960us
[rank 0] comp time (avg. per thread and iter): 54.723920us
[rank 0] comm time (avg. per thread and iter): 442.242190us
[rank 0] overlap: 12.37%
[rank 2] post time (avg. per thread and iter): 2.073768us
[rank 2] wait time (avg. per thread and iter): 419.259117us
[rank 2] comp time (avg. per thread and iter): 54.945612us
[rank 2] comm time (avg. per thread and iter): 476.278497us
[rank 2] overlap: 11.54%
[rank 1] post time (avg. per thread and iter): 1.809567us
[rank 1] wait time (avg. per thread and iter): 1306.169796us
[rank 1] comp time (avg. per thread and iter): 54.888047us
[rank 1] comm time (avg. per thread and iter): 1362.867410us
[rank 1] overlap: 4.03%
[rank 0] post time (avg. per thread and iter): 1.729988us
[rank 0] wait time (avg. per thread and iter): 1307.001621us
[rank 0] comp time (avg. per thread and iter): 54.822471us
[rank 0] comm time (avg. per thread and iter): 1363.554079us
[rank 0] overlap: 4.02%
[rank 3] post time (avg. per thread and iter): 1.843140us
[rank 3] wait time (avg. per thread and iter): 1381.337885us
[rank 3] comp time (avg. per thread and iter): 54.417957us
[rank 3] comm time (avg. per thread and iter): 1437.598983us
[rank 3] overlap: 3.79%
[rank 2] post time (avg. per thread and iter): 1.771627us
[rank 2] wait time (avg. per thread and iter): 1310.263490us
[rank 2] comp time (avg. per thread and iter): 54.664795us
[rank 2] comm time (avg. per thread and iter): 1366.699912us
[rank 2] overlap: 4.00%
[rank 3] post time (avg. per thread and iter): 1.785882us
[rank 3] wait time (avg. per thread and iter): 14249.959942us
[rank 3] comp time (avg. per thread and iter): 55.322315us
[rank 3] comm time (avg. per thread and iter): 14307.068139us
[rank 3] overlap: 0.39%
[rank 0] post time (avg. per thread and iter): 1.776823us
[rank 0] wait time (avg. per thread and iter): 13866.603838us
[rank 0] comp time (avg. per thread and iter): 55.282342us
[rank 0] comm time (avg. per thread and iter): 13923.663003us
[rank 0] overlap: 0.40%
[rank 1] post time (avg. per thread and iter): 1.800156us
[rank 1] wait time (avg. per thread and iter): 14097.910600us
[rank 1] comp time (avg. per thread and iter): 55.192403us
[rank 1] comm time (avg. per thread and iter): 14154.903160us
[rank 1] overlap: 0.39%
[rank 2] post time (avg. per thread and iter): 1.804048us
[rank 2] wait time (avg. per thread and iter): 13897.584041us
[rank 2] comp time (avg. per thread and iter): 55.163917us
[rank 2] comm time (avg. per thread and iter): 13954.552006us
[rank 2] overlap: 0.40%
[rank 0] post time (avg. per thread and iter): 1.621568us
[rank 0] wait time (avg. per thread and iter): 108752.478146us
[rank 0] comp time (avg. per thread and iter): 57.253009us
[rank 0] comm time (avg. per thread and iter): 108811.352723us
[rank 0] overlap: 0.05%
[rank 2] post time (avg. per thread and iter): 1.643391us
[rank 2] wait time (avg. per thread and iter): 107739.999331us
[rank 2] comp time (avg. per thread and iter): 57.346306us
[rank 2] comm time (avg. per thread and iter): 107798.989028us
[rank 2] overlap: 0.05%
[rank 1] post time (avg. per thread and iter): 1.632437us
[rank 1] wait time (avg. per thread and iter): 109455.199254us
[rank 1] comp time (avg. per thread and iter): 57.206700us
[rank 1] comm time (avg. per thread and iter): 109514.038391us
[rank 1] overlap: 0.05%
[rank 3] post time (avg. per thread and iter): 1.644900us
[rank 3] wait time (avg. per thread and iter): 101885.830222us
[rank 3] comp time (avg. per thread and iter): 57.168918us
[rank 3] comm time (avg. per thread and iter): 101944.644039us
[rank 3] overlap: 0.06%
[rank 1] post time (avg. per thread and iter): 1.834038us
[rank 1] wait time (avg. per thread and iter): 1059015.997309us
[rank 1] comp time (avg. per thread and iter): 57.689523us
[rank 1] comm time (avg. per thread and iter): 1059075.520870us
[rank 1] overlap: 0.01%
[rank 0] post time (avg. per thread and iter): 1.786659us
[rank 0] wait time (avg. per thread and iter): 1066874.438289us
[rank 0] comp time (avg. per thread and iter): 57.598340us
[rank 0] comm time (avg. per thread and iter): 1066933.823287us
[rank 0] overlap: 0.01%
[rank 3] post time (avg. per thread and iter): 1.875547us
[rank 3] wait time (avg. per thread and iter): 978128.503976us
[rank 3] comp time (avg. per thread and iter): 57.938900us
[rank 3] comm time (avg. per thread and iter): 978188.318423us
[rank 3] overlap: 0.01%
[rank 2] post time (avg. per thread and iter): 1.889073us
[rank 2] wait time (avg. per thread and iter): 1030071.905625us
[rank 2] comp time (avg. per thread and iter): 57.813877us
[rank 2] comm time (avg. per thread and iter): 1030131.608574us
[rank 2] overlap: 0.01%
[rank 0] post time (avg. per thread and iter): 1.865095us
[rank 0] wait time (avg. per thread and iter): 9.383502us
[rank 0] comp time (avg. per thread and iter): 63.648826us
[rank 0] comm time (avg. per thread and iter): 74.897423us
[rank 0] overlap: 84.98%
[rank 2] post time (avg. per thread and iter): 1.876842us
[rank 2] wait time (avg. per thread and iter): 9.060982us
[rank 2] comp time (avg. per thread and iter): 63.679707us
[rank 2] comm time (avg. per thread and iter): 74.617531us
[rank 2] overlap: 85.34%
[rank 1] post time (avg. per thread and iter): 1.961180us
[rank 1] wait time (avg. per thread and iter): 11.505069us
[rank 1] comp time (avg. per thread and iter): 63.580765us
[rank 1] comm time (avg. per thread and iter): 77.047014us
[rank 1] overlap: 82.52%
[rank 3] post time (avg. per thread and iter): 1.937800us
[rank 3] wait time (avg. per thread and iter): 11.388347us
[rank 3] comp time (avg. per thread and iter): 63.660331us
[rank 3] comm time (avg. per thread and iter): 76.986477us
[rank 3] overlap: 82.69%
[rank 1] post time (avg. per thread and iter): 2.040373us
[rank 1] wait time (avg. per thread and iter): 13.557128us
[rank 1] comp time (avg. per thread and iter): 63.628426us
[rank 1] comm time (avg. per thread and iter): 79.225927us
[rank 1] overlap: 80.31%
[rank 3] post time (avg. per thread and iter): 1.867105us
[rank 3] wait time (avg. per thread and iter): 13.076273us
[rank 3] comp time (avg. per thread and iter): 63.716588us
[rank 3] comm time (avg. per thread and iter): 78.659966us
[rank 3] overlap: 81.00%
[rank 0] post time (avg. per thread and iter): 1.872587us
[rank 0] wait time (avg. per thread and iter): 10.087109us
[rank 0] comp time (avg. per thread and iter): 63.635346us
[rank 0] comm time (avg. per thread and iter): 75.595042us
[rank 0] overlap: 84.18%
[rank 2] post time (avg. per thread and iter): 1.965779us
[rank 2] wait time (avg. per thread and iter): 10.038827us
[rank 2] comp time (avg. per thread and iter): 63.809636us
[rank 2] comm time (avg. per thread and iter): 75.814242us
[rank 2] overlap: 84.17%
[rank 1] post time (avg. per thread and iter): 2.012733us
[rank 1] wait time (avg. per thread and iter): 10.250557us
[rank 1] comp time (avg. per thread and iter): 63.821244us
[rank 1] comm time (avg. per thread and iter): 76.084534us
[rank 1] overlap: 83.88%
[rank 0] post time (avg. per thread and iter): 1.969713us
[rank 0] wait time (avg. per thread and iter): 15.457859us
[rank 0] comp time (avg. per thread and iter): 63.772641us
[rank 0] comm time (avg. per thread and iter): 81.200214us
[rank 0] overlap: 78.54%
[rank 2] post time (avg. per thread and iter): 1.990844us
[rank 2] wait time (avg. per thread and iter): 17.242123us
[rank 2] comp time (avg. per thread and iter): 63.674846us
[rank 2] comm time (avg. per thread and iter): 82.907813us
[rank 2] overlap: 76.80%
[rank 3] post time (avg. per thread and iter): 2.018357us
[rank 3] wait time (avg. per thread and iter): 11.471785us
[rank 3] comp time (avg. per thread and iter): 63.624730us
[rank 3] comm time (avg. per thread and iter): 77.114872us
[rank 3] overlap: 82.51%
[rank 0] post time (avg. per thread and iter): 2.129631us
[rank 0] wait time (avg. per thread and iter): 324.894920us
[rank 0] comp time (avg. per thread and iter): 63.903170us
[rank 0] comm time (avg. per thread and iter): 390.927721us
[rank 0] overlap: 16.35%
[rank 2] post time (avg. per thread and iter): 2.146000us
[rank 2] wait time (avg. per thread and iter): 414.331939us
[rank 2] comp time (avg. per thread and iter): 63.836004us
[rank 2] comm time (avg. per thread and iter): 480.313943us
[rank 2] overlap: 13.29%
[rank 1] post time (avg. per thread and iter): 2.138805us
[rank 1] wait time (avg. per thread and iter): 418.943731us
[rank 1] comp time (avg. per thread and iter): 64.067325us
[rank 1] comm time (avg. per thread and iter): 485.149862us
[rank 1] overlap: 13.21%
[rank 3] post time (avg. per thread and iter): 2.124542us
[rank 3] wait time (avg. per thread and iter): 396.519923us
[rank 3] comp time (avg. per thread and iter): 63.888674us
[rank 3] comm time (avg. per thread and iter): 462.533138us
[rank 3] overlap: 13.81%
[rank 1] post time (avg. per thread and iter): 1.802911us
[rank 1] wait time (avg. per thread and iter): 1294.193343us
[rank 1] comp time (avg. per thread and iter): 63.941059us
[rank 1] comm time (avg. per thread and iter): 1359.937313us
[rank 1] overlap: 4.70%
[rank 3] post time (avg. per thread and iter): 1.830257us
[rank 3] wait time (avg. per thread and iter): 1348.773896us
[rank 3] comp time (avg. per thread and iter): 63.801955us
[rank 3] comm time (avg. per thread and iter): 1414.406107us
[rank 3] overlap: 4.51%
[rank 0] post time (avg. per thread and iter): 1.771600us
[rank 0] wait time (avg. per thread and iter): 1308.280730us
[rank 0] comp time (avg. per thread and iter): 63.581563us
[rank 0] comm time (avg. per thread and iter): 1373.633894us
[rank 0] overlap: 4.63%
[rank 2] post time (avg. per thread and iter): 1.840866us
[rank 2] wait time (avg. per thread and iter): 1304.965916us
[rank 2] comp time (avg. per thread and iter): 63.546170us
[rank 2] comm time (avg. per thread and iter): 1370.352951us
[rank 2] overlap: 4.64%
[rank 3] post time (avg. per thread and iter): 1.743482us
[rank 3] wait time (avg. per thread and iter): 15084.378869us
[rank 3] comp time (avg. per thread and iter): 64.177660us
[rank 3] comm time (avg. per thread and iter): 15150.300010us
[rank 3] overlap: 0.42%
[rank 1] post time (avg. per thread and iter): 1.785760us
[rank 1] wait time (avg. per thread and iter): 14090.437535us
[rank 1] comp time (avg. per thread and iter): 64.241505us
[rank 1] comm time (avg. per thread and iter): 14156.464800us
[rank 1] overlap: 0.45%
[rank 0] post time (avg. per thread and iter): 1.769325us
[rank 0] wait time (avg. per thread and iter): 14209.498336us
[rank 0] comp time (avg. per thread and iter): 64.200064us
[rank 0] comm time (avg. per thread and iter): 14275.467725us
[rank 0] overlap: 0.45%
[rank 2] post time (avg. per thread and iter): 1.812349us
[rank 2] wait time (avg. per thread and iter): 13880.219957us
[rank 2] comp time (avg. per thread and iter): 64.087264us
[rank 2] comm time (avg. per thread and iter): 13946.119569us
[rank 2] overlap: 0.46%
[rank 1] post time (avg. per thread and iter): 1.703610us
[rank 1] wait time (avg. per thread and iter): 112206.759188us
[rank 1] comp time (avg. per thread and iter): 66.098774us
[rank 1] comm time (avg. per thread and iter): 112274.561573us
[rank 1] overlap: 0.06%
[rank 2] post time (avg. per thread and iter): 1.732479us
[rank 2] wait time (avg. per thread and iter): 106468.980511us
[rank 2] comp time (avg. per thread and iter): 66.213356us
[rank 2] comm time (avg. per thread and iter): 106536.926346us
[rank 2] overlap: 0.06%
[rank 3] post time (avg. per thread and iter): 1.665176us
[rank 3] wait time (avg. per thread and iter): 101728.973578us
[rank 3] comp time (avg. per thread and iter): 66.124286us
[rank 3] comm time (avg. per thread and iter): 101796.763039us
[rank 3] overlap: 0.06%
[rank 0] post time (avg. per thread and iter): 1.627588us
[rank 0] wait time (avg. per thread and iter): 109037.721169us
[rank 0] comp time (avg. per thread and iter): 66.264505us
[rank 0] comm time (avg. per thread and iter): 109105.613262us
[rank 0] overlap: 0.06%
[rank 1] post time (avg. per thread and iter): 1.814858us
[rank 1] wait time (avg. per thread and iter): 1059482.874575us
[rank 1] comp time (avg. per thread and iter): 66.677319us
[rank 1] comm time (avg. per thread and iter): 1059551.366752us
[rank 1] overlap: 0.01%
[rank 2] post time (avg. per thread and iter): 1.935894us
[rank 2] wait time (avg. per thread and iter): 1032440.338766us
[rank 2] comp time (avg. per thread and iter): 66.838816us
[rank 2] comm time (avg. per thread and iter): 1032509.113476us
[rank 2] overlap: 0.01%
[rank 0] post time (avg. per thread and iter): 1.840114us
[rank 0] wait time (avg. per thread and iter): 1062980.561979us
[rank 0] comp time (avg. per thread and iter): 66.800007us
[rank 0] comm time (avg. per thread and iter): 1063049.202100us
[rank 0] overlap: 0.01%
[rank 3] post time (avg. per thread and iter): 1.926728us
[rank 3] wait time (avg. per thread and iter): 974228.628265us
[rank 3] comp time (avg. per thread and iter): 66.786691us
[rank 3] comm time (avg. per thread and iter): 974297.341684us
[rank 3] overlap: 0.01%
[rank 0] post time (avg. per thread and iter): 2.280151us
[rank 0] wait time (avg. per thread and iter): 10.759639us
[rank 0] comp time (avg. per thread and iter): 154.041061us
[rank 0] comm time (avg. per thread and iter): 167.080851us
[rank 0] overlap: 92.20%
[rank 1] post time (avg. per thread and iter): 2.157618us
[rank 1] wait time (avg. per thread and iter): 11.488606us
[rank 1] comp time (avg. per thread and iter): 153.993046us
[rank 1] comm time (avg. per thread and iter): 167.639270us
[rank 1] overlap: 91.86%
[rank 3] post time (avg. per thread and iter): 2.307540us
[rank 3] wait time (avg. per thread and iter): 10.954105us
[rank 3] comp time (avg. per thread and iter): 153.959184us
[rank 3] comm time (avg. per thread and iter): 167.220829us
[rank 3] overlap: 92.07%
[rank 2] post time (avg. per thread and iter): 2.279144us
[rank 2] wait time (avg. per thread and iter): 10.734470us
[rank 2] comp time (avg. per thread and iter): 153.801655us
[rank 2] comm time (avg. per thread and iter): 166.815269us
[rank 2] overlap: 92.20%
[rank 0] post time (avg. per thread and iter): 2.295504us
[rank 0] wait time (avg. per thread and iter): 10.695941us
[rank 0] comp time (avg. per thread and iter): 154.043315us
[rank 0] comm time (avg. per thread and iter): 167.034760us
[rank 0] overlap: 92.22%
[rank 1] post time (avg. per thread and iter): 2.173238us
[rank 1] wait time (avg. per thread and iter): 10.533025us
[rank 1] comp time (avg. per thread and iter): 153.864387us
[rank 1] comm time (avg. per thread and iter): 166.570649us
[rank 1] overlap: 92.37%
[rank 3] post time (avg. per thread and iter): 2.197237us
[rank 3] wait time (avg. per thread and iter): 13.744741us
[rank 3] comp time (avg. per thread and iter): 154.025962us
[rank 3] comm time (avg. per thread and iter): 169.967940us
[rank 3] overlap: 90.62%
[rank 2] post time (avg. per thread and iter): 2.186536us
[rank 2] wait time (avg. per thread and iter): 10.941915us
[rank 2] comp time (avg. per thread and iter): 154.123242us
[rank 2] comm time (avg. per thread and iter): 167.251693us
[rank 2] overlap: 92.15%
[rank 0] post time (avg. per thread and iter): 2.296663us
[rank 0] wait time (avg. per thread and iter): 17.219509us
[rank 0] comp time (avg. per thread and iter): 153.981704us
[rank 0] comm time (avg. per thread and iter): 173.497877us
[rank 0] overlap: 88.75%
[rank 2] post time (avg. per thread and iter): 2.403431us
[rank 2] wait time (avg. per thread and iter): 17.687675us
[rank 2] comp time (avg. per thread and iter): 154.093228us
[rank 2] comm time (avg. per thread and iter): 174.184335us
[rank 2] overlap: 88.47%
[rank 1] post time (avg. per thread and iter): 2.170665us
[rank 1] wait time (avg. per thread and iter): 10.167152us
[rank 1] comp time (avg. per thread and iter): 153.838885us
[rank 1] comm time (avg. per thread and iter): 166.176703us
[rank 1] overlap: 92.58%
[rank 3] post time (avg. per thread and iter): 2.295053us
[rank 3] wait time (avg. per thread and iter): 15.795935us
[rank 3] comp time (avg. per thread and iter): 153.914251us
[rank 3] comm time (avg. per thread and iter): 172.005238us
[rank 3] overlap: 89.48%
[rank 0] post time (avg. per thread and iter): 2.027261us
[rank 0] wait time (avg. per thread and iter): 266.606830us
[rank 0] comp time (avg. per thread and iter): 153.842900us
[rank 0] comm time (avg. per thread and iter): 422.476991us
[rank 0] overlap: 36.41%
[rank 1] post time (avg. per thread and iter): 2.077384us
[rank 1] wait time (avg. per thread and iter): 280.171721us
[rank 1] comp time (avg. per thread and iter): 154.190993us
[rank 1] comm time (avg. per thread and iter): 436.440098us
[rank 2] post time (avg. per thread and iter): 2.051180us
[rank 2] wait time (avg. per thread and iter): 300.470792us
[rank 2] comp time (avg. per thread and iter): 154.038032us
[rank 2] comm time (avg. per thread and iter): 456.560004us
[rank 2] overlap: 33.74%
[rank 1] overlap: 35.33%
[rank 3] post time (avg. per thread and iter): 2.070442us
[rank 3] wait time (avg. per thread and iter): 283.270251us
[rank 3] comp time (avg. per thread and iter): 154.099832us
[rank 3] comm time (avg. per thread and iter): 439.440525us
[rank 3] overlap: 35.07%
[rank 0] post time (avg. per thread and iter): 1.755819us
[rank 0] wait time (avg. per thread and iter): 1200.419367us
[rank 0] comp time (avg. per thread and iter): 153.999133us
[rank 0] comm time (avg. per thread and iter): 1356.174319us
[rank 0] overlap: 11.36%
[rank 2] post time (avg. per thread and iter): 1.805268us
[rank 2] wait time (avg. per thread and iter): 1194.931096us
[rank 2] comp time (avg. per thread and iter): 153.974936us
[rank 2] comm time (avg. per thread and iter): 1350.711299us
[rank 2] overlap: 11.40%
[rank 1] post time (avg. per thread and iter): 1.770038us
[rank 1] wait time (avg. per thread and iter): 1203.441656us
[rank 1] comp time (avg. per thread and iter): 154.033065us
[rank 1] comm time (avg. per thread and iter): 1359.244759us
[rank 1] overlap: 11.33%
[rank 3] post time (avg. per thread and iter): 1.774768us
[rank 3] wait time (avg. per thread and iter): 1296.245639us
[rank 3] comp time (avg. per thread and iter): 154.000625us
[rank 3] comm time (avg. per thread and iter): 1452.021032us
[rank 3] overlap: 10.61%
[rank 0] post time (avg. per thread and iter): 1.830691us
[rank 0] wait time (avg. per thread and iter): 13086.832645us
[rank 0] comp time (avg. per thread and iter): 154.487508us
[rank 0] comm time (avg. per thread and iter): 13243.150844us
[rank 0] overlap: 1.17%
[rank 2] post time (avg. per thread and iter): 1.847271us
[rank 2] wait time (avg. per thread and iter): 13049.189877us
[rank 2] comp time (avg. per thread and iter): 154.402492us
[rank 2] comm time (avg. per thread and iter): 13205.439640us
[rank 2] overlap: 1.17%
[rank 1] post time (avg. per thread and iter): 1.764109us
[rank 1] wait time (avg. per thread and iter): 13527.772877us
[rank 1] comp time (avg. per thread and iter): 154.331230us
[rank 1] comm time (avg. per thread and iter): 13683.868215us
[rank 1] overlap: 1.13%
[rank 3] post time (avg. per thread and iter): 1.746798us
[rank 3] wait time (avg. per thread and iter): 14131.737784us
[rank 3] comp time (avg. per thread and iter): 154.310612us
[rank 3] comm time (avg. per thread and iter): 14287.795193us
[rank 3] overlap: 1.08%
[rank 1] post time (avg. per thread and iter): 1.685476us
[rank 1] wait time (avg. per thread and iter): 110075.918365us
[rank 1] comp time (avg. per thread and iter): 156.200484us
[rank 1] comm time (avg. per thread and iter): 110233.804325us
[rank 1] overlap: 0.14%
[rank 3] post time (avg. per thread and iter): 1.584520us
[rank 3] wait time (avg. per thread and iter): 101433.599366us
[rank 3] comp time (avg. per thread and iter): 156.375818us
[rank 3] comm time (avg. per thread and iter): 101591.559704us
[rank 3] overlap: 0.15%
[rank 0] post time (avg. per thread and iter): 1.616427us
[rank 0] wait time (avg. per thread and iter): 109406.484269us
[rank 0] comp time (avg. per thread and iter): 156.111021us
[rank 0] comm time (avg. per thread and iter): 109564.211717us
[rank 0] overlap: 0.14%
[rank 2] post time (avg. per thread and iter): 1.647618us
[rank 2] wait time (avg. per thread and iter): 106047.599918us
[rank 2] comp time (avg. per thread and iter): 156.196014us
[rank 2] comm time (avg. per thread and iter): 106205.443550us
[rank 2] overlap: 0.15%
[rank 0] post time (avg. per thread and iter): 1.759770us
[rank 0] wait time (avg. per thread and iter): 1065656.597334us
[rank 0] comp time (avg. per thread and iter): 156.596900us
[rank 0] comm time (avg. per thread and iter): 1065814.954003us
[rank 0] overlap: 0.01%
[rank 1] post time (avg. per thread and iter): 1.792437us
[rank 1] wait time (avg. per thread and iter): 1055338.643546us
[rank 1] comp time (avg. per thread and iter): 156.855747us
[rank 1] comm time (avg. per thread and iter): 1055497.291729us
[rank 1] overlap: 0.01%
[rank 2] post time (avg. per thread and iter): 1.881579us
[rank 2] wait time (avg. per thread and iter): 1027782.191203us
[rank 2] comp time (avg. per thread and iter): 156.841588us
[rank 2] comm time (avg. per thread and iter): 1027940.914370us
[rank 2] overlap: 0.02%
[rank 3] post time (avg. per thread and iter): 1.840294us
[rank 3] wait time (avg. per thread and iter): 976110.176606us
[rank 3] comp time (avg. per thread and iter): 156.771036us
[rank 3] comm time (avg. per thread and iter): 976268.787937us
[rank 3] overlap: 0.02%
