Placing MMCSO Threads in 2 MPI processes on each 24th Core of each Node with total 48 Cores
MMCSO_THREAD_AFFINITY=0:23,1:47
[0] MPI startup(): Intel(R) MPI Library, Version 2019 Update 12  Build 20210429 (id: e380127cb)
[0] MPI startup(): Copyright (C) 2003-2021 Intel Corporation.  All rights reserved.
[0] MPI startup(): library kind: release
[0] MPI startup(): libfabric version: 1.11.0-impi
[0] MPI startup(): libfabric provider: psm2
[0] MPI startup(): Rank    Pid      Node name     Pin cpu
[0] MPI startup(): 0       1738195  i01r06c06s10  {0,48}
[0] MPI startup(): 1       1738196  i01r06c06s10  {24,72}
[rank 0] post time (avg. per thread and iter): 48.236520us
[rank 0] wait time (avg. per thread and iter): 30.862864us
[rank 0] comp time (avg. per thread and iter): 53.956430us
[rank 0] comm time (avg. per thread and iter): 133.055815us
[rank 0] overlap: 40.55%
[rank 1] post time (avg. per thread and iter): 48.699114us
[rank 1] wait time (avg. per thread and iter): 32.493162us
[rank 1] comp time (avg. per thread and iter): 53.965280us
[rank 1] comm time (avg. per thread and iter): 135.157556us
[rank 1] overlap: 39.93%
[0] MPI startup(): Intel(R) MPI Library, Version 2019 Update 12  Build 20210429 (id: e380127cb)
[0] MPI startup(): Copyright (C) 2003-2021 Intel Corporation.  All rights reserved.
[0] MPI startup(): library kind: release
[0] MPI startup(): libfabric version: 1.11.0-impi
[0] MPI startup(): libfabric provider: psm2
[0] MPI startup(): Rank    Pid      Node name     Pin cpu
[0] MPI startup(): 0       1738291  i01r06c06s10  {0,48}
[0] MPI startup(): 1       1738292  i01r06c06s10  {24,72}
[rank 0] post time (avg. per thread and iter): 51.732563us
[rank 0] wait time (avg. per thread and iter): 36.736404us
[rank 0] comp time (avg. per thread and iter): 53.909581us
[rank 0] comm time (avg. per thread and iter): 142.378549us
[rank 0] overlap: 37.86%
[rank 1] post time (avg. per thread and iter): 53.741155us
[rank 1] wait time (avg. per thread and iter): 35.230413us
[rank 1] comp time (avg. per thread and iter): 53.814957us
[rank 1] comm time (avg. per thread and iter): 142.786525us
[rank 1] overlap: 37.69%
[0] MPI startup(): Intel(R) MPI Library, Version 2019 Update 12  Build 20210429 (id: e380127cb)
[0] MPI startup(): Copyright (C) 2003-2021 Intel Corporation.  All rights reserved.
[0] MPI startup(): library kind: release
[0] MPI startup(): libfabric version: 1.11.0-impi
[0] MPI startup(): libfabric provider: psm2
[0] MPI startup(): Rank    Pid      Node name     Pin cpu
[0] MPI startup(): 0       1738387  i01r06c06s10  {0,48}
[0] MPI startup(): 1       1738388  i01r06c06s10  {24,72}
[rank 0] post time (avg. per thread and iter): 69.733583us
[rank 0] wait time (avg. per thread and iter): 62.370138us
[rank 0] comp time (avg. per thread and iter): 54.055063us
[rank 0] comm time (avg. per thread and iter): 186.158784us
[rank 0] overlap: 29.04%
[rank 1] post time (avg. per thread and iter): 70.511203us
[rank 1] wait time (avg. per thread and iter): 62.856801us
[rank 1] comp time (avg. per thread and iter): 54.022168us
[rank 1] comm time (avg. per thread and iter): 187.390171us
[rank 1] overlap: 28.83%
[0] MPI startup(): Intel(R) MPI Library, Version 2019 Update 12  Build 20210429 (id: e380127cb)
[0] MPI startup(): Copyright (C) 2003-2021 Intel Corporation.  All rights reserved.
[0] MPI startup(): library kind: release
[0] MPI startup(): libfabric version: 1.11.0-impi
[0] MPI startup(): libfabric provider: psm2
[0] MPI startup(): Rank    Pid      Node name     Pin cpu
[0] MPI startup(): 0       1738481  i01r06c06s10  {0,48}
[0] MPI startup(): 1       1738482  i01r06c06s10  {24,72}
[rank 0] post time (avg. per thread and iter): 62.913473us
[rank 0] wait time (avg. per thread and iter): 576.953308us
[rank 0] comp time (avg. per thread and iter): 54.118775us
[rank 0] comm time (avg. per thread and iter): 693.985556us
[rank 0] overlap: 7.80%
[rank 1] post time (avg. per thread and iter): 69.985281us
[rank 1] wait time (avg. per thread and iter): 574.586812us
[rank 1] comp time (avg. per thread and iter): 54.072207us
[rank 1] comm time (avg. per thread and iter): 698.644299us
[rank 1] overlap: 7.74%
[0] MPI startup(): Intel(R) MPI Library, Version 2019 Update 12  Build 20210429 (id: e380127cb)
[0] MPI startup(): Copyright (C) 2003-2021 Intel Corporation.  All rights reserved.
[0] MPI startup(): library kind: release
[0] MPI startup(): libfabric version: 1.11.0-impi
[0] MPI startup(): libfabric provider: psm2
[0] MPI startup(): Rank    Pid      Node name     Pin cpu
[0] MPI startup(): 0       1738576  i01r06c06s10  {0,48}
[0] MPI startup(): 1       1738577  i01r06c06s10  {24,72}
[rank 0] post time (avg. per thread and iter): 993.332044us
[rank 0] wait time (avg. per thread and iter): 2988.904281us
[rank 0] comp time (avg. per thread and iter): 55.006814us
[rank 0] comm time (avg. per thread and iter): 4037.243139us
[rank 0] overlap: 1.36%
[rank 1] post time (avg. per thread and iter): 1646.499186us
[rank 1] wait time (avg. per thread and iter): 2555.909035us
[rank 1] comp time (avg. per thread and iter): 55.674596us
[rank 1] comm time (avg. per thread and iter): 4258.082817us
[rank 1] overlap: 1.31%
[0] MPI startup(): Intel(R) MPI Library, Version 2019 Update 12  Build 20210429 (id: e380127cb)
[0] MPI startup(): Copyright (C) 2003-2021 Intel Corporation.  All rights reserved.
[0] MPI startup(): library kind: release
[0] MPI startup(): libfabric version: 1.11.0-impi
[0] MPI startup(): libfabric provider: psm2
[0] MPI startup(): Rank    Pid      Node name     Pin cpu
[0] MPI startup(): 0       1738675  i01r06c06s10  {0,48}
[0] MPI startup(): 1       1738676  i01r06c06s10  {24,72}
[rank 0] post time (avg. per thread and iter): 19037.593601us
[rank 0] wait time (avg. per thread and iter): 18363.473816us
[rank 0] comp time (avg. per thread and iter): 56.687594us
[rank 0] comm time (avg. per thread and iter): 37457.755011us
[rank 0] overlap: 0.15%
[rank 1] post time (avg. per thread and iter): 19798.188425us
[rank 1] wait time (avg. per thread and iter): 17847.797447us
[rank 1] comp time (avg. per thread and iter): 56.780132us
[rank 1] comm time (avg. per thread and iter): 37702.766003us
[rank 1] overlap: 0.15%
[0] MPI startup(): Intel(R) MPI Library, Version 2019 Update 12  Build 20210429 (id: e380127cb)
[0] MPI startup(): Copyright (C) 2003-2021 Intel Corporation.  All rights reserved.
[0] MPI startup(): library kind: release
[0] MPI startup(): libfabric version: 1.11.0-impi
[0] MPI startup(): libfabric provider: psm2
[0] MPI startup(): Rank    Pid      Node name     Pin cpu
[0] MPI startup(): 0       1738895  i01r06c06s10  {0,48}
[0] MPI startup(): 1       1738896  i01r06c06s10  {24,72}
[rank 1] post time (avg. per thread and iter): 21371.296933us
[rank 1] wait time (avg. per thread and iter): 371306.491639us
[rank 1] comp time (avg. per thread and iter): 55.688417us
[rank 1] comm time (avg. per thread and iter): 392733.476990us
[rank 1] overlap: 0.01%
[rank 0] post time (avg. per thread and iter): 20476.235496us
[rank 0] wait time (avg. per thread and iter): 373321.132244us
[rank 0] comp time (avg. per thread and iter): 55.644466us
[rank 0] comm time (avg. per thread and iter): 393853.012205us
[rank 0] overlap: 0.01%
[0] MPI startup(): Intel(R) MPI Library, Version 2019 Update 12  Build 20210429 (id: e380127cb)
[0] MPI startup(): Copyright (C) 2003-2021 Intel Corporation.  All rights reserved.
[0] MPI startup(): library kind: release
[0] MPI startup(): libfabric version: 1.11.0-impi
[0] MPI startup(): libfabric provider: psm2
[0] MPI startup(): Rank    Pid      Node name     Pin cpu
[0] MPI startup(): 0       1740774  i01r06c06s10  {0,48}
[0] MPI startup(): 1       1740775  i01r06c06s10  {24,72}
[rank 0] post time (avg. per thread and iter): 230721.893595us
[rank 0] wait time (avg. per thread and iter): 3770369.228915us
[rank 0] comp time (avg. per thread and iter): 55.732886us
[rank 0] comm time (avg. per thread and iter): 4001146.855395us
[rank 0] overlap: 0.00%
[rank 1] post time (avg. per thread and iter): 290959.363619us
[rank 1] wait time (avg. per thread and iter): 3641958.388146us
[rank 1] comp time (avg. per thread and iter): 55.826319us
[rank 1] comm time (avg. per thread and iter): 3932973.578085us
[rank 1] overlap: 0.00%
[0] MPI startup(): Intel(R) MPI Library, Version 2019 Update 12  Build 20210429 (id: e380127cb)
[0] MPI startup(): Copyright (C) 2003-2021 Intel Corporation.  All rights reserved.
[0] MPI startup(): library kind: release
[0] MPI startup(): libfabric version: 1.11.0-impi
[0] MPI startup(): libfabric provider: psm2
[0] MPI startup(): Rank    Pid      Node name     Pin cpu
[0] MPI startup(): 0       1758957  i01r06c06s10  {0,48}
[0] MPI startup(): 1       1758958  i01r06c06s10  {24,72}
[rank 0] post time (avg. per thread and iter): 43.558516us
[rank 0] wait time (avg. per thread and iter): 27.026380us
[rank 0] comp time (avg. per thread and iter): 54.626662us
[rank 0] comm time (avg. per thread and iter): 125.211557us
[rank 0] overlap: 43.63%
[rank 1] post time (avg. per thread and iter): 43.947206us
[rank 1] wait time (avg. per thread and iter): 25.480443us
[rank 1] comp time (avg. per thread and iter): 54.622300us
[rank 1] comm time (avg. per thread and iter): 124.049949us
[rank 1] overlap: 44.03%
[0] MPI startup(): Intel(R) MPI Library, Version 2019 Update 12  Build 20210429 (id: e380127cb)
[0] MPI startup(): Copyright (C) 2003-2021 Intel Corporation.  All rights reserved.
[0] MPI startup(): library kind: release
[0] MPI startup(): libfabric version: 1.11.0-impi
[0] MPI startup(): libfabric provider: psm2
[0] MPI startup(): Rank    Pid      Node name     Pin cpu
[0] MPI startup(): 0       1759053  i01r06c06s10  {0,48}
[0] MPI startup(): 1       1759054  i01r06c06s10  {24,72}
[rank 0] post time (avg. per thread and iter): 51.370835us
[rank 0] wait time (avg. per thread and iter): 34.940593us
[rank 0] comp time (avg. per thread and iter): 54.762090us
[rank 0] comm time (avg. per thread and iter): 141.073518us
[rank 0] overlap: 38.82%
[rank 1] post time (avg. per thread and iter): 52.631470us
[rank 1] wait time (avg. per thread and iter): 34.168803us
[rank 1] comp time (avg. per thread and iter): 54.769387us
[rank 1] comm time (avg. per thread and iter): 141.569660us
[rank 1] overlap: 38.69%
[0] MPI startup(): Intel(R) MPI Library, Version 2019 Update 12  Build 20210429 (id: e380127cb)
[0] MPI startup(): Copyright (C) 2003-2021 Intel Corporation.  All rights reserved.
[0] MPI startup(): library kind: release
[0] MPI startup(): libfabric version: 1.11.0-impi
[0] MPI startup(): libfabric provider: psm2
[0] MPI startup(): Rank    Pid      Node name     Pin cpu
[0] MPI startup(): 0       1759149  i01r06c06s10  {0,48}
[0] MPI startup(): 1       1759150  i01r06c06s10  {24,72}
[rank 0] post time (avg. per thread and iter): 68.762310us
[rank 0] wait time (avg. per thread and iter): 65.597894us
[rank 0] comp time (avg. per thread and iter): 54.892719us
[rank 0] comm time (avg. per thread and iter): 189.252923us
[rank 0] overlap: 29.00%
[rank 1] post time (avg. per thread and iter): 72.641644us
[rank 1] wait time (avg. per thread and iter): 63.662014us
[rank 1] comp time (avg. per thread and iter): 54.830172us
[rank 1] comm time (avg. per thread and iter): 191.133830us
[rank 1] overlap: 28.69%
[0] MPI startup(): Intel(R) MPI Library, Version 2019 Update 12  Build 20210429 (id: e380127cb)
[0] MPI startup(): Copyright (C) 2003-2021 Intel Corporation.  All rights reserved.
[0] MPI startup(): library kind: release
[0] MPI startup(): libfabric version: 1.11.0-impi
[0] MPI startup(): libfabric provider: psm2
[0] MPI startup(): Rank    Pid      Node name     Pin cpu
[0] MPI startup(): 0       1759243  i01r06c06s10  {0,48}
[0] MPI startup(): 1       1759244  i01r06c06s10  {24,72}
[rank 0] post time (avg. per thread and iter): 62.074575us
[rank 0] wait time (avg. per thread and iter): 583.206784us
[rank 0] comp time (avg. per thread and iter): 55.055152us
[rank 0] comm time (avg. per thread and iter): 700.336511us
[rank 0] overlap: 7.86%
[rank 1] post time (avg. per thread and iter): 69.429194us
[rank 1] wait time (avg. per thread and iter): 575.688815us
[rank 1] comp time (avg. per thread and iter): 55.060486us
[rank 1] comm time (avg. per thread and iter): 700.178496us
[rank 1] overlap: 7.86%
[0] MPI startup(): Intel(R) MPI Library, Version 2019 Update 12  Build 20210429 (id: e380127cb)
[0] MPI startup(): Copyright (C) 2003-2021 Intel Corporation.  All rights reserved.
[0] MPI startup(): library kind: release
[0] MPI startup(): libfabric version: 1.11.0-impi
[0] MPI startup(): libfabric provider: psm2
[0] MPI startup(): Rank    Pid      Node name     Pin cpu
[0] MPI startup(): 0       1759344  i01r06c06s10  {0,48}
[0] MPI startup(): 1       1759345  i01r06c06s10  {24,72}
[rank 0] post time (avg. per thread and iter): 1206.422233us
[rank 0] wait time (avg. per thread and iter): 2912.671109us
[rank 0] comp time (avg. per thread and iter): 56.120270us
[rank 0] comm time (avg. per thread and iter): 4175.213612us
[rank 0] overlap: 1.34%
[rank 1] post time (avg. per thread and iter): 1621.927628us
[rank 1] wait time (avg. per thread and iter): 2607.573640us
[rank 1] comp time (avg. per thread and iter): 56.585732us
[rank 1] comm time (avg. per thread and iter): 4286.087001us
[rank 1] overlap: 1.32%
[0] MPI startup(): Intel(R) MPI Library, Version 2019 Update 12  Build 20210429 (id: e380127cb)
[0] MPI startup(): Copyright (C) 2003-2021 Intel Corporation.  All rights reserved.
[0] MPI startup(): library kind: release
[0] MPI startup(): libfabric version: 1.11.0-impi
[0] MPI startup(): libfabric provider: psm2
[0] MPI startup(): Rank    Pid      Node name     Pin cpu
[0] MPI startup(): 0       1759441  i01r06c06s10  {0,48}
[0] MPI startup(): 1       1759442  i01r06c06s10  {24,72}
[rank 0] post time (avg. per thread and iter): 18693.179860us
[rank 0] wait time (avg. per thread and iter): 18760.548867us
[rank 0] comp time (avg. per thread and iter): 57.565960us
[rank 0] comm time (avg. per thread and iter): 37511.294687us
[rank 0] overlap: 0.15%
[rank 1] post time (avg. per thread and iter): 20036.606112us
[rank 1] wait time (avg. per thread and iter): 18267.788405us
[rank 1] comp time (avg. per thread and iter): 57.783980us
[rank 1] comm time (avg. per thread and iter): 38362.178498us
[rank 1] overlap: 0.15%
[0] MPI startup(): Intel(R) MPI Library, Version 2019 Update 12  Build 20210429 (id: e380127cb)
[0] MPI startup(): Copyright (C) 2003-2021 Intel Corporation.  All rights reserved.
[0] MPI startup(): library kind: release
[0] MPI startup(): libfabric version: 1.11.0-impi
[0] MPI startup(): libfabric provider: psm2
[0] MPI startup(): Rank    Pid      Node name     Pin cpu
[0] MPI startup(): 0       1759569  i01r06c06s10  {0,48}
[0] MPI startup(): 1       1759570  i01r06c06s10  {24,72}
[rank 1] post time (avg. per thread and iter): 17537.059838us
[rank 1] wait time (avg. per thread and iter): 376297.688300us
[rank 1] comp time (avg. per thread and iter): 56.634095us
[rank 1] comm time (avg. per thread and iter): 393891.382234us
[rank 1] overlap: 0.01%
[rank 0] post time (avg. per thread and iter): 17762.545900us
[rank 0] wait time (avg. per thread and iter): 372987.810882us
[rank 0] comp time (avg. per thread and iter): 56.411578us
[rank 0] comm time (avg. per thread and iter): 390806.768360us
[rank 0] overlap: 0.01%
[0] MPI startup(): Intel(R) MPI Library, Version 2019 Update 12  Build 20210429 (id: e380127cb)
[0] MPI startup(): Copyright (C) 2003-2021 Intel Corporation.  All rights reserved.
[0] MPI startup(): library kind: release
[0] MPI startup(): libfabric version: 1.11.0-impi
[0] MPI startup(): libfabric provider: psm2
[0] MPI startup(): Rank    Pid      Node name     Pin cpu
[0] MPI startup(): 0       1761528  i01r06c06s10  {0,48}
[0] MPI startup(): 1       1761529  i01r06c06s10  {24,72}
[rank 0] post time (avg. per thread and iter): 204399.902163us
[rank 0] wait time (avg. per thread and iter): 3773754.753371us
[rank 0] comp time (avg. per thread and iter): 56.733703us
[rank 0] comm time (avg. per thread and iter): 3978211.389237us
[rank 0] overlap: 0.00%
[rank 1] post time (avg. per thread and iter): 234855.118167us
[rank 1] wait time (avg. per thread and iter): 3694769.839916us
[rank 1] comp time (avg. per thread and iter): 56.776381us
[rank 1] comm time (avg. per thread and iter): 3929681.734464us
[rank 1] overlap: 0.00%
[0] MPI startup(): Intel(R) MPI Library, Version 2019 Update 12  Build 20210429 (id: e380127cb)
[0] MPI startup(): Copyright (C) 2003-2021 Intel Corporation.  All rights reserved.
[0] MPI startup(): library kind: release
[0] MPI startup(): libfabric version: 1.11.0-impi
[0] MPI startup(): libfabric provider: psm2
[0] MPI startup(): Rank    Pid      Node name     Pin cpu
[0] MPI startup(): 0       1779337  i01r06c06s10  {0,48}
[0] MPI startup(): 1       1779338  i01r06c06s10  {24,72}
[rank 0] post time (avg. per thread and iter): 43.854604us
[rank 0] wait time (avg. per thread and iter): 26.531158us
[rank 0] comp time (avg. per thread and iter): 63.565470us
[rank 0] comm time (avg. per thread and iter): 133.951232us
[rank 0] overlap: 47.45%
[rank 1] post time (avg. per thread and iter): 45.498503us
[rank 1] wait time (avg. per thread and iter): 24.446678us
[rank 1] comp time (avg. per thread and iter): 63.683222us
[rank 1] comm time (avg. per thread and iter): 133.628403us
[rank 1] overlap: 47.66%
[0] MPI startup(): Intel(R) MPI Library, Version 2019 Update 12  Build 20210429 (id: e380127cb)
[0] MPI startup(): Copyright (C) 2003-2021 Intel Corporation.  All rights reserved.
[0] MPI startup(): library kind: release
[0] MPI startup(): libfabric version: 1.11.0-impi
[0] MPI startup(): libfabric provider: psm2
[0] MPI startup(): Rank    Pid      Node name     Pin cpu
[0] MPI startup(): 0       1779433  i01r06c06s10  {0,48}
[0] MPI startup(): 1       1779434  i01r06c06s10  {24,72}
[rank 0] post time (avg. per thread and iter): 52.178735us
[rank 0] wait time (avg. per thread and iter): 34.969675us
[rank 0] comp time (avg. per thread and iter): 63.807949us
[rank 0] comm time (avg. per thread and iter): 150.956358us
[rank 0] overlap: 42.27%
[rank 1] post time (avg. per thread and iter): 54.133563us
[rank 1] wait time (avg. per thread and iter): 31.424355us
[rank 1] comp time (avg. per thread and iter): 63.769216us
[rank 1] comm time (avg. per thread and iter): 149.327135us
[rank 1] overlap: 42.70%
[0] MPI startup(): Intel(R) MPI Library, Version 2019 Update 12  Build 20210429 (id: e380127cb)
[0] MPI startup(): Copyright (C) 2003-2021 Intel Corporation.  All rights reserved.
[0] MPI startup(): library kind: release
[0] MPI startup(): libfabric version: 1.11.0-impi
[0] MPI startup(): libfabric provider: psm2
[0] MPI startup(): Rank    Pid      Node name     Pin cpu
[0] MPI startup(): 0       1779529  i01r06c06s10  {0,48}
[0] MPI startup(): 1       1779530  i01r06c06s10  {24,72}
[rank 0] post time (avg. per thread and iter): 73.325972us
[rank 0] wait time (avg. per thread and iter): 64.972000us
[rank 0] comp time (avg. per thread and iter): 64.111218us
[rank 0] comm time (avg. per thread and iter): 202.409191us
[rank 0] overlap: 31.67%
[rank 1] post time (avg. per thread and iter): 73.348688us
[rank 1] wait time (avg. per thread and iter): 68.202683us
[rank 1] comp time (avg. per thread and iter): 64.104416us
[rank 1] comm time (avg. per thread and iter): 205.655787us
[rank 1] overlap: 31.17%
[0] MPI startup(): Intel(R) MPI Library, Version 2019 Update 12  Build 20210429 (id: e380127cb)
[0] MPI startup(): Copyright (C) 2003-2021 Intel Corporation.  All rights reserved.
[0] MPI startup(): library kind: release
[0] MPI startup(): libfabric version: 1.11.0-impi
[0] MPI startup(): libfabric provider: psm2
[0] MPI startup(): Rank    Pid      Node name     Pin cpu
[0] MPI startup(): 0       1779625  i01r06c06s10  {0,48}
[0] MPI startup(): 1       1779626  i01r06c06s10  {24,72}
[rank 0] post time (avg. per thread and iter): 58.387583us
[rank 0] wait time (avg. per thread and iter): 581.112346us
[rank 0] comp time (avg. per thread and iter): 64.088508us
[rank 0] comm time (avg. per thread and iter): 703.588437us
[rank 0] overlap: 9.11%
[rank 1] post time (avg. per thread and iter): 63.560011us
[rank 1] wait time (avg. per thread and iter): 576.300882us
[rank 1] comp time (avg. per thread and iter): 63.985477us
[rank 1] comm time (avg. per thread and iter): 703.846370us
[rank 1] overlap: 9.09%
[0] MPI startup(): Intel(R) MPI Library, Version 2019 Update 12  Build 20210429 (id: e380127cb)
[0] MPI startup(): Copyright (C) 2003-2021 Intel Corporation.  All rights reserved.
[0] MPI startup(): library kind: release
[0] MPI startup(): libfabric version: 1.11.0-impi
[0] MPI startup(): libfabric provider: psm2
[0] MPI startup(): Rank    Pid      Node name     Pin cpu
[0] MPI startup(): 0       1779719  i01r06c06s10  {0,48}
[0] MPI startup(): 1       1779720  i01r06c06s10  {24,72}
[rank 1] post time (avg. per thread and iter): 1044.406976us
[rank 1] wait time (avg. per thread and iter): 3031.121874us
[rank 1] comp time (avg. per thread and iter): 65.101850us
[rank 1] comm time (avg. per thread and iter): 4140.630699us
[rank 1] overlap: 1.57%
[rank 0] post time (avg. per thread and iter): 1405.493088us
[rank 0] wait time (avg. per thread and iter): 2781.705148us
[rank 0] comp time (avg. per thread and iter): 65.455151us
[rank 0] comm time (avg. per thread and iter): 4252.653387us
[rank 0] overlap: 1.54%
[0] MPI startup(): Intel(R) MPI Library, Version 2019 Update 12  Build 20210429 (id: e380127cb)
[0] MPI startup(): Copyright (C) 2003-2021 Intel Corporation.  All rights reserved.
[0] MPI startup(): library kind: release
[0] MPI startup(): libfabric version: 1.11.0-impi
[0] MPI startup(): libfabric provider: psm2
[0] MPI startup(): Rank    Pid      Node name     Pin cpu
[0] MPI startup(): 0       1779912  i01r06c06s10  {0,48}
[0] MPI startup(): 1       1779913  i01r06c06s10  {24,72}
[rank 0] post time (avg. per thread and iter): 18927.022322us
[rank 0] wait time (avg. per thread and iter): 18491.814091us
[rank 0] comp time (avg. per thread and iter): 66.537764us
[rank 0] comm time (avg. per thread and iter): 37485.374177us
[rank 0] overlap: 0.18%
[rank 1] post time (avg. per thread and iter): 19187.748481us
[rank 1] wait time (avg. per thread and iter): 18482.536075us
[rank 1] comp time (avg. per thread and iter): 66.676482us
[rank 1] comm time (avg. per thread and iter): 37736.961038us
[rank 1] overlap: 0.18%
[0] MPI startup(): Intel(R) MPI Library, Version 2019 Update 12  Build 20210429 (id: e380127cb)
[0] MPI startup(): Copyright (C) 2003-2021 Intel Corporation.  All rights reserved.
[0] MPI startup(): library kind: release
[0] MPI startup(): libfabric version: 1.11.0-impi
[0] MPI startup(): libfabric provider: psm2
[0] MPI startup(): Rank    Pid      Node name     Pin cpu
[0] MPI startup(): 0       1780151  i01r06c06s10  {0,48}
[0] MPI startup(): 1       1780152  i01r06c06s10  {24,72}
[rank 1] post time (avg. per thread and iter): 9742.697972us
[rank 1] wait time (avg. per thread and iter): 377135.597796us
[rank 1] comp time (avg. per thread and iter): 65.610612us
[rank 1] comm time (avg. per thread and iter): 386943.906379us
[rank 1] overlap: 0.02%
[rank 0] post time (avg. per thread and iter): 7815.645814us
[rank 0] wait time (avg. per thread and iter): 383138.673198us
[rank 0] comp time (avg. per thread and iter): 65.516973us
[rank 0] comm time (avg. per thread and iter): 391019.835985us
[rank 0] overlap: 0.02%
[0] MPI startup(): Intel(R) MPI Library, Version 2019 Update 12  Build 20210429 (id: e380127cb)
[0] MPI startup(): Copyright (C) 2003-2021 Intel Corporation.  All rights reserved.
[0] MPI startup(): library kind: release
[0] MPI startup(): libfabric version: 1.11.0-impi
[0] MPI startup(): libfabric provider: psm2
[0] MPI startup(): Rank    Pid      Node name     Pin cpu
[0] MPI startup(): 0       1781997  i01r06c06s10  {0,48}
[0] MPI startup(): 1       1781998  i01r06c06s10  {24,72}
[rank 0] post time (avg. per thread and iter): 115491.667421us
[rank 0] wait time (avg. per thread and iter): 3814843.144531us
[rank 0] comp time (avg. per thread and iter): 65.602355us
[rank 0] comm time (avg. per thread and iter): 3930400.414307us
[rank 0] overlap: 0.00%
[rank 1] post time (avg. per thread and iter): 156280.688676us
[rank 1] wait time (avg. per thread and iter): 3764197.124562us
[rank 1] comp time (avg. per thread and iter): 65.677412us
[rank 1] comm time (avg. per thread and iter): 3920543.490650us
[rank 1] overlap: 0.00%
[0] MPI startup(): Intel(R) MPI Library, Version 2019 Update 12  Build 20210429 (id: e380127cb)
[0] MPI startup(): Copyright (C) 2003-2021 Intel Corporation.  All rights reserved.
[0] MPI startup(): library kind: release
[0] MPI startup(): libfabric version: 1.11.0-impi
[0] MPI startup(): libfabric provider: psm2
[0] MPI startup(): Rank    Pid      Node name     Pin cpu
[0] MPI startup(): 0       1799873  i01r06c06s10  {0,48}
[0] MPI startup(): 1       1799874  i01r06c06s10  {24,72}
[rank 0] post time (avg. per thread and iter): 46.262802us
[rank 0] wait time (avg. per thread and iter): 26.458242us
[rank 0] comp time (avg. per thread and iter): 153.833684us
[rank 0] comm time (avg. per thread and iter): 226.554729us
[rank 0] overlap: 67.90%
[rank 1] post time (avg. per thread and iter): 47.104853us
[rank 1] wait time (avg. per thread and iter): 25.801941us
[rank 1] comp time (avg. per thread and iter): 153.969742us
[rank 1] comm time (avg. per thread and iter): 226.876536us
[rank 1] overlap: 67.86%
[0] MPI startup(): Intel(R) MPI Library, Version 2019 Update 12  Build 20210429 (id: e380127cb)
[0] MPI startup(): Copyright (C) 2003-2021 Intel Corporation.  All rights reserved.
[0] MPI startup(): library kind: release
[0] MPI startup(): libfabric version: 1.11.0-impi
[0] MPI startup(): libfabric provider: psm2
[0] MPI startup(): Rank    Pid      Node name     Pin cpu
[0] MPI startup(): 0       1799969  i01r06c06s10  {0,48}
[0] MPI startup(): 1       1799970  i01r06c06s10  {24,72}
[rank 0] post time (avg. per thread and iter): 54.254575us
[rank 0] wait time (avg. per thread and iter): 31.224394us
[rank 0] comp time (avg. per thread and iter): 153.805679us
[rank 0] comm time (avg. per thread and iter): 239.284649us
[rank 0] overlap: 64.28%
[rank 1] post time (avg. per thread and iter): 55.489388us
[rank 1] wait time (avg. per thread and iter): 30.564688us
[rank 1] comp time (avg. per thread and iter): 154.018545us
[rank 1] comm time (avg. per thread and iter): 240.072621us
[rank 1] overlap: 64.15%
[0] MPI startup(): Intel(R) MPI Library, Version 2019 Update 12  Build 20210429 (id: e380127cb)
[0] MPI startup(): Copyright (C) 2003-2021 Intel Corporation.  All rights reserved.
[0] MPI startup(): library kind: release
[0] MPI startup(): libfabric version: 1.11.0-impi
[0] MPI startup(): libfabric provider: psm2
[0] MPI startup(): Rank    Pid      Node name     Pin cpu
[0] MPI startup(): 0       1800065  i01r06c06s10  {0,48}
[0] MPI startup(): 1       1800066  i01r06c06s10  {24,72}
[rank 0] post time (avg. per thread and iter): 64.893936us
[rank 0] wait time (avg. per thread and iter): 47.966817us
[rank 0] comp time (avg. per thread and iter): 154.004967us
[rank 0] comm time (avg. per thread and iter): 266.865720us
[rank 0] overlap: 57.71%
[rank 1] post time (avg. per thread and iter): 65.141958us
[rank 1] wait time (avg. per thread and iter): 48.131584us
[rank 1] comp time (avg. per thread and iter): 154.057032us
[rank 1] comm time (avg. per thread and iter): 267.330574us
[rank 1] overlap: 57.63%
[0] MPI startup(): Intel(R) MPI Library, Version 2019 Update 12  Build 20210429 (id: e380127cb)
[0] MPI startup(): Copyright (C) 2003-2021 Intel Corporation.  All rights reserved.
[0] MPI startup(): library kind: release
[0] MPI startup(): libfabric version: 1.11.0-impi
[0] MPI startup(): libfabric provider: psm2
[0] MPI startup(): Rank    Pid      Node name     Pin cpu
[0] MPI startup(): 0       1800159  i01r06c06s10  {0,48}
[0] MPI startup(): 1       1800160  i01r06c06s10  {24,72}
[rank 0] post time (avg. per thread and iter): 55.568486us
[rank 0] wait time (avg. per thread and iter): 595.684142us
[rank 0] comp time (avg. per thread and iter): 154.655302us
[rank 0] comm time (avg. per thread and iter): 805.907930us
[rank 0] overlap: 19.19%
[rank 1] post time (avg. per thread and iter): 55.350856us
[rank 1] wait time (avg. per thread and iter): 595.340295us
[rank 1] comp time (avg. per thread and iter): 154.894231us
[rank 1] comm time (avg. per thread and iter): 805.585382us
[rank 1] overlap: 19.23%
[0] MPI startup(): Intel(R) MPI Library, Version 2019 Update 12  Build 20210429 (id: e380127cb)
[0] MPI startup(): Copyright (C) 2003-2021 Intel Corporation.  All rights reserved.
[0] MPI startup(): library kind: release
[0] MPI startup(): libfabric version: 1.11.0-impi
[0] MPI startup(): libfabric provider: psm2
[0] MPI startup(): Rank    Pid      Node name     Pin cpu
[0] MPI startup(): 0       1800256  i01r06c06s10  {0,48}
[0] MPI startup(): 1       1800257  i01r06c06s10  {24,72}
[rank 0] post time (avg. per thread and iter): 344.586121us
[rank 0] wait time (avg. per thread and iter): 3438.173243us
[rank 0] comp time (avg. per thread and iter): 154.568373us
[rank 0] comm time (avg. per thread and iter): 3937.327738us
[rank 0] overlap: 3.93%
[rank 1] post time (avg. per thread and iter): 410.417334us
[rank 1] wait time (avg. per thread and iter): 3392.327044us
[rank 1] comp time (avg. per thread and iter): 154.841497us
[rank 1] comm time (avg. per thread and iter): 3957.585875us
[rank 1] overlap: 3.91%
[0] MPI startup(): Intel(R) MPI Library, Version 2019 Update 12  Build 20210429 (id: e380127cb)
[0] MPI startup(): Copyright (C) 2003-2021 Intel Corporation.  All rights reserved.
[0] MPI startup(): library kind: release
[0] MPI startup(): libfabric version: 1.11.0-impi
[0] MPI startup(): libfabric provider: psm2
[0] MPI startup(): Rank    Pid      Node name     Pin cpu
[0] MPI startup(): 0       1800356  i01r06c06s10  {0,48}
[0] MPI startup(): 1       1800357  i01r06c06s10  {24,72}
[rank 0] post time (avg. per thread and iter): 15856.579204us
[rank 0] wait time (avg. per thread and iter): 21388.138450us
[rank 0] comp time (avg. per thread and iter): 156.376494us
[rank 0] comm time (avg. per thread and iter): 37401.094148us
[rank 0] overlap: 0.42%
[rank 1] post time (avg. per thread and iter): 16240.528397us
[rank 1] wait time (avg. per thread and iter): 21325.437338us
[rank 1] comp time (avg. per thread and iter): 156.529514us
[rank 1] comm time (avg. per thread and iter): 37722.495248us
[rank 1] overlap: 0.41%
[0] MPI startup(): Intel(R) MPI Library, Version 2019 Update 12  Build 20210429 (id: e380127cb)
[0] MPI startup(): Copyright (C) 2003-2021 Intel Corporation.  All rights reserved.
[0] MPI startup(): library kind: release
[0] MPI startup(): libfabric version: 1.11.0-impi
[0] MPI startup(): libfabric provider: psm2
[0] MPI startup(): Rank    Pid      Node name     Pin cpu
[0] MPI startup(): 0       1800577  i01r06c06s10  {0,48}
[0] MPI startup(): 1       1800578  i01r06c06s10  {24,72}
[rank 1] post time (avg. per thread and iter): 69.991315us
[rank 1] wait time (avg. per thread and iter): 384402.236268us
[rank 1] comp time (avg. per thread and iter): 155.570456us
[rank 1] comm time (avg. per thread and iter): 384627.798039us
[rank 1] overlap: 0.04%
[rank 0] post time (avg. per thread and iter): 66.233352us
[rank 0] wait time (avg. per thread and iter): 388283.860586us
[rank 0] comp time (avg. per thread and iter): 155.527323us
[rank 0] comm time (avg. per thread and iter): 388505.621261us
[rank 0] overlap: 0.04%
[0] MPI startup(): Intel(R) MPI Library, Version 2019 Update 12  Build 20210429 (id: e380127cb)
[0] MPI startup(): Copyright (C) 2003-2021 Intel Corporation.  All rights reserved.
[0] MPI startup(): library kind: release
[0] MPI startup(): libfabric version: 1.11.0-impi
[0] MPI startup(): libfabric provider: psm2
[0] MPI startup(): Rank    Pid      Node name     Pin cpu
[0] MPI startup(): 0       1802536  i01r06c06s10  {0,48}
[0] MPI startup(): 1       1802537  i01r06c06s10  {24,72}
[rank 0] post time (avg. per thread and iter): 67.288445us
[rank 0] wait time (avg. per thread and iter): 3916030.764953us
[rank 0] comp time (avg. per thread and iter): 155.583387us
[rank 0] comm time (avg. per thread and iter): 3916253.636785us
[rank 0] overlap: 0.00%
[rank 1] post time (avg. per thread and iter): 277.304977us
[rank 1] wait time (avg. per thread and iter): 3850288.089424us
[rank 1] comp time (avg. per thread and iter): 155.633095us
[rank 1] comm time (avg. per thread and iter): 3850721.027496us
[rank 1] overlap: 0.00%
