Placing MMCSO Threads in 2 MPI processes on each 24th Core of each Node with total 48 Cores
MMCSO_THREAD_AFFINITY=0:23,1:47
[rank 0] post time (avg. per thread and iter): 43.644702us
[rank 0] wait time (avg. per thread and iter): 25.031964us
[rank 0] comp time (avg. per thread and iter): 53.792739us
[rank 0] comm time (avg. per thread and iter): 122.469405us
[rank 0] overlap: 43.92%
[rank 1] post time (avg. per thread and iter): 43.946219us
[rank 1] wait time (avg. per thread and iter): 24.864206us
[rank 1] comp time (avg. per thread and iter): 53.793069us
[rank 1] comm time (avg. per thread and iter): 122.603495us
[rank 1] overlap: 43.88%
[rank 0] post time (avg. per thread and iter): 52.720118us
[rank 0] wait time (avg. per thread and iter): 37.127600us
[rank 0] comp time (avg. per thread and iter): 53.852464us
[rank 0] comm time (avg. per thread and iter): 143.700182us
[rank 0] overlap: 37.48%
[rank 1] post time (avg. per thread and iter): 53.788258us
[rank 1] wait time (avg. per thread and iter): 35.000297us
[rank 1] comp time (avg. per thread and iter): 53.820327us
[rank 1] comm time (avg. per thread and iter): 142.608882us
[rank 1] overlap: 37.74%
[rank 0] post time (avg. per thread and iter): 69.259564us
[rank 0] wait time (avg. per thread and iter): 61.404808us
[rank 0] comp time (avg. per thread and iter): 54.026319us
[rank 0] comm time (avg. per thread and iter): 184.690691us
[rank 0] overlap: 29.25%
[rank 1] post time (avg. per thread and iter): 70.314452us
[rank 1] wait time (avg. per thread and iter): 63.651114us
[rank 1] comp time (avg. per thread and iter): 54.069244us
[rank 1] comm time (avg. per thread and iter): 188.034810us
[rank 1] overlap: 28.75%
[rank 0] post time (avg. per thread and iter): 64.964225us
[rank 0] wait time (avg. per thread and iter): 575.770606us
[rank 0] comp time (avg. per thread and iter): 54.151121us
[rank 0] comm time (avg. per thread and iter): 694.885951us
[rank 0] overlap: 7.79%
[rank 1] post time (avg. per thread and iter): 68.515385us
[rank 1] wait time (avg. per thread and iter): 570.634713us
[rank 1] comp time (avg. per thread and iter): 54.106486us
[rank 1] comm time (avg. per thread and iter): 693.256584us
[rank 1] overlap: 7.80%
[rank 0] post time (avg. per thread and iter): 589.889082us
[rank 0] wait time (avg. per thread and iter): 3300.622819us
[rank 0] comp time (avg. per thread and iter): 54.580902us
[rank 0] comm time (avg. per thread and iter): 3945.092803us
[rank 0] overlap: 1.38%
[rank 1] post time (avg. per thread and iter): 2276.150970us
[rank 1] wait time (avg. per thread and iter): 2161.883580us
[rank 1] comp time (avg. per thread and iter): 56.397674us
[rank 1] comm time (avg. per thread and iter): 4494.432224us
[rank 1] overlap: 1.25%
[rank 0] post time (avg. per thread and iter): 19093.372374us
[rank 0] wait time (avg. per thread and iter): 18298.018535us
[rank 0] comp time (avg. per thread and iter): 56.754057us
[rank 0] comm time (avg. per thread and iter): 37448.144966us
[rank 0] overlap: 0.15%
[rank 1] post time (avg. per thread and iter): 19659.352811us
[rank 1] wait time (avg. per thread and iter): 17926.619022us
[rank 1] comp time (avg. per thread and iter): 56.752641us
[rank 1] comm time (avg. per thread and iter): 37642.724474us
[rank 1] overlap: 0.15%
[rank 0] post time (avg. per thread and iter): 16642.272762us
[rank 0] wait time (avg. per thread and iter): 373632.884697us
[rank 0] comp time (avg. per thread and iter): 55.639161us
[rank 0] comm time (avg. per thread and iter): 390330.796620us
[rank 0] overlap: 0.01%
[rank 1] post time (avg. per thread and iter): 17050.480964us
[rank 1] wait time (avg. per thread and iter): 375000.424687us
[rank 1] comp time (avg. per thread and iter): 55.700093us
[rank 1] comm time (avg. per thread and iter): 392106.605743us
[rank 1] overlap: 0.01%
[rank 0] post time (avg. per thread and iter): 175572.148394us
[rank 0] wait time (avg. per thread and iter): 3780919.244233us
[rank 0] comp time (avg. per thread and iter): 55.869297us
[rank 0] comm time (avg. per thread and iter): 3956547.261923us
[rank 0] overlap: 0.00%
[rank 1] post time (avg. per thread and iter): 207090.177618us
[rank 1] wait time (avg. per thread and iter): 3707331.642547us
[rank 1] comp time (avg. per thread and iter): 55.814507us
[rank 1] comm time (avg. per thread and iter): 3914477.634671us
[rank 1] overlap: 0.00%
[rank 0] post time (avg. per thread and iter): 43.549152us
[rank 0] wait time (avg. per thread and iter): 25.302874us
[rank 0] comp time (avg. per thread and iter): 54.630318us
[rank 0] comm time (avg. per thread and iter): 123.482344us
[rank 0] overlap: 44.24%
[rank 1] post time (avg. per thread and iter): 43.262825us
[rank 1] wait time (avg. per thread and iter): 26.473994us
[rank 1] comp time (avg. per thread and iter): 54.696269us
[rank 1] comm time (avg. per thread and iter): 124.433087us
[rank 1] overlap: 43.96%
[rank 0] post time (avg. per thread and iter): 53.404394us
[rank 0] wait time (avg. per thread and iter): 34.928824us
[rank 0] comp time (avg. per thread and iter): 54.794441us
[rank 0] comm time (avg. per thread and iter): 143.127660us
[rank 0] overlap: 38.28%
[rank 1] post time (avg. per thread and iter): 51.401390us
[rank 1] wait time (avg. per thread and iter): 35.301366us
[rank 1] comp time (avg. per thread and iter): 54.795888us
[rank 1] comm time (avg. per thread and iter): 141.498644us
[rank 1] overlap: 38.73%
[rank 0] post time (avg. per thread and iter): 68.637791us
[rank 0] wait time (avg. per thread and iter): 61.032577us
[rank 0] comp time (avg. per thread and iter): 54.873333us
[rank 0] comm time (avg. per thread and iter): 184.543701us
[rank 0] overlap: 29.73%
[rank 1] post time (avg. per thread and iter): 69.533691us
[rank 1] wait time (avg. per thread and iter): 61.796923us
[rank 1] comp time (avg. per thread and iter): 54.914768us
[rank 1] comm time (avg. per thread and iter): 186.245381us
[rank 1] overlap: 29.49%
[rank 0] post time (avg. per thread and iter): 68.467431us
[rank 0] wait time (avg. per thread and iter): 584.191015us
[rank 0] comp time (avg. per thread and iter): 55.075150us
[rank 0] comm time (avg. per thread and iter): 707.733596us
[rank 0] overlap: 7.78%
[rank 1] post time (avg. per thread and iter): 69.299724us
[rank 1] wait time (avg. per thread and iter): 583.297899us
[rank 1] comp time (avg. per thread and iter): 55.120232us
[rank 1] comm time (avg. per thread and iter): 707.717855us
[rank 1] overlap: 7.79%
[rank 0] post time (avg. per thread and iter): 898.928752us
[rank 0] wait time (avg. per thread and iter): 3072.827418us
[rank 0] comp time (avg. per thread and iter): 55.741321us
[rank 0] comm time (avg. per thread and iter): 4027.497490us
[rank 0] overlap: 1.38%
[rank 1] post time (avg. per thread and iter): 1848.186045us
[rank 1] wait time (avg. per thread and iter): 2400.944442us
[rank 1] comp time (avg. per thread and iter): 56.818868us
[rank 1] comm time (avg. per thread and iter): 4305.949355us
[rank 1] overlap: 1.32%
[rank 0] post time (avg. per thread and iter): 19640.799117us
[rank 0] wait time (avg. per thread and iter): 18043.619886us
[rank 0] comp time (avg. per thread and iter): 57.616843us
[rank 0] comm time (avg. per thread and iter): 37742.035846us
[rank 0] overlap: 0.15%
[rank 1] post time (avg. per thread and iter): 19270.317804us
[rank 1] wait time (avg. per thread and iter): 18399.741841us
[rank 1] comp time (avg. per thread and iter): 57.690870us
[rank 1] comm time (avg. per thread and iter): 37727.750515us
[rank 1] overlap: 0.15%
[rank 0] post time (avg. per thread and iter): 14924.664871us
[rank 0] wait time (avg. per thread and iter): 376338.735566us
[rank 0] comp time (avg. per thread and iter): 56.549526us
[rank 0] comm time (avg. per thread and iter): 391319.949963us
[rank 0] overlap: 0.01%
[rank 1] post time (avg. per thread and iter): 16911.669012us
[rank 1] wait time (avg. per thread and iter): 373336.695229us
[rank 1] comp time (avg. per thread and iter): 56.608956us
[rank 1] comm time (avg. per thread and iter): 390304.973198us
[rank 1] overlap: 0.01%
[rank 0] post time (avg. per thread and iter): 171958.108977us
[rank 0] wait time (avg. per thread and iter): 3736048.677644us
[rank 0] comp time (avg. per thread and iter): 56.659249us
[rank 0] comm time (avg. per thread and iter): 3908063.445870us
[rank 0] overlap: 0.00%
[rank 1] post time (avg. per thread and iter): 201161.277785us
[rank 1] wait time (avg. per thread and iter): 3740661.269585us
[rank 1] comp time (avg. per thread and iter): 56.825798us
[rank 1] comm time (avg. per thread and iter): 3941879.373168us
[rank 1] overlap: 0.00%
[rank 0] post time (avg. per thread and iter): 44.337801us
[rank 0] wait time (avg. per thread and iter): 24.543068us
[rank 0] comp time (avg. per thread and iter): 63.730748us
[rank 0] comm time (avg. per thread and iter): 132.611617us
[rank 0] overlap: 48.06%
[rank 1] post time (avg. per thread and iter): 44.375164us
[rank 1] wait time (avg. per thread and iter): 25.885737us
[rank 1] comp time (avg. per thread and iter): 63.594750us
[rank 1] comm time (avg. per thread and iter): 133.855651us
[rank 1] overlap: 47.51%
[rank 0] post time (avg. per thread and iter): 52.315106us
[rank 0] wait time (avg. per thread and iter): 31.885299us
[rank 0] comp time (avg. per thread and iter): 63.655751us
[rank 0] comm time (avg. per thread and iter): 147.856156us
[rank 0] overlap: 43.05%
[rank 1] post time (avg. per thread and iter): 52.272195us
[rank 1] wait time (avg. per thread and iter): 30.612486us
[rank 1] comp time (avg. per thread and iter): 63.735260us
[rank 1] comm time (avg. per thread and iter): 146.619940us
[rank 1] overlap: 43.47%
[rank 0] post time (avg. per thread and iter): 66.884614us
[rank 0] wait time (avg. per thread and iter): 57.899480us
[rank 0] comp time (avg. per thread and iter): 63.909149us
[rank 0] comm time (avg. per thread and iter): 188.693243us
[rank 0] overlap: 33.87%
[rank 1] post time (avg. per thread and iter): 67.357342us
[rank 1] wait time (avg. per thread and iter): 56.968938us
[rank 1] comp time (avg. per thread and iter): 63.898606us
[rank 1] comm time (avg. per thread and iter): 188.224886us
[rank 1] overlap: 33.95%
[rank 0] post time (avg. per thread and iter): 59.632530us
[rank 0] wait time (avg. per thread and iter): 581.321012us
[rank 0] comp time (avg. per thread and iter): 64.160049us
[rank 0] comm time (avg. per thread and iter): 705.113591us
[rank 0] overlap: 9.10%
[rank 1] post time (avg. per thread and iter): 60.396182us
[rank 1] wait time (avg. per thread and iter): 580.621473us
[rank 1] comp time (avg. per thread and iter): 64.161162us
[rank 1] comm time (avg. per thread and iter): 705.178818us
[rank 1] overlap: 9.10%
[rank 0] post time (avg. per thread and iter): 1269.881145us
[rank 0] wait time (avg. per thread and iter): 2934.509005us
[rank 0] comp time (avg. per thread and iter): 65.317339us
[rank 0] comm time (avg. per thread and iter): 4269.707489us
[rank 0] overlap: 1.53%
[rank 1] post time (avg. per thread and iter): 1316.973531us
[rank 1] wait time (avg. per thread and iter): 2894.576820us
[rank 1] comp time (avg. per thread and iter): 65.444929us
[rank 1] comm time (avg. per thread and iter): 4276.995280us
[rank 1] overlap: 1.53%
[rank 0] post time (avg. per thread and iter): 18955.711353us
[rank 0] wait time (avg. per thread and iter): 18560.882583us
[rank 0] comp time (avg. per thread and iter): 66.568449us
[rank 0] comm time (avg. per thread and iter): 37583.162385us
[rank 0] overlap: 0.18%
[rank 1] post time (avg. per thread and iter): 19352.575955us
[rank 1] wait time (avg. per thread and iter): 18294.028826us
[rank 1] comp time (avg. per thread and iter): 66.703991us
[rank 1] comm time (avg. per thread and iter): 37713.308772us
[rank 1] overlap: 0.18%
[rank 0] post time (avg. per thread and iter): 8189.856177us
[rank 0] wait time (avg. per thread and iter): 383116.543560us
[rank 0] comp time (avg. per thread and iter): 65.500172us
[rank 0] comm time (avg. per thread and iter): 391371.899909us
[rank 0] overlap: 0.02%
[rank 1] post time (avg. per thread and iter): 8392.925577us
[rank 1] wait time (avg. per thread and iter): 378207.323628us
[rank 1] comp time (avg. per thread and iter): 65.563068us
[rank 1] comm time (avg. per thread and iter): 386665.812274us
[rank 1] overlap: 0.02%
[rank 0] post time (avg. per thread and iter): 119680.645898us
[rank 0] wait time (avg. per thread and iter): 3818029.809355us
[rank 0] comp time (avg. per thread and iter): 65.669224us
[rank 0] comm time (avg. per thread and iter): 3937776.124478us
[rank 0] overlap: 0.00%
[rank 1] post time (avg. per thread and iter): 114280.115793us
[rank 1] wait time (avg. per thread and iter): 3784522.816041us
[rank 1] comp time (avg. per thread and iter): 65.721526us
[rank 1] comm time (avg. per thread and iter): 3898868.653359us
[rank 1] overlap: 0.00%
[rank 0] post time (avg. per thread and iter): 46.675593us
[rank 0] wait time (avg. per thread and iter): 26.057769us
[rank 0] comp time (avg. per thread and iter): 153.869496us
[rank 0] comm time (avg. per thread and iter): 226.602859us
[rank 0] overlap: 67.90%
[rank 1] post time (avg. per thread and iter): 47.118444us
[rank 1] wait time (avg. per thread and iter): 24.498503us
[rank 1] comp time (avg. per thread and iter): 153.863004us
[rank 1] comm time (avg. per thread and iter): 225.479951us
[rank 1] overlap: 68.24%
[rank 0] post time (avg. per thread and iter): 54.165254us
[rank 0] wait time (avg. per thread and iter): 30.340716us
[rank 0] comp time (avg. per thread and iter): 153.947222us
[rank 0] comm time (avg. per thread and iter): 238.453192us
[rank 0] overlap: 64.56%
[rank 1] post time (avg. per thread and iter): 54.491393us
[rank 1] wait time (avg. per thread and iter): 30.043261us
[rank 1] comp time (avg. per thread and iter): 153.902345us
[rank 1] comm time (avg. per thread and iter): 238.437000us
[rank 1] overlap: 64.55%
[rank 0] post time (avg. per thread and iter): 64.509384us
[rank 0] wait time (avg. per thread and iter): 47.799819us
[rank 0] comp time (avg. per thread and iter): 153.961652us
[rank 0] comm time (avg. per thread and iter): 266.270854us
[rank 0] overlap: 57.82%
[rank 1] post time (avg. per thread and iter): 64.384935us
[rank 1] wait time (avg. per thread and iter): 48.074276us
[rank 1] comp time (avg. per thread and iter): 154.063639us
[rank 1] comm time (avg. per thread and iter): 266.522850us
[rank 1] overlap: 57.81%
[rank 0] post time (avg. per thread and iter): 54.824150us
[rank 0] wait time (avg. per thread and iter): 591.716537us
[rank 0] comp time (avg. per thread and iter): 154.677149us
[rank 0] comm time (avg. per thread and iter): 801.217835us
[rank 0] overlap: 19.31%
[rank 1] post time (avg. per thread and iter): 55.670296us
[rank 1] wait time (avg. per thread and iter): 590.547178us
[rank 1] comp time (avg. per thread and iter): 154.957242us
[rank 1] comm time (avg. per thread and iter): 801.174716us
[rank 1] overlap: 19.34%
[rank 0] post time (avg. per thread and iter): 326.837405us
[rank 0] wait time (avg. per thread and iter): 3380.554499us
[rank 0] comp time (avg. per thread and iter): 154.566125us
[rank 0] comm time (avg. per thread and iter): 3861.958029us
[rank 0] overlap: 4.00%
[rank 1] post time (avg. per thread and iter): 427.620776us
[rank 1] wait time (avg. per thread and iter): 3311.585203us
[rank 1] comp time (avg. per thread and iter): 154.717166us
[rank 1] comm time (avg. per thread and iter): 3893.923146us
[rank 1] overlap: 3.97%
[rank 0] post time (avg. per thread and iter): 15566.719558us
[rank 0] wait time (avg. per thread and iter): 21875.992743us
[rank 0] comp time (avg. per thread and iter): 156.321248us
[rank 0] comm time (avg. per thread and iter): 37599.033549us
[rank 0] overlap: 0.42%
[rank 1] post time (avg. per thread and iter): 16367.789968us
[rank 1] wait time (avg. per thread and iter): 21436.057894us
[rank 1] comp time (avg. per thread and iter): 156.521254us
[rank 1] comm time (avg. per thread and iter): 37960.369117us
[rank 1] overlap: 0.41%
[rank 1] post time (avg. per thread and iter): 68.536746us
[rank 1] wait time (avg. per thread and iter): 381316.354830us
[rank 1] comp time (avg. per thread and iter): 155.573206us
[rank 1] comm time (avg. per thread and iter): 381540.464782us
[rank 1] overlap: 0.04%
[rank 0] post time (avg. per thread and iter): 68.520520us
[rank 0] wait time (avg. per thread and iter): 389630.502371us
[rank 0] comp time (avg. per thread and iter): 155.464757us
[rank 0] comm time (avg. per thread and iter): 389854.487648us
[rank 0] overlap: 0.04%

===================================================================================
=   BAD TERMINATION OF ONE OF YOUR APPLICATION PROCESSES
=   RANK 0 PID 1648346 RUNNING AT i01r11c06s12
=   KILLED BY SIGNAL: 15 (Terminated)
===================================================================================
