Placing MMCSO Threads in 4 MPI processes on each 24th Core of each Node with total 48 Cores
MMCSO_THREAD_AFFINITY=0:23,1:47,2:23,3:47
[rank 2] post time (avg. per thread and iter): 58.675725us
[rank 2] wait time (avg. per thread and iter): 19.989843us
[rank 2] comp time (avg. per thread and iter): 53.886687us
[rank 2] comm time (avg. per thread and iter): 132.552254us
[rank 2] overlap: 40.65%
[rank 3] post time (avg. per thread and iter): 56.919829us
[rank 3] wait time (avg. per thread and iter): 18.571451us
[rank 3] comp time (avg. per thread and iter): 53.791123us
[rank 3] comm time (avg. per thread and iter): 129.282403us
[rank 3] overlap: 41.61%
[rank 0] post time (avg. per thread and iter): 56.432032us
[rank 0] wait time (avg. per thread and iter): 27.839354us
[rank 0] comp time (avg. per thread and iter): 53.814991us
[rank 0] comm time (avg. per thread and iter): 138.086377us
[rank 0] overlap: 38.97%
[rank 1] post time (avg. per thread and iter): 54.942808us
[rank 1] wait time (avg. per thread and iter): 24.450608us
[rank 1] comp time (avg. per thread and iter): 53.837342us
[rank 1] comm time (avg. per thread and iter): 133.230758us
[rank 1] overlap: 40.41%
[rank 3] post time (avg. per thread and iter): 86.743239us
[rank 3] wait time (avg. per thread and iter): 53.676388us
[rank 3] comp time (avg. per thread and iter): 53.996857us
[rank 3] comm time (avg. per thread and iter): 194.416484us
[rank 3] overlap: 27.77%
[rank 1] post time (avg. per thread and iter): 84.625026us
[rank 1] wait time (avg. per thread and iter): 58.895572us
[rank 1] comp time (avg. per thread and iter): 54.037903us
[rank 1] comm time (avg. per thread and iter): 197.558500us
[rank 1] overlap: 27.35%
[rank 2] post time (avg. per thread and iter): 84.822773us
[rank 2] wait time (avg. per thread and iter): 51.979191us
[rank 2] comp time (avg. per thread and iter): 54.032864us
[rank 2] comm time (avg. per thread and iter): 190.834828us
[rank 2] overlap: 28.31%
[rank 0] post time (avg. per thread and iter): 80.742995us
[rank 0] wait time (avg. per thread and iter): 54.581889us
[rank 0] comp time (avg. per thread and iter): 53.958902us
[rank 0] comm time (avg. per thread and iter): 189.283786us
[rank 0] overlap: 28.51%
[rank 1] post time (avg. per thread and iter): 134.078753us
[rank 1] wait time (avg. per thread and iter): 500.781557us
[rank 1] comp time (avg. per thread and iter): 53.835364us
[rank 1] comm time (avg. per thread and iter): 688.695674us
[rank 1] overlap: 7.82%
[rank 2] post time (avg. per thread and iter): 329.451227us
[rank 2] wait time (avg. per thread and iter): 286.331013us
[rank 2] comp time (avg. per thread and iter): 53.807186us
[rank 2] comm time (avg. per thread and iter): 669.589425us
[rank 2] overlap: 8.04%
[rank 3] post time (avg. per thread and iter): 255.810492us
[rank 3] wait time (avg. per thread and iter): 265.332850us
[rank 3] comp time (avg. per thread and iter): 53.827205us
[rank 3] comm time (avg. per thread and iter): 574.970547us
[rank 3] overlap: 9.36%
[rank 0] post time (avg. per thread and iter): 146.820919us
[rank 0] wait time (avg. per thread and iter): 367.259883us
[rank 0] comp time (avg. per thread and iter): 53.871869us
[rank 0] comm time (avg. per thread and iter): 567.952670us
[rank 0] overlap: 9.49%
[rank 2] post time (avg. per thread and iter): 490.107637us
[rank 2] wait time (avg. per thread and iter): 895.488867us
[rank 2] comp time (avg. per thread and iter): 53.591907us
[rank 2] comm time (avg. per thread and iter): 1439.188410us
[rank 2] overlap: 3.72%
[rank 1] post time (avg. per thread and iter): 261.970237us
[rank 1] wait time (avg. per thread and iter): 1108.834204us
[rank 1] comp time (avg. per thread and iter): 53.592115us
[rank 1] comm time (avg. per thread and iter): 1424.396557us
[rank 1] overlap: 3.76%
[rank 3] post time (avg. per thread and iter): 514.602026us
[rank 3] wait time (avg. per thread and iter): 901.145248us
[rank 3] comp time (avg. per thread and iter): 53.656734us
[rank 3] comm time (avg. per thread and iter): 1469.404008us
[rank 3] overlap: 3.65%
[rank 0] post time (avg. per thread and iter): 383.889807us
[rank 0] wait time (avg. per thread and iter): 1002.449744us
[rank 0] comp time (avg. per thread and iter): 53.638378us
[rank 0] comm time (avg. per thread and iter): 1439.977929us
[rank 0] overlap: 3.72%
[rank 3] post time (avg. per thread and iter): 2445.394712us
[rank 3] wait time (avg. per thread and iter): 12761.925973us
[rank 3] comp time (avg. per thread and iter): 55.309776us
[rank 3] comm time (avg. per thread and iter): 15262.630460us
[rank 3] overlap: 0.36%
[rank 2] post time (avg. per thread and iter): 2188.572532us
[rank 2] wait time (avg. per thread and iter): 13480.117340us
[rank 2] comp time (avg. per thread and iter): 55.361341us
[rank 2] comm time (avg. per thread and iter): 15724.051213us
[rank 2] overlap: 0.35%
[rank 1] post time (avg. per thread and iter): 769.850928us
[rank 1] wait time (avg. per thread and iter): 13775.743869us
[rank 1] comp time (avg. per thread and iter): 54.669373us
[rank 1] comm time (avg. per thread and iter): 14600.264170us
[rank 1] overlap: 0.37%
[rank 0] post time (avg. per thread and iter): 2852.900330us
[rank 0] wait time (avg. per thread and iter): 12331.030393us
[rank 0] comp time (avg. per thread and iter): 55.369589us
[rank 0] comm time (avg. per thread and iter): 15239.300311us
[rank 0] overlap: 0.36%
[rank 1] post time (avg. per thread and iter): 164.991433us
[rank 1] wait time (avg. per thread and iter): 125264.043086us
[rank 1] comp time (avg. per thread and iter): 55.228772us
[rank 1] comm time (avg. per thread and iter): 125484.263291us
[rank 1] overlap: 0.04%
[rank 3] post time (avg. per thread and iter): 26283.267415us
[rank 3] wait time (avg. per thread and iter): 101105.135140us
[rank 3] comp time (avg. per thread and iter): 56.136806us
[rank 3] comm time (avg. per thread and iter): 127444.539361us
[rank 3] overlap: 0.04%
[rank 2] post time (avg. per thread and iter): 7769.772401us
[rank 2] wait time (avg. per thread and iter): 126031.562489us
[rank 2] comp time (avg. per thread and iter): 55.547795us
[rank 2] comm time (avg. per thread and iter): 133856.882684us
[rank 2] overlap: 0.04%
[rank 0] post time (avg. per thread and iter): 6776.191145us
[rank 0] wait time (avg. per thread and iter): 118920.256893us
[rank 0] comp time (avg. per thread and iter): 55.739672us
[rank 0] comm time (avg. per thread and iter): 125752.187710us
[rank 0] overlap: 0.04%
[rank 3] post time (avg. per thread and iter): 54.810108us
[rank 3] wait time (avg. per thread and iter): 16.515122us
[rank 3] comp time (avg. per thread and iter): 63.802913us
[rank 3] comm time (avg. per thread and iter): 135.128142us
[rank 3] overlap: 47.22%
[rank 1] post time (avg. per thread and iter): 54.208828us
[rank 1] wait time (avg. per thread and iter): 17.866153us
[rank 1] comp time (avg. per thread and iter): 63.708588us
[rank 1] comm time (avg. per thread and iter): 135.783570us
[rank 1] overlap: 46.92%
[rank 2] post time (avg. per thread and iter): 56.790647us
[rank 2] wait time (avg. per thread and iter): 13.580594us
[rank 2] comp time (avg. per thread and iter): 63.764354us
[rank 2] comm time (avg. per thread and iter): 134.135595us
[rank 2] overlap: 47.54%
[rank 0] post time (avg. per thread and iter): 55.582516us
[rank 0] wait time (avg. per thread and iter): 16.533288us
[rank 0] comp time (avg. per thread and iter): 63.763698us
[rank 0] comm time (avg. per thread and iter): 135.879502us
[rank 0] overlap: 46.93%
[rank 2] post time (avg. per thread and iter): 82.868372us
[rank 2] wait time (avg. per thread and iter): 48.810884us
[rank 2] comp time (avg. per thread and iter): 63.949437us
[rank 2] comm time (avg. per thread and iter): 195.628694us
[rank 2] overlap: 32.69%
[rank 3] post time (avg. per thread and iter): 84.309935us
[rank 3] wait time (avg. per thread and iter): 43.128529us
[rank 3] comp time (avg. per thread and iter): 63.920236us
[rank 3] comm time (avg. per thread and iter): 191.358700us
[rank 3] overlap: 33.40%
[rank 0] post time (avg. per thread and iter): 75.973040us
[rank 0] wait time (avg. per thread and iter): 55.014077us
[rank 0] comp time (avg. per thread and iter): 63.882728us
[rank 0] comm time (avg. per thread and iter): 194.869844us
[rank 0] overlap: 32.78%
[rank 1] post time (avg. per thread and iter): 76.955273us
[rank 1] wait time (avg. per thread and iter): 55.419816us
[rank 1] comp time (avg. per thread and iter): 63.870178us
[rank 1] comm time (avg. per thread and iter): 196.245266us
[rank 1] overlap: 32.55%
[rank 1] post time (avg. per thread and iter): 144.258992us
[rank 1] wait time (avg. per thread and iter): 468.718493us
[rank 1] comp time (avg. per thread and iter): 63.846044us
[rank 1] comm time (avg. per thread and iter): 676.823528us
[rank 1] overlap: 9.43%
[rank 3] post time (avg. per thread and iter): 262.102072us
[rank 3] wait time (avg. per thread and iter): 268.830645us
[rank 3] comp time (avg. per thread and iter): 63.701526us
[rank 3] comm time (avg. per thread and iter): 594.634244us
[rank 3] overlap: 10.71%
[rank 2] post time (avg. per thread and iter): 306.432380us
[rank 2] wait time (avg. per thread and iter): 288.686628us
[rank 2] comp time (avg. per thread and iter): 63.663244us
[rank 2] comm time (avg. per thread and iter): 658.782252us
[rank 2] overlap: 9.66%
[rank 0] post time (avg. per thread and iter): 161.963360us
[rank 0] wait time (avg. per thread and iter): 348.742392us
[rank 0] comp time (avg. per thread and iter): 63.786517us
[rank 0] comm time (avg. per thread and iter): 574.492268us
[rank 0] overlap: 11.10%
[rank 3] post time (avg. per thread and iter): 498.673620us
[rank 3] wait time (avg. per thread and iter): 911.735990us
[rank 3] comp time (avg. per thread and iter): 63.471515us
[rank 3] comm time (avg. per thread and iter): 1473.881125us
[rank 3] overlap: 4.31%
[rank 1] post time (avg. per thread and iter): 248.034313us
[rank 1] wait time (avg. per thread and iter): 1123.265718us
[rank 1] comp time (avg. per thread and iter): 63.635256us
[rank 1] comm time (avg. per thread and iter): 1434.935287us
[rank 1] overlap: 4.43%
[rank 2] post time (avg. per thread and iter): 429.991195us
[rank 2] wait time (avg. per thread and iter): 947.576571us
[rank 2] comp time (avg. per thread and iter): 63.535946us
[rank 2] comm time (avg. per thread and iter): 1441.103713us
[rank 2] overlap: 4.41%
[rank 0] post time (avg. per thread and iter): 416.096437us
[rank 0] wait time (avg. per thread and iter): 967.725866us
[rank 0] comp time (avg. per thread and iter): 63.697497us
[rank 0] comm time (avg. per thread and iter): 1447.519800us
[rank 0] overlap: 4.40%
[rank 1] post time (avg. per thread and iter): 358.864769us
[rank 1] wait time (avg. per thread and iter): 15021.231917us
[rank 1] comp time (avg. per thread and iter): 64.679044us
[rank 1] comm time (avg. per thread and iter): 15444.775730us
[rank 1] overlap: 0.42%
[rank 2] post time (avg. per thread and iter): 2534.618434us
[rank 2] wait time (avg. per thread and iter): 12749.981674us
[rank 2] comp time (avg. per thread and iter): 65.342818us
[rank 2] comm time (avg. per thread and iter): 15349.942926us
[rank 2] overlap: 0.43%
[rank 3] post time (avg. per thread and iter): 4528.228182us
[rank 3] wait time (avg. per thread and iter): 10740.124956us
[rank 3] comp time (avg. per thread and iter): 65.619430us
[rank 3] comm time (avg. per thread and iter): 15333.972569us
[rank 3] overlap: 0.43%
[rank 0] post time (avg. per thread and iter): 1054.840883us
[rank 0] wait time (avg. per thread and iter): 12571.538635us
[rank 0] comp time (avg. per thread and iter): 64.560101us
[rank 0] comm time (avg. per thread and iter): 13690.939619us
[rank 0] overlap: 0.47%
[rank 1] post time (avg. per thread and iter): 255.567005us
[rank 1] wait time (avg. per thread and iter): 127260.523930us
[rank 1] comp time (avg. per thread and iter): 65.068665us
[rank 1] comm time (avg. per thread and iter): 127581.159601us
[rank 1] overlap: 0.05%
[rank 3] post time (avg. per thread and iter): 25705.895854us
[rank 3] wait time (avg. per thread and iter): 100950.382749us
[rank 3] comp time (avg. per thread and iter): 66.111308us
[rank 3] comm time (avg. per thread and iter): 126722.389910us
[rank 3] overlap: 0.05%
[rank 2] post time (avg. per thread and iter): 3957.729086us
[rank 2] wait time (avg. per thread and iter): 130537.716387us
[rank 2] comp time (avg. per thread and iter): 65.345489us
[rank 2] comm time (avg. per thread and iter): 134560.790962us
[rank 2] overlap: 0.05%
[rank 0] post time (avg. per thread and iter): 5177.081656us
[rank 0] wait time (avg. per thread and iter): 118842.023822us
[rank 0] comp time (avg. per thread and iter): 65.543874us
[rank 0] comm time (avg. per thread and iter): 124084.649352us
[rank 0] overlap: 0.05%
[rank 2] post time (avg. per thread and iter): 64.339916us
[rank 2] wait time (avg. per thread and iter): 54.207891us
[rank 2] comp time (avg. per thread and iter): 1055.229557us
[rank 2] comm time (avg. per thread and iter): 1173.777364us
[rank 2] overlap: 89.90%
[rank 1] post time (avg. per thread and iter): 74.266648us
[rank 1] wait time (avg. per thread and iter): 39.189760us
[rank 1] comp time (avg. per thread and iter): 1054.787176us
[rank 1] comm time (avg. per thread and iter): 1168.243584us
[rank 1] overlap: 90.29%
[rank 0] post time (avg. per thread and iter): 76.054896us
[rank 0] wait time (avg. per thread and iter): 35.357706us
[rank 0] comp time (avg. per thread and iter): 1054.379026us
[rank 0] comm time (avg. per thread and iter): 1165.791627us
[rank 0] overlap: 90.44%
[rank 3] post time (avg. per thread and iter): 84.520082us
[rank 3] wait time (avg. per thread and iter): 19.337096us
[rank 3] comp time (avg. per thread and iter): 1055.207602us
[rank 3] comm time (avg. per thread and iter): 1159.064780us
[rank 3] overlap: 91.04%
[rank 1] post time (avg. per thread and iter): 68.828060us
[rank 1] wait time (avg. per thread and iter): 80.129863us
[rank 1] comp time (avg. per thread and iter): 1054.796385us
[rank 1] comm time (avg. per thread and iter): 1203.754308us
[rank 1] overlap: 87.63%
[rank 0] post time (avg. per thread and iter): 94.567302us
[rank 0] wait time (avg. per thread and iter): 40.589734us
[rank 0] comp time (avg. per thread and iter): 1054.734662us
[rank 0] comm time (avg. per thread and iter): 1189.891699us
[rank 0] overlap: 88.64%
[rank 3] post time (avg. per thread and iter): 96.442183us
[rank 3] wait time (avg. per thread and iter): 41.064087us
[rank 3] comp time (avg. per thread and iter): 1054.730902us
[rank 3] comm time (avg. per thread and iter): 1192.237172us
[rank 3] overlap: 88.47%
[rank 2] post time (avg. per thread and iter): 105.599124us
[rank 2] wait time (avg. per thread and iter): 15.955061us
[rank 2] comp time (avg. per thread and iter): 1055.109048us
[rank 2] comm time (avg. per thread and iter): 1176.663233us
[rank 2] overlap: 89.67%
[rank 3] post time (avg. per thread and iter): 188.199198us
[rank 3] wait time (avg. per thread and iter): 145.511740us
[rank 3] comp time (avg. per thread and iter): 1055.366856us
[rank 3] comm time (avg. per thread and iter): 1389.077794us
[rank 3] overlap: 75.98%
[rank 2] post time (avg. per thread and iter): 223.014745us
[rank 2] wait time (avg. per thread and iter): 52.472232us
[rank 2] comp time (avg. per thread and iter): 1056.985976us
[rank 2] comm time (avg. per thread and iter): 1332.472953us
[rank 2] overlap: 79.33%
[rank 1] post time (avg. per thread and iter): 217.072224us
[rank 1] wait time (avg. per thread and iter): 62.456258us
[rank 1] comp time (avg. per thread and iter): 1056.027274us
[rank 1] comm time (avg. per thread and iter): 1335.555756us
[rank 1] overlap: 79.07%
[rank 0] post time (avg. per thread and iter): 159.712263us
[rank 0] wait time (avg. per thread and iter): 127.200065us
[rank 0] comp time (avg. per thread and iter): 1054.763522us
[rank 0] comm time (avg. per thread and iter): 1341.675849us
[rank 0] overlap: 78.62%
[rank 1] post time (avg. per thread and iter): 90.903519us
[rank 1] wait time (avg. per thread and iter): 1224.954623us
[rank 1] comp time (avg. per thread and iter): 1054.058035us
[rank 1] comm time (avg. per thread and iter): 2369.916177us
[rank 1] overlap: 44.48%
[rank 2] post time (avg. per thread and iter): 152.947102us
[rank 2] wait time (avg. per thread and iter): 1080.638478us
[rank 2] comp time (avg. per thread and iter): 1055.290211us
[rank 2] comm time (avg. per thread and iter): 2288.875791us
[rank 2] overlap: 46.11%
[rank 3] post time (avg. per thread and iter): 228.209108us
[rank 3] wait time (avg. per thread and iter): 970.961426us
[rank 3] comp time (avg. per thread and iter): 1058.715254us
[rank 3] comm time (avg. per thread and iter): 2257.885788us
[rank 3] overlap: 46.89%
[rank 0] post time (avg. per thread and iter): 120.087915us
[rank 0] wait time (avg. per thread and iter): 1189.185888us
[rank 0] comp time (avg. per thread and iter): 1054.351723us
[rank 0] comm time (avg. per thread and iter): 2363.625526us
[rank 0] overlap: 44.61%
[rank 2] post time (avg. per thread and iter): 266.842422us
[rank 2] wait time (avg. per thread and iter): 15014.883184us
[rank 2] comp time (avg. per thread and iter): 1058.539029us
[rank 2] comm time (avg. per thread and iter): 16340.264634us
[rank 2] overlap: 6.48%
[rank 3] post time (avg. per thread and iter): 1055.100404us
[rank 3] wait time (avg. per thread and iter): 13075.805837us
[rank 3] comp time (avg. per thread and iter): 1058.172813us
[rank 3] comm time (avg. per thread and iter): 15189.079053us
[rank 3] overlap: 6.97%
[rank 0] post time (avg. per thread and iter): 1868.652738us
[rank 0] wait time (avg. per thread and iter): 13024.423234us
[rank 0] comp time (avg. per thread and iter): 1079.810535us
[rank 0] comm time (avg. per thread and iter): 15972.886506us
[rank 0] overlap: 6.76%
[rank 1] post time (avg. per thread and iter): 249.143353us
[rank 1] wait time (avg. per thread and iter): 12450.566158us
[rank 1] comp time (avg. per thread and iter): 1054.602035us
[rank 1] comm time (avg. per thread and iter): 13754.311546us
[rank 1] overlap: 7.67%
[rank 3] post time (avg. per thread and iter): 20639.337679us
[rank 3] wait time (avg. per thread and iter): 104869.107070us
[rank 3] comp time (avg. per thread and iter): 1097.395924us
[rank 3] comm time (avg. per thread and iter): 126605.840673us
[rank 3] overlap: 0.87%
[rank 1] post time (avg. per thread and iter): 118.291865us
[rank 1] wait time (avg. per thread and iter): 125552.949379us
[rank 1] comp time (avg. per thread and iter): 1056.027431us
[rank 1] comm time (avg. per thread and iter): 126727.268675us
[rank 1] overlap: 0.83%
[rank 2] post time (avg. per thread and iter): 5705.523424us
[rank 2] wait time (avg. per thread and iter): 127555.690925us
[rank 2] comp time (avg. per thread and iter): 1058.105820us
[rank 2] comm time (avg. per thread and iter): 134319.320169us
[rank 2] overlap: 0.79%
[rank 0] post time (avg. per thread and iter): 3424.385322us
[rank 0] wait time (avg. per thread and iter): 123609.584404us
[rank 0] comp time (avg. per thread and iter): 1085.774621us
[rank 0] comm time (avg. per thread and iter): 128119.744346us
[rank 0] overlap: 0.85%
