Placing MMCSO Threads in 2 MPI processes on each 24th Core of each Node with total 48 Cores
MMCSO_THREAD_AFFINITY=0:23,1:47
[rank 0] post time (avg. per thread and iter): 1.933105us
[rank 0] wait time (avg. per thread and iter): 9.960778us
[rank 0] comp time (avg. per thread and iter): 53.765808us
[rank 0] comm time (avg. per thread and iter): 65.659691us
[rank 0] overlap: 81.89%
[rank 1] post time (avg. per thread and iter): 2.031031us
[rank 1] wait time (avg. per thread and iter): 10.560817us
[rank 1] comp time (avg. per thread and iter): 53.828632us
[rank 1] comm time (avg. per thread and iter): 66.420480us
[rank 1] overlap: 81.04%
[rank 0] post time (avg. per thread and iter): 2.075390us
[rank 0] wait time (avg. per thread and iter): 16.090012us
[rank 0] comp time (avg. per thread and iter): 54.015665us
[rank 0] comm time (avg. per thread and iter): 72.181066us
[rank 0] overlap: 74.83%
[rank 1] post time (avg. per thread and iter): 2.074234us
[rank 1] wait time (avg. per thread and iter): 17.987518us
[rank 1] comp time (avg. per thread and iter): 54.099201us
[rank 1] comm time (avg. per thread and iter): 74.160952us
[rank 1] overlap: 72.95%
[rank 0] post time (avg. per thread and iter): 2.529324us
[rank 0] wait time (avg. per thread and iter): 359.573578us
[rank 0] comp time (avg. per thread and iter): 54.359262us
[rank 0] comm time (avg. per thread and iter): 416.462164us
[rank 0] overlap: 13.05%
[rank 1] post time (avg. per thread and iter): 2.613235us
[rank 1] wait time (avg. per thread and iter): 360.334777us
[rank 1] comp time (avg. per thread and iter): 54.285988us
[rank 1] comm time (avg. per thread and iter): 417.233999us
[rank 1] overlap: 13.01%
[rank 0] post time (avg. per thread and iter): 2.065257us
[rank 0] wait time (avg. per thread and iter): 3147.863061us
[rank 0] comp time (avg. per thread and iter): 54.530235us
[rank 0] comm time (avg. per thread and iter): 3204.458553us
[rank 0] overlap: 1.70%
[rank 1] post time (avg. per thread and iter): 2.024932us
[rank 1] wait time (avg. per thread and iter): 3049.144287us
[rank 1] comp time (avg. per thread and iter): 54.631962us
[rank 1] comm time (avg. per thread and iter): 3105.801181us
[rank 1] overlap: 1.76%
[rank 0] post time (avg. per thread and iter): 2.371742us
[rank 0] wait time (avg. per thread and iter): 47229.472752us
[rank 0] comp time (avg. per thread and iter): 56.470484us
[rank 0] comm time (avg. per thread and iter): 47288.314979us
[rank 0] overlap: 0.12%
[rank 1] post time (avg. per thread and iter): 2.400332us
[rank 1] wait time (avg. per thread and iter): 47221.777784us
[rank 1] comp time (avg. per thread and iter): 56.784515us
[rank 1] comm time (avg. per thread and iter): 47280.962631us
[rank 1] overlap: 0.12%

===================================================================================
=   BAD TERMINATION OF ONE OF YOUR APPLICATION PROCESSES
=   RANK 0 PID 3136391 RUNNING AT i01r01c04s10
=   KILLED BY SIGNAL: 15 (Terminated)
===================================================================================

===================================================================================
=   BAD TERMINATION OF ONE OF YOUR APPLICATION PROCESSES
=   RANK 1 PID 3136392 RUNNING AT i01r01c04s10
=   KILLED BY SIGNAL: 15 (Terminated)
===================================================================================
