Placing MMCSO Threads in 2 MPI processes on each 24th Core of each Node with total 48 Cores
MMCSO_THREAD_AFFINITY=0:23,1:47
[rank 0] post time (avg. per thread and iter): 2.055620us
[rank 0] wait time (avg. per thread and iter): 10.759019us
[rank 0] comp time (avg. per thread and iter): 53.873992us
[rank 0] comm time (avg. per thread and iter): 66.688630us
[rank 0] overlap: 80.78%
[rank 1] post time (avg. per thread and iter): 1.967855us
[rank 1] wait time (avg. per thread and iter): 11.042802us
[rank 1] comp time (avg. per thread and iter): 53.779463us
[rank 1] comm time (avg. per thread and iter): 66.790119us
[rank 1] overlap: 80.52%
[rank 0] post time (avg. per thread and iter): 2.087303us
[rank 0] wait time (avg. per thread and iter): 15.928392us
[rank 0] comp time (avg. per thread and iter): 53.956875us
[rank 0] comm time (avg. per thread and iter): 71.972570us
[rank 0] overlap: 74.97%
[rank 1] post time (avg. per thread and iter): 1.997280us
[rank 1] wait time (avg. per thread and iter): 18.037824us
[rank 1] comp time (avg. per thread and iter): 53.953938us
[rank 1] comm time (avg. per thread and iter): 73.989042us
[rank 1] overlap: 72.92%
[rank 0] post time (avg. per thread and iter): 2.620585us
[rank 0] wait time (avg. per thread and iter): 362.899512us
[rank 0] comp time (avg. per thread and iter): 54.567930us
[rank 0] comm time (avg. per thread and iter): 420.088026us
[rank 0] overlap: 12.99%
[rank 1] post time (avg. per thread and iter): 2.473030us
[rank 1] wait time (avg. per thread and iter): 359.425557us
[rank 1] comp time (avg. per thread and iter): 54.362424us
[rank 1] comm time (avg. per thread and iter): 416.261011us
[rank 1] overlap: 13.06%
[rank 0] post time (avg. per thread and iter): 1.866187us
[rank 0] wait time (avg. per thread and iter): 2873.282241us
[rank 0] comp time (avg. per thread and iter): 54.529942us
[rank 0] comm time (avg. per thread and iter): 2929.678370us
[rank 0] overlap: 1.86%
[rank 1] post time (avg. per thread and iter): 1.924810us
[rank 1] wait time (avg. per thread and iter): 2882.260279us
[rank 1] comp time (avg. per thread and iter): 54.657612us
[rank 1] comm time (avg. per thread and iter): 2938.842702us
[rank 1] overlap: 1.86%
[rank 0] post time (avg. per thread and iter): 2.179634us
[rank 0] wait time (avg. per thread and iter): 43948.145939us
[rank 0] comp time (avg. per thread and iter): 56.081277us
[rank 0] comm time (avg. per thread and iter): 44006.406850us
[rank 0] overlap: 0.13%
[rank 1] post time (avg. per thread and iter): 2.121242us
[rank 1] wait time (avg. per thread and iter): 45549.305857us
[rank 1] comp time (avg. per thread and iter): 56.357141us
[rank 1] comm time (avg. per thread and iter): 45607.784240us
[rank 1] overlap: 0.12%
[rank 0] post time (avg. per thread and iter): 2.957345us
[rank 0] wait time (avg. per thread and iter): 716073.037611us
[rank 0] comp time (avg. per thread and iter): 57.320305us
[rank 0] comm time (avg. per thread and iter): 716133.315260us
[rank 0] overlap: 0.01%
[rank 1] post time (avg. per thread and iter): 2.951483us
[rank 1] wait time (avg. per thread and iter): 668044.760683us
[rank 1] comp time (avg. per thread and iter): 58.187862us
[rank 1] comm time (avg. per thread and iter): 668105.900028us
[rank 1] overlap: 0.01%
[rank 0] post time (avg. per thread and iter): 1.976876us
[rank 0] wait time (avg. per thread and iter): 10.291180us
[rank 0] comp time (avg. per thread and iter): 63.803505us
[rank 0] comm time (avg. per thread and iter): 76.071560us
[rank 0] overlap: 83.87%
[rank 1] post time (avg. per thread and iter): 2.059910us
[rank 1] wait time (avg. per thread and iter): 9.533566us
[rank 1] comp time (avg. per thread and iter): 63.958977us
[rank 1] comm time (avg. per thread and iter): 75.552454us
[rank 1] overlap: 84.66%
[rank 0] post time (avg. per thread and iter): 1.970596us
[rank 0] wait time (avg. per thread and iter): 11.520825us
[rank 0] comp time (avg. per thread and iter): 63.803449us
[rank 0] comm time (avg. per thread and iter): 77.294871us
[rank 0] overlap: 82.55%
[rank 1] post time (avg. per thread and iter): 1.973046us
[rank 1] wait time (avg. per thread and iter): 11.346766us
[rank 1] comp time (avg. per thread and iter): 63.848555us
[rank 1] comm time (avg. per thread and iter): 77.168367us
[rank 1] overlap: 82.74%
[rank 0] post time (avg. per thread and iter): 2.468297us
[rank 0] wait time (avg. per thread and iter): 346.521288us
[rank 0] comp time (avg. per thread and iter): 64.321240us
[rank 0] comm time (avg. per thread and iter): 413.310826us
[rank 0] overlap: 15.56%
[rank 1] post time (avg. per thread and iter): 2.483361us
[rank 1] wait time (avg. per thread and iter): 343.797206us
[rank 1] comp time (avg. per thread and iter): 64.096067us
[rank 1] comm time (avg. per thread and iter): 410.376634us
[rank 1] overlap: 15.62%
[rank 0] post time (avg. per thread and iter): 1.927300us
[rank 0] wait time (avg. per thread and iter): 3002.907254us
[rank 0] comp time (avg. per thread and iter): 64.386849us
[rank 0] comm time (avg. per thread and iter): 3069.221403us
[rank 0] overlap: 2.10%
[rank 1] post time (avg. per thread and iter): 2.013360us
[rank 1] wait time (avg. per thread and iter): 2992.432072us
[rank 1] comp time (avg. per thread and iter): 64.517910us
[rank 1] comm time (avg. per thread and iter): 3058.963341us
[rank 1] overlap: 2.11%
[rank 0] post time (avg. per thread and iter): 2.110106us
[rank 0] wait time (avg. per thread and iter): 43914.766496us
[rank 0] comp time (avg. per thread and iter): 65.911638us
[rank 0] comm time (avg. per thread and iter): 43982.788240us
[rank 0] overlap: 0.15%
[rank 1] post time (avg. per thread and iter): 2.208219us
[rank 1] wait time (avg. per thread and iter): 44990.543176us
[rank 1] comp time (avg. per thread and iter): 66.419605us
[rank 1] comm time (avg. per thread and iter): 45059.171000us
[rank 1] overlap: 0.15%
[rank 0] post time (avg. per thread and iter): 2.689941us
[rank 0] wait time (avg. per thread and iter): 715834.372479us
[rank 0] comp time (avg. per thread and iter): 67.274169us
[rank 0] comm time (avg. per thread and iter): 715904.336590us
[rank 0] overlap: 0.01%
[rank 1] post time (avg. per thread and iter): 2.666327us
[rank 1] wait time (avg. per thread and iter): 668206.363017us
[rank 1] comp time (avg. per thread and iter): 68.232895us
[rank 1] comm time (avg. per thread and iter): 668277.262239us
[rank 1] overlap: 0.01%
[rank 0] post time (avg. per thread and iter): 2.571444us
[rank 0] wait time (avg. per thread and iter): 7.061901us
[rank 0] comp time (avg. per thread and iter): 1113.695816us
[rank 0] comm time (avg. per thread and iter): 1123.329162us
[rank 0] overlap: 99.14%
[rank 1] post time (avg. per thread and iter): 2.580575us
[rank 1] wait time (avg. per thread and iter): 7.369550us
[rank 1] comp time (avg. per thread and iter): 1113.551822us
[rank 1] comm time (avg. per thread and iter): 1123.501946us
[rank 1] overlap: 99.11%
[rank 0] post time (avg. per thread and iter): 2.619241us
[rank 0] wait time (avg. per thread and iter): 7.119068us
[rank 0] comp time (avg. per thread and iter): 1113.262673us
[rank 0] comm time (avg. per thread and iter): 1123.000982us
[rank 0] overlap: 99.13%
[rank 1] post time (avg. per thread and iter): 2.587869us
[rank 1] wait time (avg. per thread and iter): 6.785483us
[rank 1] comp time (avg. per thread and iter): 1113.692155us
[rank 1] comm time (avg. per thread and iter): 1123.065507us
[rank 1] overlap: 99.17%
[rank 0] post time (avg. per thread and iter): 2.434478us
[rank 0] wait time (avg. per thread and iter): 7.419007us
[rank 0] comp time (avg. per thread and iter): 1113.749513us
[rank 0] comm time (avg. per thread and iter): 1123.602998us
[rank 0] overlap: 99.12%
[rank 1] post time (avg. per thread and iter): 2.449558us
[rank 1] wait time (avg. per thread and iter): 7.161716us
[rank 1] comp time (avg. per thread and iter): 1114.225997us
[rank 1] comm time (avg. per thread and iter): 1123.837272us
[rank 1] overlap: 99.14%
[rank 0] post time (avg. per thread and iter): 1.829806us
[rank 0] wait time (avg. per thread and iter): 1796.308010us
[rank 0] comp time (avg. per thread and iter): 1103.732551us
[rank 0] comm time (avg. per thread and iter): 2901.870367us
[rank 0] overlap: 38.04%
[rank 1] post time (avg. per thread and iter): 1.815672us
[rank 1] wait time (avg. per thread and iter): 1795.497762us
[rank 1] comp time (avg. per thread and iter): 1104.382967us
[rank 1] comm time (avg. per thread and iter): 2901.696401us
[rank 1] overlap: 38.06%
[rank 0] post time (avg. per thread and iter): 2.236316us
[rank 0] wait time (avg. per thread and iter): 42522.828650us
[rank 0] comp time (avg. per thread and iter): 1108.038577us
[rank 0] comm time (avg. per thread and iter): 43633.103543us
[rank 0] overlap: 2.54%
[rank 1] post time (avg. per thread and iter): 2.388815us
[rank 1] wait time (avg. per thread and iter): 44388.494864us
[rank 1] comp time (avg. per thread and iter): 1107.289792us
[rank 1] comm time (avg. per thread and iter): 45498.173471us
[rank 1] overlap: 2.43%
[rank 0] post time (avg. per thread and iter): 2.858553us
[rank 0] wait time (avg. per thread and iter): 714257.947769us
[rank 0] comp time (avg. per thread and iter): 1110.627223us
[rank 0] comm time (avg. per thread and iter): 715371.433545us
[rank 0] overlap: 0.16%
[rank 1] post time (avg. per thread and iter): 2.796801us
[rank 1] wait time (avg. per thread and iter): 666251.986919us
[rank 1] comp time (avg. per thread and iter): 1112.280359us
[rank 1] comm time (avg. per thread and iter): 667367.064080us
[rank 1] overlap: 0.17%
