Placing MMCSO Threads in 4 MPI processes on each 24th Core of each Node with total 48 Cores
MMCSO_THREAD_AFFINITY=0:23,1:47,2:23,3:47
[rank 0] post time (avg. per thread and iter): 2.078274us
[rank 0] wait time (avg. per thread and iter): 83.765261us
[rank 0] comp time (avg. per thread and iter): 1.530813us
[rank 0] comm time (avg. per thread and iter): 87.374348us
[rank 0] overlap: 1.75%
[rank 2] post time (avg. per thread and iter): 2.152834us
[rank 2] wait time (avg. per thread and iter): 88.469048us
[rank 2] comp time (avg. per thread and iter): 1.534223us
[rank 2] comm time (avg. per thread and iter): 92.156106us
[rank 2] overlap: 1.66%
[rank 1] post time (avg. per thread and iter): 2.099525us
[rank 1] wait time (avg. per thread and iter): 82.412733us
[rank 1] comp time (avg. per thread and iter): 1.491262us
[rank 1] comm time (avg. per thread and iter): 86.003520us
[rank 1] overlap: 1.73%
[rank 3] post time (avg. per thread and iter): 2.054415us
[rank 3] wait time (avg. per thread and iter): 86.148325us
[rank 3] comp time (avg. per thread and iter): 1.501029us
[rank 3] comm time (avg. per thread and iter): 89.703769us
[rank 3] overlap: 1.67%
[rank 3] post time (avg. per thread and iter): 2.091199us
[rank 3] wait time (avg. per thread and iter): 99.711393us
[rank 3] comp time (avg. per thread and iter): 1.529403us
[rank 3] comm time (avg. per thread and iter): 103.331994us
[rank 3] overlap: 1.48%
[rank 1] post time (avg. per thread and iter): 2.096128us
[rank 1] wait time (avg. per thread and iter): 99.548741us
[rank 1] comp time (avg. per thread and iter): 1.547902us
[rank 1] comm time (avg. per thread and iter): 103.192772us
[rank 1] overlap: 1.50%
[rank 0] post time (avg. per thread and iter): 2.186980us
[rank 0] wait time (avg. per thread and iter): 94.929945us
[rank 0] comp time (avg. per thread and iter): 1.546151us
[rank 0] comm time (avg. per thread and iter): 98.663077us
[rank 0] overlap: 1.57%
[rank 2] post time (avg. per thread and iter): 2.145410us
[rank 2] wait time (avg. per thread and iter): 100.539510us
[rank 2] comp time (avg. per thread and iter): 1.554129us
[rank 2] comm time (avg. per thread and iter): 104.239049us
[rank 2] overlap: 1.49%
[rank 0] post time (avg. per thread and iter): 2.069495us
[rank 0] wait time (avg. per thread and iter): 108.816039us
[rank 0] comp time (avg. per thread and iter): 1.377921us
[rank 0] comm time (avg. per thread and iter): 112.263455us
[rank 0] overlap: 1.23%
[rank 2] post time (avg. per thread and iter): 2.020977us
[rank 2] wait time (avg. per thread and iter): 112.976780us
[rank 2] comp time (avg. per thread and iter): 1.455862us
[rank 2] comm time (avg. per thread and iter): 116.453619us
[rank 2] overlap: 1.25%
[rank 3] post time (avg. per thread and iter): 2.107962us
[rank 3] wait time (avg. per thread and iter): 107.150088us
[rank 3] comp time (avg. per thread and iter): 1.552171us
[rank 3] comm time (avg. per thread and iter): 110.810221us
[rank 3] overlap: 1.40%
[rank 1] post time (avg. per thread and iter): 2.187283us
[rank 1] wait time (avg. per thread and iter): 109.017030us
[rank 1] comp time (avg. per thread and iter): 1.527943us
[rank 1] comm time (avg. per thread and iter): 112.732256us
[rank 1] overlap: 1.36%
[rank 0] post time (avg. per thread and iter): 1.986389us
[rank 0] wait time (avg. per thread and iter): 433.856711us
[rank 0] comp time (avg. per thread and iter): 1.521625us
[rank 0] comm time (avg. per thread and iter): 437.364725us
[rank 0] overlap: 0.35%
[rank 3] post time (avg. per thread and iter): 2.003368us
[rank 3] wait time (avg. per thread and iter): 430.476530us
[rank 3] comp time (avg. per thread and iter): 1.513146us
[rank 3] comm time (avg. per thread and iter): 433.993043us
[rank 3] overlap: 0.35%
[rank 2] post time (avg. per thread and iter): 1.952382us
[rank 2] wait time (avg. per thread and iter): 464.407125us
[rank 2] comp time (avg. per thread and iter): 1.483149us
[rank 2] comm time (avg. per thread and iter): 467.842655us
[rank 2] overlap: 0.32%
[rank 1] post time (avg. per thread and iter): 2.004433us
[rank 1] wait time (avg. per thread and iter): 438.332044us
[rank 1] comp time (avg. per thread and iter): 1.485077us
[rank 1] comm time (avg. per thread and iter): 441.821554us
[rank 1] overlap: 0.34%
[rank 0] post time (avg. per thread and iter): 1.754866us
[rank 0] wait time (avg. per thread and iter): 1370.306230us
[rank 0] comp time (avg. per thread and iter): 1.292786us
[rank 0] comm time (avg. per thread and iter): 1373.353882us
[rank 0] overlap: 0.09%
[rank 2] post time (avg. per thread and iter): 1.786055us
[rank 2] wait time (avg. per thread and iter): 1366.266922us
[rank 2] comp time (avg. per thread and iter): 1.289408us
[rank 2] comm time (avg. per thread and iter): 1369.342386us
[rank 2] overlap: 0.09%
[rank 3] post time (avg. per thread and iter): 1.758050us
[rank 3] wait time (avg. per thread and iter): 1434.441594us
[rank 3] comp time (avg. per thread and iter): 1.234295us
[rank 3] comm time (avg. per thread and iter): 1437.433938us
[rank 3] overlap: 0.09%
[rank 1] post time (avg. per thread and iter): 1.760589us
[rank 1] wait time (avg. per thread and iter): 1345.968815us
[rank 1] comp time (avg. per thread and iter): 1.271808us
[rank 1] comm time (avg. per thread and iter): 1349.001212us
[rank 1] overlap: 0.09%
[rank 0] post time (avg. per thread and iter): 1.784974us
[rank 0] wait time (avg. per thread and iter): 15639.363385us
[rank 0] comp time (avg. per thread and iter): 1.330508us
[rank 0] comm time (avg. per thread and iter): 15642.478867us
[rank 0] overlap: 0.01%
[rank 2] post time (avg. per thread and iter): 1.709358us
[rank 2] wait time (avg. per thread and iter): 15284.056162us
[rank 2] comp time (avg. per thread and iter): 1.320326us
[rank 2] comm time (avg. per thread and iter): 15287.085846us
[rank 2] overlap: 0.01%
[rank 3] post time (avg. per thread and iter): 1.799264us
[rank 3] wait time (avg. per thread and iter): 14861.788137us
[rank 3] comp time (avg. per thread and iter): 1.394895us
[rank 3] comm time (avg. per thread and iter): 14864.982297us
[rank 3] overlap: 0.01%
[rank 1] post time (avg. per thread and iter): 1.763882us
[rank 1] wait time (avg. per thread and iter): 14911.147128us
[rank 1] comp time (avg. per thread and iter): 1.318562us
[rank 1] comm time (avg. per thread and iter): 14914.229571us
[rank 1] overlap: 0.01%
[rank 1] post time (avg. per thread and iter): 1.595692us
[rank 1] wait time (avg. per thread and iter): 111487.031776us
[rank 1] comp time (avg. per thread and iter): 1.469518us
[rank 1] comm time (avg. per thread and iter): 111490.096985us
[rank 1] overlap: 0.00%
[rank 3] post time (avg. per thread and iter): 1.569223us
[rank 3] wait time (avg. per thread and iter): 101917.215444us
[rank 3] comp time (avg. per thread and iter): 1.397734us
[rank 3] comm time (avg. per thread and iter): 101920.182402us
[rank 3] overlap: 0.00%
[rank 2] post time (avg. per thread and iter): 1.696918us
[rank 2] wait time (avg. per thread and iter): 107175.298933us
[rank 2] comp time (avg. per thread and iter): 1.501072us
[rank 2] comm time (avg. per thread and iter): 107178.496923us
[rank 2] overlap: 0.00%
[rank 0] post time (avg. per thread and iter): 1.606621us
[rank 0] wait time (avg. per thread and iter): 107937.177758us
[rank 0] comp time (avg. per thread and iter): 1.390864us
[rank 0] comm time (avg. per thread and iter): 107940.175243us
[rank 0] overlap: 0.00%
[rank 1] post time (avg. per thread and iter): 1.752755us
[rank 1] wait time (avg. per thread and iter): 1081008.440963us
[rank 1] comp time (avg. per thread and iter): 1.431184us
[rank 1] comm time (avg. per thread and iter): 1081011.624902us
[rank 1] overlap: 0.00%
[rank 3] post time (avg. per thread and iter): 1.940988us
[rank 3] wait time (avg. per thread and iter): 976683.946074us
[rank 3] comp time (avg. per thread and iter): 1.524700us
[rank 3] comm time (avg. per thread and iter): 976687.411762us
[rank 3] overlap: 0.00%
[rank 2] post time (avg. per thread and iter): 1.976048us
[rank 2] wait time (avg. per thread and iter): 1048097.010138us
[rank 2] comp time (avg. per thread and iter): 1.585808us
[rank 2] comm time (avg. per thread and iter): 1048100.571995us
[rank 2] overlap: 0.00%
[rank 0] post time (avg. per thread and iter): 1.897638us
[rank 0] wait time (avg. per thread and iter): 1054579.589048us
[rank 0] comp time (avg. per thread and iter): 1.465479us
[rank 0] comm time (avg. per thread and iter): 1054582.952166us
[rank 0] overlap: 0.00%
[rank 2] post time (avg. per thread and iter): 2.297911us
[rank 2] wait time (avg. per thread and iter): 118.483704us
[rank 2] comp time (avg. per thread and iter): 4.364474us
[rank 2] comm time (avg. per thread and iter): 125.146088us
[rank 2] overlap: 3.49%
[rank 3] post time (avg. per thread and iter): 2.321999us
[rank 3] wait time (avg. per thread and iter): 117.857598us
[rank 3] comp time (avg. per thread and iter): 4.346168us
[rank 3] comm time (avg. per thread and iter): 124.525765us
[rank 3] overlap: 3.49%
[rank 0] post time (avg. per thread and iter): 2.283376us
[rank 0] wait time (avg. per thread and iter): 121.322143us
[rank 0] comp time (avg. per thread and iter): 4.375280us
[rank 0] comm time (avg. per thread and iter): 127.980798us
[rank 0] overlap: 3.42%
[rank 1] post time (avg. per thread and iter): 2.324627us
[rank 1] wait time (avg. per thread and iter): 114.139098us
[rank 1] comp time (avg. per thread and iter): 4.350424us
[rank 1] comm time (avg. per thread and iter): 120.814150us
[rank 1] overlap: 3.60%
[rank 0] post time (avg. per thread and iter): 2.345365us
[rank 0] wait time (avg. per thread and iter): 134.382524us
[rank 0] comp time (avg. per thread and iter): 4.314227us
[rank 0] comm time (avg. per thread and iter): 141.042117us
[rank 0] overlap: 3.06%
[rank 1] post time (avg. per thread and iter): 2.370871us
[rank 1] wait time (avg. per thread and iter): 132.931160us
[rank 1] comp time (avg. per thread and iter): 4.423850us
[rank 1] comm time (avg. per thread and iter): 139.725881us
[rank 1] overlap: 3.17%
[rank 2] post time (avg. per thread and iter): 2.364383us
[rank 2] wait time (avg. per thread and iter): 131.285098us
[rank 2] comp time (avg. per thread and iter): 4.473077us
[rank 2] comm time (avg. per thread and iter): 138.122558us
[rank 2] overlap: 3.24%
[rank 3] post time (avg. per thread and iter): 2.329408us
[rank 3] wait time (avg. per thread and iter): 135.982479us
[rank 3] comp time (avg. per thread and iter): 4.448023us
[rank 3] comm time (avg. per thread and iter): 142.759910us
[rank 3] overlap: 3.12%
[rank 0] post time (avg. per thread and iter): 2.406623us
[rank 0] wait time (avg. per thread and iter): 152.298266us
[rank 0] comp time (avg. per thread and iter): 4.322930us
[rank 0] comm time (avg. per thread and iter): 159.027819us
[rank 0] overlap: 2.72%
[rank 3] post time (avg. per thread and iter): 2.331584us
[rank 3] wait time (avg. per thread and iter): 148.159506us
[rank 3] comp time (avg. per thread and iter): 4.470639us
[rank 3] comm time (avg. per thread and iter): 154.961729us
[rank 3] overlap: 2.88%
[rank 1] post time (avg. per thread and iter): 2.364568us
[rank 1] wait time (avg. per thread and iter): 149.813841us
[rank 1] comp time (avg. per thread and iter): 4.334111us
[rank 1] comm time (avg. per thread and iter): 156.512520us
[rank 1] overlap: 2.77%
[rank 2] post time (avg. per thread and iter): 2.403703us
[rank 2] wait time (avg. per thread and iter): 152.597790us
[rank 2] comp time (avg. per thread and iter): 4.523633us
[rank 2] comm time (avg. per thread and iter): 159.525126us
[rank 2] overlap: 2.84%
[rank 0] post time (avg. per thread and iter): 2.120357us
[rank 0] wait time (avg. per thread and iter): 430.334604us
[rank 0] comp time (avg. per thread and iter): 3.985160us
[rank 0] comm time (avg. per thread and iter): 436.440121us
[rank 0] overlap: 0.91%
[rank 2] post time (avg. per thread and iter): 2.057056us
[rank 2] wait time (avg. per thread and iter): 471.023328us
[rank 2] comp time (avg. per thread and iter): 4.014206us
[rank 2] comm time (avg. per thread and iter): 477.094590us
[rank 2] overlap: 0.84%
[rank 1] post time (avg. per thread and iter): 2.077747us
[rank 1] wait time (avg. per thread and iter): 446.349420us
[rank 1] comp time (avg. per thread and iter): 3.869944us
[rank 1] comm time (avg. per thread and iter): 452.297111us
[rank 1] overlap: 0.86%
[rank 3] post time (avg. per thread and iter): 2.069030us
[rank 3] wait time (avg. per thread and iter): 436.840065us
[rank 3] comp time (avg. per thread and iter): 4.056450us
[rank 3] comm time (avg. per thread and iter): 442.965545us
[rank 3] overlap: 0.92%
[rank 0] post time (avg. per thread and iter): 1.854883us
[rank 0] wait time (avg. per thread and iter): 1363.292317us
[rank 0] comp time (avg. per thread and iter): 3.311166us
[rank 0] comm time (avg. per thread and iter): 1368.458367us
[rank 0] overlap: 0.24%
[rank 2] post time (avg. per thread and iter): 1.859756us
[rank 2] wait time (avg. per thread and iter): 1372.753657us
[rank 2] comp time (avg. per thread and iter): 3.414983us
[rank 2] comm time (avg. per thread and iter): 1378.028397us
[rank 2] overlap: 0.25%
[rank 3] post time (avg. per thread and iter): 1.856761us
[rank 3] wait time (avg. per thread and iter): 1422.034475us
[rank 3] comp time (avg. per thread and iter): 3.450883us
[rank 3] comm time (avg. per thread and iter): 1427.342119us
[rank 3] overlap: 0.24%
[rank 1] post time (avg. per thread and iter): 1.854898us
[rank 1] wait time (avg. per thread and iter): 1341.745067us
[rank 1] comp time (avg. per thread and iter): 3.355357us
[rank 1] comm time (avg. per thread and iter): 1346.955322us
[rank 1] overlap: 0.25%
[rank 1] post time (avg. per thread and iter): 1.779958us
[rank 1] wait time (avg. per thread and iter): 14596.154859us
[rank 1] comp time (avg. per thread and iter): 3.298380us
[rank 1] comm time (avg. per thread and iter): 14601.233196us
[rank 1] overlap: 0.02%
[rank 2] post time (avg. per thread and iter): 1.740002us
[rank 2] wait time (avg. per thread and iter): 14287.959755us
[rank 2] comp time (avg. per thread and iter): 3.373074us
[rank 2] comm time (avg. per thread and iter): 14293.072832us
[rank 2] overlap: 0.02%
[rank 0] post time (avg. per thread and iter): 1.824470us
[rank 0] wait time (avg. per thread and iter): 14022.032660us
[rank 0] comp time (avg. per thread and iter): 3.229961us
[rank 0] comm time (avg. per thread and iter): 14027.087091us
[rank 0] overlap: 0.02%
[rank 3] post time (avg. per thread and iter): 1.798282us
[rank 3] wait time (avg. per thread and iter): 14095.790680us
[rank 3] comp time (avg. per thread and iter): 3.478099us
[rank 3] comm time (avg. per thread and iter): 14101.067061us
[rank 3] overlap: 0.02%
[rank 1] post time (avg. per thread and iter): 1.629267us
[rank 1] wait time (avg. per thread and iter): 112328.467328us
[rank 1] comp time (avg. per thread and iter): 3.437810us
[rank 1] comm time (avg. per thread and iter): 112333.534404us
[rank 1] overlap: 0.00%
[rank 3] post time (avg. per thread and iter): 1.614006us
[rank 3] wait time (avg. per thread and iter): 101704.230063us
[rank 3] comp time (avg. per thread and iter): 3.858432us
[rank 3] comm time (avg. per thread and iter): 101709.702501us
[rank 3] overlap: 0.00%
[rank 0] post time (avg. per thread and iter): 1.651076us
[rank 0] wait time (avg. per thread and iter): 107917.179454us
[rank 0] comp time (avg. per thread and iter): 3.475059us
[rank 0] comm time (avg. per thread and iter): 107922.305589us
[rank 0] overlap: 0.00%
[rank 2] post time (avg. per thread and iter): 1.669026us
[rank 2] wait time (avg. per thread and iter): 106498.420989us
[rank 2] comp time (avg. per thread and iter): 3.938168us
[rank 2] comm time (avg. per thread and iter): 106504.028183us
[rank 2] overlap: 0.00%
[rank 1] post time (avg. per thread and iter): 1.844180us
[rank 1] wait time (avg. per thread and iter): 1082126.776104us
[rank 1] comp time (avg. per thread and iter): 3.589820us
[rank 1] comm time (avg. per thread and iter): 1082132.210104us
[rank 1] overlap: 0.00%
[rank 0] post time (avg. per thread and iter): 1.897422us
[rank 0] wait time (avg. per thread and iter): 1059646.540903us
[rank 0] comp time (avg. per thread and iter): 3.444478us
[rank 0] comm time (avg. per thread and iter): 1059651.882804us
[rank 0] overlap: 0.00%
[rank 3] post time (avg. per thread and iter): 1.941258us
[rank 3] wait time (avg. per thread and iter): 979580.501950us
[rank 3] comp time (avg. per thread and iter): 4.464412us
[rank 3] comm time (avg. per thread and iter): 979586.907620us
[rank 3] overlap: 0.00%
[rank 2] post time (avg. per thread and iter): 1.879390us
[rank 2] wait time (avg. per thread and iter): 1047098.572803us
[rank 2] comp time (avg. per thread and iter): 4.324984us
[rank 2] comm time (avg. per thread and iter): 1047104.777177us
[rank 2] overlap: 0.00%
[rank 2] post time (avg. per thread and iter): 2.414660us
[rank 2] wait time (avg. per thread and iter): 138.622207us
[rank 2] comp time (avg. per thread and iter): 6.981122us
[rank 2] comm time (avg. per thread and iter): 148.017989us
[rank 2] overlap: 4.72%
[rank 0] post time (avg. per thread and iter): 2.434980us
[rank 0] wait time (avg. per thread and iter): 126.132008us
[rank 0] comp time (avg. per thread and iter): 6.997012us
[rank 0] comm time (avg. per thread and iter): 135.564000us
[rank 0] overlap: 5.16%
[rank 3] post time (avg. per thread and iter): 2.416523us
[rank 3] wait time (avg. per thread and iter): 131.103323us
[rank 3] comp time (avg. per thread and iter): 6.959366us
[rank 3] comm time (avg. per thread and iter): 140.479212us
[rank 3] overlap: 4.95%
[rank 1] post time (avg. per thread and iter): 2.463384us
[rank 1] wait time (avg. per thread and iter): 137.164165us
[rank 1] comp time (avg. per thread and iter): 6.937276us
[rank 1] comm time (avg. per thread and iter): 146.564825us
[rank 1] overlap: 4.73%
[rank 3] post time (avg. per thread and iter): 2.426226us
[rank 3] wait time (avg. per thread and iter): 140.515834us
[rank 3] comp time (avg. per thread and iter): 6.973591us
[rank 3] comm time (avg. per thread and iter): 149.915651us
[rank 3] overlap: 4.65%
[rank 0] post time (avg. per thread and iter): 2.452720us
[rank 0] wait time (avg. per thread and iter): 138.987460us
[rank 0] comp time (avg. per thread and iter): 6.774221us
[rank 0] comm time (avg. per thread and iter): 148.214401us
[rank 0] overlap: 4.57%
[rank 2] post time (avg. per thread and iter): 2.386426us
[rank 2] wait time (avg. per thread and iter): 135.710487us
[rank 2] comp time (avg. per thread and iter): 6.882749us
[rank 2] comm time (avg. per thread and iter): 144.979662us
[rank 2] overlap: 4.75%
[rank 1] post time (avg. per thread and iter): 2.441013us
[rank 1] wait time (avg. per thread and iter): 141.605308us
[rank 1] comp time (avg. per thread and iter): 6.868429us
[rank 1] comm time (avg. per thread and iter): 150.914750us
[rank 1] overlap: 4.55%
[rank 0] post time (avg. per thread and iter): 2.418312us
[rank 0] wait time (avg. per thread and iter): 148.149186us
[rank 0] comp time (avg. per thread and iter): 6.678088us
[rank 0] comm time (avg. per thread and iter): 157.245585us
[rank 0] overlap: 4.25%
[rank 2] post time (avg. per thread and iter): 2.454455us
[rank 2] wait time (avg. per thread and iter): 156.003761us
[rank 2] comp time (avg. per thread and iter): 6.945251us
[rank 2] comm time (avg. per thread and iter): 165.403467us
[rank 2] overlap: 4.20%
[rank 1] post time (avg. per thread and iter): 2.482193us
[rank 1] wait time (avg. per thread and iter): 155.475355us
[rank 1] comp time (avg. per thread and iter): 6.761247us
[rank 1] comm time (avg. per thread and iter): 164.718795us
[rank 1] overlap: 4.10%
[rank 3] post time (avg. per thread and iter): 2.445962us
[rank 3] wait time (avg. per thread and iter): 148.967619us
[rank 3] comp time (avg. per thread and iter): 6.952582us
[rank 3] comm time (avg. per thread and iter): 158.366163us
[rank 3] overlap: 4.39%
[rank 1] post time (avg. per thread and iter): 2.132766us
[rank 1] wait time (avg. per thread and iter): 449.907663us
[rank 1] comp time (avg. per thread and iter): 6.070177us
[rank 1] comm time (avg. per thread and iter): 458.110606us
[rank 1] overlap: 1.33%
[rank 3] post time (avg. per thread and iter): 2.147474us
[rank 3] wait time (avg. per thread and iter): 459.597715us
[rank 3] comp time (avg. per thread and iter): 6.180936us
[rank 3] comm time (avg. per thread and iter): 467.926125us
[rank 3] overlap: 1.32%
[rank 0] post time (avg. per thread and iter): 2.116024us
[rank 0] wait time (avg. per thread and iter): 412.665213us
[rank 0] comp time (avg. per thread and iter): 6.077575us
[rank 0] comm time (avg. per thread and iter): 420.858812us
[rank 0] overlap: 1.44%
[rank 2] post time (avg. per thread and iter): 2.135159us
[rank 2] wait time (avg. per thread and iter): 471.256610us
[rank 2] comp time (avg. per thread and iter): 6.103302us
[rank 2] comm time (avg. per thread and iter): 479.495070us
[rank 2] overlap: 1.27%
[rank 0] post time (avg. per thread and iter): 1.880670us
[rank 0] wait time (avg. per thread and iter): 1370.315034us
[rank 0] comp time (avg. per thread and iter): 5.234032us
[rank 0] comm time (avg. per thread and iter): 1377.429736us
[rank 0] overlap: 0.38%
[rank 3] post time (avg. per thread and iter): 1.897562us
[rank 3] wait time (avg. per thread and iter): 1431.340986us
[rank 3] comp time (avg. per thread and iter): 5.383438us
[rank 3] comm time (avg. per thread and iter): 1438.621985us
[rank 3] overlap: 0.37%
[rank 2] post time (avg. per thread and iter): 1.903191us
[rank 2] wait time (avg. per thread and iter): 1368.965584us
[rank 2] comp time (avg. per thread and iter): 5.328674us
[rank 2] comm time (avg. per thread and iter): 1376.197448us
[rank 2] overlap: 0.39%
[rank 1] post time (avg. per thread and iter): 1.979576us
[rank 1] wait time (avg. per thread and iter): 1338.093386us
[rank 1] comp time (avg. per thread and iter): 5.442626us
[rank 1] comm time (avg. per thread and iter): 1345.515589us
[rank 1] overlap: 0.40%
[rank 2] post time (avg. per thread and iter): 1.829337us
[rank 2] wait time (avg. per thread and iter): 13688.528878us
[rank 2] comp time (avg. per thread and iter): 5.253585us
[rank 2] comm time (avg. per thread and iter): 13695.611800us
[rank 2] overlap: 0.04%
[rank 3] post time (avg. per thread and iter): 1.813300us
[rank 3] wait time (avg. per thread and iter): 13575.495626us
[rank 3] comp time (avg. per thread and iter): 5.327192us
[rank 3] comm time (avg. per thread and iter): 13582.636117us
[rank 3] overlap: 0.04%
[rank 0] post time (avg. per thread and iter): 1.824188us
[rank 0] wait time (avg. per thread and iter): 13258.565505us
[rank 0] comp time (avg. per thread and iter): 5.152567us
[rank 0] comm time (avg. per thread and iter): 13265.542261us
[rank 0] overlap: 0.04%
[rank 1] post time (avg. per thread and iter): 1.903728us
[rank 1] wait time (avg. per thread and iter): 13511.551077us
[rank 1] comp time (avg. per thread and iter): 5.194875us
[rank 1] comm time (avg. per thread and iter): 13518.649681us
[rank 1] overlap: 0.04%
[rank 1] post time (avg. per thread and iter): 1.617579us
[rank 1] wait time (avg. per thread and iter): 111576.593654us
[rank 1] comp time (avg. per thread and iter): 5.541037us
[rank 1] comm time (avg. per thread and iter): 111583.752270us
[rank 1] overlap: 0.00%
[rank 2] post time (avg. per thread and iter): 1.699378us
[rank 2] wait time (avg. per thread and iter): 106713.605791us
[rank 2] comp time (avg. per thread and iter): 6.612991us
[rank 2] comm time (avg. per thread and iter): 106721.918160us
[rank 2] overlap: 0.01%
[rank 3] post time (avg. per thread and iter): 1.605159us
[rank 3] wait time (avg. per thread and iter): 101269.688201us
[rank 3] comp time (avg. per thread and iter): 6.635111us
[rank 3] comm time (avg. per thread and iter): 101277.928471us
[rank 3] overlap: 0.01%
[rank 0] post time (avg. per thread and iter): 1.658692us
[rank 0] wait time (avg. per thread and iter): 108293.690884us
[rank 0] comp time (avg. per thread and iter): 5.685600us
[rank 0] comm time (avg. per thread and iter): 108301.035176us
[rank 0] overlap: 0.01%
[rank 1] post time (avg. per thread and iter): 1.787698us
[rank 1] wait time (avg. per thread and iter): 1080238.909933us
[rank 1] comp time (avg. per thread and iter): 5.624632us
[rank 1] comm time (avg. per thread and iter): 1080246.322264us
[rank 1] overlap: 0.00%
[rank 2] post time (avg. per thread and iter): 1.882617us
[rank 2] wait time (avg. per thread and iter): 1046616.610758us
[rank 2] comp time (avg. per thread and iter): 7.532771us
[rank 2] comm time (avg. per thread and iter): 1046626.026146us
[rank 2] overlap: 0.00%
[rank 3] post time (avg. per thread and iter): 2.042193us
[rank 3] wait time (avg. per thread and iter): 984408.085407us
[rank 3] comp time (avg. per thread and iter): 7.881969us
[rank 3] comm time (avg. per thread and iter): 984418.009568us
[rank 3] overlap: 0.00%
[rank 0] post time (avg. per thread and iter): 1.889356us
[rank 0] wait time (avg. per thread and iter): 1056433.762840us
[rank 0] comp time (avg. per thread and iter): 5.487883us
[rank 0] comm time (avg. per thread and iter): 1056441.140079us
[rank 0] overlap: 0.00%
[rank 0] post time (avg. per thread and iter): 2.554510us
[rank 0] wait time (avg. per thread and iter): 127.037953us
[rank 0] comp time (avg. per thread and iter): 24.971395us
[rank 0] comm time (avg. per thread and iter): 154.563858us
[rank 0] overlap: 16.16%
[rank 2] post time (avg. per thread and iter): 2.556403us
[rank 2] wait time (avg. per thread and iter): 161.918680us
[rank 2] comp time (avg. per thread and iter): 23.926152us
[rank 2] comm time (avg. per thread and iter): 188.401235us
[rank 2] overlap: 12.70%
[rank 3] post time (avg. per thread and iter): 2.510872us
[rank 3] wait time (avg. per thread and iter): 122.184129us
[rank 3] comp time (avg. per thread and iter): 24.649704us
[rank 3] comm time (avg. per thread and iter): 149.344705us
[rank 3] overlap: 16.51%
[rank 1] post time (avg. per thread and iter): 2.604372us
[rank 1] wait time (avg. per thread and iter): 101.339898us
[rank 1] comp time (avg. per thread and iter): 25.747428us
[rank 1] comm time (avg. per thread and iter): 129.691698us
[rank 1] overlap: 19.85%
[rank 0] post time (avg. per thread and iter): 2.515158us
[rank 0] wait time (avg. per thread and iter): 166.693497us
[rank 0] comp time (avg. per thread and iter): 24.636368us
[rank 0] comm time (avg. per thread and iter): 193.845023us
[rank 0] overlap: 12.71%
[rank 2] post time (avg. per thread and iter): 2.632384us
[rank 2] wait time (avg. per thread and iter): 170.852051us
[rank 2] comp time (avg. per thread and iter): 23.562163us
[rank 2] comm time (avg. per thread and iter): 197.046598us
[rank 2] overlap: 11.96%
[rank 1] post time (avg. per thread and iter): 2.614888us
[rank 1] wait time (avg. per thread and iter): 118.071262us
[rank 1] comp time (avg. per thread and iter): 25.843440us
[rank 1] comm time (avg. per thread and iter): 146.529590us
[rank 1] overlap: 17.64%
[rank 3] post time (avg. per thread and iter): 2.528536us
[rank 3] wait time (avg. per thread and iter): 143.433420us
[rank 3] comp time (avg. per thread and iter): 24.454313us
[rank 3] comm time (avg. per thread and iter): 170.416269us
[rank 3] overlap: 14.35%
[rank 0] post time (avg. per thread and iter): 2.583019us
[rank 0] wait time (avg. per thread and iter): 169.110948us
[rank 0] comp time (avg. per thread and iter): 25.390966us
[rank 0] comm time (avg. per thread and iter): 197.084933us
[rank 0] overlap: 12.88%
[rank 2] post time (avg. per thread and iter): 2.668260us
[rank 2] wait time (avg. per thread and iter): 140.703068us
[rank 2] comp time (avg. per thread and iter): 23.961486us
[rank 2] comm time (avg. per thread and iter): 167.332814us
[rank 2] overlap: 14.32%
[rank 1] post time (avg. per thread and iter): 2.595984us
[rank 1] wait time (avg. per thread and iter): 179.992616us
[rank 1] comp time (avg. per thread and iter): 26.609037us
[rank 1] comm time (avg. per thread and iter): 209.197636us
[rank 1] overlap: 12.72%
[rank 3] post time (avg. per thread and iter): 2.581803us
[rank 3] wait time (avg. per thread and iter): 151.695266us
[rank 3] comp time (avg. per thread and iter): 25.058384us
[rank 3] comm time (avg. per thread and iter): 179.335453us
[rank 3] overlap: 13.97%
[rank 0] post time (avg. per thread and iter): 2.201494us
[rank 0] wait time (avg. per thread and iter): 423.769512us
[rank 0] comp time (avg. per thread and iter): 20.897165us
[rank 0] comm time (avg. per thread and iter): 446.868171us
[rank 0] overlap: 4.68%
[rank 1] post time (avg. per thread and iter): 2.179943us
[rank 1] wait time (avg. per thread and iter): 437.567172us
[rank 1] comp time (avg. per thread and iter): 21.547513us
[rank 1] comm time (avg. per thread and iter): 461.294628us
[rank 1] overlap: 4.67%
[rank 3] post time (avg. per thread and iter): 2.194607us
[rank 3] wait time (avg. per thread and iter): 449.762533us
[rank 3] comp time (avg. per thread and iter): 20.709238us
[rank 3] comm time (avg. per thread and iter): 472.666379us
[rank 3] overlap: 4.38%
[rank 2] post time (avg. per thread and iter): 2.130447us
[rank 2] wait time (avg. per thread and iter): 466.846757us
[rank 2] comp time (avg. per thread and iter): 20.249277us
[rank 2] comm time (avg. per thread and iter): 489.226482us
[rank 2] overlap: 4.14%
[rank 0] post time (avg. per thread and iter): 1.985772us
[rank 0] wait time (avg. per thread and iter): 1586.650916us
[rank 0] comp time (avg. per thread and iter): 19.241964us
[rank 0] comm time (avg. per thread and iter): 1607.878652us
[rank 0] overlap: 1.20%
[rank 2] post time (avg. per thread and iter): 1.839538us
[rank 2] wait time (avg. per thread and iter): 1831.584966us
[rank 2] comp time (avg. per thread and iter): 17.553827us
[rank 2] comm time (avg. per thread and iter): 1850.978331us
[rank 2] overlap: 0.95%
[rank 1] post time (avg. per thread and iter): 1.882583us
[rank 1] wait time (avg. per thread and iter): 1443.433701us
[rank 1] comp time (avg. per thread and iter): 19.714254us
[rank 3] post time (avg. per thread and iter): 1.917920us
[rank 3] wait time (avg. per thread and iter): 1612.495190us
[rank 3] comp time (avg. per thread and iter): 17.721319us
[rank 3] comm time (avg. per thread and iter): 1632.134429us
[rank 3] overlap: 1.09%
[rank 1] comm time (avg. per thread and iter): 1465.030538us
[rank 1] overlap: 1.35%
[rank 0] post time (avg. per thread and iter): 1.960338us
[rank 0] wait time (avg. per thread and iter): 13622.203928us
[rank 0] comp time (avg. per thread and iter): 20.363829us
[rank 0] comm time (avg. per thread and iter): 13644.528095us
[rank 0] overlap: 0.15%
[rank 2] post time (avg. per thread and iter): 1.919960us
[rank 2] wait time (avg. per thread and iter): 13797.258825us
[rank 2] comp time (avg. per thread and iter): 17.018948us
[rank 2] comm time (avg. per thread and iter): 13816.197733us
[rank 2] overlap: 0.12%
[rank 3] post time (avg. per thread and iter): 2.025780us
[rank 3] wait time (avg. per thread and iter): 13918.656305us
[rank 3] comp time (avg. per thread and iter): 17.024701us
[rank 3] comm time (avg. per thread and iter): 13937.706786us
[rank 3] overlap: 0.12%
[rank 1] post time (avg. per thread and iter): 2.021818us
[rank 1] wait time (avg. per thread and iter): 13704.036788us
[rank 1] comp time (avg. per thread and iter): 20.428339us
[rank 1] comm time (avg. per thread and iter): 13726.486945us
[rank 1] overlap: 0.15%
[rank 1] post time (avg. per thread and iter): 1.834088us
[rank 1] wait time (avg. per thread and iter): 111842.797568us
[rank 1] comp time (avg. per thread and iter): 22.531817us
[rank 1] comm time (avg. per thread and iter): 111867.163473us
[rank 1] overlap: 0.02%
[rank 2] post time (avg. per thread and iter): 1.761093us
[rank 2] wait time (avg. per thread and iter): 106905.999606us
[rank 2] comp time (avg. per thread and iter): 24.654628us
[rank 2] comm time (avg. per thread and iter): 106932.415327us
[rank 2] overlap: 0.02%
[rank 3] post time (avg. per thread and iter): 1.605645us
[rank 3] wait time (avg. per thread and iter): 100986.256258us
[rank 3] comp time (avg. per thread and iter): 24.110441us
[rank 3] comm time (avg. per thread and iter): 101011.972344us
[rank 3] overlap: 0.02%
[rank 0] post time (avg. per thread and iter): 1.654674us
[rank 0] wait time (avg. per thread and iter): 107758.907742us
[rank 0] comp time (avg. per thread and iter): 21.443391us
[rank 0] comm time (avg. per thread and iter): 107782.005807us
[rank 0] overlap: 0.02%
[rank 1] post time (avg. per thread and iter): 1.864311us
[rank 1] wait time (avg. per thread and iter): 1081847.306870us
[rank 1] comp time (avg. per thread and iter): 27.871122us
[rank 1] comm time (avg. per thread and iter): 1081877.042303us
[rank 1] overlap: 0.00%
[rank 3] post time (avg. per thread and iter): 1.940957us
[rank 3] wait time (avg. per thread and iter): 983835.786071us
[rank 3] comp time (avg. per thread and iter): 36.747411us
[rank 3] comm time (avg. per thread and iter): 983874.474439us
[rank 3] overlap: 0.00%
[rank 0] post time (avg. per thread and iter): 1.881198us
[rank 0] wait time (avg. per thread and iter): 1053222.272550us
[rank 0] comp time (avg. per thread and iter): 27.930299us
[rank 0] comm time (avg. per thread and iter): 1053252.084047us
[rank 0] overlap: 0.00%
[rank 2] post time (avg. per thread and iter): 1.875311us
[rank 2] wait time (avg. per thread and iter): 1040755.332321us
[rank 2] comp time (avg. per thread and iter): 38.012639us
[rank 2] comm time (avg. per thread and iter): 1040795.220271us
[rank 2] overlap: 0.00%
[rank 1] post time (avg. per thread and iter): 2.638457us
[rank 1] wait time (avg. per thread and iter): 285.472442us
[rank 1] comp time (avg. per thread and iter): 55.062126us
[rank 1] comm time (avg. per thread and iter): 343.173025us
[rank 1] overlap: 16.05%
[rank 3] post time (avg. per thread and iter): 2.636845us
[rank 3] wait time (avg. per thread and iter): 375.315470us
[rank 3] comp time (avg. per thread and iter): 51.991545us
[rank 3] comm time (avg. per thread and iter): 429.943859us
[rank 3] overlap: 12.09%
[rank 0] post time (avg. per thread and iter): 2.641425us
[rank 0] wait time (avg. per thread and iter): 358.495574us
[rank 0] comp time (avg. per thread and iter): 52.668690us
[rank 0] comm time (avg. per thread and iter): 413.805689us
[rank 0] overlap: 12.73%
[rank 2] post time (avg. per thread and iter): 2.652662us
[rank 2] wait time (avg. per thread and iter): 29.432603us
[rank 2] comp time (avg. per thread and iter): 50.599688us
[rank 2] comm time (avg. per thread and iter): 82.684954us
[rank 2] overlap: 61.20%
[rank 3] post time (avg. per thread and iter): 2.674142us
[rank 3] wait time (avg. per thread and iter): 238.806006us
[rank 3] comp time (avg. per thread and iter): 51.953977us
[rank 3] comm time (avg. per thread and iter): 293.434124us
[rank 3] overlap: 17.71%
[rank 2] post time (avg. per thread and iter): 2.596430us
[rank 2] wait time (avg. per thread and iter): 207.826225us
[rank 2] comp time (avg. per thread and iter): 49.937844us
[rank 2] comm time (avg. per thread and iter): 260.360499us
[rank 2] overlap: 19.18%
[rank 0] post time (avg. per thread and iter): 2.614776us
[rank 0] wait time (avg. per thread and iter): 71.637598us
[rank 0] comp time (avg. per thread and iter): 52.762924us
[rank 0] comm time (avg. per thread and iter): 127.015298us
[rank 0] overlap: 41.54%
[rank 1] post time (avg. per thread and iter): 2.606146us
[rank 1] wait time (avg. per thread and iter): 101.483533us
[rank 1] comp time (avg. per thread and iter): 55.316795us
[rank 1] comm time (avg. per thread and iter): 159.406474us
[rank 1] overlap: 34.70%
[rank 0] post time (avg. per thread and iter): 2.590139us
[rank 0] wait time (avg. per thread and iter): 279.780808us
[rank 0] comp time (avg. per thread and iter): 54.014281us
[rank 0] comm time (avg. per thread and iter): 336.385228us
[rank 0] overlap: 16.06%
[rank 2] post time (avg. per thread and iter): 2.626572us
[rank 2] wait time (avg. per thread and iter): 271.034257us
[rank 2] comp time (avg. per thread and iter): 50.977979us
[rank 2] comm time (avg. per thread and iter): 324.638809us
[rank 2] overlap: 15.70%
[rank 3] post time (avg. per thread and iter): 2.596405us
[rank 3] wait time (avg. per thread and iter): 122.898332us
[rank 3] comp time (avg. per thread and iter): 52.569769us
[rank 3] comm time (avg. per thread and iter): 178.064507us
[rank 3] overlap: 29.52%
[rank 1] post time (avg. per thread and iter): 2.637388us
[rank 1] wait time (avg. per thread and iter): 230.266209us
[rank 1] comp time (avg. per thread and iter): 56.349921us
[rank 1] comm time (avg. per thread and iter): 289.253518us
[rank 1] overlap: 19.48%
[rank 2] post time (avg. per thread and iter): 2.242588us
[rank 2] wait time (avg. per thread and iter): 438.160993us
[rank 2] comp time (avg. per thread and iter): 38.093236us
[rank 2] comm time (avg. per thread and iter): 478.496818us
[rank 2] overlap: 7.96%
[rank 0] post time (avg. per thread and iter): 2.118172us
[rank 0] wait time (avg. per thread and iter): 350.373214us
[rank 0] comp time (avg. per thread and iter): 40.614250us
[rank 0] comm time (avg. per thread and iter): 393.105636us
[rank 0] overlap: 10.33%
[rank 3] post time (avg. per thread and iter): 2.020345us
[rank 3] wait time (avg. per thread and iter): 460.261962us
[rank 3] comp time (avg. per thread and iter): 39.820821us
[rank 3] comm time (avg. per thread and iter): 502.103128us
[rank 3] overlap: 7.93%
[rank 1] post time (avg. per thread and iter): 2.135015us
[rank 1] wait time (avg. per thread and iter): 423.088297us
[rank 1] comp time (avg. per thread and iter): 42.487401us
[rank 1] comm time (avg. per thread and iter): 467.710713us
[rank 1] overlap: 9.08%
[rank 0] post time (avg. per thread and iter): 2.080508us
[rank 0] wait time (avg. per thread and iter): 1333.407488us
[rank 0] comp time (avg. per thread and iter): 38.026241us
[rank 0] comm time (avg. per thread and iter): 1373.514238us
[rank 0] overlap: 2.77%
[rank 2] post time (avg. per thread and iter): 1.981867us
[rank 2] wait time (avg. per thread and iter): 1340.310276us
[rank 2] comp time (avg. per thread and iter): 34.504444us
[rank 2] comm time (avg. per thread and iter): 1376.796587us
[rank 2] overlap: 2.51%
[rank 3] post time (avg. per thread and iter): 2.008607us
[rank 3] wait time (avg. per thread and iter): 1405.662012us
[rank 3] comp time (avg. per thread and iter): 34.767632us
[rank 3] comm time (avg. per thread and iter): 1442.438251us
[rank 3] overlap: 2.41%
[rank 1] post time (avg. per thread and iter): 2.062205us
[rank 1] wait time (avg. per thread and iter): 1304.254778us
[rank 1] comp time (avg. per thread and iter): 40.012291us
[rank 1] comm time (avg. per thread and iter): 1346.329273us
[rank 1] overlap: 2.97%
[rank 0] post time (avg. per thread and iter): 2.053085us
[rank 0] wait time (avg. per thread and iter): 14185.153800us
[rank 0] comp time (avg. per thread and iter): 39.434646us
[rank 0] comm time (avg. per thread and iter): 14226.641531us
[rank 0] overlap: 0.28%
[rank 3] post time (avg. per thread and iter): 2.075874us
[rank 3] wait time (avg. per thread and iter): 13735.481032us
[rank 3] comp time (avg. per thread and iter): 33.933774us
[rank 3] comm time (avg. per thread and iter): 13771.490680us
[rank 3] overlap: 0.25%
[rank 2] post time (avg. per thread and iter): 2.008725us
[rank 2] wait time (avg. per thread and iter): 13815.038832us
[rank 2] comp time (avg. per thread and iter): 33.369653us
[rank 2] comm time (avg. per thread and iter): 13850.417210us
[rank 2] overlap: 0.24%
[rank 1] post time (avg. per thread and iter): 2.017896us
[rank 1] wait time (avg. per thread and iter): 13908.868998us
[rank 1] comp time (avg. per thread and iter): 40.850919us
[rank 1] comm time (avg. per thread and iter): 13951.737814us
[rank 1] overlap: 0.29%
[rank 2] post time (avg. per thread and iter): 1.772744us
[rank 2] wait time (avg. per thread and iter): 107804.986454us
[rank 2] comp time (avg. per thread and iter): 44.268521us
[rank 2] comm time (avg. per thread and iter): 107851.027719us
[rank 2] overlap: 0.04%
[rank 3] post time (avg. per thread and iter): 1.647372us
[rank 3] wait time (avg. per thread and iter): 100319.582271us
[rank 3] comp time (avg. per thread and iter): 45.009367us
[rank 3] comm time (avg. per thread and iter): 100366.239010us
[rank 3] overlap: 0.04%
[rank 1] post time (avg. per thread and iter): 1.684716us
[rank 1] wait time (avg. per thread and iter): 112769.813543us
[rank 1] comp time (avg. per thread and iter): 43.997037us
[rank 1] comm time (avg. per thread and iter): 112815.495296us
[rank 1] overlap: 0.04%
[rank 0] post time (avg. per thread and iter): 1.665245us
[rank 0] wait time (avg. per thread and iter): 107572.657436us
[rank 0] comp time (avg. per thread and iter): 41.993053us
[rank 0] comm time (avg. per thread and iter): 107616.315734us
[rank 0] overlap: 0.04%
[rank 1] post time (avg. per thread and iter): 1.805551us
[rank 1] wait time (avg. per thread and iter): 1079299.668657us
[rank 1] comp time (avg. per thread and iter): 53.587262us
[rank 1] comm time (avg. per thread and iter): 1079355.061470us
[rank 1] overlap: 0.00%
[rank 2] post time (avg. per thread and iter): 1.904429us
[rank 2] wait time (avg. per thread and iter): 1040035.185131us
[rank 2] comp time (avg. per thread and iter): 64.708690us
[rank 2] comm time (avg. per thread and iter): 1040101.798249us
[rank 2] overlap: 0.01%
[rank 3] post time (avg. per thread and iter): 1.928560us
[rank 3] wait time (avg. per thread and iter): 981662.204266us
[rank 3] comp time (avg. per thread and iter): 73.408900us
[rank 3] comm time (avg. per thread and iter): 981737.541726us
[rank 3] overlap: 0.01%
[rank 0] post time (avg. per thread and iter): 1.845200us
[rank 0] wait time (avg. per thread and iter): 1056566.543237us
[rank 0] comp time (avg. per thread and iter): 53.074570us
[rank 0] comm time (avg. per thread and iter): 1056621.463007us
[rank 0] overlap: 0.01%
[rank 3] post time (avg. per thread and iter): 1.964854us
[rank 3] wait time (avg. per thread and iter): 282.362730us
[rank 3] comp time (avg. per thread and iter): 171.661595us
[rank 3] comm time (avg. per thread and iter): 455.989179us
[rank 3] overlap: 37.65%
[rank 0] post time (avg. per thread and iter): 2.043547us
[rank 0] wait time (avg. per thread and iter): 246.288644us
[rank 0] comp time (avg. per thread and iter): 173.137025us
[rank 0] comm time (avg. per thread and iter): 421.469215us
[rank 0] overlap: 41.08%
[rank 2] post time (avg. per thread and iter): 2.109149us
[rank 2] wait time (avg. per thread and iter): 279.735977us
[rank 2] comp time (avg. per thread and iter): 167.155852us
[rank 2] comm time (avg. per thread and iter): 449.000979us
[rank 2] overlap: 37.23%
[rank 1] post time (avg. per thread and iter): 1.961103us
[rank 1] wait time (avg. per thread and iter): 9.760660us
[rank 1] comp time (avg. per thread and iter): 183.845959us
[rank 1] comm time (avg. per thread and iter): 195.567722us
[rank 1] overlap: 94.01%
[rank 3] post time (avg. per thread and iter): 1.979258us
[rank 3] wait time (avg. per thread and iter): 268.587816us
[rank 3] comp time (avg. per thread and iter): 171.931849us
[rank 3] comm time (avg. per thread and iter): 442.498924us
[rank 3] overlap: 38.85%
[rank 0] post time (avg. per thread and iter): 1.983984us
[rank 0] wait time (avg. per thread and iter): 270.172528us
[rank 0] comp time (avg. per thread and iter): 173.342374us
[rank 0] comm time (avg. per thread and iter): 445.498886us
[rank 0] overlap: 38.91%
[rank 1] post time (avg. per thread and iter): 1.953661us
[rank 1] wait time (avg. per thread and iter): 8.627858us
[rank 1] comp time (avg. per thread and iter): 183.090542us
[rank 1] comm time (avg. per thread and iter): 193.672061us
[rank 1] overlap: 94.54%
[rank 2] post time (avg. per thread and iter): 2.012125us
[rank 2] wait time (avg. per thread and iter): 285.108926us
[rank 2] comp time (avg. per thread and iter): 167.169826us
[rank 2] comm time (avg. per thread and iter): 454.290877us
[rank 2] overlap: 36.80%
[rank 0] post time (avg. per thread and iter): 2.118405us
[rank 0] wait time (avg. per thread and iter): 256.879934us
[rank 0] comp time (avg. per thread and iter): 174.714208us
[rank 0] comm time (avg. per thread and iter): 433.712546us
[rank 0] overlap: 40.28%
[rank 3] post time (avg. per thread and iter): 1.992270us
[rank 3] wait time (avg. per thread and iter): 260.016125us
[rank 3] comp time (avg. per thread and iter): 172.654388us
[rank 3] comm time (avg. per thread and iter): 434.662782us
[rank 3] overlap: 39.72%
[rank 2] post time (avg. per thread and iter): 1.998370us
[rank 2] wait time (avg. per thread and iter): 279.114635us
[rank 2] comp time (avg. per thread and iter): 167.624781us
[rank 2] comm time (avg. per thread and iter): 448.737786us
[rank 2] overlap: 37.35%
[rank 1] post time (avg. per thread and iter): 1.978302us
[rank 1] wait time (avg. per thread and iter): 37.975015us
[rank 1] comp time (avg. per thread and iter): 185.410108us
[rank 1] comm time (avg. per thread and iter): 225.363424us
[rank 1] overlap: 82.27%
[rank 0] post time (avg. per thread and iter): 1.981200us
[rank 0] wait time (avg. per thread and iter): 310.630047us
[rank 0] comp time (avg. per thread and iter): 185.065083us
[rank 0] comm time (avg. per thread and iter): 497.676331us
[rank 0] overlap: 37.19%
[rank 2] post time (avg. per thread and iter): 2.024235us
[rank 2] wait time (avg. per thread and iter): 342.765472us
[rank 2] comp time (avg. per thread and iter): 170.554691us
[rank 2] comm time (avg. per thread and iter): 515.344398us
[rank 2] overlap: 33.10%
[rank 3] post time (avg. per thread and iter): 2.088378us
[rank 3] wait time (avg. per thread and iter): 373.916882us
[rank 3] comp time (avg. per thread and iter): 174.226830us
[rank 3] comm time (avg. per thread and iter): 550.232091us
[rank 3] overlap: 31.66%
[rank 1] post time (avg. per thread and iter): 1.936222us
[rank 1] wait time (avg. per thread and iter): 337.850025us
[rank 1] comp time (avg. per thread and iter): 197.047043us
[rank 1] comm time (avg. per thread and iter): 536.833290us
[rank 1] overlap: 36.71%
[rank 3] post time (avg. per thread and iter): 2.036442us
[rank 3] wait time (avg. per thread and iter): 1282.795981us
[rank 3] comp time (avg. per thread and iter): 180.715272us
[rank 3] comm time (avg. per thread and iter): 1465.547695us
[rank 3] overlap: 12.33%
[rank 0] post time (avg. per thread and iter): 1.970153us
[rank 0] wait time (avg. per thread and iter): 1208.606515us
[rank 0] comp time (avg. per thread and iter): 200.429548us
[rank 0] comm time (avg. per thread and iter): 1411.006216us
[rank 0] overlap: 14.20%
[rank 2] post time (avg. per thread and iter): 2.033298us
[rank 2] wait time (avg. per thread and iter): 1244.206180us
[rank 2] comp time (avg. per thread and iter): 178.572057us
[rank 2] comm time (avg. per thread and iter): 1424.811535us
[rank 2] overlap: 12.53%
[rank 1] post time (avg. per thread and iter): 2.109274us
[rank 1] wait time (avg. per thread and iter): 1176.010697us
[rank 1] comp time (avg. per thread and iter): 210.713762us
[rank 1] comm time (avg. per thread and iter): 1388.833733us
[rank 1] overlap: 15.17%
[rank 3] post time (avg. per thread and iter): 2.039650us
[rank 3] wait time (avg. per thread and iter): 14689.853622us
[rank 3] comp time (avg. per thread and iter): 176.965367us
[rank 3] comm time (avg. per thread and iter): 14868.858638us
[rank 3] overlap: 1.19%
[rank 2] post time (avg. per thread and iter): 2.133025us
[rank 2] wait time (avg. per thread and iter): 13889.720747us
[rank 2] comp time (avg. per thread and iter): 170.818038us
[rank 2] comm time (avg. per thread and iter): 14062.671810us
[rank 2] overlap: 1.21%
[rank 0] post time (avg. per thread and iter): 1.970021us
[rank 0] wait time (avg. per thread and iter): 14094.343403us
[rank 0] comp time (avg. per thread and iter): 199.922716us
[rank 0] comm time (avg. per thread and iter): 14296.236139us
[rank 0] overlap: 1.40%
[rank 1] post time (avg. per thread and iter): 2.024747us
[rank 1] wait time (avg. per thread and iter): 14444.765861us
[rank 1] comp time (avg. per thread and iter): 205.390150us
[rank 1] comm time (avg. per thread and iter): 14652.180758us
[rank 1] overlap: 1.40%
[rank 1] post time (avg. per thread and iter): 1.653670us
[rank 1] wait time (avg. per thread and iter): 112338.000515us
[rank 1] comp time (avg. per thread and iter): 208.734340us
[rank 1] comm time (avg. per thread and iter): 112548.388526us
[rank 1] overlap: 0.19%
[rank 3] post time (avg. per thread and iter): 1.677683us
[rank 3] wait time (avg. per thread and iter): 103488.123184us
[rank 3] comp time (avg. per thread and iter): 182.735186us
[rank 3] comm time (avg. per thread and iter): 103672.536053us
[rank 3] overlap: 0.18%
[rank 2] post time (avg. per thread and iter): 1.752663us
[rank 2] wait time (avg. per thread and iter): 106262.792339us
[rank 2] comp time (avg. per thread and iter): 181.205151us
[rank 2] comm time (avg. per thread and iter): 106445.750153us
[rank 2] overlap: 0.17%
[rank 0] post time (avg. per thread and iter): 1.663790us
[rank 0] wait time (avg. per thread and iter): 105936.164502us
[rank 0] comp time (avg. per thread and iter): 198.380065us
[rank 0] comm time (avg. per thread and iter): 106136.208358us
[rank 0] overlap: 0.19%
[rank 1] post time (avg. per thread and iter): 1.757930us
[rank 1] wait time (avg. per thread and iter): 1080144.837837us
[rank 1] comp time (avg. per thread and iter): 221.241713us
[rank 1] comm time (avg. per thread and iter): 1080367.837479us
[rank 1] overlap: 0.02%
[rank 2] post time (avg. per thread and iter): 1.980671us
[rank 2] wait time (avg. per thread and iter): 1047664.365797us
[rank 2] comp time (avg. per thread and iter): 225.346590us
[rank 2] comm time (avg. per thread and iter): 1047891.693058us
[rank 2] overlap: 0.02%
[rank 0] post time (avg. per thread and iter): 1.871938us
[rank 0] wait time (avg. per thread and iter): 1049728.636710us
[rank 0] comp time (avg. per thread and iter): 208.264935us
[rank 0] comm time (avg. per thread and iter): 1049938.773582us
[rank 0] overlap: 0.02%
[rank 3] post time (avg. per thread and iter): 1.944152us
[rank 3] wait time (avg. per thread and iter): 978329.751437us
[rank 3] comp time (avg. per thread and iter): 288.914891us
[rank 3] comm time (avg. per thread and iter): 978620.610480us
[rank 3] overlap: 0.03%
[rank 0] post time (avg. per thread and iter): 1.994544us
[rank 0] wait time (avg. per thread and iter): 232.581474us
[rank 0] comp time (avg. per thread and iter): 350.601255us
[rank 0] comm time (avg. per thread and iter): 585.177273us
[rank 0] overlap: 59.91%
[rank 3] post time (avg. per thread and iter): 1.950107us
[rank 3] wait time (avg. per thread and iter): 330.703460us
[rank 3] comp time (avg. per thread and iter): 346.047319us
[rank 3] comm time (avg. per thread and iter): 678.700886us
[rank 3] overlap: 50.99%
[rank 2] post time (avg. per thread and iter): 1.949894us
[rank 2] wait time (avg. per thread and iter): 225.532843us
[rank 2] comp time (avg. per thread and iter): 337.436298us
[rank 2] comm time (avg. per thread and iter): 564.919035us
[rank 2] overlap: 59.73%
[rank 1] post time (avg. per thread and iter): 1.924381us
[rank 1] wait time (avg. per thread and iter): 97.394000us
[rank 1] comp time (avg. per thread and iter): 374.534384us
[rank 1] comm time (avg. per thread and iter): 473.852765us
[rank 1] overlap: 79.04%
[rank 0] post time (avg. per thread and iter): 2.025084us
[rank 0] wait time (avg. per thread and iter): 204.488834us
[rank 0] comp time (avg. per thread and iter): 350.612392us
[rank 0] comm time (avg. per thread and iter): 557.126310us
[rank 0] overlap: 62.93%
[rank 3] post time (avg. per thread and iter): 2.012610us
[rank 3] wait time (avg. per thread and iter): 227.921172us
[rank 3] comp time (avg. per thread and iter): 347.794764us
[rank 3] comm time (avg. per thread and iter): 577.728546us
[rank 3] overlap: 60.20%
[rank 2] post time (avg. per thread and iter): 1.967290us
[rank 2] wait time (avg. per thread and iter): 229.597657us
[rank 2] comp time (avg. per thread and iter): 336.810360us
[rank 2] comm time (avg. per thread and iter): 568.375307us
[rank 2] overlap: 59.26%
[rank 1] post time (avg. per thread and iter): 1.912323us
[rank 1] wait time (avg. per thread and iter): 5.639522us
[rank 1] comp time (avg. per thread and iter): 379.134957us
[rank 1] comm time (avg. per thread and iter): 386.686802us
[rank 1] overlap: 98.05%
[rank 0] post time (avg. per thread and iter): 2.007933us
[rank 0] wait time (avg. per thread and iter): 211.029292us
[rank 0] comp time (avg. per thread and iter): 352.390451us
[rank 0] comm time (avg. per thread and iter): 565.427676us
[rank 0] overlap: 62.32%
[rank 3] post time (avg. per thread and iter): 2.022735us
[rank 3] wait time (avg. per thread and iter): 299.773113us
[rank 3] comp time (avg. per thread and iter): 347.332346us
[rank 3] comm time (avg. per thread and iter): 649.128193us
[rank 3] overlap: 53.51%
[rank 2] post time (avg. per thread and iter): 2.136120us
[rank 2] wait time (avg. per thread and iter): 246.178041us
[rank 2] comp time (avg. per thread and iter): 336.815003us
[rank 2] comm time (avg. per thread and iter): 585.129164us
[rank 2] overlap: 57.56%
[rank 1] post time (avg. per thread and iter): 1.945958us
[rank 1] wait time (avg. per thread and iter): 77.131709us
[rank 1] comp time (avg. per thread and iter): 385.325245us
[rank 1] comm time (avg. per thread and iter): 464.402912us
[rank 1] overlap: 82.97%
[rank 3] post time (avg. per thread and iter): 2.032064us
[rank 3] wait time (avg. per thread and iter): 380.746774us
[rank 3] comp time (avg. per thread and iter): 354.351325us
[rank 3] comm time (avg. per thread and iter): 737.130163us
[rank 3] overlap: 48.07%
[rank 0] post time (avg. per thread and iter): 2.015832us
[rank 0] wait time (avg. per thread and iter): 262.734563us
[rank 0] comp time (avg. per thread and iter): 375.441340us
[rank 0] comm time (avg. per thread and iter): 640.191735us
[rank 0] overlap: 58.65%
[rank 1] post time (avg. per thread and iter): 2.001454us
[rank 1] wait time (avg. per thread and iter): 292.150453us
[rank 1] comp time (avg. per thread and iter): 398.654478us
[rank 1] comm time (avg. per thread and iter): 692.806385us
[rank 1] overlap: 57.54%
[rank 2] post time (avg. per thread and iter): 2.062347us
[rank 2] wait time (avg. per thread and iter): 316.073280us
[rank 2] comp time (avg. per thread and iter): 348.070417us
[rank 2] comm time (avg. per thread and iter): 666.206045us
[rank 2] overlap: 52.25%
[rank 3] post time (avg. per thread and iter): 2.080965us
[rank 3] wait time (avg. per thread and iter): 1148.413643us
[rank 3] comp time (avg. per thread and iter): 365.344581us
[rank 3] comm time (avg. per thread and iter): 1515.839189us
[rank 3] overlap: 24.10%
[rank 0] post time (avg. per thread and iter): 2.081687us
[rank 0] wait time (avg. per thread and iter): 1050.328625us
[rank 0] comp time (avg. per thread and iter): 413.137452us
[rank 0] comm time (avg. per thread and iter): 1465.547764us
[rank 0] overlap: 28.19%
[rank 2] post time (avg. per thread and iter): 2.127051us
[rank 2] wait time (avg. per thread and iter): 1104.191367us
[rank 2] comp time (avg. per thread and iter): 362.610714us
[rank 2] comm time (avg. per thread and iter): 1468.929132us
[rank 2] overlap: 24.69%
[rank 1] post time (avg. per thread and iter): 2.051718us
[rank 1] wait time (avg. per thread and iter): 989.522594us
[rank 1] comp time (avg. per thread and iter): 439.053563us
[rank 1] comm time (avg. per thread and iter): 1430.627874us
[rank 1] overlap: 30.69%
[rank 3] post time (avg. per thread and iter): 1.969259us
[rank 3] wait time (avg. per thread and iter): 14329.710651us
[rank 3] comp time (avg. per thread and iter): 358.004602us
[rank 3] comm time (avg. per thread and iter): 14689.684512us
[rank 3] overlap: 2.44%
[rank 0] post time (avg. per thread and iter): 1.957791us
[rank 0] wait time (avg. per thread and iter): 13786.805396us
[rank 0] comp time (avg. per thread and iter): 404.736257us
[rank 0] comm time (avg. per thread and iter): 14193.499443us
[rank 0] overlap: 2.85%
[rank 1] post time (avg. per thread and iter): 1.952806us
[rank 1] wait time (avg. per thread and iter): 14232.943050us
[rank 1] comp time (avg. per thread and iter): 415.410884us
[rank 1] comm time (avg. per thread and iter): 14650.306741us
[rank 1] overlap: 2.84%
[rank 2] post time (avg. per thread and iter): 1.993075us
[rank 2] wait time (avg. per thread and iter): 14253.221269us
[rank 2] comp time (avg. per thread and iter): 352.949158us
[rank 2] comm time (avg. per thread and iter): 14608.163502us
[rank 2] overlap: 2.42%
[rank 1] post time (avg. per thread and iter): 1.699394us
[rank 1] wait time (avg. per thread and iter): 112827.564068us
[rank 1] comp time (avg. per thread and iter): 415.891825us
[rank 1] comm time (avg. per thread and iter): 113245.155288us
[rank 1] overlap: 0.37%
[rank 3] post time (avg. per thread and iter): 1.668849us
[rank 3] wait time (avg. per thread and iter): 102596.704061us
[rank 3] comp time (avg. per thread and iter): 365.999127us
[rank 3] comm time (avg. per thread and iter): 102964.372038us
[rank 3] overlap: 0.36%
[rank 0] post time (avg. per thread and iter): 1.747274us
[rank 0] wait time (avg. per thread and iter): 106223.403606us
[rank 0] comp time (avg. per thread and iter): 396.021264us
[rank 0] comm time (avg. per thread and iter): 106621.172143us
[rank 0] overlap: 0.37%
[rank 2] post time (avg. per thread and iter): 1.728363us
[rank 2] wait time (avg. per thread and iter): 107575.569981us
[rank 2] comp time (avg. per thread and iter): 360.201770us
[rank 2] comm time (avg. per thread and iter): 107937.500114us
[rank 2] overlap: 0.33%
[rank 1] post time (avg. per thread and iter): 1.787172us
[rank 1] wait time (avg. per thread and iter): 1081007.710715us
[rank 1] comp time (avg. per thread and iter): 575.454990us
[rank 1] comm time (avg. per thread and iter): 1081584.952877us
[rank 1] overlap: 0.05%
[rank 0] post time (avg. per thread and iter): 1.893153us
[rank 0] wait time (avg. per thread and iter): 1051784.860798us
[rank 0] comp time (avg. per thread and iter): 621.418534us
[rank 0] comm time (avg. per thread and iter): 1052408.172485us
[rank 0] overlap: 0.06%
[rank 2] post time (avg. per thread and iter): 1.910584us
[rank 2] wait time (avg. per thread and iter): 1048184.852305us
[rank 2] comp time (avg. per thread and iter): 804.646231us
[rank 2] comm time (avg. per thread and iter): 1048991.409121us
[rank 2] overlap: 0.08%
[rank 3] post time (avg. per thread and iter): 1.929953us
[rank 3] wait time (avg. per thread and iter): 975168.892855us
[rank 3] comp time (avg. per thread and iter): 1020.840906us
[rank 3] comm time (avg. per thread and iter): 976191.663714us
[rank 3] overlap: 0.10%
[rank 0] post time (avg. per thread and iter): 2.223942us
[rank 0] wait time (avg. per thread and iter): 208.078437us
[rank 0] comp time (avg. per thread and iter): 1704.971787us
[rank 0] comm time (avg. per thread and iter): 1915.274166us
[rank 0] overlap: 89.02%
[rank 3] post time (avg. per thread and iter): 2.499616us
[rank 3] wait time (avg. per thread and iter): 262.681534us
[rank 3] comp time (avg. per thread and iter): 1667.566105us
[rank 3] comm time (avg. per thread and iter): 1932.747255us
[rank 3] overlap: 86.28%
[rank 2] post time (avg. per thread and iter): 2.174673us
[rank 2] wait time (avg. per thread and iter): 273.399685us
[rank 2] comp time (avg. per thread and iter): 1642.971412us
[rank 2] comm time (avg. per thread and iter): 1918.545770us
[rank 2] overlap: 85.64%
[rank 1] post time (avg. per thread and iter): 2.387148us
[rank 1] wait time (avg. per thread and iter): 0.910120us
[rank 1] comp time (avg. per thread and iter): 1858.469173us
[rank 1] comm time (avg. per thread and iter): 1861.766442us
[rank 1] overlap: 99.82%
[rank 0] post time (avg. per thread and iter): 2.273875us
[rank 0] wait time (avg. per thread and iter): 192.208243us
[rank 0] comp time (avg. per thread and iter): 1707.885133us
[rank 0] comm time (avg. per thread and iter): 1902.367250us
[rank 0] overlap: 89.78%
[rank 3] post time (avg. per thread and iter): 2.218929us
[rank 3] wait time (avg. per thread and iter): 312.342108us
[rank 3] comp time (avg. per thread and iter): 1668.779697us
[rank 3] comm time (avg. per thread and iter): 1983.340733us
[rank 3] overlap: 84.14%
[rank 2] post time (avg. per thread and iter): 2.202946us
[rank 2] wait time (avg. per thread and iter): 246.859028us
[rank 2] comp time (avg. per thread and iter): 1644.823256us
[rank 2] comm time (avg. per thread and iter): 1893.885230us
[rank 2] overlap: 86.85%
[rank 1] post time (avg. per thread and iter): 2.194569us
[rank 1] wait time (avg. per thread and iter): 68.190400us
[rank 1] comp time (avg. per thread and iter): 1862.749667us
[rank 1] comm time (avg. per thread and iter): 1933.134636us
[rank 1] overlap: 96.36%
[rank 0] post time (avg. per thread and iter): 2.180830us
[rank 0] wait time (avg. per thread and iter): 203.869272us
[rank 0] comp time (avg. per thread and iter): 1702.312301us
[rank 0] comm time (avg. per thread and iter): 1908.362403us
[rank 0] overlap: 89.20%
[rank 3] post time (avg. per thread and iter): 2.165265us
[rank 3] wait time (avg. per thread and iter): 321.451428us
[rank 3] comp time (avg. per thread and iter): 1668.857404us
[rank 3] comm time (avg. per thread and iter): 1992.474097us
[rank 3] overlap: 83.76%
[rank 2] post time (avg. per thread and iter): 2.212140us
[rank 2] wait time (avg. per thread and iter): 205.005212us
[rank 2] comp time (avg. per thread and iter): 1639.528920us
[rank 2] comm time (avg. per thread and iter): 1846.746271us
[rank 2] overlap: 88.78%
[rank 1] post time (avg. per thread and iter): 2.080148us
[rank 1] wait time (avg. per thread and iter): 79.560664us
[rank 1] comp time (avg. per thread and iter): 1859.468892us
[rank 1] comm time (avg. per thread and iter): 1941.109703us
[rank 1] overlap: 95.79%
[rank 3] post time (avg. per thread and iter): 2.219689us
[rank 3] wait time (avg. per thread and iter): 290.334355us
[rank 3] comp time (avg. per thread and iter): 1676.651342us
[rank 3] comm time (avg. per thread and iter): 1969.205387us
[rank 3] overlap: 85.14%
[rank 0] post time (avg. per thread and iter): 2.288954us
[rank 0] wait time (avg. per thread and iter): 232.052025us
[rank 0] comp time (avg. per thread and iter): 1765.767283us
[rank 0] comm time (avg. per thread and iter): 2000.108262us
[rank 0] overlap: 88.28%
[rank 2] post time (avg. per thread and iter): 2.301083us
[rank 2] wait time (avg. per thread and iter): 308.355428us
[rank 2] comp time (avg. per thread and iter): 1649.085737us
[rank 2] comm time (avg. per thread and iter): 1959.742248us
[rank 2] overlap: 84.15%
[rank 1] post time (avg. per thread and iter): 2.153460us
[rank 1] wait time (avg. per thread and iter): 31.911943us
[rank 1] comp time (avg. per thread and iter): 1881.063549us
[rank 1] comm time (avg. per thread and iter): 1915.128953us
[rank 1] overlap: 98.22%
[rank 3] post time (avg. per thread and iter): 2.323985us
[rank 3] wait time (avg. per thread and iter): 689.539594us
[rank 3] comp time (avg. per thread and iter): 1758.572514us
[rank 3] comm time (avg. per thread and iter): 2450.436094us
[rank 3] overlap: 71.77%
[rank 0] post time (avg. per thread and iter): 2.131799us
[rank 0] wait time (avg. per thread and iter): 464.406306us
[rank 0] comp time (avg. per thread and iter): 1865.724338us
[rank 0] comm time (avg. per thread and iter): 2332.262443us
[rank 0] overlap: 80.00%
[rank 2] post time (avg. per thread and iter): 2.297980us
[rank 2] wait time (avg. per thread and iter): 657.091896us
[rank 2] comp time (avg. per thread and iter): 1739.910306us
[rank 2] comm time (avg. per thread and iter): 2399.300182us
[rank 2] overlap: 72.52%
[rank 1] post time (avg. per thread and iter): 2.196292us
[rank 1] wait time (avg. per thread and iter): 358.716336us
[rank 1] comp time (avg. per thread and iter): 2009.336790us
[rank 1] comm time (avg. per thread and iter): 2370.249418us
[rank 1] overlap: 84.77%
[rank 2] post time (avg. per thread and iter): 2.128763us
[rank 2] wait time (avg. per thread and iter): 15729.624489us
[rank 2] comp time (avg. per thread and iter): 1648.072032us
[rank 2] comm time (avg. per thread and iter): 17379.825284us
[rank 2] overlap: 9.48%
[rank 3] post time (avg. per thread and iter): 2.158247us
[rank 3] wait time (avg. per thread and iter): 14022.380398us
[rank 3] comp time (avg. per thread and iter): 1726.389984us
[rank 3] comm time (avg. per thread and iter): 15750.928629us
[rank 3] overlap: 10.96%
[rank 0] post time (avg. per thread and iter): 2.185909us
[rank 0] wait time (avg. per thread and iter): 14870.188359us
[rank 0] comp time (avg. per thread and iter): 1839.778348us
[rank 0] comm time (avg. per thread and iter): 16712.152616us
[rank 0] overlap: 11.01%
[rank 1] post time (avg. per thread and iter): 2.098978us
[rank 1] wait time (avg. per thread and iter): 13850.643517us
[rank 1] comp time (avg. per thread and iter): 1891.127811us
[rank 1] comm time (avg. per thread and iter): 15743.870306us
[rank 1] overlap: 12.01%
[rank 1] post time (avg. per thread and iter): 1.577315us
[rank 1] wait time (avg. per thread and iter): 110553.029236us
[rank 1] comp time (avg. per thread and iter): 1882.813041us
[rank 1] comm time (avg. per thread and iter): 112437.419592us
[rank 1] overlap: 1.67%
[rank 3] post time (avg. per thread and iter): 1.613442us
[rank 3] wait time (avg. per thread and iter): 104334.319026us
[rank 3] comp time (avg. per thread and iter): 1611.394517us
[rank 3] comm time (avg. per thread and iter): 105947.326985us
[rank 3] overlap: 1.52%
[rank 0] post time (avg. per thread and iter): 1.582822us
[rank 0] wait time (avg. per thread and iter): 101372.283762us
[rank 0] comp time (avg. per thread and iter): 1842.683883us
[rank 0] comm time (avg. per thread and iter): 103216.550466us
[rank 0] overlap: 1.79%
[rank 2] post time (avg. per thread and iter): 1.759754us
[rank 2] wait time (avg. per thread and iter): 103687.401819us
[rank 2] comp time (avg. per thread and iter): 1611.299236us
[rank 2] comm time (avg. per thread and iter): 105300.460809us
[rank 2] overlap: 1.53%
[rank 1] post time (avg. per thread and iter): 1.755899us
[rank 1] wait time (avg. per thread and iter): 1081948.307256us
[rank 1] comp time (avg. per thread and iter): 1988.078624us
[rank 1] comm time (avg. per thread and iter): 1083938.141779us
[rank 1] overlap: 0.18%
[rank 0] post time (avg. per thread and iter): 2.032121us
[rank 0] wait time (avg. per thread and iter): 1021425.769194us
[rank 0] comp time (avg. per thread and iter): 1978.080672us
[rank 0] comm time (avg. per thread and iter): 1023405.881987us
[rank 0] overlap: 0.19%
[rank 2] post time (avg. per thread and iter): 1.927585us
[rank 2] wait time (avg. per thread and iter): 1040528.771305us
[rank 2] comp time (avg. per thread and iter): 2124.131178us
[rank 2] comm time (avg. per thread and iter): 1042654.830069us
[rank 2] overlap: 0.20%
[rank 3] post time (avg. per thread and iter): 1.912399us
[rank 3] wait time (avg. per thread and iter): 1004905.724095us
[rank 3] comp time (avg. per thread and iter): 2395.928065us
[rank 3] comm time (avg. per thread and iter): 1007303.564559us
[rank 3] overlap: 0.24%
