[libmmcso] : offloading thread affinity on [host i04r06c06s01, rank 1] : cpu=47
[libmmcso] : offloading thread affinity on [host i04r06c06s05, rank [libmmcso] : offloading thread affinity on [host i04r06c06s09, rank [libmmcso] : offloading thread affinity on [host i04r06c06s07, rank [libmmcso] : offloading thread affinity on [host i04r07c01s01, rank [libmmcso] : offloading thread affinity on [host i04r06c06s02, rank [libmmcso] : offloading thread affinity on [host i04r07c04s01, rank [libmmcso] : offloading thread affinity on [host i04r07c02s04, rank [libmmcso] : offloading thread affinity on [host i04r07c03s12, rank [libmmcso] : offloading thread affinity on [host i04r07c01s08, rank [libmmcso] : offloading thread affinity on [host i04r06c06s05, rank 16] : cpu=23
[libmmcso] : offloading thread affinity on [host i04r06c06s03, rank 13] : cpu=47
25] : cpu=47
3] : cpu=47
[libmmcso] : offloading thread affinity on [host i04r07c02s09, rank [libmmcso] : offloading thread affinity on [host i04r07c04s01, rank 43] : cpu=4759] : cpu=47
39] : cpu=47
8] : cpu=23
[libmmcso] : offloading thread affinity on [host i04r06c06s09, rank 5] : cpu=47
[libmmcso] : offloading thread affinity on [host i04r06c06s07, rank [libmmcso] : offloading thread affinity on [host i04r07c01s01, rank 50] : cpu=23
60] : cpu=23

[libmmcso] : offloading thread affinity on [host i04r07c03s12, rank [libmmcso] : offloading thread affinity on [host i04r07c01s07, rank 9] : cpu=47
17] : cpu=47
12] : cpu=23
24] : cpu=23
[libmmcso] : offloading thread affinity on [host i04r07c02s09, rank 61] : cpu=47
[libmmcso] : offloading thread affinity on [host i04r07c02s04, rank 58] : cpu=23
[libmmcso] : offloading thread affinity on [host i04r07c01s07, rank 37] : cpu=47
[libmmcso] : offloading thread affinity on [host i04r07c03s10, rank [libmmcso] : offloading thread affinity on [host i04r06c06s06, rank [libmmcso] : offloading thread affinity on [host i04r07c02s05, rank 51] : cpu=47
[libmmcso] : offloading thread affinity on [host i04r07c04s02, rank 42] : cpu=23
[libmmcso] : offloading thread affinity on [host i04r07c01s05, rank 36] : cpu=23
[libmmcso] : offloading thread affinity on [host i04r07c03s10[libmmcso] : offloading thread affinity on [host i04r06c06s06, rank [libmmcso] : offloading thread affinity on [host i04r07c02s05, rank [libmmcso] : offloading thread affinity on [host i04r06c06s02, rank 62] : cpu=23
[libmmcso] : offloading thread affinity on [host i04r07c01s09, rank [libmmcso] : offloading thread affinity on [host i04r07c01s05, rank 33] : cpu=47
[libmmcso] : offloading thread affinity on [host [libmmcso] : offloading thread affinity on [host i04r07c01s08, rank , rank 44] : cpu=23
[libmmcso] : offloading thread affinity on [host i04r06c06s01, rank 0] : cpu=23
[libmmcso] : offloading thread affinity on [host i04r07c04s02, rank 41] : cpu=47
32] : cpu=23
i04r07c03s11, rank 54] : cpu=23
10] : cpu=23
[libmmcso] : offloading thread affinity on [host i04r06c06s11, rank 45] : cpu=47
2] : cpu=23
[libmmcso] : offloading thread affinity on [host 63] : cpu=47
[libmmcso] : offloading thread affinity on [host i04r07c01s09, rank [libmmcso] : offloading thread affinity on [host i04r07c01s06, rank 56] : cpu=23
38] : cpu=23
55] : cpu=47
11] : cpu=47
[libmmcso] : offloading thread affinity on [host i04r06c06s11, rank i04r07c02s07, rank 40] : cpu=23
[libmmcso] : offloading thread affinity on [host i04r07c01s06, rank [libmmcso] : offloading thread affinity on [host i04r07c03s11, rank [libmmcso] : offloading thread affinity on [host i04r07c03s03, rank 20] : cpu=23
[libmmcso] : offloading thread affinity on [host i04r06c06s03, rank [libmmcso] : offloading thread affinity on [host i04r07c02s07, rank 34] : cpu=23
57] : cpu=47
21] : cpu=47
4] : cpu=23
48] : cpu=23
35] : cpu=47
49] : cpu=47
[libmmcso] : offloading thread affinity on [host i04r07c03s03, rank 52] : cpu=23
53] : cpu=47
[libmmcso] : offloading thread affinity on [host i04r07c01s03, rank 28] : cpu=[libmmcso] : offloading thread affinity on [host i04r06c06s10, rank 23
[libmmcso] : offloading thread affinity on [host i04r06c06s12, rank 18] : cpu=23
[libmmcso] : offloading thread affinity on [host i04r07c02s06, rank [libmmcso] : offloading thread affinity on [host i04r07c01s03, rank [libmmcso] : offloading thread affinity on [host i04r06c06s12, rank [libmmcso] : offloading thread affinity on [host i04r06c06s10, rank 46] : cpu=23
29] : cpu=47
23] : cpu=47
19] : cpu=47
[libmmcso] : offloading thread affinity on [host i04r07c02s06, rank 22] : cpu=23
47] : cpu=47
[libmmcso] : offloading thread affinity on [host i04r06c06s04, rank [libmmcso] : offloading thread affinity on [host i04r06c06s04, rank 7] : cpu=47
6] : cpu=23
[libmmcso] : offloading thread affinity on [host i04r07c01s04, rank [libmmcso] : offloading thread affinity on [host i04r07c01s04, rank 31] : cpu=47
30] : cpu=23
[libmmcso] : offloading thread affinity on [host i04r06c06s08, rank 15] : cpu=47
[libmmcso] : offloading thread affinity on [host i04r06c06s08, rank 14] : cpu=23
[libmmcso] : offloading thread affinity on [host i04r07c01s02, rank [libmmcso] : offloading thread affinity on [host i04r07c01s02, rank 27] : cpu=26] : cpu=23
47
