[libmmcso] : offloading thread affinity on [host i02r10c05s10, rank [libmmcso] : offloading thread affinity on [host i02r05c02s11, rank [libmmcso] : offloading thread affinity on [host i02r10c05s11, rank [libmmcso] : offloading thread affinity on [host i06r06c01s01, rank [libmmcso] : offloading thread affinity on [host i06r03c05s11, rank [libmmcso] : offloading thread affinity on [host i02r05c03s01, rank 18] : cpu=23
[libmmcso] : offloading thread affinity on [host i06r06c01s03, rank 111] : cpu=472] : cpu=23
21] : cpu=47
211] : cpu=47
[libmmcso] : offloading thread affinity on [host i06r06c02s07, rank 
6] : cpu=23
[libmmcso] : offloading thread affinity on [host i02r10c05s11, rank 215] : cpu=47
247] : cpu=47
[libmmcso] : offloading thread affinity on [host i06r03c05s11, rank [libmmcso] : offloading thread affinity on [host i06r03c03s11, rank [libmmcso] : offloading thread affinity on [host i02r09c04s10, rank 20] : cpu=23
[libmmcso] : offloading thread affinity on [host i06r06c01s05, rank [libmmcso] : offloading thread affinity on [host i06r06c02s08, rank [libmmcso] : offloading thread affinity on [host i06r03c02s05, rank [libmmcso] : offloading thread affinity on [host i06r03c06s02, rank 110] : cpu=23
[libmmcso] : offloading thread affinity on [host i06r03c03s12, rank [libmmcso] : offloading thread affinity on [host i02r05c03s01, rank [libmmcso] : offloading thread affinity on [host i02r10c05s10, rank [libmmcso] : offloading thread affinity on [host i06r06c01s01, rank [libmmcso] : offloading thread affinity on [host i06r06c02s08, rank [libmmcso] : offloading thread affinity on [host i06r03c02s07, rank [libmmcso] : offloading thread affinity on [host i06r03c06s05, rank [libmmcso] : offloading thread affinity on [host i06r03c05s10, rank 83] : cpu=47
12] : cpu=23
19] : cpu=47
218] : cpu=23
[libmmcso] : offloading thread affinity on [host i06r06c02s07, rank [libmmcso] : offloading thread affinity on [host i06r03c02s09, rank 117] : cpu=47
[libmmcso] : offloading thread affinity on [host i06r03c05s08, rank 85] : cpu=47
[libmmcso] : offloading thread affinity on [host i06r06c01s09, rank [libmmcso] : offloading thread affinity on [host i06r03c01s07, rank [libmmcso] : offloading thread affinity on [host i06r05c05s11, rank 7] : cpu=47
[libmmcso] : offloading thread affinity on [host 210] : cpu=23
248] : cpu=23
[libmmcso] : offloading thread affinity on [host i06r03c02s11, rank 122] : cpu=23
108] : cpu=23
[libmmcso] : offloading thread affinity on [host i06r03c03s12, rank [libmmcso] : offloading thread affinity on [host i06r06c01s11, rank [libmmcso] : offloading thread affinity on [host i06r03c03s06, rank 34] : cpu=23
183] : cpu=47
[libmmcso] : offloading thread affinity on [host i02r05c02s11, rank i02r10c05s09, rank [libmmcso] : offloading thread affinity on [host i06r06c01s03, rank 249] : cpu=47
51] : cpu=47
[libmmcso] : offloading thread affinity on [host i06r03c06s02, rank 104] : cpu=23
[libmmcso] : offloading thread affinity on [host i06r03c03s11, rank [libmmcso] : offloading thread affinity on [host i06r06c02s02, rank 74] : cpu=23
[libmmcso] : offloading thread affinity on [host i06r03c01s07, rank [libmmcso] : offloading thread affinity on [host i06r05c05s11, rank 3] : cpu=47
16] : cpu=23
214] : cpu=23
246] : cpu=23
55] : cpu=47
116] : cpu=23
[libmmcso] : offloading thread affinity on [host i06r03c05s08, rank 84] : cpu=23
226] : cpu=23
[libmmcso] : offloading thread affinity on [host i06r03c03s06, rank [libmmcso] : offloading thread affinity on [host i06r03c01s10, rank [libmmcso] : offloading thread affinity on [host i06r05c06s08, rank 182] : cpu=23
[libmmcso] : offloading thread affinity on [host i02r09c04s10, rank [libmmcso] : offloading thread affinity on [host i02r10c06s07, rank [libmmcso] : offloading thread affinity on [host i06r06c01s04, rank [libmmcso] : offloading thread affinity on [host i06r06c02s11, rank 57] : cpu=47
[libmmcso] : offloading thread affinity on [host i06r03c06s05, rank [libmmcso] : offloading thread affinity on [host i06r03c05s10, rank 82] : cpu=23
[libmmcso] : offloading thread affinity on [host i06r06c01s10, rank 75] : cpu=47
35] : cpu=47
[libmmcso] : offloading thread affinity on [host i06r05c06s11, rank [libmmcso] : offloading thread affinity on [host i06r05c05s12, rank 13] : cpu=47
[libmmcso] : offloading thread affinity on [host i02r10c06s07, rank 216] : cpu=23
[libmmcso] : offloading thread affinity on [host i06r06c02s05, rank 60] : cpu=23
123] : cpu=47
[libmmcso] : offloading thread affinity on [host i06r03c05s05, rank [libmmcso] : offloading thread affinity on [host i06r03c04s12, rank 231] : cpu=47
[libmmcso] : offloading thread affinity on [host i06r03c03s07, rank 40] : cpu=23
[libmmcso] : offloading thread affinity on [host 185] : cpu=47
[libmmcso] : offloading thread affinity on [host i06r05c05s02, rank [libmmcso] : offloading thread affinity on [host i06r05c03s11, rank [libmmcso] : offloading thread affinity on [host i02r05c02s10, rank 24] : cpu=[libmmcso] : offloading thread affinity on [host i06r06c01s05, rank 254] : cpu=23
[libmmcso] : offloading thread affinity on [host i06r03c02s02, rank [libmmcso] : offloading thread affinity on [host i06r03c06s03, rank 105] : cpu=47
[libmmcso] : offloading thread affinity on [host i06r03c04s12, rank 237] : cpu=47[libmmcso] : offloading thread affinity on [host i06r03c03s05, rank [libmmcso] : offloading thread affinity on [host i06r03c01s12, rank 200] : cpu=23
[libmmcso] : offloading thread affinity on [host i06r05c06s01, rank 165] : cpu=47
[libmmcso] : offloading thread affinity on [host i06r05c03s12, rank [libmmcso] : offloading thread affinity on [host i02r09c01s04, rank 25] : cpu=47
219] : cpu=47
243] : cpu=47
[libmmcso] : offloading thread affinity on [host i06r03c02s09, rank [libmmcso] : offloading thread affinity on [host i06r03c06s03, rank 109] : cpu=47
88] : cpu=23
[libmmcso] : offloading thread affinity on [host i06r06c01s10, rank [libmmcso] : offloading thread affinity on [host i06r03c03s07, rank 77] : cpu=47
[libmmcso] : offloading thread affinity on [host i06r03c01s10, rank 206] : cpu=23
[libmmcso] : offloading thread affinity on [host i06r05c06s01, rank [libmmcso] : offloading thread affinity on [host i06r05c05s06, rank 147] : cpu=47
23
[libmmcso] : offloading thread affinity on [host i06r05c06s12, rank [libmmcso] : offloading thread affinity on [host i06r06c02s09, rank 99] : cpu=47
89] : cpu=47

[libmmcso] : offloading thread affinity on [host i06r03c03s05, rank 44] : cpu=23
[libmmcso] : offloading thread affinity on [host i06r05c06s06, rank 186] : cpu=23
[libmmcso] : offloading thread affinity on [host i06r05c05s02, rank 148] : cpu=23
1] : cpu=47
[libmmcso] : offloading thread affinity on [host i02r10c05s09, rank 208] : cpu=23
[libmmcso] : offloading thread affinity on [host i06r06c02s09, rank [libmmcso] : offloading thread affinity on [host i06r03c02s11, rank [libmmcso] : offloading thread affinity on [host i06r03c06s01, rank [libmmcso] : offloading thread affinity on [host i06r03c05s05, rank [libmmcso] : offloading thread affinity on [host i06r03c05s01, rank [libmmcso] : offloading thread affinity on [host i06r06c01s09, rank 76] : cpu=23
[libmmcso] : offloading thread affinity on [host i06r03c02s01, rank [libmmcso] : offloading thread affinity on [host i06r05c06s11, rank 187] : cpu=47
[libmmcso] : offloading thread affinity on [host i06r05c05s06, rank [libmmcso] : offloading thread affinity on [host i06r05c03s11, rank [libmmcso] : offloading thread affinity on [host i02r08c06s06, rank [libmmcso] : offloading thread affinity on [host i02r10c06s08, rank [libmmcso] : offloading thread affinity on [host i06r05c06s12, rank 250] : cpu=23
48] : cpu=23
119] : cpu=47
[libmmcso] : offloading thread affinity on [host i06r03c05s07, rank [libmmcso] : offloading thread affinity on [host i06r03c05s01, rank 72] : cpu=23
i06r05c06s06, rank [libmmcso] : offloading thread affinity on [host i06r05c05s12, rank 164] : cpu=23
146] : cpu=23
11] : cpu=47
17] : cpu=47
209] : cpu=47
[libmmcso] : offloading thread affinity on [host i06r06c02s04[libmmcso] : offloading thread affinity on [host i06r03c02s05, rank [libmmcso] : offloading thread affinity on [host i06r03c06s01, rank 98] : cpu=23
91] : cpu=229] : cpu=47
73] : cpu=47
41] : cpu=47
207] : cpu=47
184] : cpu=23
173] : cpu=47
[libmmcso] : offloading thread affinity on [host i06r05c03s12, rank [libmmcso] : offloading thread affinity on [host i02r08c06s06, rank [libmmcso] : offloading thread affinity on [host i02r10c06s08, rank [libmmcso] : offloading thread affinity on [host i06r06c01s06, rank 251] : cpu=47
56] : cpu=23
118] : cpu=23
103] : cpu=90] : cpu=23
227] : cpu=47
[libmmcso] : offloading thread affinity on [host i06r03c03s09, rank [libmmcso] : offloading thread affinity on [host i06r03c02s01, rank 196] : cpu=23
[libmmcso] : offloading thread affinity on [host i06r05c06s02, rank 172] : cpu=23
149] : cpu=47
8] : cpu=23
[libmmcso] : offloading thread affinity on [host i02r10c06s10, rank [libmmcso] : offloading thread affinity on [host i06r06c01s02, rank [libmmcso] : offloading thread affinity on [host i06r06c02s04, rank 61] : cpu=47
115] : cpu=47
47
228] : cpu=23
[libmmcso] : offloading thread affinity on [host i06r03c03s04, rank 47] : cpu=47[libmmcso] : offloading thread affinity on [host i06r05c06s02, rank 9] : cpu=47
26] : cpu=23
221] : cpu=, rank 50] : cpu=23
114] : cpu=23
[libmmcso] : offloading thread affinity on [host i06r03c05s04, rank [libmmcso] : offloading thread affinity on [host i06r03c04s11, rank [libmmcso] : offloading thread affinity on [host i06r06c01s11, rank [libmmcso] : offloading thread affinity on [host i06r03c03s09, rank 79] : cpu=4746] : cpu=23
[libmmcso] : offloading thread affinity on [host i06r05c06s08, rank 188] : cpu=23
[libmmcso] : offloading thread affinity on [host i02r09c01s04, rank [libmmcso] : offloading thread affinity on [host i02r10c06s09, rank 213] : cpu=47
[libmmcso] : offloading thread affinity on [host i06r06c02s06, rank [libmmcso] : offloading thread affinity on [host i06r03c02s07, rank 47
97] : cpu=47
[libmmcso] : offloading thread affinity on [host i06r03c04s11, rank 230] : cpu=23
[libmmcso] : offloading thread affinity on [host i06r03c03s03, rank 
[libmmcso] : offloading thread affinity on [host i06r05c06s09, rank 189] : cpu=47
[libmmcso] : offloading thread affinity on [host i02r05c02s10, rank 0] : cpu=23
[libmmcso] : offloading thread affinity on [host i02r10c06s10, rank [libmmcso] : offloading thread affinity on [host i06r06c01s04, rank [libmmcso] : offloading thread affinity on [host i06r06c02s05, rank 54] : cpu=23
[libmmcso] : offloading thread affinity on [host i06r03c06s06, rank [libmmcso] : offloading thread affinity on [host i06r03c05s07, rank 86] : cpu=23
[libmmcso] : offloading thread affinity on [host i06r06c01s12, rank [libmmcso] : offloading thread affinity on [host i06r03c03s04, rank [libmmcso] : offloading thread affinity on [host i06r03c01s12, rank 197] : cpu=47
[libmmcso] : offloading thread affinity on [host i06r05c06s03, rank 10] : cpu=23
27] : cpu=47
47245] : cpu=47
[libmmcso] : offloading thread affinity on [host i06r03c02s02, rank [libmmcso] : offloading thread affinity on [host i06r03c06s06, rank 102] : cpu=23
87] : cpu=47
[libmmcso] : offloading thread affinity on [host i06r06c01s12, rank 78] : cpu=23
45] : cpu=47
[libmmcso] : offloading thread affinity on [host i06r05c06s07, rank [libmmcso] : offloading thread affinity on [host i06r05c06s03, rank [libmmcso] : offloading thread affinity on [host i06r05c03s03, rank [libmmcso] : offloading thread affinity on [host i02r09c05s12, rank [libmmcso] : offloading thread affinity on [host i02r10c06s09, rank [libmmcso] : offloading thread affinity on [host i06r06c01s07, rank 240] : cpu=23
49] : cpu=47
[libmmcso] : offloading thread affinity on [host i06r03c05s12, rank [libmmcso] : offloading thread affinity on [host [libmmcso] : offloading thread affinity on [host i06r03c05s03, rank 232] : cpu=23
[libmmcso] : offloading thread affinity on [host i06r03c03s03, rank [libmmcso] : offloading thread affinity on [host i06r03c01s09, rank 201] : cpu=47
190] : cpu=23[libmmcso] : offloading thread affinity on [host i06r05c03s06, rank [libmmcso] : offloading thread affinity on [host i02r09c05s12, rank 30] : cpu=23
217] : cpu=47
241] : cpu=47
[libmmcso] : offloading thread affinity on [host i06r03c02s10, rank 124] : cpu=23
i06r03c05s04, rank [libmmcso] : offloading thread affinity on [host i06r03c05s02, rank 233] : cpu=47
71] : cpu=47
[libmmcso] : offloading thread affinity on [host i06r03c01s09, rank [libmmcso] : offloading thread affinity on [host i06r05c06s09, rank [libmmcso] : offloading thread affinity on [host i06r05c05s10, rank [libmmcso] : offloading thread affinity on [host i06r05c03s08, rank 14] : cpu=23
[libmmcso] : offloading thread affinity on [host i02r10c05s12, rank 
242] : cpu=23
[libmmcso] : offloading thread affinity on [host i06r03c02s12, rank [libmmcso] : offloading thread affinity on [host i06r03c05s12, rank 96] : cpu=23
[libmmcso] : offloading thread affinity on [host i06r03c05s03, rank 95] : cpu=[libmmcso] : offloading thread affinity on [host i06r06c02s01, rank 
39] : cpu=47
198] : cpu=23
191] : cpu=47
131] : cpu=47
[libmmcso] : offloading thread affinity on [host 15] : cpu=47
29] : cpu=47
[libmmcso] : offloading thread affinity on [host i06r06c01s07, rank [libmmcso] : offloading thread affinity on [host i06r06c02s10, rank [libmmcso] : offloading thread affinity on [host i06r03c02s10, rank 125] : cpu=47
[libmmcso] : offloading thread affinity on [host i06r03c05s09, rank [libmmcso] : offloading thread affinity on [host i06r03c05s02, rank [libmmcso] : offloading thread affinity on [host i06r06c02s01, rank [libmmcso] : offloading thread affinity on [host i06r03c03s01, rank 38] : cpu=23
202] : cpu=23
[libmmcso] : offloading thread affinity on [host i06r05c05s10, rank [libmmcso] : offloading thread affinity on [host i06r05c04s12, rank 137] : cpu=i06r05c03s10, rank 31] : cpu=47
223] : cpu=47
[libmmcso] : offloading thread affinity on [host i06r06c02s10, rank [libmmcso] : offloading thread affinity on [host i06r03c02s12, rank [libmmcso] : offloading thread affinity on [host i06r03c06s07, rank [libmmcso] : offloading thread affinity on [host i06r03c05s06, rank 94] : cpu=23
234] : cpu=2368] : cpu=23
[libmmcso] : offloading thread affinity on [host i06r03c01s06, rank 203] : cpu=47

160] : cpu=23
140] : cpu=23
144] : cpu=23
[libmmcso] : offloading thread affinity on [host i02r10c05s12, rank 222] : cpu=23
[libmmcso] : offloading thread affinity on [host i06r06c02s06, rank 59] : cpu=47
112] : cpu=23
[libmmcso] : offloading thread affinity on [host i06r03c05s09, rank 92] : cpu=23
235] : cpu=47
70] : cpu=23
[libmmcso] : offloading thread affinity on [host i06r03c01s06, rank [libmmcso] : offloading thread affinity on [host i06r05c06s07, rank 181] : cpu=47
47
28] : cpu=23
[libmmcso] : offloading thread affinity on [host i06r06c01s02, rank 252] : cpu=23
62] : cpu=126] : cpu=23
[libmmcso] : offloading thread affinity on [host i06r03c05s06, rank 47

[libmmcso] : offloading thread affinity on [host i06r03c03s02, rank [libmmcso] : offloading thread affinity on [host i06r03c01s08, rank 199] : cpu=47
180] : cpu=23
[libmmcso] : offloading thread affinity on [host i06r05c03s08, rank 22] : cpu=23
212] : cpu=23
244] : cpu=23
58] : cpu=23
113] : cpu=47
107] : cpu=47
93] : cpu=47
[libmmcso] : offloading thread affinity on [host i06r06c01s08, rank 69] : cpu=47
[libmmcso] : offloading thread affinity on [host [libmmcso] : offloading thread affinity on [host i06r05c06s04, rank [libmmcso] : offloading thread affinity on [host i06r05c04s12, rank 161] : cpu=141] : cpu=47
23] : cpu=47
[libmmcso] : offloading thread affinity on [host i06r06c01s06, rank 253] : cpu=47
63] : cpu=47
[libmmcso] : offloading thread affinity on [host i06r03c06s07, rank 127] : cpu=47
100] : cpu=23
[libmmcso] : offloading thread affinity on [host i06r06c02s02, rank 65] : cpu=47
32] : cpu=23
193] : cpu=47
47
[libmmcso] : offloading thread affinity on [host i06r05c03s03, rank 220] : cpu=23
[libmmcso] : offloading thread affinity on [host i06r06c02s11, rank 23
[libmmcso] : offloading thread affinity on [host i06r03c06s04, rank 106] : cpu=23
[libmmcso] : offloading thread affinity on [host i06r06c01s08, rank 224] : cpu=23
[libmmcso] : offloading thread affinity on [host i06r03c03s02, rank 33] : cpu=47
[libmmcso] : offloading thread affinity on [host i06r05c06s04, rank 130] : cpu=23
255] : cpu=47
[libmmcso] : offloading thread affinity on [host i06r03c02s06, rank 120] : cpu=23
101] : cpu=47
236] : cpu=23
67] : cpu=47
i06r03c01s08, rank 192] : cpu=23
[libmmcso] : offloading thread affinity on [host i06r03c02s06, rank 53] : cpu=47
[libmmcso] : offloading thread affinity on [host i06r03c06s04, rank 225] : cpu=47
66] : cpu=23
36] : cpu=23
[libmmcso] : offloading thread affinity on [host i06r05c06s05, rank [libmmcso] : offloading thread affinity on [host i06r05c03s04, rank [libmmcso] : offloading thread affinity on [host i06r05c03s10, rank 52] : cpu=23
121] : cpu=47
[libmmcso] : offloading thread affinity on [host i06r06c02s03, rank [libmmcso] : offloading thread affinity on [host 37] : cpu=47195] : cpu=47
133] : cpu=47
238] : cpu=23
i06r03c03s01, rank 
[libmmcso] : offloading thread affinity on [host i06r05c03s04, rank [libmmcso] : offloading thread affinity on [host i06r06c02s03, rank 64] : cpu=23
[libmmcso] : offloading thread affinity on [host i06r03c01s11, rank 132] : cpu=23
[libmmcso] : offloading thread affinity on [host i06r05c04s07, rank 239] : cpu=47
[libmmcso] : offloading thread affinity on [host i06r03c01s11, rank 43] : cpu=47
[libmmcso] : offloading thread affinity on [host i06r05c06s05, rank [libmmcso] : offloading thread affinity on [host i06r05c03s06, rank 145] : cpu=47
42] : cpu=23
194] : cpu=23
136] : cpu=23
[libmmcso] : offloading thread affinity on [host i06r05c04s07, rank 150] : cpu=23
151] : cpu=47
[libmmcso] : offloading thread affinity on [host i06r05c04s10, rank 156] : cpu=23
[libmmcso] : offloading thread affinity on [host i06r05c04s10, rank 157] : cpu=47
[libmmcso] : offloading thread affinity on [host i06r05c03s09, rank 143] : cpu=47
[libmmcso] : offloading thread affinity on [host i06r05c05s03, rank 166] : cpu=23
[libmmcso] : offloading thread affinity on [host i06r05c03s09, rank 142] : cpu=23
[libmmcso] : offloading thread affinity on [host i06r05c05s04[libmmcso] : offloading thread affinity on [host i06r05c04s09, rank [libmmcso] : offloading thread affinity on [host i06r05c05s03, rank [libmmcso] : offloading thread affinity on [host i06r05c04s09, rank [libmmcso] : offloading thread affinity on [host i06r05c05s04, rank 155] : cpu=47
167] : cpu=47
[libmmcso] : offloading thread affinity on [host i06r05c03s07, rank 154] : cpu=23
, rank [libmmcso] : offloading thread affinity on [host i06r05c03s07, rank 168] : cpu=23
[libmmcso] : offloading thread affinity on [host i06r05c03s02, rank 128] : cpu=23169] : cpu=47
138] : cpu=23

[libmmcso] : offloading thread affinity on [host i06r05c03s02, rank 129] : cpu=47
139] : cpu=47
[libmmcso] : offloading thread affinity on [host i06r05c05s08, rank 177] : cpu=47
[libmmcso] : offloading thread affinity on [host i06r05c05s08, rank [libmmcso] : offloading thread affinity on [host i06r05c04s11, rank 176] : cpu=23
[libmmcso] : offloading thread affinity on [host i06r05c04s11, rank 158] : cpu=23
159] : cpu=47
[libmmcso] : offloading thread affinity on [host i06r05c05s01, rank [libmmcso] : offloading thread affinity on [host i06r05c05s01, rank 162] : cpu=23
163] : cpu=47
[libmmcso] : offloading thread affinity on [host i06r03c03s10, rank [libmmcso] : offloading thread affinity on [host i06r05c05s09, rank [libmmcso] : offloading thread affinity on [host i06r03c03s10, rank 81] : cpu=[libmmcso] : offloading thread affinity on [host i06r05c05s09, rank 80] : cpu=23
178] : cpu=23
47
179] : cpu=47
[libmmcso] : offloading thread affinity on [host i02r05c02s12, rank 4] : cpu=23
[libmmcso] : offloading thread affinity on [host i02r05c02s12, rank 5] : cpu=47
[libmmcso] : offloading thread affinity on [host i06r05c04s08, rank 152] : cpu=23
[libmmcso] : offloading thread affinity on [host i06r05c03s05, rank 135] : cpu=47
[libmmcso] : offloading thread affinity on [host i06r05c04s08, rank 153] : cpu=47
[libmmcso] : offloading thread affinity on [host i06r05c05s07, rank 174] : cpu=23
[libmmcso] : offloading thread affinity on [host i06r05c03s05, rank 134] : cpu=23
[libmmcso] : offloading thread affinity on [host i06r05c05s07, rank 175] : cpu=47
[libmmcso] : offloading thread affinity on [host i06r05c05s05, rank [libmmcso] : offloading thread affinity on [host i06r05c05s05, rank 171] : cpu=47
170] : cpu=23
[libmmcso] : offloading thread affinity on [host i06r05c06s10, rank [libmmcso] : offloading thread affinity on [host i06r05c06s10, rank 204] : cpu=23
205] : cpu=47
