[libmmcso] : offloading thread affinity on [host i01r01c01s01, rank 1] : cpu=47
[libmmcso] : offloading thread affinity on [host i01r01c02s02, rank 6] : cpu=23
[libmmcso] : offloading thread affinity on [host i01r01c01s01, rank 0] : cpu=23
[libmmcso] : offloading thread affinity on [host i01r01c02s02, rank 7] : cpu=47
[libmmcso] : offloading thread affinity on [host i01r01c01s12, rank [libmmcso] : offloading thread affinity on [host i01r01c01s12, rank 3] : cpu=47
2] : cpu=23
[libmmcso] : offloading thread affinity on [host i01r01c02s01, rank 4] : cpu=23
[libmmcso] : offloading thread affinity on [host i01r01c02s01, rank 5] : cpu=47
[libmmcso] : offloading thread affinity on [host i01r01c01s12, rank [libmmcso] : offloading thread affinity on [host i01r01c02s01, rank [libmmcso] : offloading thread affinity on [host i01r01c02s02, rank 6] : cpu=23
3] : cpu=47
5] : cpu=47
[libmmcso] : offloading thread affinity on [host i01r01c02s02, rank 7] : cpu=47
[libmmcso] : offloading thread affinity on [host i01r01c01s12, rank [libmmcso] : offloading thread affinity on [host i01r01c02s01, rank [libmmcso] : offloading thread affinity on [host i01r01c01s01, rank 2] : cpu=23
4] : cpu=23
1] : cpu=47
[libmmcso] : offloading thread affinity on [host i01r01c02s05, rank 12] : cpu=23
[libmmcso] : offloading thread affinity on [host i01r01c02s05, rank 13] : cpu=47
[libmmcso] : offloading thread affinity on [host i01r01c01s01, rank 0] : cpu=23
[libmmcso] : offloading thread affinity on [host i01r01c02s06, rank 15] : cpu=47
[libmmcso] : offloading thread affinity on [host i01r01c02s06, rank 14] : cpu=23
[libmmcso] : offloading thread affinity on [host i01r01c02s03, rank [libmmcso] : offloading thread affinity on [host i01r01c02s049] : cpu=47
[libmmcso] : offloading thread affinity on [host i01r01c02s04, rank [libmmcso] : offloading thread affinity on [host i01r01c02s03, rank , rank 8] : cpu=23
10] : cpu=23
11] : cpu=47
