[libmmcso] : offloading thread affinity on [host i01r01c01s12, rank [libmmcso] : offloading thread affinity on [host i01r01c02s03, rank [libmmcso] : offloading thread affinity on [host i01r01c01s10, rank [libmmcso] : offloading thread affinity on [host i01r01c01s12, rank 28] : cpu=23
[libmmcso] : offloading thread affinity on [host i01r01c02s04, rank [libmmcso] : offloading thread affinity on [host i01r01c01s06, rank [libmmcso] : offloading thread affinity on [host i01r01c01s08, rank 18] : cpu=23
22] : cpu=23[libmmcso] : offloading thread affinity on [host i01r01c02s03, rank [libmmcso] : offloading thread affinity on [host i01r01c01s11, rank [libmmcso] : offloading thread affinity on [host i01r01c02s04, rank [libmmcso] : offloading thread affinity on [host i01r01c01s06[libmmcso] : offloading thread affinity on [host i01r01c01s08, rank [libmmcso] : offloading thread affinity on [host i01r01c01s10, rank [libmmcso] : offloading thread affinity on [host i01r01c01s01, rank 23] : cpu=47
29] : cpu=47
[libmmcso] : offloading thread affinity on [host i01r01c01s11, rank 31] : cpu=47
10] : cpu=23
14] : cpu=23
19] : cpu=47
1] : cpu=47

20] : cpu=23
30] : cpu=23
, rank 15] : cpu=47
[libmmcso] : offloading thread affinity on [host i01r01c01s07, rank 21] : cpu=47
11] : cpu=47
[libmmcso] : offloading thread affinity on [host i01r01c01s07, rank 12] : cpu=23
13] : cpu=47
[libmmcso] : offloading thread affinity on [host i01r01c01s02, rank [libmmcso] : offloading thread affinity on [host i01r01c01s09[libmmcso] : offloading thread affinity on [host i01r01c02s01, rank [libmmcso] : offloading thread affinity on [host i01r01c01s02, rank [libmmcso] : offloading thread affinity on [host i01r01c01s03, rank [libmmcso] : offloading thread affinity on [host i01r01c01s05, rank [libmmcso] : offloading thread affinity on [host i01r01c01s09, rank [libmmcso] : offloading thread affinity on [host i01r01c02s01, rank 2] : cpu=23[libmmcso] : offloading thread affinity on [host i01r01c01s03, rank [libmmcso] : offloading thread affinity on [host i01r01c01s05, rank , rank 25] : cpu=47

5] : cpu=47
8] : cpu=23
16] : cpu=23
24] : cpu=23
3] : cpu=47
4] : cpu=23
9] : cpu=47
17] : cpu=47
[libmmcso] : offloading thread affinity on [host i01r01c01s01, rank 0] : cpu=23
[libmmcso] : offloading thread affinity on [host i01r01c01s04, rank [libmmcso] : offloading thread affinity on [host i01r01c02s02, rank [libmmcso] : offloading thread affinity on [host i01r01c01s04, rank [libmmcso] : offloading thread affinity on [host i01r01c02s02, rank 7] : cpu=47
26] : cpu=23
6] : cpu=23
27] : cpu=47
