[libmmcso] : offloading thread affinity on [host i05r02c05s03, rank 1] : cpu=47
[libmmcso] : offloading thread affinity on [host i08r09c01s01, rank [libmmcso] : offloading thread affinity on [host i08r10c04s08, rank [libmmcso] : offloading thread affinity on [host i08r09c01s04, rank 20] : cpu=23
15] : cpu=47
61] : cpu=47
[libmmcso] : offloading thread affinity on [host i08r09c01s04, rank 21] : cpu=47
[libmmcso] : offloading thread affinity on [host i08r09c01s01, rank 14] : cpu=23
[libmmcso] : offloading thread affinity on [host i08r08c06s11, rank 10] : cpu=23
[libmmcso] : offloading thread affinity on [host i08r09c01s09, rank [libmmcso] : offloading thread affinity on [host i05r02c05s04, rank [libmmcso] : offloading thread affinity on [host i08r09c03s02, rank 30] : cpu=23
[libmmcso] : offloading thread affinity on [host i08r10c04s09, rank [libmmcso] : offloading thread affinity on [host i08r09c03s06, rank [libmmcso] : offloading thread affinity on [host i05r02c05s04, rank 47] : cpu=47
63] : cpu=47
54] : cpu=23
2] : cpu=23
[libmmcso] : offloading thread affinity on [host i08r10c04s08, rank 60] : cpu=23
[libmmcso] : offloading thread affinity on [host i08r09c02s02, rank 3] : cpu=47
[libmmcso] : offloading thread affinity on [host i08r09c02s12, rank [libmmcso] : offloading thread affinity on [host i08r09c03s02, rank [libmmcso] : offloading thread affinity on [host i08r09c01s09, rank [libmmcso] : offloading thread affinity on [host i08r09c03s06, rank [libmmcso] : offloading thread affinity on [host i08r09c02s02, rank 40] : cpu=23
46] : cpu=23
[libmmcso] : offloading thread affinity on [host i08r08c06s11, rank [libmmcso] : offloading thread affinity on [host 31] : cpu=47
[libmmcso] : offloading thread affinity on [host i08r10c04s09, rank 55] : cpu=47
42] : cpu=23
[libmmcso] : offloading thread affinity on [host i08r10c04s06, rank [libmmcso] : offloading thread affinity on [host i05r10c05s09, rank [libmmcso] : offloading thread affinity on [host i08r09c03s04, rank 62] : cpu=23
41] : cpu=47
[libmmcso] : offloading thread affinity on [host i08r10c04s06, rank 56] : cpu=23
[libmmcso] : offloading thread affinity on [host i05r10c05s09, rank 9] : cpu=47
i08r09c03s04, rank 57] : cpu=47
11] : cpu=47
51] : cpu=47
[libmmcso] : offloading thread affinity on [host i05r02c05s05, rank 8] : cpu=23
50] : cpu=23
[libmmcso] : offloading thread affinity on [host i08r09c02s12, rank [libmmcso] : offloading thread affinity on [host i08r10c04s07, rank [libmmcso] : offloading thread affinity on [host [libmmcso] : offloading thread affinity on [host i05r10c05s08, rank [libmmcso] : offloading thread affinity on [host i08r09c01s06, rank 43] : cpu=47
[libmmcso] : offloading thread affinity on [host i08r09c01s12, rank [libmmcso] : offloading thread affinity on [host i08r09c01s10, rank [libmmcso] : offloading thread affinity on [host i08r09c03s01, rank [libmmcso] : offloading thread affinity on [host i05r02c05s05, rank [libmmcso] : offloading thread affinity on [host i08r09c03s03, rank [libmmcso] : offloading thread affinity on [host [libmmcso] : offloading thread affinity on [host [libmmcso] : offloading thread affinity on [host i08r09c01s06, rank [libmmcso] : offloading thread affinity on [host i08r09c01s12, rank [libmmcso] : offloading thread affinity on [host i08r09c01s10, rank i08r10c04s07, rank [libmmcso] : offloading thread affinity on [host i08r09c03s01, rank [libmmcso] : offloading thread affinity on [host i05r10c05s08, rank [libmmcso] : offloading thread affinity on [host i08r08c06s12, rank [libmmcso] : offloading thread affinity on [host i08r09c03s03, rank 48] : cpu=23
i08r09c01s08, rank i08r09c03s05, rank 24] : cpu=23
36] : cpu=23
32] : cpu=23
58] : cpu=23
44] : cpu=23
4] : cpu=23
[libmmcso] : offloading thread affinity on [host i08r08c06s12, rank 13] : cpu=47
49] : cpu=47
[libmmcso] : offloading thread affinity on [host i08r09c01s08, rank [libmmcso] : offloading thread affinity on [host i08r09c03s05, rank 25] : cpu=47
37] : cpu=47
33] : cpu=47
59] : cpu=45] : cpu=47
6] : cpu=2312] : cpu=23
28] : cpu=23
52] : cpu=23
[libmmcso] : offloading thread affinity on [host i05r02c05s03, rank 47
5] : cpu=47
29] : cpu=47
53] : cpu=47
0] : cpu=23

7] : cpu=47
[libmmcso] : offloading thread affinity on [host i08r09c01s07, rank [libmmcso] : offloading thread affinity on [host i08r09c01s07, rank 26] : cpu=23
27] : cpu=47
[libmmcso] : offloading thread affinity on [host i08r09c02s01, rank 38] : cpu=23
[libmmcso] : offloading thread affinity on [host i08r09c01s03, rank [libmmcso] : offloading thread affinity on [host i08r09c01s03, rank [libmmcso] : offloading thread affinity on [host i08r09c02s01, rank 19] : cpu=47
39] : cpu=47
18] : cpu=23
[libmmcso] : offloading thread affinity on [host i08r09c01s02, rank 17] : cpu=47
[libmmcso] : offloading thread affinity on [host i08r09c01s11, rank [libmmcso] : offloading thread affinity on [host i08r09c01s11, rank 34] : cpu=23
35] : cpu=47
[libmmcso] : offloading thread affinity on [host i08r09c01s02, rank 16] : cpu=23
[libmmcso] : offloading thread affinity on [host i08r09c01s05, rank [libmmcso] : offloading thread affinity on [host i08r09c01s05, rank 22] : cpu=23
23] : cpu=47
