[libmmcso] : offloading thread affinity on [host i08r04c05s11, rank 1] : cpu=47
[libmmcso] : offloading thread affinity on [host i08r04c06s07, rank 17] : cpu=47
[libmmcso] : offloading thread affinity on [host i08r05c04s05, rank [libmmcso] : offloading thread affinity on [host i08r05c04s01, rank 105] : cpu=47
97] : cpu=47
[libmmcso] : offloading thread affinity on [host i08r05c04s05, rank [libmmcso] : offloading thread affinity on [host i08r05c03s08, rank [libmmcso] : offloading thread affinity on [host i08r04c06s07, rank 16] : cpu=23
[libmmcso] : offloading thread affinity on [host i08r05c01s08, rank 104] : cpu=23
[libmmcso] : offloading thread affinity on [host i08r05c04s01, rank 38] : cpu=23
[libmmcso] : offloading thread affinity on [host i08r05c03s07, rank 96] : cpu=23
86] : cpu=23
[libmmcso] : offloading thread affinity on [host i08r05c01s08, rank 84] : cpu=23
39] : cpu=47
[libmmcso] : offloading thread affinity on [host i08r05c03s08, rank [libmmcso] : offloading thread affinity on [host i08r05c04s04, rank 87] : cpu=47
[libmmcso] : offloading thread affinity on [host i08r05c04s03, rank [libmmcso] : offloading thread affinity on [host i08r05c04s04, rank [libmmcso] : offloading thread affinity on [host i08r05c04s03, rank 102] : cpu=23
[libmmcso] : offloading thread affinity on [host i08r04c06s08, rank 101] : cpu=4719] : cpu=47
103] : cpu=47
100] : cpu=23

[libmmcso] : offloading thread affinity on [host i08r04c05s11, rank 0] : cpu=23
[libmmcso] : offloading thread affinity on [host i08r05c03s06, rank [libmmcso] : offloading thread affinity on [host i08r05c03s06, rank [libmmcso] : offloading thread affinity on [host i08r05c04s02, rank [libmmcso] : offloading thread affinity on [host i08r05c03s07, rank [libmmcso] : offloading thread affinity on [host i08r04c05s12, rank [libmmcso] : offloading thread affinity on [host i08r04c06s08, rank 99] : cpu=47
[libmmcso] : offloading thread affinity on [host i08r05c01s05, rank 83] : cpu=47
[libmmcso] : offloading thread affinity on [host i08r04c05s12, rank [libmmcso] : offloading thread affinity on [host i08r04c06s10, rank [libmmcso] : offloading thread affinity on [host i08r05c01s05, rank 85] : cpu=47
2] : cpu=23
18] : cpu=23
32] : cpu=23
82] : cpu=23
3] : cpu=47
[libmmcso] : offloading thread affinity on [host i08r04c06s10, rank [libmmcso] : offloading thread affinity on [host i08r05c02s07, rank 33] : cpu=47
[libmmcso] : offloading thread affinity on [host i08r04c06s02, rank 23] : cpu=47
[libmmcso] : offloading thread affinity on [host i08r05c02s05, rank 56] : cpu=23
[libmmcso] : offloading thread affinity on [host i08r04c06s02, rank 22] : cpu=23
[libmmcso] : offloading thread affinity on [host i08r05c02s05, rank 57] : cpu=47
6] : cpu=23
[libmmcso] : offloading thread affinity on [host i08r05c02s07, rank 7] : cpu=47
60] : cpu=23
61] : cpu=47
[libmmcso] : offloading thread affinity on [host i08r05c04s02, rank 98] : cpu=23
[libmmcso] : offloading thread affinity on [host i08r04c06s03, rank 9] : cpu=47
[libmmcso] : offloading thread affinity on [host i08r04c06s03, rank 8] : cpu=23
[libmmcso] : offloading thread affinity on [host i08r05c02s06, rank 58] : cpu=23
[libmmcso] : offloading thread affinity on [host i08r05c02s06, rank 59] : cpu=47
[libmmcso] : offloading thread affinity on [host i08r05c02s08, rank [libmmcso] : offloading thread affinity on [host i08r05c02s08, rank 63] : cpu=47
62] : cpu=23
[libmmcso] : offloading thread affinity on [host i08r05c06s05, rank 109] : cpu=47
[libmmcso] : offloading thread affinity on [host i08r04c06s09, rank 21] : cpu=47
[libmmcso] : offloading thread affinity on [host i08r05c03s02, rank [libmmcso] : offloading thread affinity on [host i08r05c06s05, rank 74] : cpu=23
108] : cpu=23
[libmmcso] : offloading thread affinity on [host i08r05c03s02, rank 75] : cpu=47
[libmmcso] : offloading thread affinity on [host i08r05c02s04, rank 54] : cpu=23
[libmmcso] : offloading thread affinity on [host i08r05c02s04, rank 55] : cpu=47
[libmmcso] : offloading thread affinity on [host i08r04c06s09, rank 20] : cpu=23
[libmmcso] : offloading thread affinity on [host i08r05c03s04, rank [libmmcso] : offloading thread affinity on [host i08r05c03s04, rank 78] : cpu=23
79] : cpu=47
[libmmcso] : offloading thread affinity on [host i08r05c03s10, rank [libmmcso] : offloading thread affinity on [host i08r05c01s07, rank 90] : cpu=23
36] : cpu=23
[libmmcso] : offloading thread affinity on [host i08r05c03s05, rank 80] : cpu=23
[libmmcso] : offloading thread affinity on [host i08r05c03s10, rank [libmmcso] : offloading thread affinity on [host i08r05c01s06, rank 91] : cpu=47
[libmmcso] : offloading thread affinity on [host i08r05c01s07, rank 34] : cpu=23
37] : cpu=47
[libmmcso] : offloading thread affinity on [host i08r05c02s02, rank [libmmcso] : offloading thread affinity on [host i08r05c03s05, rank 51] : cpu=47
81] : cpu=47
[libmmcso] : offloading thread affinity on [host i08r05c01s06, rank 35] : cpu=47
[libmmcso] : offloading thread affinity on [host i08r05c02s02, rank [libmmcso] : offloading thread affinity on [host i08r05c02s01, rank 4950] : cpu=23
] : cpu=47
[libmmcso] : offloading thread affinity on [host i08r05c02s03, rank [libmmcso] : offloading thread affinity on [host i08r05c02s03, rank [libmmcso] : offloading thread affinity on [host i08r05c02s01, rank 48] : cpu=23
52] : cpu=23
53] : cpu=47
[libmmcso] : offloading thread affinity on [host i08r05c03s09, rank 88] : cpu=23
[libmmcso] : offloading thread affinity on [host i08r05c03s09, rank 89] : cpu=47
[libmmcso] : offloading thread affinity on [host i08r05c06s04, rank [libmmcso] : offloading thread affinity on [host i08r05c06s04, rank 107] : cpu=47
106] : cpu=23
[libmmcso] : offloading thread affinity on [host i08r04c06s01, rank [libmmcso] : offloading thread affinity on [host i08r04c06s04, rank [libmmcso] : offloading thread affinity on [host i08r04c06s01, rank 11] : cpu=47
4] : cpu=23
5] : cpu=47
[libmmcso] : offloading thread affinity on [host i08r04c06s04, rank 10] : cpu=23
[libmmcso] : offloading thread affinity on [host i08r05c06s07, rank [libmmcso] : offloading thread affinity on [host i08r05c06s07, rank 112] : cpu=23
113] : cpu=47
[libmmcso] : offloading thread affinity on [host i08r05c01s12, rank 46] : cpu=23
[libmmcso] : offloading thread affinity on [host i08r05c01s12, rank 47] : cpu=47
[libmmcso] : offloading thread affinity on [host i08r05c01s09, rank 41] : cpu=47
[libmmcso] : offloading thread affinity on [host i08r05c03s01, rank 72] : cpu=23
[libmmcso] : offloading thread affinity on [host i08r05c03s11, rank [libmmcso] : offloading thread affinity on [host i08r10c06s04, rank 93] : cpu=47
119] : cpu=47
[libmmcso] : offloading thread affinity on [host i08r05c01s02, rank [libmmcso] : offloading thread affinity on [host i08r05c01s09, rank [libmmcso] : offloading thread affinity on [host i08r10c06s04, rank 40] : cpu=23
28] : cpu=23
118] : cpu=23
[libmmcso] : offloading thread affinity on [host i08r05c03s01, rank [libmmcso] : offloading thread affinity on [host i08r05c03s11, rank 92] : cpu=23
[libmmcso] : offloading thread affinity on [host i08r05c01s02, rank 29] : cpu=47
[libmmcso] : offloading thread affinity on [host i08r05c03s03, rank 73] : cpu=47
[libmmcso] : offloading thread affinity on [host i08r05c03s03, rank 77] : cpu=47
76] : cpu=23
[libmmcso] : offloading thread affinity on [host i08r05c01s10, rank 43] : cpu=47
[libmmcso] : offloading thread affinity on [host i08r05c01s01, rank [libmmcso] : offloading thread affinity on [host i08r05c01s01, rank 27] : cpu=47
26] : cpu=23
[libmmcso] : offloading thread affinity on [host i08r05c01s10, rank [libmmcso] : offloading thread affinity on [host i08r05c06s0642] : cpu=23
[libmmcso] : offloading thread affinity on [host i08r05c06s06, rank , rank 110] : cpu=23
111] : cpu=47
[libmmcso] : offloading thread affinity on [host i08r04c06s06, rank [libmmcso] : offloading thread affinity on [host i08r04c06s06, rank 15] : cpu=47
14] : cpu=23
[libmmcso] : offloading thread affinity on [host i08r11c01s07, rank 127] : cpu=47
[libmmcso] : offloading thread affinity on [host i08r11c01s07, rank 126] : cpu=23
[libmmcso] : offloading thread affinity on [host i08r05c01s11, rank 44] : cpu=23
[libmmcso] : offloading thread affinity on [host i08r05c01s11, rank 45] : cpu=47
[libmmcso] : offloading thread affinity on [host i08r04c06s05, rank 13] : cpu=47
[libmmcso] : offloading thread affinity on [host i08r05c02s12, rank 71] : cpu=47
[libmmcso] : offloading thread affinity on [host i08r04c06s05, rank 12] : cpu=23
[libmmcso] : offloading thread affinity on [host i08r04c06s12, rank [libmmcso] : offloading thread affinity on [host i08r04c06s12, rank [libmmcso] : offloading thread affinity on [host i08r05c02s09, rank 24] : cpu=23
[libmmcso] : offloading thread affinity on [host i08r05c02s09, rank 25] : cpu=47
[libmmcso] : offloading thread affinity on [host i08r05c02s12, rank 64] : cpu=23
65] : cpu=47
70] : cpu=23
[libmmcso] : offloading thread affinity on [host i08r05c01s03, rank [libmmcso] : offloading thread affinity on [host i08r05c02s10, rank [libmmcso] : offloading thread affinity on [host i08r05c01s03, rank [libmmcso] : offloading thread affinity on [host i08r05c02s10, rank 30] : cpu=23
66] : cpu=23
31] : cpu=47
67] : cpu=47
[libmmcso] : offloading thread affinity on [host i08r05c03s12, rank 95] : cpu=47
[libmmcso] : offloading thread affinity on [host i08r05c02s11, rank [libmmcso] : offloading thread affinity on [host i08r05c02s11, rank 68] : cpu=23
69] : cpu=47
[libmmcso] : offloading thread affinity on [host i08r05c03s12, rank 94] : cpu=23
[libmmcso] : offloading thread affinity on [host i08r10c04s10, rank 114] : cpu=23
[libmmcso] : offloading thread affinity on [host i08r10c04s10, rank 115] : cpu=47
[libmmcso] : offloading thread affinity on [host i08r11c01s06, rank 124] : cpu=23
[libmmcso] : offloading thread affinity on [host i08r11c01s06, rank 125] : cpu=47
[libmmcso] : offloading thread affinity on [host i08r10c06s03, rank 117] : cpu=47
[libmmcso] : offloading thread affinity on [host i08r10c06s03, rank 116] : cpu=23
[libmmcso] : offloading thread affinity on [host i08r10c06s05, rank [libmmcso] : offloading thread affinity on [host i08r10c06s05, rank 120] : cpu=23
121] : cpu=47
[libmmcso] : offloading thread affinity on [host i08r11c01s05, rank [libmmcso] : offloading thread affinity on [host i08r11c01s05, rank 122] : cpu=23
123] : cpu=47
