[libmmcso] : offloading thread affinity on [host i07r11c05s07, rank [libmmcso] : offloading thread affinity on [host i06r07c05s09, rank [libmmcso] : offloading thread affinity on [host i07r10c06s03, rank [libmmcso] : offloading thread affinity on [host i07r11c06s04, rank [libmmcso] : offloading thread affinity on [host i06r08c01s05, rank [libmmcso] : offloading thread affinity on [host i07r10c06s04, rank 487] : cpu=47
[libmmcso] : offloading thread affinity on [host i06r08c01s09, rank 363] : cpu=47
[libmmcso] : offloading thread affinity on [host i07r11c05s12, rank 9] : cpu=47
365] : cpu=47
504] : cpu=23
17] : cpu=47
[libmmcso] : offloading thread affinity on [host i07r10c06s04, rank 497] : cpu=47
[libmmcso] : offloading thread affinity on [host i06r08c01s08, rank 364] : cpu=23
[libmmcso] : offloading thread affinity on [host i07r11c06s04, rank 25] : cpu=47505] : cpu=47
[libmmcso] : offloading thread affinity on [host i07r09c06s05, rank [libmmcso] : offloading thread affinity on [host i06r07c05s07, rank [libmmcso] : offloading thread affinity on [host i07r10c06s10, rank [libmmcso] : offloading thread affinity on [host i07r11c05s07, rank [libmmcso] : offloading thread affinity on [host i07r10c01s01, rank 23] : cpu=47
[libmmcso] : offloading thread affinity on [host i07r10c06s03, rank [libmmcso] : offloading thread affinity on [host i07r11c05s08, rank 226] : cpu=23

376] : cpu=23
486] : cpu=23
242] : cpu=23
[libmmcso] : offloading thread affinity on [host i06r07c05s09, rank 362] : cpu=23
[libmmcso] : offloading thread affinity on [host i07r08c06s10, rank [libmmcso] : offloading thread affinity on [host i07r09c06s08, rank [libmmcso] : offloading thread affinity on [host i07r11c01s09, rank [libmmcso] : offloading thread affinity on [host i06r07c05s11, rank [libmmcso] : offloading thread affinity on [host i07r10c06s06, rank 488] : cpu=23
93] : cpu=47
[libmmcso] : offloading thread affinity on [host i07r10c01s01, rank [libmmcso] : offloading thread affinity on [host i07r11c02s06, rank 412] : cpu=23
5] : cpu=47
369] : cpu=47
[libmmcso] : offloading thread affinity on [host i07r11c05s12, rank [libmmcso] : offloading thread affinity on [host i07r08c05s12, rank 233] : cpu=47
395] : cpu=47
8] : cpu=23
[libmmcso] : offloading thread affinity on [host i07r10c06s11, rank 496] : cpu=23
72] : cpu=23
[libmmcso] : offloading thread affinity on [host i07r09c02s06, rank 243] : cpu=47
[libmmcso] : offloading thread affinity on [host i07r11c01s03, rank 13] : cpu=47
379] : cpu=47
[libmmcso] : offloading thread affinity on [host i07r11c06s01, rank [libmmcso] : offloading thread affinity on [host i07r09c03s05, rank [libmmcso] : offloading thread affinity on [host i07r09c06s05, rank [libmmcso] : offloading thread affinity on [host i07r10c05s02, rank 387] : cpu=[libmmcso] : offloading thread affinity on [host i06r08c01s06, rank [libmmcso] : offloading thread affinity on [host i07r10c06s07, rank [libmmcso] : offloading thread affinity on [host i07r11c06s03, rank [libmmcso] : offloading thread affinity on [host i07r09c03s06, rank 227] : cpu=47
[libmmcso] : offloading thread affinity on [host i07r10c05s09, rank [libmmcso] : offloading thread affinity on [host i07r11c02s06, rank [libmmcso] : offloading thread affinity on [host i07r09c05s08, rank [libmmcso] : offloading thread affinity on [host i06r08c01s11, rank [libmmcso] : offloading thread affinity on [host i07r10c05s11, rank [libmmcso] : offloading thread affinity on [host i07r11c06s07, rank [libmmcso] : offloading thread affinity on [host i07r08c05s09, rank [libmmcso] : offloading thread affinity on [host i07r09c03s07, rank 336] : cpu=23
47
[libmmcso] : offloading thread affinity on [host i07r09c05s08, rank [libmmcso] : offloading thread affinity on [host i06r07c05s10, rank [libmmcso] : offloading thread affinity on [host i07r10c06s01, rank 499] : cpu=47
[libmmcso] : offloading thread affinity on [host i07r08c05s09, rank 133] : cpu=47
[libmmcso] : offloading thread affinity on [host i07r09c06s06, rank 350] : cpu=23
413] : cpu=47
[libmmcso] : offloading thread affinity on [host i07r09c01s02, rank 209] : cpu=47
[libmmcso] : offloading thread affinity on [host i06r08c01s05, rank [libmmcso] : offloading thread affinity on [host i07r10c06s06, rank 502] : cpu=23
[libmmcso] : offloading thread affinity on [host i07r08c05s12, rank 154] : cpu=23
228] : cpu=23
[libmmcso] : offloading thread affinity on [host i07r10c04s11, rank [libmmcso] : offloading thread affinity on [host i07r11c01s09, rank [libmmcso] : offloading thread affinity on [host i07r09c01s12, rank 208] : cpu=23
[libmmcso] : offloading thread affinity on [host i07r11c05s01, rank [libmmcso] : offloading thread affinity on [host i07r11c02s12, rank [libmmcso] : offloading thread affinity on [host i07r08c05s03, rank [libmmcso] : offloading thread affinity on [host i07r10c03s08, rank [libmmcso] : offloading thread affinity on [host i07r09c03s11, rank [libmmcso] : offloading thread affinity on [host i07r10c01s09, rank 19] : cpu=47
371] : cpu=47
511] : cpu=47
[libmmcso] : offloading thread affinity on [host i07r08c06s02, rank 156] : cpu=[libmmcso] : offloading thread affinity on [host i07r09c06s08, rank [libmmcso] : offloading thread affinity on [host i07r10c05s02, rank 394] : cpu=23
101] : cpu=47[libmmcso] : offloading thread affinity on [host i07r09c06s02, rank [libmmcso] : offloading thread affinity on [host i07r11c05s02, rank [libmmcso] : offloading thread affinity on [host i07r11c03s03, rank 57] : cpu=47
[libmmcso] : offloading thread affinity on [host i07r10c03s10, rank 166] : cpu=23
[libmmcso] : offloading thread affinity on [host i07r10c02s03, rank 29] : cpu=47
[libmmcso] : offloading thread affinity on [host i07r10c06s09, rank [libmmcso] : offloading thread affinity on [host i07r11c05s08, rank 68] : cpu=23
159] : cpu=47[libmmcso] : offloading thread affinity on [host i07r10c01s07, rank [libmmcso] : offloading thread affinity on [host i07r10c04s11, rank [libmmcso] : offloading thread affinity on [host i07r11c02s01, rank 121] : cpu=47
221] : cpu=47
475] : cpu=47
[libmmcso] : offloading thread affinity on [host i07r11c03s06, rank [libmmcso] : offloading thread affinity on [host i07r08c05s04, rank [libmmcso] : offloading thread affinity on [host i07r10c04s04, rank [libmmcso] : offloading thread affinity on [host i07r09c04s04, rank 258] : cpu=23
11] : cpu=47
354] : cpu=23
489] : cpu=47
73] : cpu=47
23
[libmmcso] : offloading thread affinity on [host i07r09c06s07, rank 337] : cpu=47
[libmmcso] : offloading thread affinity on [host i07r11c01s07, rank 
[libmmcso] : offloading thread affinity on [host i07r09c05s01, rank 476] : cpu=23[libmmcso] : offloading thread affinity on [host i07r11c03s08, rank 59] : cpu=47
301] : cpu=47[libmmcso] : offloading thread affinity on [host i07r09c04s02, rank 271] : cpu=47
16] : cpu=23
[libmmcso] : offloading thread affinity on [host i07r10c05s12, rank [libmmcso] : offloading thread affinity on [host i07r11c06s02, rank [libmmcso] : offloading thread affinity on [host i07r08c06s02, rank 
232] : cpu=23
331] : cpu=47402] : cpu=23
[libmmcso] : offloading thread affinity on [host i07r09c01s08, rank 194] : cpu=23

424] : cpu=23
[libmmcso] : offloading thread affinity on [host i06r08c04s01, rank 304] : cpu=23
176] : cpu=23
[libmmcso] : offloading thread affinity on [host i07r10c01s09, rank [libmmcso] : offloading thread affinity on [host i06r07c05s06, rank [libmmcso] : offloading thread affinity on [host i07r10c06s01, rank [libmmcso] : offloading thread affinity on [host i07r11c06s02, rank [libmmcso] : offloading thread affinity on [host i07r08c06s04, rank [libmmcso] : offloading thread affinity on [host i07r09c02s10, rank [libmmcso] : offloading thread affinity on [host i07r09c06s10, rank [libmmcso] : offloading thread affinity on [host i07r10c04s12, rank [libmmcso] : offloading thread affinity on [host i07r11c01s03, rank 112] : cpu=23
[libmmcso] : offloading thread affinity on [host i07r09c05s06, rank [libmmcso] : offloading thread affinity on [host i07r11c04s08, rank 430] : cpu=23
35] : cpu=47
316] : cpu=23
172] : cpu=23
259] : cpu=47
2] : cpu=23
368] : cpu=23
500] : cpu=23
[libmmcso] : offloading thread affinity on [host i07r08c05s08[libmmcso] : offloading thread affinity on [host i07r09c03s06, rank [libmmcso] : offloading thread affinity on [host i07r10c01s02, rank 390] : cpu=23[libmmcso] : offloading thread affinity on [host i07r09c01s01, rank 205] : cpu=47
465] : cpu=47
437] : cpu=47
[libmmcso] : offloading thread affinity on [host i07r08c05s03, rank 
[libmmcso] : offloading thread affinity on [host i07r09c03s11, rank [libmmcso] : offloading thread affinity on [host i07r10c02s03, rank [libmmcso] : offloading thread affinity on [host i06r07c05s07, rank [libmmcso] : offloading thread affinity on [host i07r10c06s09, rank 501] : cpu=47
69] : cpu=47
[libmmcso] : offloading thread affinity on [host i07r09c02s10, rank [libmmcso] : offloading thread affinity on [host i07r10c01s06, rank 330] : cpu=23
386] : cpu=23
99] : cpu=47[libmmcso] : offloading thread affinity on [host i07r09c05s03, rank [libmmcso] : offloading thread affinity on [host i07r11c05s01, rank 474] : cpu=23
440] : cpu=23
[libmmcso] : offloading thread affinity on [host i07r08c05s04, rank [libmmcso] : offloading thread affinity on [host i07r10c04s04, rank 167] : cpu=47
[libmmcso] : offloading thread affinity on [host i07r10c02s10, rank [libmmcso] : offloading thread affinity on [host i06r08c01s07, rank 357] : cpu=47
[libmmcso] : offloading thread affinity on [host i07r11c06s03, rank 76] : cpu=23
[libmmcso] : offloading thread affinity on [host i07r09c03s02, rank 254] : cpu=23
333] : cpu=47

[libmmcso] : offloading thread affinity on [host i07r09c01s02, rank 199] : cpu=47
[libmmcso] : offloading thread affinity on [host i07r11c04s05, rank [libmmcso] : offloading thread affinity on [host i07r11c02s12, rank [libmmcso] : offloading thread affinity on [host i06r08c04s01, rank 317] : cpu=47
[libmmcso] : offloading thread affinity on [host i07r09c04s01, rank 270] : cpu=23
[libmmcso] : offloading thread affinity on [host i06r08c01s08, rank 358] : cpu=23
503] : cpu=47
[libmmcso] : offloading thread affinity on [host i07r08c06s04, rank [libmmcso] : offloading thread affinity on [host i07r09c03s05, rank 231] : cpu=[libmmcso] : offloading thread affinity on [host i07r10c05s09, rank [libmmcso] : offloading thread affinity on [host i07r11c01s10, rank [libmmcso] : offloading thread affinity on [host i07r09c06s02, rank [libmmcso] : offloading thread affinity on [host i07r11c04s01, rank [libmmcso] : offloading thread affinity on [host i07r11c03s06, rank 56] : cpu=23
[libmmcso] : offloading thread affinity on [host i07r10c03s08, rank 170] : cpu=23
[libmmcso] : offloading thread affinity on [host i07r10c02s05, rank [libmmcso] : offloading thread affinity on [host i06r08c01s09, rank 375] : cpu=47[libmmcso] : offloading thread affinity on [host i07r11c05s11, rank [libmmcso] : offloading thread affinity on [host i07r08c05s08, rank 157] : cpu=47
[libmmcso] : offloading thread affinity on [host i07r09c06s10, rank 
397] : cpu=47
[libmmcso] : offloading thread affinity on [host i07r09c01s09, rank 220] : cpu=23
58] : cpu=23
[libmmcso] : offloading thread affinity on [host i07r09c04s10, rank 4] : cpu=23
359] : cpu=47
[libmmcso] : offloading thread affinity on [host i07r11c06s01, rank 77] : cpu=47
140] : cpu=23
[libmmcso] : offloading thread affinity on [host i07r10c01s02, rank 351] : cpu=47
[libmmcso] : offloading thread affinity on [host i07r11c02s01, rank 
[libmmcso] : offloading thread affinity on [host i07r09c05s01, rank 458] : cpu=23
425] : cpu=47
300] : cpu=23
[libmmcso] : offloading thread affinity on [host i07r09c04s02, rank [libmmcso] : offloading thread affinity on [host i07r10c02s09, rank 20] : cpu=23
374] : cpu=23
[libmmcso] : offloading thread affinity on [host 80] : cpu=23
[libmmcso] : offloading thread affinity on [host 253] : cpu=47[libmmcso] : offloading thread affinity on [host i07r10c05s04, rank [libmmcso] : offloading thread affinity on [host i07r11c01s07, rank 100] : cpu=23
[libmmcso] : offloading thread affinity on [host i07r09c05s06, rank [libmmcso] : offloading thread affinity on [host i07r11c04s08, rank 464] : cpu=23
[libmmcso] : offloading thread affinity on [host i07r11c03s02, rank [libmmcso] : offloading thread affinity on [host i07r08c05s06, rank [libmmcso] : offloading thread affinity on [host i07r10c03s09, rank 188] : cpu=23
285] : cpu=47
22] : cpu=23
[libmmcso] : offloading thread affinity on [host i07r10c06s11, rank 498] : cpu=23
[libmmcso] : offloading thread affinity on [host i07r08c06s10, rank 155] : cpu=47
47
340] : cpu=23
403] : cpu=47
[libmmcso] : offloading thread affinity on [host i07r09c01s08, rank 195] : cpu=47
[libmmcso] : offloading thread affinity on [host i07r11c04s01, rank [libmmcso] : offloading thread affinity on [host i07r11c03s03, rank 34] : cpu=23
[libmmcso] : offloading thread affinity on [host i07r10c03s10, rank 173] : cpu=47
275] : cpu=4724] : cpu=23

494] : cpu=23
, rank 141] : cpu=47
236] : cpu=23
[libmmcso] : offloading thread affinity on [host i07r10c05s07, rank 391] : cpu=47
115] : cpu=47
204] : cpu=23
451] : cpu=47
436] : cpu=23
62] : cpu=23
302] : cpu=23
[libmmcso] : offloading thread affinity on [host i07r09c04s04, rank 283] : cpu=47
[libmmcso] : offloading thread affinity on [host i06r07c05s11, rank 378] : cpu=23
[libmmcso] : offloading thread affinity on [host i07r11c06s06, rank [libmmcso] : offloading thread affinity on [host i07r08c06s03, rank i07r09c03s02, rank 244] : cpu=23
[libmmcso] : offloading thread affinity on [host i07r10c05s07, rank [libmmcso] : offloading thread affinity on [host i07r11c01s10, rank [libmmcso] : offloading thread affinity on [host i07r09c02s01, rank [libmmcso] : offloading thread affinity on [host i07r09c05s03, rank 450] : cpu=23
[libmmcso] : offloading thread affinity on [host i07r11c02s11, rank [libmmcso] : offloading thread affinity on [host i07r08c04s07, rank 305] : cpu=47
177] : cpu=47

12] : cpu=23
[libmmcso] : offloading thread affinity on [host i07r11c01s01, rank i07r11c05s11, rank 81] : cpu=47
[libmmcso] : offloading thread affinity on [host i07r09c03s07, rank 
347] : cpu=47
396] : cpu=23
[libmmcso] : offloading thread affinity on [host i07r09c01s04, rank 198] : cpu=23
[libmmcso] : offloading thread affinity on [host i07r11c04s02, rank 429] : cpu=47
[libmmcso] : offloading thread affinity on [host i07r08c04s07, rank [libmmcso] : offloading thread affinity on [host i07r10c03s06, rank [libmmcso] : offloading thread affinity on [host i07r09c04s01, rank [libmmcso] : offloading thread affinity on [host i07r10c02s09, rank [libmmcso] : offloading thread affinity on [host i06r08c01s06, rank [libmmcso] : offloading thread affinity on [host i07r10c06s02, rank 509] : cpu=47
92] : cpu=23
[libmmcso] : offloading thread affinity on [host i07r09c02s07, rank [libmmcso] : offloading thread affinity on [host i07r09c06s06, rank 346] : cpu=23
[libmmcso] : offloading thread affinity on [host i07r11c02s05, rank 113] : cpu=47
[libmmcso] : offloading thread affinity on [host i07r09c05s02, rank [libmmcso] : offloading thread affinity on [host i07r11c04s02, rank 431] : cpu=47
40] : cpu=23
[libmmcso] : offloading thread affinity on [host i07r10c03s06, rank [libmmcso] : offloading thread affinity on [host i07r09c04s09, rank [libmmcso] : offloading thread affinity on [host i07r10c02s04, rank [libmmcso] : offloading thread affinity on [host i06r07c05s10, rank [libmmcso] : offloading thread affinity on [host i07r11c01s01, rank [libmmcso] : offloading thread affinity on [host i07r11c06s07, rank 66] : cpu=23
148] : cpu=23
237] : cpu=47
[libmmcso] : offloading thread affinity on [host i07r10c04s12, rank [libmmcso] : offloading thread affinity on [host i07r11c01s08, rank 122] : cpu=23
[libmmcso] : offloading thread affinity on [host i07r09c05s02, rank [libmmcso] : offloading thread affinity on [host i07r11c04s05, rank [libmmcso] : offloading thread affinity on [host i07r11c03s08, rank 41] : cpu=47
[libmmcso] : offloading thread affinity on [host i07r10c03s07, rank 171] : cpu=47
282] : cpu=23
18] : cpu=23
[libmmcso] : offloading thread affinity on [host i07r10c05s11, rank 495] : cpu=4779] : cpu=47
158] : cpu=23
245] : cpu=47
[libmmcso] : offloading thread affinity on [host i07r10c05s04, rank [libmmcso] : offloading thread affinity on [host i07r11c01s08, rank [libmmcso] : offloading thread affinity on [host i07r09c01s04, rank 196] : cpu=23
[libmmcso] : offloading thread affinity on [host i07r11c05s02, rank 422] : cpu=23
[libmmcso] : offloading thread affinity on [host i07r08c04s11, rank [libmmcso] : offloading thread affinity on [host i07r10c03s09, rank 186] : cpu=23
272] : cpu=23
[libmmcso] : offloading thread affinity on [host i06r08c01s11, rank [libmmcso] : offloading thread affinity on [host i07r10c06s02, rank 510] : cpu=23
[libmmcso] : offloading thread affinity on [host i07r08c06s09, rank 134] : cpu=23
[libmmcso] : offloading thread affinity on [host i07r10c01s05, rank 332] : cpu=23
392] : cpu=23
104] : cpu=23
197] : cpu=47
452] : cpu=23
441] : cpu=47
49] : cpu=47297] : cpu=47[libmmcso] : offloading thread affinity on [host i07r09c04s10, rank [libmmcso] : offloading thread affinity on [host i07r10c02s06, rank [libmmcso] : offloading thread affinity on [host i06r07c05s06, rank [libmmcso] : offloading thread affinity on [host i07r10c06s07, rank 
67] : cpu=47
[libmmcso] : offloading thread affinity on [host i07r09c02s11, rank 229] : cpu=47
341] : cpu=47
393] : cpu=47
105] : cpu=47
[libmmcso] : offloading thread affinity on [host i07r09c05s05, rank 459] : cpu=47
[libmmcso] : offloading thread affinity on [host [libmmcso] : offloading thread affinity on [host i07r08c05s06, rank 63] : cpu=47
298] : cpu=23
[libmmcso] : offloading thread affinity on [host i07r09c04s11, rank [libmmcso] : offloading thread affinity on [host i07r10c02s06, rank 10] : cpu=23
[libmmcso] : offloading thread affinity on [host i07r10c06s10, rank [libmmcso] : offloading thread affinity on [host i07r11c05s05, rank [libmmcso] : offloading thread affinity on [host 149] : cpu=47
250] : cpu=23
[libmmcso] : offloading thread affinity on [host i07r10c04s07, rank 410] : cpu=23
[libmmcso] : offloading thread affinity on [host i07r09c01s01, rank 203] : cpu=47
[libmmcso] : offloading thread affinity on [host i07r11c04s07, rank [libmmcso] : offloading thread affinity on [host i07r11c03s07, rank 
303] : cpu=47
[libmmcso] : offloading thread affinity on [host i07r09c03s09, rank 276] : cpu=23
28] : cpu=23
[libmmcso] : offloading thread affinity on [host i07r10c06s12, rank [libmmcso] : offloading thread affinity on [host i07r11c05s09, rank [libmmcso] : offloading thread affinity on [host i07r08c06s11, rank [libmmcso] : offloading thread affinity on [host i07r09c02s07, rank 135] : cpu=47
[libmmcso] : offloading thread affinity on [host i07r09c06s09, rank [libmmcso] : offloading thread affinity on [host i07r10c04s08[libmmcso] : offloading thread affinity on [host i07r11c02s05, rank 411] : cpu=47
98] : cpu=23
[libmmcso] : offloading thread affinity on [host i07r09c06s03, rank [libmmcso] : offloading thread affinity on [host i07r11c04s10, rank i07r11c03s07, rank [libmmcso] : offloading thread affinity on [host i07r08c04s12, rank 296] : cpu=23
189] : cpu=47
[libmmcso] : offloading thread affinity on [host i07r10c02s10, rank 3] : cpu=47
383] : cpu=47
[libmmcso] : offloading thread affinity on [host i07r11c06s06, rank 90] : cpu=23
142] : cpu=23
[libmmcso] : offloading thread affinity on [host 323] : cpu=47
[libmmcso] : offloading thread affinity on [host i07r11c02s04, rank [libmmcso] : offloading thread affinity on [host i07r09c02s01, rank 222] : cpu=23
477] : cpu=47
438] : cpu=[libmmcso] : offloading thread affinity on [host i07r08c05s02, rank 
191] : cpu=47
277] : cpu=47
[libmmcso] : offloading thread affinity on [host i06r08c01s07, rank 355] : cpu=47
483] : cpu=47
[libmmcso] : offloading thread affinity on [host i07r08c06s11, rank [libmmcso] : offloading thread affinity on [host i07r09c02s05, rank [libmmcso] : offloading thread affinity on [host i07r09c06s11, rank [libmmcso] : offloading thread affinity on [host i07r10c04s08, rank [libmmcso] : offloading thread affinity on [host i07r11c01s11, rank [libmmcso] : offloading thread affinity on [host i07r09c01s09, rank [libmmcso] : offloading thread affinity on [host i07r09c05s10, rank 453] : cpu=47
439] : cpu=47
[libmmcso] : offloading thread affinity on [host i07r08c04s05, rank [libmmcso] : offloading thread affinity on [host i07r10c03s03, rank [libmmcso] : offloading thread affinity on [host i07r09c03s09, rank 284] : cpu=23
21] : cpu=47
360] : cpu=23
[libmmcso] : offloading thread affinity on [host i07r11c05s09, rank i07r08c06s09, rank [libmmcso] : offloading thread affinity on [host i07r09c03s01, rank [libmmcso] : offloading thread affinity on [host i07r09c06s12, rank [libmmcso] : offloading thread affinity on [host i07r10c04s09, rank [libmmcso] : offloading thread affinity on [host i07r11c02s04, rank 114] : cpu=23
[libmmcso] : offloading thread affinity on [host i07r09c05s10, rank [libmmcso] : offloading thread affinity on [host i07r11c04s04, rank 23
[libmmcso] : offloading thread affinity on [host i07r08c04s12, rank [libmmcso] : offloading thread affinity on [host i07r10c03s03, rank 162] : cpu=23
[libmmcso] : offloading thread affinity on [host i07r10c01s10, rank [libmmcso] : offloading thread affinity on [host i06r08c01s10, rank [libmmcso] : offloading thread affinity on [host i07r10c06s05, rank 508] : cpu=23
95] : cpu=47
[libmmcso] : offloading thread affinity on [host i07r09c02s05, rank [libmmcso] : offloading thread affinity on [host i07r10c01s06, rank , rank [libmmcso] : offloading thread affinity on [host i07r11c01s11, rank 123] : cpu=47
213] : cpu=47
462] : cpu=23
[libmmcso] : offloading thread affinity on [host i07r11c02s11, rank 54] : cpu=23
[libmmcso] : offloading thread affinity on [host i07r10c03s05, rank 163] : cpu=47
261] : cpu=47
26] : cpu=23
370] : cpu=23
490] : cpu=23
91] : cpu=[libmmcso] : offloading thread affinity on [host i07r09c02s12, rank [libmmcso] : offloading thread affinity on [host i07r10c01s07, rank [libmmcso] : offloading thread affinity on [host i07r10c04s09, rank 409] : cpu=47
[libmmcso] : offloading thread affinity on [host i07r09c02s03, rank [libmmcso] : offloading thread affinity on [host i07r09c05s05, rank [libmmcso] : offloading thread affinity on [host i07r11c04s10, rank [libmmcso] : offloading thread affinity on [host i07r11c03s09, rank [libmmcso] : offloading thread affinity on [host i07r08c05s05, rank [libmmcso] : offloading thread affinity on [host i07r10c04s01, rank [libmmcso] : offloading thread affinity on [host i07r09c04s06, rank [libmmcso] : offloading thread affinity on [host i07r10c02s05, rank [libmmcso] : offloading thread affinity on [host i06r07c06s09, rank 377] : cpu=47
491] : cpu=47
94] : cpu=23
[libmmcso] : offloading thread affinity on [host i07r09c03s01, rank 234] : cpu=23
324] : cpu=23[libmmcso] : offloading thread affinity on [host i07r11c02s07, rank [libmmcso] : offloading thread affinity on [host i07r09c02s03, rank 212] : cpu=23
456] : cpu=23
423] : cpu=47
[libmmcso] : offloading thread affinity on [host i07r08c04s05, rank 290] : cpu=23
180] : cpu=23
274] : cpu=23
[libmmcso] : offloading thread affinity on [host i06r07c05s08, rank [libmmcso] : offloading thread affinity on [host i07r10c06s12, rank [libmmcso] : offloading thread affinity on [host i07r11c05s05, rank 47
[libmmcso] : offloading thread affinity on [host i07r09c03s04, rank 238] : cpu=23
326] : cpu=23398] : cpu=23127] : cpu=47
202] : cpu=23
468] : cpu=23
442] : cpu=23
50] : cpu=23
[libmmcso] : offloading thread affinity on [host i07r10c03s12, rank [libmmcso] : offloading thread affinity on [host i07r09c04s09, rank [libmmcso] : offloading thread affinity on [host i07r10c03s01, rank [libmmcso] : offloading thread affinity on [host i06r07c06s09, rank 15] : cpu=47
382] : cpu=23
482] : cpu=23
[libmmcso] : offloading thread affinity on [host i07r08c06s06, rank 130] : cpu=23
[libmmcso] : offloading thread affinity on [host i07r09c06s12, rank 325] : cpu=47
[libmmcso] : offloading thread affinity on [host i07r11c02s02126] : cpu=23
[libmmcso] : offloading thread affinity on [host i07r09c06s01, rank 469] : cpu=47
[libmmcso] : offloading thread affinity on [host i07r11c03s09, rank [libmmcso] : offloading thread affinity on [host i07r08c05s02, rank 55] : cpu=47
310] : cpu=23
187] : cpu=47
[libmmcso] : offloading thread affinity on [host i07r10c02s02, rank [libmmcso] : offloading thread affinity on [host i06r08c03s11, rank 361] : cpu=47
[libmmcso] : offloading thread affinity on [host i07r11c06s05, rank [libmmcso] : offloading thread affinity on [host i07r08c06s03, rank [libmmcso] : offloading thread affinity on [host i07r09c02s12, rank [libmmcso] : offloading thread affinity on [host i07r10c01s03, rank 327] : cpu=47
408] : cpu=23
[libmmcso] : offloading thread affinity on [host i07r09c01s06, rank [libmmcso] : offloading thread affinity on [host i07r09c05s12, rank [libmmcso] : offloading thread affinity on [host i07r11c04s09, rank 443] : cpu=47
[libmmcso] : offloading thread affinity on [host i07r08c05s05, rank 291] : cpu=47
[libmmcso] : offloading thread affinity on [host i07r09c04s11, rank [libmmcso] : offloading thread affinity on [host i07r10c02s04, rank [libmmcso] : offloading thread affinity on [host i06r07c05s08, rank 366] : cpu=23
507] : cpu=47
85] : cpu=47
146] : cpu=23[libmmcso] : offloading thread affinity on [host i07r10c01s05, rank 
414] : cpu=23
[libmmcso] : offloading thread affinity on [host i07r09c01s06, rank [libmmcso] : offloading thread affinity on [host i07r09c06s01, rank [libmmcso] : offloading thread affinity on [host i07r11c04s03, rank [libmmcso] : offloading thread affinity on [host i07r11c03s04, rank 36] : cpu=23
295] : cpu=47
190] : cpu=23
[libmmcso] : offloading thread affinity on [host i07r10c03s01, rank 14] : cpu=23
380] : cpu=23
[libmmcso] : offloading thread affinity on [host i07r11c06s05, rank 78] : cpu=23
152] : cpu=23
252] : cpu=23

399] : cpu=47
[libmmcso] : offloading thread affinity on [host i07r09c01s07, rank [libmmcso] : offloading thread affinity on [host i07r09c05s04, rank [libmmcso] : offloading thread affinity on [host i07r11c04s09, rank 433] : cpu=47
51] : cpu=47
309] : cpu=47
[libmmcso] : offloading thread affinity on [host i07r09c03s12, rank [libmmcso] : offloading thread affinity on [host i07r10c01s12, rank [libmmcso] : offloading thread affinity on [host i06r08c03s11, rank 381] : cpu=47
506] : cpu=23
[libmmcso] : offloading thread affinity on [host i07r08c06s07, rank 131] : cpu=47
255] : cpu=47
[libmmcso] : offloading thread affinity on [host i07r10c04s07, rank , rank [libmmcso] : offloading thread affinity on [host i07r09c01s10, rank [libmmcso] : offloading thread affinity on [host i07r09c05s12, rank 217] : cpu=47
[libmmcso] : offloading thread affinity on [host i07r11c05s03, rank [libmmcso] : offloading thread affinity on [host i07r11c03s01, rank 61] : cpu=[libmmcso] : offloading thread affinity on [host i07r10c04s01, rank 311] : cpu=47
[libmmcso] : offloading thread affinity on [host i07r09c03s12, rank [libmmcso] : offloading thread affinity on [host i07r10c02s02, rank 6] : cpu=23
[libmmcso] : offloading thread affinity on [host i07r10c05s12, rank [libmmcso] : offloading thread affinity on [host i07r11c05s06, rank [libmmcso] : offloading thread affinity on [host i07r08c06s07, rank 144] : cpu=i07r09c06s09, rank 322] : cpu=23

108] : cpu=23218] : cpu=23
[libmmcso] : offloading thread affinity on [host [libmmcso] : offloading thread affinity on [host i07r11c02s10, rank 37] : cpu=47
[libmmcso] : offloading thread affinity on [host i07r10c03s11, rank [libmmcso] : offloading thread affinity on [host i07r09c04s06, rank 273] : cpu=47
30] : cpu=23
356] : cpu=23
[libmmcso] : offloading thread affinity on [host i07r11c05s06, rank 86] : cpu=147] : cpu=47
240] : cpu=23
[libmmcso] : offloading thread affinity on [host i07r10c05s01, rank 404] : cpu=23
[libmmcso] : offloading thread affinity on [host i07r09c01s07, rank [libmmcso] : offloading thread affinity on [host i07r09c06s03, rank 466] : cpu=23
426] : cpu=23
60] : cpu=23
307] : cpu=47
[libmmcso] : offloading thread affinity on [host i07r09c04s07, rank 286] : cpu=23
7] : cpu=47
[libmmcso] : offloading thread affinity on [host i07r10c06s05, rank 484] : cpu=23
87] : cpu=47
[libmmcso] : offloading thread affinity on [host i07r09c02s11, rank [libmmcso] : offloading thread affinity on [host i07r10c01s03, rank [libmmcso] : offloading thread affinity on [host i07r10c05s01, rank [libmmcso] : offloading thread affinity on [host i07r11c01s12[libmmcso] : offloading thread affinity on [host i07r09c01s10, rank [libmmcso] : offloading thread affinity on [host i07r09c05s04, rank [libmmcso] : offloading thread affinity on [host i07r11c05s03, rank [libmmcso] : offloading thread affinity on [host i07r11c03s02, rank 47
[libmmcso] : offloading thread affinity on [host i07r10c04s02, rank 168] : cpu=23
[libmmcso] : offloading thread affinity on [host i07r10c01s10, rank 31] : cpu=47
367] : cpu=47
485] : cpu=47
23
23
251] : cpu=47
334] : cpu=[libmmcso] : offloading thread affinity on [host i07r11c01s12, rank 109] : cpu=47
[libmmcso] : offloading thread affinity on [host i07r09c05s09, rank 454] : cpu=23
[libmmcso] : offloading thread affinity on [host i07r11c03s11, rank [libmmcso] : offloading thread affinity on [host i07r08c04s06, rank [libmmcso] : offloading thread affinity on [host i07r10c03s07, rank [libmmcso] : offloading thread affinity on [host i07r09c04s03, rank [libmmcso] : offloading thread affinity on [host i07r10c01s11, rank [libmmcso] : offloading thread affinity on [host i06r08c01s10, rank [libmmcso] : offloading thread affinity on [host i07r10c06s08, rank [libmmcso] : offloading thread affinity on [host i07r11c05s10, rank [libmmcso] : offloading thread affinity on [host i07r08c05s11, rank 
235] : cpu=335] : cpu=47
, rank 110] : cpu=23
216] : cpu=23
[libmmcso] : offloading thread affinity on [host i07r11c04s06, rank [libmmcso] : offloading thread affinity on [host i07r11c02s10, rank [libmmcso] : offloading thread affinity on [host i07r08c04s06, rank [libmmcso] : offloading thread affinity on [host i07r10c04s02, rank 181] : cpu=47
[libmmcso] : offloading thread affinity on [host i07r10c01s12, rank 27] : cpu=47
[libmmcso] : offloading thread affinity on [host i07r10c06s08, rank 492] : cpu=23
71] : cpu=47
143] : cpu=47
241] : cpu=47
23
400] : cpu=23
116] : cpu=23
219] : cpu=47
467] : cpu=47
428] : cpu=23
[libmmcso] : offloading thread affinity on [host i07r08c04s09, rank [libmmcso] : offloading thread affinity on [host i07r10c04s03, rank 183] : cpu=47
268] : cpu=23
373] : cpu=47
[libmmcso] : offloading thread affinity on [host i07r11c05s10, rank [libmmcso] : offloading thread affinity on [host i07r08c06s08, rank 145] : cpu=47
247] : cpu=[libmmcso] : offloading thread affinity on [host i07r10c05s03, rank [libmmcso] : offloading thread affinity on [host i07r11c02s02, rank [libmmcso] : offloading thread affinity on [host i07r09c01s11, rank 223] : cpu=47
479] : cpu=47
[libmmcso] : offloading thread affinity on [host i07r11c03s05, rank [libmmcso] : offloading thread affinity on [host i07r08c04s10, rank 299] : cpu=47
[libmmcso] : offloading thread affinity on [host i07r09c04s08, rank 287] : cpu=47
[libmmcso] : offloading thread affinity on [host i06r07c05s05, rank 372] : cpu=23
493] : cpu=47
89] : cpu=47
[libmmcso] : offloading thread affinity on [host i07r09c02s06, rank 47
[libmmcso] : offloading thread affinity on [host i07r10c05s03, rank 401] : cpu=47
[libmmcso] : offloading thread affinity on [host i07r09c01s03, rank 200] : cpu=23
i07r11c04s03, rank 446] : cpu=23
38] : cpu=23
312] : cpu=23
169] : cpu=47
260] : cpu=23
0] : cpu=23
[libmmcso] : offloading thread affinity on [host i07r10c05s10, rank [libmmcso] : offloading thread affinity on [host i07r11c05s04, rank [libmmcso] : offloading thread affinity on [host i07r08c06s06, rank 132] : cpu=23
47
[libmmcso] : offloading thread affinity on [host i07r10c05s06, rank 405] : cpu=47

[libmmcso] : offloading thread affinity on [host i07r09c05s07, rank [libmmcso] : offloading thread affinity on [host i07r11c04s04, rank 420] : cpu=23
[libmmcso] : offloading thread affinity on [host i07r08c04s08, rank [libmmcso] : offloading thread affinity on [host i07r10c04s03, rank [libmmcso] : offloading thread affinity on [host [libmmcso] : offloading thread affinity on [host i07r10c01s11, rank [libmmcso] : offloading thread affinity on [host i06r07c05s05, rank 1] : cpu=47
[libmmcso] : offloading thread affinity on [host i07r10c05s10, rank [libmmcso] : offloading thread affinity on [host i07r11c05s04, rank 84] : cpu=23
[libmmcso] : offloading thread affinity on [host i07r09c02s08, rank 246] : cpu=23
339] : cpu=47
[libmmcso] : offloading thread affinity on [host i07r11c01s04, rank 111] : cpu=47
211] : cpu=47
460] : cpu=23
[libmmcso] : offloading thread affinity on [host i07r11c03s05, rank 44] : cpu=23
[libmmcso] : offloading thread affinity on [host i07r10c03s05, rank [libmmcso] : offloading thread affinity on [host i07r09c04s05, rank 265] : cpu=47
353] : cpu=47
481] : cpu=47
[libmmcso] : offloading thread affinity on [host i07r08c06s05, rank 136] : cpu=23
[libmmcso] : offloading thread affinity on [host i07r09c06s11, rank [libmmcso] : offloading thread affinity on [host i07r10c05s06, rank [libmmcso] : offloading thread affinity on [host i07r11c01s04, rank 117] : cpu=47
[libmmcso] : offloading thread affinity on [host i07r09c05s11, rank 478] : cpu=23
[libmmcso] : offloading thread affinity on [host i07r11c03s10, rank [libmmcso] : offloading thread affinity on [host i07r08c04s10, rank 313] : cpu=47
[libmmcso] : offloading thread affinity on [host i07r09c04s08, rank [libmmcso] : offloading thread affinity on [host i07r10c02s01, rank 352] : cpu=23
480] : cpu=23
83] : cpu=47
[libmmcso] : offloading thread affinity on [host i07r09c03s04, rank 239] : cpu=47
338] : cpu=23
[libmmcso] : offloading thread affinity on [host i07r11c02s07, rank [libmmcso] : offloading thread affinity on [host i07r09c01s11, rank 201] : cpu=47
455] : cpu=47
421] : cpu=47
39] : cpu=47
314] : cpu=23
174] : cpu=23
269] : cpu=47
[libmmcso] : offloading thread affinity on [host i07r08c06s08, rank [libmmcso] : offloading thread affinity on [host i07r09c02s08, rank [libmmcso] : offloading thread affinity on [host i07r09c06s07, rank [libmmcso] : offloading thread affinity on [host i07r10c05s05, rank 388] : cpu=23
[libmmcso] : offloading thread affinity on [host i07r09c02s02, rank 206] : cpu=23
457] : cpu=47
435] : cpu=47
43] : cpu=47
294] : cpu=23
[libmmcso] : offloading thread affinity on [host i07r09c04s05, rank [libmmcso] : offloading thread affinity on [host i07r10c01s08, rank 256] : cpu=23
88] : cpu=23
153] : cpu=47
230] : cpu=23
344] : cpu=23
415] : cpu=47
[libmmcso] : offloading thread affinity on [host i07r09c01s03, rank [libmmcso] : offloading thread affinity on [host i07r09c05s11, rank [libmmcso] : offloading thread affinity on [host i07r11c04s11, rank 445] : cpu=47
46] : cpu=23
315] : cpu=47
185] : cpu=47
263] : cpu=47
[libmmcso] : offloading thread affinity on [host i07r08c06s05, rank 137] : cpu=47
[libmmcso] : offloading thread affinity on [host i07r10c01s04, rank [libmmcso] : offloading thread affinity on [host i07r10c05s05, rank 389] : cpu=47
118] : cpu=23
214] : cpu=23
[libmmcso] : offloading thread affinity on [host i07r11c04s12, rank 434] : cpu=23
47] : cpu=47
[libmmcso] : offloading thread affinity on [host i07r10c03s04, rank i07r09c04s03, rank 264] : cpu=23
[libmmcso] : offloading thread affinity on [host i07r08c06s01, rank [libmmcso] : offloading thread affinity on [host i07r09c03s03, rank [libmmcso] : offloading thread affinity on [host i07r10c01s04, rank 345] : cpu=47
[libmmcso] : offloading thread affinity on [host i07r11c02s03, rank [libmmcso] : offloading thread affinity on [host i07r09c02s02215] : cpu=47
[libmmcso] : offloading thread affinity on [host i07r11c04s07, rank [libmmcso] : offloading thread affinity on [host i07r11c02s09, rank [libmmcso] : offloading thread affinity on [host i07r08c04s11, rank [libmmcso] : offloading thread affinity on [host i07r10c03s02, rank 289] : cpu=47
178] : cpu=23
[libmmcso] : offloading thread affinity on [host i07r10c02s01, rank 82] : cpu=23
[libmmcso] : offloading thread affinity on [host i07r09c03s03, rank 248] : cpu=23
[libmmcso] : offloading thread affinity on [host i07r10c05s08, rank [libmmcso] : offloading thread affinity on [host i07r11c02s03, rank 102] : cpu=23
[libmmcso] : offloading thread affinity on [host i07r09c05s09, rank [libmmcso] : offloading thread affinity on [host i07r11c04s11, rank [libmmcso] : offloading thread affinity on [host i07r11c02s09, rank 48] : cpu=23
[libmmcso] : offloading thread affinity on [host i07r10c03s04, rank 184] : cpu=23
[libmmcso] : offloading thread affinity on [host i07r10c02s07, rank 74] : cpu=23
151] : cpu=47
249] : cpu=47
343] : cpu=47407] : cpu=119] : cpu=47
210] : cpu=23
[libmmcso] : offloading thread affinity on [host i07r11c04s12, rank [libmmcso] : offloading thread affinity on [host i07r11c03s04, rank [libmmcso] : offloading thread affinity on [host i07r08c05s01, rank [libmmcso] : offloading thread affinity on [host i07r10c03s11, rank [libmmcso] : offloading thread affinity on [host i07r09c03s10, rank 262] : cpu=23
[libmmcso] : offloading thread affinity on [host i07r08c06s01, rank [libmmcso] : offloading thread affinity on [host [libmmcso] : offloading thread affinity on [host i07r09c06s04, rank [libmmcso] : offloading thread affinity on [host i07r10c05s08, rank 406] : cpu=124] : cpu=23
[libmmcso] : offloading thread affinity on [host i07r09c05s07, rank 463] : cpu=47
[libmmcso] : offloading thread affinity on [host i07r11c03s11, rank [libmmcso] : offloading thread affinity on [host i07r08c04s09, rank 292] : cpu=23
175] : cpu=47
267] : cpu=4775] : cpu=47
150] : cpu=23
[libmmcso] : offloading thread affinity on [host i07r09c06s04, rank 342] : cpu=23
47
103] : cpu=47
207] : cpu=47
470] : cpu=23
419] : cpu=47
[libmmcso] : offloading thread affinity on [host i07r08c05s01, rank 306] : cpu=23
179] : cpu=47
[libmmcso] : offloading thread affinity on [host i07r10c02s07, rank [libmmcso] : offloading thread affinity on [host i07r08c05s11, rank [libmmcso] : offloading thread affinity on [host i07r09c02s09, rank 225] : cpu=47
349] : cpu=23
, rank [libmmcso] : offloading thread affinity on [host i07r09c04s12473] : cpu=47
432] : cpu=23
45] : cpu=47
293] : cpu=47
[libmmcso] : offloading thread affinity on [host i07r09c03s10, rank 266] : cpu=23
70] : cpu=23
i07r09c02s09, rank 224] : cpu=23

[libmmcso] : offloading thread affinity on [host i07r11c01s02125] : cpu=47, rank 471] : cpu=47
447] : cpu=47
52] : cpu=23
[libmmcso] : offloading thread affinity on [host i07r10c04s05, rank 165] : cpu=47
278] : cpu=23
[libmmcso] : offloading thread affinity on [host i07r08c05s07, rank 138] : cpu=23
348] : cpu=23
, rank [libmmcso] : offloading thread affinity on [host i07r09c01s05, rank [libmmcso] : offloading thread affinity on [host 472] : cpu=23
418] : cpu=23
53] : cpu=47
[libmmcso] : offloading thread affinity on [host i07r10c04s05, rank 164] : cpu=23

65] : cpu=47139] : cpu=47
47
[libmmcso] : offloading thread affinity on [host i07r11c01s02, rank [libmmcso] : offloading thread affinity on [host i07r09c01s05, rank i07r09c04s12, rank [libmmcso] : offloading thread affinity on [host i07r11c04s06, rank [libmmcso] : offloading thread affinity on [host i07r11c03s10, rank [libmmcso] : offloading thread affinity on [host i07r08c04s08, rank 318] : cpu=23
[libmmcso] : offloading thread affinity on [host i07r09c04s07, rank 279] : cpu=47

[libmmcso] : offloading thread affinity on [host i07r09c02s04, rank 128[libmmcso] : offloading thread affinity on [host i07r10c04s10, rank 384] : cpu=23
[libmmcso] : offloading thread affinity on [host i07r09c01s12, rank 192] : cpu=23
461] : cpu=47
444] : cpu=23
42] : cpu=23
319] : cpu=47
182] : cpu=23
[libmmcso] : offloading thread affinity on [host [libmmcso] : offloading thread affinity on [host i07r08c05s07, rank 64] : cpu=23
[libmmcso] : offloading thread affinity on [host i07r09c02s04, rank 129] : cpu=47
[libmmcso] : offloading thread affinity on [host i07r10c04s10, rank 385] : cpu=47
106] : cpu=23193] : cpu=47
[libmmcso] : offloading thread affinity on [host i07r11c03s12, rank [libmmcso] : offloading thread affinity on [host i07r11c03s01, rank [libmmcso] : offloading thread affinity on [host i06r08c03s12, rank [libmmcso] : offloading thread affinity on [host [libmmcso] : offloading thread affinity on [host i07r09c03s08, rank [libmmcso] : offloading thread affinity on [host i07r10c02s08, rank ] : cpu=23
329] : cpu=47
120] : cpu=23448] : cpu=23
[libmmcso] : offloading thread affinity on [host i07r11c02s08, rank 416] : cpu=23
[libmmcso] : offloading thread affinity on [host i06r08c03s12, rank i07r10c03s02, rank 161] : cpu=47
i07r10c02s08, rank 328] : cpu=23

[libmmcso] : offloading thread affinity on [host i07r11c03s12, rank 449] : cpu=47
427] : cpu=47
33] : cpu=47
288] : cpu=23
[libmmcso] : offloading thread affinity on [host i07r09c03s08, rank 280] : cpu=23
[libmmcso] : offloading thread affinity on [host i07r10c04s06, rank 107] : cpu=47
[libmmcso] : offloading thread affinity on [host i07r11c02s08, rank 417] : cpu=47
32] : cpu=23
[libmmcso] : offloading thread affinity on [host i07r10c03s12, rank 160] : cpu=23
281] : cpu=47
321] : cpu=47

308] : cpu=23
[libmmcso] : offloading thread affinity on [host i07r10c01s08, rank 257] : cpu=47
[libmmcso] : offloading thread affinity on [host i07r10c04s06, rank 320] : cpu=23[libmmcso] : offloading thread affinity on [host i07r08c06s12, rank 

96] : cpu=23
[libmmcso] : offloading thread affinity on [host i07r08c06s12, rank 97] : cpu=47
