------------------------------------------------
Lib mmcso affinity: 0:23,1:47,2:23,3:47,4:23,5:47,6:23,7:47,8:23,9:47,10:23,11:47,12:23,13:47,14:23,15:47,16:23,17:47,18:23,19:47,20:23,21:47,22:23,23:47,24:23,25:47,26:23,27:47,28:23,29:47,30:23,31:47,32:23,33:47,34:23,35:47,36:23,37:47,38:23,39:47,40:23,41:47,42:23,43:47,44:23,45:47,46:23,47:47,48:23,49:47,50:23,51:47,52:23,53:47,54:23,55:47,56:23,57:47,58:23,59:47,60:23,61:47,62:23,63:47,64:23,65:47,66:23,67:47,68:23,69:47,70:23,71:47,72:23,73:47,74:23,75:47,76:23,77:47,78:23,79:47,80:23,81:47,82:23,83:47,84:23,85:47,86:23,87:47,88:23,89:47,90:23,91:47,92:23,93:47,94:23,95:47,96:23,97:47,98:23,99:47,100:23,101:47,102:23,103:47,104:23,105:47,106:23,107:47,108:23,109:47,110:23,111:47,112:23,113:47,114:23,115:47,116:23,117:47,118:23,119:47,120:23,121:47,122:23,123:47,124:23,125:47,126:23,127:47,128:23,129:47,130:23,131:47,132:23,133:47,134:23,135:47,136:23,137:47,138:23,139:47,140:23,141:47,142:23,143:47,144:23,145:47,146:23,147:47,148:23,149:47,150:23,151:47,152:23,153:47,154:23,155:47,156:23,157:47,158:23,159:47,160:23,161:47,162:23,163:47,164:23,165:47,166:23,167:47,168:23,169:47,170:23,171:47,172:23,173:47,174:23,175:47,176:23,177:47,178:23,179:47,180:23,181:47,182:23,183:47,184:23,185:47,186:23,187:47,188:23,189:47,190:23,191:47,192:23,193:47,194:23,195:47,196:23,197:47,198:23,199:47,200:23,201:47,202:23,203:47,204:23,205:47,206:23,207:47,208:23,209:47,210:23,211:47,212:23,213:47,214:23,215:47,216:23,217:47,218:23,219:47,220:23,221:47,222:23,223:47,224:23,225:47,226:23,227:47,228:23,229:47,230:23,231:47,232:23,233:47,234:23,235:47,236:23,237:47,238:23,239:47,240:23,241:47,242:23,243:47,244:23,245:47,246:23,247:47,248:23,249:47,250:23,251:47,252:23,253:47,254:23,255:47,256:23,257:47,258:23,259:47,260:23,261:47,262:23,263:47,264:23,265:47,266:23,267:47,268:23,269:47,270:23,271:47,272:23,273:47,274:23,275:47,276:23,277:47,278:23,279:47,280:23,281:47,282:23,283:47,284:23,285:47,286:23,287:47,288:23,289:47,290:23,291:47,292:23,293:47,294:23,295:47,296:23,297:47,298:23,299:47,300:23,301:47,302:23,303:47,304:23,305:47,306:23,307:47,308:23,309:47,310:23,311:47,312:23,313:47,314:23,315:47,316:23,317:47,318:23,319:47,320:23,321:47,322:23,323:47,324:23,325:47,326:23,327:47,328:23,329:47,330:23,331:47,332:23,333:47,334:23,335:47,336:23,337:47,338:23,339:47,340:23,341:47,342:23,343:47,344:23,345:47,346:23,347:47,348:23,349:47,350:23,351:47,352:23,353:47,354:23,355:47,356:23,357:47,358:23,359:47,360:23,361:47,362:23,363:47,364:23,365:47,366:23,367:47,368:23,369:47,370:23,371:47,372:23,373:47,374:23,375:47,376:23,377:47,378:23,379:47,380:23,381:47,382:23,383:47,384:23,385:47,386:23,387:47,388:23,389:47,390:23,391:47,392:23,393:47,394:23,395:47,396:23,397:47,398:23,399:47,400:23,401:47,402:23,403:47,404:23,405:47,406:23,407:47,408:23,409:47,410:23,411:47,412:23,413:47,414:23,415:47,416:23,417:47,418:23,419:47,420:23,421:47,422:23,423:47,424:23,425:47,426:23,427:47,428:23,429:47,430:23,431:47,432:23,433:47,434:23,435:47,436:23,437:47,438:23,439:47,440:23,441:47,442:23,443:47,444:23,445:47,446:23,447:47,448:23,449:47,450:23,451:47,452:23,453:47,454:23,455:47,456:23,457:47,458:23,459:47,460:23,461:47,462:23,463:47,464:23,465:47,466:23,467:47,468:23,469:47,470:23,471:47,472:23,473:47,474:23,475:47,476:23,477:47,478:23,479:47,480:23,481:47,482:23,483:47,484:23,485:47,486:23,487:47,488:23,489:47,490:23,491:47,492:23,493:47,494:23,495:47,496:23,497:47,498:23,499:47,500:23,501:47,502:23,503:47,504:23,505:47,506:23,507:47,508:23,509:47,510:23,511:47
------------------------------------------------
------------------------------------------------
Check BASEDIR: /dss/dsshome1/0C/di35hef/mmcso/experiments/spechpc2021hpgmgfv/hpc2021-1.1.8/benchspec/HPC
Check BENCH: 734.hpgmgfv_m
Check MPIEXEC: mpiexec -ppn 2 -np 512 
Check EXE: /dss/dsshome1/0C/di35hef/mmcso/experiments/spechpc2021hpgmgfv/hpc2021-1.1.8/benchspec/HPC/734.hpgmgfv_m/exe/hpgmgfv_base.sng-multiple_omp
Check ARGS: 5 11 300
------------------------------------------------
Run 734.hpgmgfv_m offload on 256 nodes - SNG
------------------------------------------------


********************************************************************************
***                            HPGMG-FV Benchmark                            ***
********************************************************************************


===== Benchmark setup ==========================================================

attempting to create a 2048^3 level...
  boundary condition = BC_DIRICHLET
  Decomposing level via Z-mort ordering... done
  Allocating vectors... done
  Duplicating MPI_COMM_WORLD... done
  Creating Poisson (a=0.000000, b=1.000000) test problem
  calculating D^{-1} exactly for level h=4.882812e-04 using 64 colors...  done
  estimating  lambda_max... <2.223325063977376e+00

attempting to create a 1024^3 level...
  boundary condition = BC_DIRICHLET
  Decomposing level via Z-mort ordering... done
  Allocating vectors... done
  Duplicating MPI_COMM_WORLD... done

attempting to create a 512^3 level...
  boundary condition = BC_DIRICHLET
  Decomposing level via Z-mort ordering... done
  Allocating vectors... done
  Duplicating MPI_COMM_WORLD... done

attempting to create a 256^3 level...
  boundary condition = BC_DIRICHLET
  Decomposing level via Z-mort ordering... done
  Allocating vectors... done
  Duplicating MPI_COMM_WORLD... done

attempting to create a 128^3 level...
  boundary condition = BC_DIRICHLET
  Decomposing level via Z-mort ordering... done
  Allocating vectors... done
  Duplicating MPI_COMM_WORLD... done

attempting to create a 64^3 level...
  boundary condition = BC_DIRICHLET
  Decomposing level via Z-mort ordering... done
  Allocating vectors... done
  Duplicating MPI_COMM_WORLD... done

attempting to create a 32^3 level...
  boundary condition = BC_DIRICHLET
  Decomposing level via Z-mort ordering... done
  Allocating vectors... done
  Duplicating MPI_COMM_WORLD... done

attempting to create a 16^3 level...
  boundary condition = BC_DIRICHLET
  Decomposing level via Z-mort ordering... done
  Allocating vectors... done
  Duplicating MPI_COMM_WORLD... done

attempting to create a 8^3 level...
  boundary condition = BC_DIRICHLET
  Decomposing level via Z-mort ordering... done
  Allocating vectors... done
  Duplicating MPI_COMM_WORLD... done

attempting to create a 4^3 level...
  boundary condition = BC_DIRICHLET
  Decomposing level via Z-mort ordering... done
  Allocating vectors... done
  Duplicating MPI_COMM_WORLD... done

attempting to create a 2^3 level...
  boundary condition = BC_DIRICHLET
  Decomposing level via Z-mort ordering... done
  Allocating vectors... done
  Duplicating MPI_COMM_WORLD... done

  Building restriction and interpolation lists... done

  Building MPI subcommunicator for level 1... done
  Building MPI subcommunicator for level 2... done
  Building MPI subcommunicator for level 3... done
  Building MPI subcommunicator for level 4... done
  Building MPI subcommunicator for level 5... done
  Building MPI subcommunicator for level 6... done
  Building MPI subcommunicator for level 7... done
  Building MPI subcommunicator for level 8... done
  Building MPI subcommunicator for level 9... done
  Building MPI subcommunicator for level 10... done

  calculating D^{-1} exactly for level h=9.765625e-04 using 64 colors...  done
  estimating  lambda_max... <2.223325077574835e+00
  calculating D^{-1} exactly for level h=1.953125e-03 using 64 colors...  done
  estimating  lambda_max... <2.223325186323705e+00
  calculating D^{-1} exactly for level h=3.906250e-03 using 64 colors...  done
  estimating  lambda_max... <2.223326055334547e+00
  calculating D^{-1} exactly for level h=7.812500e-03 using 64 colors...  done
  estimating  lambda_max... <2.223332976449118e+00
  calculating D^{-1} exactly for level h=1.562500e-02 using 64 colors...  done
  estimating  lambda_max... <2.223387382551033e+00
  calculating D^{-1} exactly for level h=3.125000e-02 using 64 colors...  done
  estimating  lambda_max... <2.223793919680372e+00
  calculating D^{-1} exactly for level h=6.250000e-02 using 64 colors...  done
  estimating  lambda_max... <2.226274210003959e+00
  calculating D^{-1} exactly for level h=1.250000e-01 using 64 colors...  done
  estimating  lambda_max... <2.230456244769515e+00
  calculating D^{-1} exactly for level h=2.500000e-01 using 64 colors...  done
  estimating  lambda_max... <2.232895109452633e+00
  calculating D^{-1} exactly for level h=5.000000e-01 using 8 colors...  done
  estimating  lambda_max... <1.375886524822695e+00



===== Running 300 solves ========================================================
FMGSolve... f-cycle     norm=6.403249993867141e-10  rel=6.403460941438499e-10  done
FMGSolve... f-cycle     norm=6.403249993867141e-10  rel=6.403460941438499e-10  done
FMGSolve... f-cycle     norm=6.403249993867141e-10  rel=6.403460941438499e-10  done
FMGSolve... f-cycle     norm=6.403249993867141e-10  rel=6.403460941438499e-10  done
FMGSolve... f-cycle     norm=6.403249993867141e-10  rel=6.403460941438499e-10  done
FMGSolve... f-cycle     norm=6.403249993867141e-10  rel=6.403460941438499e-10  done
FMGSolve... f-cycle     norm=6.403249993867141e-10  rel=6.403460941438499e-10  done
FMGSolve... f-cycle     norm=6.403249993867141e-10  rel=6.403460941438499e-10  done
FMGSolve... f-cycle     norm=6.403249993867141e-10  rel=6.403460941438499e-10  done
FMGSolve... f-cycle     norm=6.403249993867141e-10  rel=6.403460941438499e-10  done
FMGSolve... f-cycle     norm=6.403249993867141e-10  rel=6.403460941438499e-10  done
FMGSolve... f-cycle     norm=6.403249993867141e-10  rel=6.403460941438499e-10  done
FMGSolve... f-cycle     norm=6.403249993867141e-10  rel=6.403460941438499e-10  done
FMGSolve... f-cycle     norm=6.403249993867141e-10  rel=6.403460941438499e-10  done
FMGSolve... f-cycle     norm=6.403249993867141e-10  rel=6.403460941438499e-10  done
FMGSolve... f-cycle     norm=6.403249993867141e-10  rel=6.403460941438499e-10  done
FMGSolve... f-cycle     norm=6.403249993867141e-10  rel=6.403460941438499e-10  done
FMGSolve... f-cycle     norm=6.403249993867141e-10  rel=6.403460941438499e-10  done
FMGSolve... f-cycle     norm=6.403249993867141e-10  rel=6.403460941438499e-10  done
FMGSolve... f-cycle     norm=6.403249993867141e-10  rel=6.403460941438499e-10  done
FMGSolve... f-cycle     norm=6.403249993867141e-10  rel=6.403460941438499e-10  done
FMGSolve... f-cycle     norm=6.403249993867141e-10  rel=6.403460941438499e-10  done
FMGSolve... f-cycle     norm=6.403249993867141e-10  rel=6.403460941438499e-10  done
FMGSolve... f-cycle     norm=6.403249993867141e-10  rel=6.403460941438499e-10  done
FMGSolve... f-cycle     norm=6.403249993867141e-10  rel=6.403460941438499e-10  done
FMGSolve... f-cycle     norm=6.403249993867141e-10  rel=6.403460941438499e-10  done
FMGSolve... f-cycle     norm=6.403249993867141e-10  rel=6.403460941438499e-10  done
FMGSolve... f-cycle     norm=6.403249993867141e-10  rel=6.403460941438499e-10  done
FMGSolve... f-cycle     norm=6.403249993867141e-10  rel=6.403460941438499e-10  done
FMGSolve... f-cycle     norm=6.403249993867141e-10  rel=6.403460941438499e-10  done
FMGSolve... f-cycle     norm=6.403249993867141e-10  rel=6.403460941438499e-10  done
FMGSolve... f-cycle     norm=6.403249993867141e-10  rel=6.403460941438499e-10  done
FMGSolve... f-cycle     norm=6.403249993867141e-10  rel=6.403460941438499e-10  done
FMGSolve... f-cycle     norm=6.403249993867141e-10  rel=6.403460941438499e-10  done
FMGSolve... f-cycle     norm=6.403249993867141e-10  rel=6.403460941438499e-10  done
FMGSolve... f-cycle     norm=6.403249993867141e-10  rel=6.403460941438499e-10  done
FMGSolve... f-cycle     norm=6.403249993867141e-10  rel=6.403460941438499e-10  done
FMGSolve... f-cycle     norm=6.403249993867141e-10  rel=6.403460941438499e-10  done
FMGSolve... f-cycle     norm=6.403249993867141e-10  rel=6.403460941438499e-10  done
FMGSolve... f-cycle     norm=6.403249993867141e-10  rel=6.403460941438499e-10  done
FMGSolve... f-cycle     norm=6.403249993867141e-10  rel=6.403460941438499e-10  done
FMGSolve... f-cycle     norm=6.403249993867141e-10  rel=6.403460941438499e-10  done
FMGSolve... f-cycle     norm=6.403249993867141e-10  rel=6.403460941438499e-10  done
FMGSolve... f-cycle     norm=6.403249993867141e-10  rel=6.403460941438499e-10  done
FMGSolve... f-cycle     norm=6.403249993867141e-10  rel=6.403460941438499e-10  done
FMGSolve... f-cycle     norm=6.403249993867141e-10  rel=6.403460941438499e-10  done
FMGSolve... f-cycle     norm=6.403249993867141e-10  rel=6.403460941438499e-10  done
FMGSolve... f-cycle     norm=6.403249993867141e-10  rel=6.403460941438499e-10  done
FMGSolve... f-cycle     norm=6.403249993867141e-10  rel=6.403460941438499e-10  done
FMGSolve... f-cycle     norm=6.403249993867141e-10  rel=6.403460941438499e-10  done
FMGSolve... f-cycle     norm=6.403249993867141e-10  rel=6.403460941438499e-10  done
FMGSolve... f-cycle     norm=6.403249993867141e-10  rel=6.403460941438499e-10  done
FMGSolve... f-cycle     norm=6.403249993867141e-10  rel=6.403460941438499e-10  done
FMGSolve... f-cycle     norm=6.403249993867141e-10  rel=6.403460941438499e-10  done
FMGSolve... f-cycle     norm=6.403249993867141e-10  rel=6.403460941438499e-10  done
FMGSolve... f-cycle     norm=6.403249993867141e-10  rel=6.403460941438499e-10  done
FMGSolve... f-cycle     norm=6.403249993867141e-10  rel=6.403460941438499e-10  done
FMGSolve... f-cycle     norm=6.403249993867141e-10  rel=6.403460941438499e-10  done
FMGSolve... f-cycle     norm=6.403249993867141e-10  rel=6.403460941438499e-10  done
FMGSolve... f-cycle     norm=6.403249993867141e-10  rel=6.403460941438499e-10  done
FMGSolve... f-cycle     norm=6.403249993867141e-10  rel=6.403460941438499e-10  done
FMGSolve... f-cycle     norm=6.403249993867141e-10  rel=6.403460941438499e-10  done
FMGSolve... f-cycle     norm=6.403249993867141e-10  rel=6.403460941438499e-10  done
FMGSolve... f-cycle     norm=6.403249993867141e-10  rel=6.403460941438499e-10  done
FMGSolve... f-cycle     norm=6.403249993867141e-10  rel=6.403460941438499e-10  done
FMGSolve... f-cycle     norm=6.403249993867141e-10  rel=6.403460941438499e-10  done
FMGSolve... f-cycle     norm=6.403249993867141e-10  rel=6.403460941438499e-10  done
FMGSolve... f-cycle     norm=6.403249993867141e-10  rel=6.403460941438499e-10  done
FMGSolve... f-cycle     norm=6.403249993867141e-10  rel=6.403460941438499e-10  done
FMGSolve... f-cycle     norm=6.403249993867141e-10  rel=6.403460941438499e-10  done
FMGSolve... f-cycle     norm=6.403249993867141e-10  rel=6.403460941438499e-10  done
FMGSolve... f-cycle     norm=6.403249993867141e-10  rel=6.403460941438499e-10  done
FMGSolve... f-cycle     norm=6.403249993867141e-10  rel=6.403460941438499e-10  done
FMGSolve... f-cycle     norm=6.403249993867141e-10  rel=6.403460941438499e-10  done
FMGSolve... f-cycle     norm=6.403249993867141e-10  rel=6.403460941438499e-10  done
FMGSolve... f-cycle     norm=6.403249993867141e-10  rel=6.403460941438499e-10  done
FMGSolve... f-cycle     norm=6.403249993867141e-10  rel=6.403460941438499e-10  done
FMGSolve... f-cycle     norm=6.403249993867141e-10  rel=6.403460941438499e-10  done
FMGSolve... f-cycle     norm=6.403249993867141e-10  rel=6.403460941438499e-10  done
FMGSolve... f-cycle     norm=6.403249993867141e-10  rel=6.403460941438499e-10  done
FMGSolve... f-cycle     norm=6.403249993867141e-10  rel=6.403460941438499e-10  done
FMGSolve... f-cycle     norm=6.403249993867141e-10  rel=6.403460941438499e-10  done
FMGSolve... f-cycle     norm=6.403249993867141e-10  rel=6.403460941438499e-10  done
FMGSolve... f-cycle     norm=6.403249993867141e-10  rel=6.403460941438499e-10  done
FMGSolve... f-cycle     norm=6.403249993867141e-10  rel=6.403460941438499e-10  done
FMGSolve... f-cycle     norm=6.403249993867141e-10  rel=6.403460941438499e-10  done
FMGSolve... f-cycle     norm=6.403249993867141e-10  rel=6.403460941438499e-10  done
FMGSolve... f-cycle     norm=6.403249993867141e-10  rel=6.403460941438499e-10  done
FMGSolve... f-cycle     norm=6.403249993867141e-10  rel=6.403460941438499e-10  done
FMGSolve... f-cycle     norm=6.403249993867141e-10  rel=6.403460941438499e-10  done
FMGSolve... f-cycle     norm=6.403249993867141e-10  rel=6.403460941438499e-10  done
FMGSolve... f-cycle     norm=6.403249993867141e-10  rel=6.403460941438499e-10  done
FMGSolve... f-cycle     norm=6.403249993867141e-10  rel=6.403460941438499e-10  done
FMGSolve... f-cycle     norm=6.403249993867141e-10  rel=6.403460941438499e-10  done
FMGSolve... f-cycle     norm=6.403249993867141e-10  rel=6.403460941438499e-10  done
FMGSolve... f-cycle     norm=6.403249993867141e-10  rel=6.403460941438499e-10  done
FMGSolve... f-cycle     norm=6.403249993867141e-10  rel=6.403460941438499e-10  done
FMGSolve... f-cycle     norm=6.403249993867141e-10  rel=6.403460941438499e-10  done
FMGSolve... f-cycle     norm=6.403249993867141e-10  rel=6.403460941438499e-10  done
FMGSolve... f-cycle     norm=6.403249993867141e-10  rel=6.403460941438499e-10  done
FMGSolve... f-cycle     norm=6.403249993867141e-10  rel=6.403460941438499e-10  done
FMGSolve... f-cycle     norm=6.403249993867141e-10  rel=6.403460941438499e-10  done
FMGSolve... f-cycle     norm=6.403249993867141e-10  rel=6.403460941438499e-10  done
FMGSolve... f-cycle     norm=6.403249993867141e-10  rel=6.403460941438499e-10  done
FMGSolve... f-cycle     norm=6.403249993867141e-10  rel=6.403460941438499e-10  done
FMGSolve... f-cycle     norm=6.403249993867141e-10  rel=6.403460941438499e-10  done
FMGSolve... f-cycle     norm=6.403249993867141e-10  rel=6.403460941438499e-10  done
FMGSolve... f-cycle     norm=6.403249993867141e-10  rel=6.403460941438499e-10  done
FMGSolve... f-cycle     norm=6.403249993867141e-10  rel=6.403460941438499e-10  done
FMGSolve... f-cycle     norm=6.403249993867141e-10  rel=6.403460941438499e-10  done
FMGSolve... f-cycle     norm=6.403249993867141e-10  rel=6.403460941438499e-10  done
FMGSolve... f-cycle     norm=6.403249993867141e-10  rel=6.403460941438499e-10  done
FMGSolve... f-cycle     norm=6.403249993867141e-10  rel=6.403460941438499e-10  done
FMGSolve... f-cycle     norm=6.403249993867141e-10  rel=6.403460941438499e-10  done
FMGSolve... f-cycle     norm=6.403249993867141e-10  rel=6.403460941438499e-10  done
FMGSolve... f-cycle     norm=6.403249993867141e-10  rel=6.403460941438499e-10  done
FMGSolve... f-cycle     norm=6.403249993867141e-10  rel=6.403460941438499e-10  done
FMGSolve... f-cycle     norm=6.403249993867141e-10  rel=6.403460941438499e-10  done
FMGSolve... f-cycle     norm=6.403249993867141e-10  rel=6.403460941438499e-10  done
FMGSolve... f-cycle     norm=6.403249993867141e-10  rel=6.403460941438499e-10  done
FMGSolve... f-cycle     norm=6.403249993867141e-10  rel=6.403460941438499e-10  done
FMGSolve... f-cycle     norm=6.403249993867141e-10  rel=6.403460941438499e-10  done
FMGSolve... f-cycle     norm=6.403249993867141e-10  rel=6.403460941438499e-10  done
FMGSolve... f-cycle     norm=6.403249993867141e-10  rel=6.403460941438499e-10  done
FMGSolve... f-cycle     norm=6.403249993867141e-10  rel=6.403460941438499e-10  done
FMGSolve... f-cycle     norm=6.403249993867141e-10  rel=6.403460941438499e-10  done
FMGSolve... f-cycle     norm=6.403249993867141e-10  rel=6.403460941438499e-10  done
FMGSolve... f-cycle     norm=6.403249993867141e-10  rel=6.403460941438499e-10  done
FMGSolve... f-cycle     norm=6.403249993867141e-10  rel=6.403460941438499e-10  done
FMGSolve... f-cycle     norm=6.403249993867141e-10  rel=6.403460941438499e-10  done
FMGSolve... f-cycle     norm=6.403249993867141e-10  rel=6.403460941438499e-10  done
FMGSolve... f-cycle     norm=6.403249993867141e-10  rel=6.403460941438499e-10  done
FMGSolve... f-cycle     norm=6.403249993867141e-10  rel=6.403460941438499e-10  done
FMGSolve... f-cycle     norm=6.403249993867141e-10  rel=6.403460941438499e-10  done
FMGSolve... f-cycle     norm=6.403249993867141e-10  rel=6.403460941438499e-10  done
FMGSolve... f-cycle     norm=6.403249993867141e-10  rel=6.403460941438499e-10  done
FMGSolve... f-cycle     norm=6.403249993867141e-10  rel=6.403460941438499e-10  done
FMGSolve... f-cycle     norm=6.403249993867141e-10  rel=6.403460941438499e-10  done
FMGSolve... f-cycle     norm=6.403249993867141e-10  rel=6.403460941438499e-10  done
FMGSolve... f-cycle     norm=6.403249993867141e-10  rel=6.403460941438499e-10  done
FMGSolve... f-cycle     norm=6.403249993867141e-10  rel=6.403460941438499e-10  done
FMGSolve... f-cycle     norm=6.403249993867141e-10  rel=6.403460941438499e-10  done
FMGSolve... f-cycle     norm=6.403249993867141e-10  rel=6.403460941438499e-10  done
FMGSolve... f-cycle     norm=6.403249993867141e-10  rel=6.403460941438499e-10  done
FMGSolve... f-cycle     norm=6.403249993867141e-10  rel=6.403460941438499e-10  done
FMGSolve... f-cycle     norm=6.403249993867141e-10  rel=6.403460941438499e-10  done
FMGSolve... f-cycle     norm=6.403249993867141e-10  rel=6.403460941438499e-10  done
FMGSolve... f-cycle     norm=6.403249993867141e-10  rel=6.403460941438499e-10  done
FMGSolve... f-cycle     norm=6.403249993867141e-10  rel=6.403460941438499e-10  done
FMGSolve... f-cycle     norm=6.403249993867141e-10  rel=6.403460941438499e-10  done
FMGSolve... f-cycle     norm=6.403249993867141e-10  rel=6.403460941438499e-10  done
FMGSolve... f-cycle     norm=6.403249993867141e-10  rel=6.403460941438499e-10  done
FMGSolve... f-cycle     norm=6.403249993867141e-10  rel=6.403460941438499e-10  done
FMGSolve... f-cycle     norm=6.403249993867141e-10  rel=6.403460941438499e-10  done
FMGSolve... f-cycle     norm=6.403249993867141e-10  rel=6.403460941438499e-10  done
FMGSolve... f-cycle     norm=6.403249993867141e-10  rel=6.403460941438499e-10  done
FMGSolve... f-cycle     norm=6.403249993867141e-10  rel=6.403460941438499e-10  done
FMGSolve... f-cycle     norm=6.403249993867141e-10  rel=6.403460941438499e-10  done
FMGSolve... f-cycle     norm=6.403249993867141e-10  rel=6.403460941438499e-10  done
FMGSolve... f-cycle     norm=6.403249993867141e-10  rel=6.403460941438499e-10  done
FMGSolve... f-cycle     norm=6.403249993867141e-10  rel=6.403460941438499e-10  done
FMGSolve... f-cycle     norm=6.403249993867141e-10  rel=6.403460941438499e-10  done
FMGSolve... f-cycle     norm=6.403249993867141e-10  rel=6.403460941438499e-10  done
FMGSolve... f-cycle     norm=6.403249993867141e-10  rel=6.403460941438499e-10  done
FMGSolve... f-cycle     norm=6.403249993867141e-10  rel=6.403460941438499e-10  done
FMGSolve... f-cycle     norm=6.403249993867141e-10  rel=6.403460941438499e-10  done
FMGSolve... f-cycle     norm=6.403249993867141e-10  rel=6.403460941438499e-10  done
FMGSolve... f-cycle     norm=6.403249993867141e-10  rel=6.403460941438499e-10  done
FMGSolve... f-cycle     norm=6.403249993867141e-10  rel=6.403460941438499e-10  done
FMGSolve... f-cycle     norm=6.403249993867141e-10  rel=6.403460941438499e-10  done
FMGSolve... f-cycle     norm=6.403249993867141e-10  rel=6.403460941438499e-10  done
FMGSolve... f-cycle     norm=6.403249993867141e-10  rel=6.403460941438499e-10  done
FMGSolve... f-cycle     norm=6.403249993867141e-10  rel=6.403460941438499e-10  done
FMGSolve... f-cycle     norm=6.403249993867141e-10  rel=6.403460941438499e-10  done
FMGSolve... f-cycle     norm=6.403249993867141e-10  rel=6.403460941438499e-10  done
FMGSolve... f-cycle     norm=6.403249993867141e-10  rel=6.403460941438499e-10  done
FMGSolve... f-cycle     norm=6.403249993867141e-10  rel=6.403460941438499e-10  done
FMGSolve... f-cycle     norm=6.403249993867141e-10  rel=6.403460941438499e-10  done
FMGSolve... f-cycle     norm=6.403249993867141e-10  rel=6.403460941438499e-10  done
FMGSolve... f-cycle     norm=6.403249993867141e-10  rel=6.403460941438499e-10  done
FMGSolve... f-cycle     norm=6.403249993867141e-10  rel=6.403460941438499e-10  done
FMGSolve... f-cycle     norm=6.403249993867141e-10  rel=6.403460941438499e-10  done
FMGSolve... f-cycle     norm=6.403249993867141e-10  rel=6.403460941438499e-10  done
FMGSolve... f-cycle     norm=6.403249993867141e-10  rel=6.403460941438499e-10  done
FMGSolve... f-cycle     norm=6.403249993867141e-10  rel=6.403460941438499e-10  done
FMGSolve... f-cycle     norm=6.403249993867141e-10  rel=6.403460941438499e-10  done
FMGSolve... f-cycle     norm=6.403249993867141e-10  rel=6.403460941438499e-10  done
FMGSolve... f-cycle     norm=6.403249993867141e-10  rel=6.403460941438499e-10  done
FMGSolve... f-cycle     norm=6.403249993867141e-10  rel=6.403460941438499e-10  done
FMGSolve... f-cycle     norm=6.403249993867141e-10  rel=6.403460941438499e-10  done
FMGSolve... f-cycle     norm=6.403249993867141e-10  rel=6.403460941438499e-10  done
FMGSolve... f-cycle     norm=6.403249993867141e-10  rel=6.403460941438499e-10  done
FMGSolve... f-cycle     norm=6.403249993867141e-10  rel=6.403460941438499e-10  done
FMGSolve... f-cycle     norm=6.403249993867141e-10  rel=6.403460941438499e-10  done
FMGSolve... f-cycle     norm=6.403249993867141e-10  rel=6.403460941438499e-10  done
FMGSolve... f-cycle     norm=6.403249993867141e-10  rel=6.403460941438499e-10  done
FMGSolve... f-cycle     norm=6.403249993867141e-10  rel=6.403460941438499e-10  done
FMGSolve... f-cycle     norm=6.403249993867141e-10  rel=6.403460941438499e-10  done
FMGSolve... f-cycle     norm=6.403249993867141e-10  rel=6.403460941438499e-10  done
FMGSolve... f-cycle     norm=6.403249993867141e-10  rel=6.403460941438499e-10  done
FMGSolve... f-cycle     norm=6.403249993867141e-10  rel=6.403460941438499e-10  done
FMGSolve... f-cycle     norm=6.403249993867141e-10  rel=6.403460941438499e-10  done
FMGSolve... f-cycle     norm=6.403249993867141e-10  rel=6.403460941438499e-10  done
FMGSolve... f-cycle     norm=6.403249993867141e-10  rel=6.403460941438499e-10  done
FMGSolve... f-cycle     norm=6.403249993867141e-10  rel=6.403460941438499e-10  done
FMGSolve... f-cycle     norm=6.403249993867141e-10  rel=6.403460941438499e-10  done
FMGSolve... f-cycle     norm=6.403249993867141e-10  rel=6.403460941438499e-10  done
FMGSolve... f-cycle     norm=6.403249993867141e-10  rel=6.403460941438499e-10  done
FMGSolve... f-cycle     norm=6.403249993867141e-10  rel=6.403460941438499e-10  done
FMGSolve... f-cycle     norm=6.403249993867141e-10  rel=6.403460941438499e-10  done
FMGSolve... f-cycle     norm=6.403249993867141e-10  rel=6.403460941438499e-10  done
FMGSolve... f-cycle     norm=6.403249993867141e-10  rel=6.403460941438499e-10  done
FMGSolve... f-cycle     norm=6.403249993867141e-10  rel=6.403460941438499e-10  done
FMGSolve... f-cycle     norm=6.403249993867141e-10  rel=6.403460941438499e-10  done
FMGSolve... f-cycle     norm=6.403249993867141e-10  rel=6.403460941438499e-10  done
FMGSolve... f-cycle     norm=6.403249993867141e-10  rel=6.403460941438499e-10  done
FMGSolve... f-cycle     norm=6.403249993867141e-10  rel=6.403460941438499e-10  done
FMGSolve... f-cycle     norm=6.403249993867141e-10  rel=6.403460941438499e-10  done
FMGSolve... f-cycle     norm=6.403249993867141e-10  rel=6.403460941438499e-10  done
FMGSolve... f-cycle     norm=6.403249993867141e-10  rel=6.403460941438499e-10  done
FMGSolve... f-cycle     norm=6.403249993867141e-10  rel=6.403460941438499e-10  done
FMGSolve... f-cycle     norm=6.403249993867141e-10  rel=6.403460941438499e-10  done
FMGSolve... f-cycle     norm=6.403249993867141e-10  rel=6.403460941438499e-10  done
FMGSolve... f-cycle     norm=6.403249993867141e-10  rel=6.403460941438499e-10  done
FMGSolve... f-cycle     norm=6.403249993867141e-10  rel=6.403460941438499e-10  done
FMGSolve... f-cycle     norm=6.403249993867141e-10  rel=6.403460941438499e-10  done
FMGSolve... f-cycle     norm=6.403249993867141e-10  rel=6.403460941438499e-10  done
FMGSolve... f-cycle     norm=6.403249993867141e-10  rel=6.403460941438499e-10  done
FMGSolve... f-cycle     norm=6.403249993867141e-10  rel=6.403460941438499e-10  done
FMGSolve... f-cycle     norm=6.403249993867141e-10  rel=6.403460941438499e-10  done
FMGSolve... f-cycle     norm=6.403249993867141e-10  rel=6.403460941438499e-10  done
FMGSolve... f-cycle     norm=6.403249993867141e-10  rel=6.403460941438499e-10  done
FMGSolve... f-cycle     norm=6.403249993867141e-10  rel=6.403460941438499e-10  done
FMGSolve... f-cycle     norm=6.403249993867141e-10  rel=6.403460941438499e-10  done
FMGSolve... f-cycle     norm=6.403249993867141e-10  rel=6.403460941438499e-10  done
FMGSolve... f-cycle     norm=6.403249993867141e-10  rel=6.403460941438499e-10  done
FMGSolve... f-cycle     norm=6.403249993867141e-10  rel=6.403460941438499e-10  done
FMGSolve... f-cycle     norm=6.403249993867141e-10  rel=6.403460941438499e-10  done
FMGSolve... f-cycle     norm=6.403249993867141e-10  rel=6.403460941438499e-10  done
FMGSolve... f-cycle     norm=6.403249993867141e-10  rel=6.403460941438499e-10  done
FMGSolve... f-cycle     norm=6.403249993867141e-10  rel=6.403460941438499e-10  done
FMGSolve... f-cycle     norm=6.403249993867141e-10  rel=6.403460941438499e-10  done
FMGSolve... f-cycle     norm=6.403249993867141e-10  rel=6.403460941438499e-10  done
FMGSolve... f-cycle     norm=6.403249993867141e-10  rel=6.403460941438499e-10  done
FMGSolve... f-cycle     norm=6.403249993867141e-10  rel=6.403460941438499e-10  done
FMGSolve... f-cycle     norm=6.403249993867141e-10  rel=6.403460941438499e-10  done
FMGSolve... f-cycle     norm=6.403249993867141e-10  rel=6.403460941438499e-10  done
FMGSolve... f-cycle     norm=6.403249993867141e-10  rel=6.403460941438499e-10  done
FMGSolve... f-cycle     norm=6.403249993867141e-10  rel=6.403460941438499e-10  done
FMGSolve... f-cycle     norm=6.403249993867141e-10  rel=6.403460941438499e-10  done
FMGSolve... f-cycle     norm=6.403249993867141e-10  rel=6.403460941438499e-10  done
FMGSolve... f-cycle     norm=6.403249993867141e-10  rel=6.403460941438499e-10  done
FMGSolve... f-cycle     norm=6.403249993867141e-10  rel=6.403460941438499e-10  done
FMGSolve... f-cycle     norm=6.403249993867141e-10  rel=6.403460941438499e-10  done
FMGSolve... f-cycle     norm=6.403249993867141e-10  rel=6.403460941438499e-10  done
FMGSolve... f-cycle     norm=6.403249993867141e-10  rel=6.403460941438499e-10  done
FMGSolve... f-cycle     norm=6.403249993867141e-10  rel=6.403460941438499e-10  done
FMGSolve... f-cycle     norm=6.403249993867141e-10  rel=6.403460941438499e-10  done
FMGSolve... f-cycle     norm=6.403249993867141e-10  rel=6.403460941438499e-10  done
FMGSolve... f-cycle     norm=6.403249993867141e-10  rel=6.403460941438499e-10  done
FMGSolve... f-cycle     norm=6.403249993867141e-10  rel=6.403460941438499e-10  done
FMGSolve... f-cycle     norm=6.403249993867141e-10  rel=6.403460941438499e-10  done
FMGSolve... f-cycle     norm=6.403249993867141e-10  rel=6.403460941438499e-10  done
FMGSolve... f-cycle     norm=6.403249993867141e-10  rel=6.403460941438499e-10  done
FMGSolve... f-cycle     norm=6.403249993867141e-10  rel=6.403460941438499e-10  done
FMGSolve... f-cycle     norm=6.403249993867141e-10  rel=6.403460941438499e-10  done
FMGSolve... f-cycle     norm=6.403249993867141e-10  rel=6.403460941438499e-10  done
FMGSolve... f-cycle     norm=6.403249993867141e-10  rel=6.403460941438499e-10  done
FMGSolve... f-cycle     norm=6.403249993867141e-10  rel=6.403460941438499e-10  done
FMGSolve... f-cycle     norm=6.403249993867141e-10  rel=6.403460941438499e-10  done
FMGSolve... f-cycle     norm=6.403249993867141e-10  rel=6.403460941438499e-10  done
FMGSolve... f-cycle     norm=6.403249993867141e-10  rel=6.403460941438499e-10  done
FMGSolve... f-cycle     norm=6.403249993867141e-10  rel=6.403460941438499e-10  done
FMGSolve... f-cycle     norm=6.403249993867141e-10  rel=6.403460941438499e-10  done
FMGSolve... f-cycle     norm=6.403249993867141e-10  rel=6.403460941438499e-10  done
FMGSolve... f-cycle     norm=6.403249993867141e-10  rel=6.403460941438499e-10  done
FMGSolve... f-cycle     norm=6.403249993867141e-10  rel=6.403460941438499e-10  done
FMGSolve... f-cycle     norm=6.403249993867141e-10  rel=6.403460941438499e-10  done
FMGSolve... f-cycle     norm=6.403249993867141e-10  rel=6.403460941438499e-10  done
FMGSolve... f-cycle     norm=6.403249993867141e-10  rel=6.403460941438499e-10  done
FMGSolve... f-cycle     norm=6.403249993867141e-10  rel=6.403460941438499e-10  done
FMGSolve... f-cycle     norm=6.403249993867141e-10  rel=6.403460941438499e-10  done
FMGSolve... f-cycle     norm=6.403249993867141e-10  rel=6.403460941438499e-10  done
FMGSolve... f-cycle     norm=6.403249993867141e-10  rel=6.403460941438499e-10  done
FMGSolve... f-cycle     norm=6.403249993867141e-10  rel=6.403460941438499e-10  done
FMGSolve... f-cycle     norm=6.403249993867141e-10  rel=6.403460941438499e-10  done
FMGSolve... f-cycle     norm=6.403249993867141e-10  rel=6.403460941438499e-10  done
FMGSolve... f-cycle     norm=6.403249993867141e-10  rel=6.403460941438499e-10  done
FMGSolve... f-cycle     norm=6.403249993867141e-10  rel=6.403460941438499e-10  done
FMGSolve... f-cycle     norm=6.403249993867141e-10  rel=6.403460941438499e-10  done
FMGSolve... f-cycle     norm=6.403249993867141e-10  rel=6.403460941438499e-10  done
FMGSolve... f-cycle     norm=6.403249993867141e-10  rel=6.403460941438499e-10  done
FMGSolve... f-cycle     norm=6.403249993867141e-10  rel=6.403460941438499e-10  done
FMGSolve... f-cycle     norm=6.403249993867141e-10  rel=6.403460941438499e-10  done
FMGSolve... f-cycle     norm=6.403249993867141e-10  rel=6.403460941438499e-10  done
FMGSolve... f-cycle     norm=6.403249993867141e-10  rel=6.403460941438499e-10  done
FMGSolve... f-cycle     norm=6.403249993867141e-10  rel=6.403460941438499e-10  done
FMGSolve... f-cycle     norm=6.403249993867141e-10  rel=6.403460941438499e-10  done
FMGSolve... f-cycle     norm=6.403249993867141e-10  rel=6.403460941438499e-10  done
FMGSolve... f-cycle     norm=6.403249993867141e-10  rel=6.403460941438499e-10  done


===== Running 300 solves ========================================================
FMGSolve... f-cycle     norm=5.146140867600258e-09  rel=5.146819027790362e-09  done
FMGSolve... f-cycle     norm=5.146140867600258e-09  rel=5.146819027790362e-09  done
FMGSolve... f-cycle     norm=5.146140867600258e-09  rel=5.146819027790362e-09  done
FMGSolve... f-cycle     norm=5.146140867600258e-09  rel=5.146819027790362e-09  done
FMGSolve... f-cycle     norm=5.146140867600258e-09  rel=5.146819027790362e-09  done
FMGSolve... f-cycle     norm=5.146140867600258e-09  rel=5.146819027790362e-09  done
FMGSolve... f-cycle     norm=5.146140867600258e-09  rel=5.146819027790362e-09  done
FMGSolve... f-cycle     norm=5.146140867600258e-09  rel=5.146819027790362e-09  done
FMGSolve... f-cycle     norm=5.146140867600258e-09  rel=5.146819027790362e-09  done
FMGSolve... f-cycle     norm=5.146140867600258e-09  rel=5.146819027790362e-09  done
FMGSolve... f-cycle     norm=5.146140867600258e-09  rel=5.146819027790362e-09  done
FMGSolve... f-cycle     norm=5.146140867600258e-09  rel=5.146819027790362e-09  done
FMGSolve... f-cycle     norm=5.146140867600258e-09  rel=5.146819027790362e-09  done
FMGSolve... f-cycle     norm=5.146140867600258e-09  rel=5.146819027790362e-09  done
FMGSolve... f-cycle     norm=5.146140867600258e-09  rel=5.146819027790362e-09  done
FMGSolve... f-cycle     norm=5.146140867600258e-09  rel=5.146819027790362e-09  done
FMGSolve... f-cycle     norm=5.146140867600258e-09  rel=5.146819027790362e-09  done
FMGSolve... f-cycle     norm=5.146140867600258e-09  rel=5.146819027790362e-09  done
FMGSolve... f-cycle     norm=5.146140867600258e-09  rel=5.146819027790362e-09  done
FMGSolve... f-cycle     norm=5.146140867600258e-09  rel=5.146819027790362e-09  done
FMGSolve... f-cycle     norm=5.146140867600258e-09  rel=5.146819027790362e-09  done
FMGSolve... f-cycle     norm=5.146140867600258e-09  rel=5.146819027790362e-09  done
FMGSolve... f-cycle     norm=5.146140867600258e-09  rel=5.146819027790362e-09  done
FMGSolve... f-cycle     norm=5.146140867600258e-09  rel=5.146819027790362e-09  done
FMGSolve... f-cycle     norm=5.146140867600258e-09  rel=5.146819027790362e-09  done
FMGSolve... f-cycle     norm=5.146140867600258e-09  rel=5.146819027790362e-09  done
FMGSolve... f-cycle     norm=5.146140867600258e-09  rel=5.146819027790362e-09  done
FMGSolve... f-cycle     norm=5.146140867600258e-09  rel=5.146819027790362e-09  done
FMGSolve... f-cycle     norm=5.146140867600258e-09  rel=5.146819027790362e-09  done
FMGSolve... f-cycle     norm=5.146140867600258e-09  rel=5.146819027790362e-09  done
FMGSolve... f-cycle     norm=5.146140867600258e-09  rel=5.146819027790362e-09  done
FMGSolve... f-cycle     norm=5.146140867600258e-09  rel=5.146819027790362e-09  done
FMGSolve... f-cycle     norm=5.146140867600258e-09  rel=5.146819027790362e-09  done
FMGSolve... f-cycle     norm=5.146140867600258e-09  rel=5.146819027790362e-09  done
FMGSolve... f-cycle     norm=5.146140867600258e-09  rel=5.146819027790362e-09  done
FMGSolve... f-cycle     norm=5.146140867600258e-09  rel=5.146819027790362e-09  done
FMGSolve... f-cycle     norm=5.146140867600258e-09  rel=5.146819027790362e-09  done
FMGSolve... f-cycle     norm=5.146140867600258e-09  rel=5.146819027790362e-09  done
FMGSolve... f-cycle     norm=5.146140867600258e-09  rel=5.146819027790362e-09  done
FMGSolve... f-cycle     norm=5.146140867600258e-09  rel=5.146819027790362e-09  done
FMGSolve... f-cycle     norm=5.146140867600258e-09  rel=5.146819027790362e-09  done
FMGSolve... f-cycle     norm=5.146140867600258e-09  rel=5.146819027790362e-09  done
FMGSolve... f-cycle     norm=5.146140867600258e-09  rel=5.146819027790362e-09  done
FMGSolve... f-cycle     norm=5.146140867600258e-09  rel=5.146819027790362e-09  done
FMGSolve... f-cycle     norm=5.146140867600258e-09  rel=5.146819027790362e-09  done
FMGSolve... f-cycle     norm=5.146140867600258e-09  rel=5.146819027790362e-09  done
FMGSolve... f-cycle     norm=5.146140867600258e-09  rel=5.146819027790362e-09  done
FMGSolve... f-cycle     norm=5.146140867600258e-09  rel=5.146819027790362e-09  done
FMGSolve... f-cycle     norm=5.146140867600258e-09  rel=5.146819027790362e-09  done
FMGSolve... f-cycle     norm=5.146140867600258e-09  rel=5.146819027790362e-09  done
FMGSolve... f-cycle     norm=5.146140867600258e-09  rel=5.146819027790362e-09  done
FMGSolve... f-cycle     norm=5.146140867600258e-09  rel=5.146819027790362e-09  done
FMGSolve... f-cycle     norm=5.146140867600258e-09  rel=5.146819027790362e-09  done
FMGSolve... f-cycle     norm=5.146140867600258e-09  rel=5.146819027790362e-09  done
FMGSolve... f-cycle     norm=5.146140867600258e-09  rel=5.146819027790362e-09  done
FMGSolve... f-cycle     norm=5.146140867600258e-09  rel=5.146819027790362e-09  done
FMGSolve... f-cycle     norm=5.146140867600258e-09  rel=5.146819027790362e-09  done
FMGSolve... f-cycle     norm=5.146140867600258e-09  rel=5.146819027790362e-09  done
FMGSolve... f-cycle     norm=5.146140867600258e-09  rel=5.146819027790362e-09  done
FMGSolve... f-cycle     norm=5.146140867600258e-09  rel=5.146819027790362e-09  done
FMGSolve... f-cycle     norm=5.146140867600258e-09  rel=5.146819027790362e-09  done
FMGSolve... f-cycle     norm=5.146140867600258e-09  rel=5.146819027790362e-09  done
FMGSolve... f-cycle     norm=5.146140867600258e-09  rel=5.146819027790362e-09  done
FMGSolve... f-cycle     norm=5.146140867600258e-09  rel=5.146819027790362e-09  done
FMGSolve... f-cycle     norm=5.146140867600258e-09  rel=5.146819027790362e-09  done
FMGSolve... f-cycle     norm=5.146140867600258e-09  rel=5.146819027790362e-09  done
FMGSolve... f-cycle     norm=5.146140867600258e-09  rel=5.146819027790362e-09  done
FMGSolve... f-cycle     norm=5.146140867600258e-09  rel=5.146819027790362e-09  done
FMGSolve... f-cycle     norm=5.146140867600258e-09  rel=5.146819027790362e-09  done
FMGSolve... f-cycle     norm=5.146140867600258e-09  rel=5.146819027790362e-09  done
FMGSolve... f-cycle     norm=5.146140867600258e-09  rel=5.146819027790362e-09  done
FMGSolve... f-cycle     norm=5.146140867600258e-09  rel=5.146819027790362e-09  done
FMGSolve... f-cycle     norm=5.146140867600258e-09  rel=5.146819027790362e-09  done
FMGSolve... f-cycle     norm=5.146140867600258e-09  rel=5.146819027790362e-09  done
FMGSolve... f-cycle     norm=5.146140867600258e-09  rel=5.146819027790362e-09  done
FMGSolve... f-cycle     norm=5.146140867600258e-09  rel=5.146819027790362e-09  done
FMGSolve... f-cycle     norm=5.146140867600258e-09  rel=5.146819027790362e-09  done
FMGSolve... f-cycle     norm=5.146140867600258e-09  rel=5.146819027790362e-09  done
FMGSolve... f-cycle     norm=5.146140867600258e-09  rel=5.146819027790362e-09  done
FMGSolve... f-cycle     norm=5.146140867600258e-09  rel=5.146819027790362e-09  done
FMGSolve... f-cycle     norm=5.146140867600258e-09  rel=5.146819027790362e-09  done
FMGSolve... f-cycle     norm=5.146140867600258e-09  rel=5.146819027790362e-09  done
FMGSolve... f-cycle     norm=5.146140867600258e-09  rel=5.146819027790362e-09  done
FMGSolve... f-cycle     norm=5.146140867600258e-09  rel=5.146819027790362e-09  done
FMGSolve... f-cycle     norm=5.146140867600258e-09  rel=5.146819027790362e-09  done
FMGSolve... f-cycle     norm=5.146140867600258e-09  rel=5.146819027790362e-09  done
FMGSolve... f-cycle     norm=5.146140867600258e-09  rel=5.146819027790362e-09  done
FMGSolve... f-cycle     norm=5.146140867600258e-09  rel=5.146819027790362e-09  done
FMGSolve... f-cycle     norm=5.146140867600258e-09  rel=5.146819027790362e-09  done
FMGSolve... f-cycle     norm=5.146140867600258e-09  rel=5.146819027790362e-09  done
FMGSolve... f-cycle     norm=5.146140867600258e-09  rel=5.146819027790362e-09  done
FMGSolve... f-cycle     norm=5.146140867600258e-09  rel=5.146819027790362e-09  done
FMGSolve... f-cycle     norm=5.146140867600258e-09  rel=5.146819027790362e-09  done
FMGSolve... f-cycle     norm=5.146140867600258e-09  rel=5.146819027790362e-09  done
FMGSolve... f-cycle     norm=5.146140867600258e-09  rel=5.146819027790362e-09  done
FMGSolve... f-cycle     norm=5.146140867600258e-09  rel=5.146819027790362e-09  done
FMGSolve... f-cycle     norm=5.146140867600258e-09  rel=5.146819027790362e-09  done
FMGSolve... f-cycle     norm=5.146140867600258e-09  rel=5.146819027790362e-09  done
FMGSolve... f-cycle     norm=5.146140867600258e-09  rel=5.146819027790362e-09  done
FMGSolve... f-cycle     norm=5.146140867600258e-09  rel=5.146819027790362e-09  done
FMGSolve... f-cycle     norm=5.146140867600258e-09  rel=5.146819027790362e-09  done
FMGSolve... f-cycle     norm=5.146140867600258e-09  rel=5.146819027790362e-09  done
FMGSolve... f-cycle     norm=5.146140867600258e-09  rel=5.146819027790362e-09  done
FMGSolve... f-cycle     norm=5.146140867600258e-09  rel=5.146819027790362e-09  done
FMGSolve... f-cycle     norm=5.146140867600258e-09  rel=5.146819027790362e-09  done
FMGSolve... f-cycle     norm=5.146140867600258e-09  rel=5.146819027790362e-09  done
FMGSolve... f-cycle     norm=5.146140867600258e-09  rel=5.146819027790362e-09  done
FMGSolve... f-cycle     norm=5.146140867600258e-09  rel=5.146819027790362e-09  done
FMGSolve... f-cycle     norm=5.146140867600258e-09  rel=5.146819027790362e-09  done
FMGSolve... f-cycle     norm=5.146140867600258e-09  rel=5.146819027790362e-09  done
FMGSolve... f-cycle     norm=5.146140867600258e-09  rel=5.146819027790362e-09  done
FMGSolve... f-cycle     norm=5.146140867600258e-09  rel=5.146819027790362e-09  done
FMGSolve... f-cycle     norm=5.146140867600258e-09  rel=5.146819027790362e-09  done
FMGSolve... f-cycle     norm=5.146140867600258e-09  rel=5.146819027790362e-09  done
FMGSolve... f-cycle     norm=5.146140867600258e-09  rel=5.146819027790362e-09  done
FMGSolve... f-cycle     norm=5.146140867600258e-09  rel=5.146819027790362e-09  done
FMGSolve... f-cycle     norm=5.146140867600258e-09  rel=5.146819027790362e-09  done
FMGSolve... f-cycle     norm=5.146140867600258e-09  rel=5.146819027790362e-09  done
FMGSolve... f-cycle     norm=5.146140867600258e-09  rel=5.146819027790362e-09  done
FMGSolve... f-cycle     norm=5.146140867600258e-09  rel=5.146819027790362e-09  done
FMGSolve... f-cycle     norm=5.146140867600258e-09  rel=5.146819027790362e-09  done
FMGSolve... f-cycle     norm=5.146140867600258e-09  rel=5.146819027790362e-09  done
FMGSolve... f-cycle     norm=5.146140867600258e-09  rel=5.146819027790362e-09  done
FMGSolve... f-cycle     norm=5.146140867600258e-09  rel=5.146819027790362e-09  done
FMGSolve... f-cycle     norm=5.146140867600258e-09  rel=5.146819027790362e-09  done
FMGSolve... f-cycle     norm=5.146140867600258e-09  rel=5.146819027790362e-09  done
FMGSolve... f-cycle     norm=5.146140867600258e-09  rel=5.146819027790362e-09  done
FMGSolve... f-cycle     norm=5.146140867600258e-09  rel=5.146819027790362e-09  done
FMGSolve... f-cycle     norm=5.146140867600258e-09  rel=5.146819027790362e-09  done
FMGSolve... f-cycle     norm=5.146140867600258e-09  rel=5.146819027790362e-09  done
FMGSolve... f-cycle     norm=5.146140867600258e-09  rel=5.146819027790362e-09  done
FMGSolve... f-cycle     norm=5.146140867600258e-09  rel=5.146819027790362e-09  done
FMGSolve... f-cycle     norm=5.146140867600258e-09  rel=5.146819027790362e-09  done
FMGSolve... f-cycle     norm=5.146140867600258e-09  rel=5.146819027790362e-09  done
FMGSolve... f-cycle     norm=5.146140867600258e-09  rel=5.146819027790362e-09  done
FMGSolve... f-cycle     norm=5.146140867600258e-09  rel=5.146819027790362e-09  done
FMGSolve... f-cycle     norm=5.146140867600258e-09  rel=5.146819027790362e-09  done
FMGSolve... f-cycle     norm=5.146140867600258e-09  rel=5.146819027790362e-09  done
FMGSolve... f-cycle     norm=5.146140867600258e-09  rel=5.146819027790362e-09  done
FMGSolve... f-cycle     norm=5.146140867600258e-09  rel=5.146819027790362e-09  done
FMGSolve... f-cycle     norm=5.146140867600258e-09  rel=5.146819027790362e-09  done
FMGSolve... f-cycle     norm=5.146140867600258e-09  rel=5.146819027790362e-09  done
FMGSolve... f-cycle     norm=5.146140867600258e-09  rel=5.146819027790362e-09  done
FMGSolve... f-cycle     norm=5.146140867600258e-09  rel=5.146819027790362e-09  done
FMGSolve... f-cycle     norm=5.146140867600258e-09  rel=5.146819027790362e-09  done
FMGSolve... f-cycle     norm=5.146140867600258e-09  rel=5.146819027790362e-09  done
FMGSolve... f-cycle     norm=5.146140867600258e-09  rel=5.146819027790362e-09  done
FMGSolve... f-cycle     norm=5.146140867600258e-09  rel=5.146819027790362e-09  done
FMGSolve... f-cycle     norm=5.146140867600258e-09  rel=5.146819027790362e-09  done
FMGSolve... f-cycle     norm=5.146140867600258e-09  rel=5.146819027790362e-09  done
FMGSolve... f-cycle     norm=5.146140867600258e-09  rel=5.146819027790362e-09  done
FMGSolve... f-cycle     norm=5.146140867600258e-09  rel=5.146819027790362e-09  done
FMGSolve... f-cycle     norm=5.146140867600258e-09  rel=5.146819027790362e-09  done
FMGSolve... f-cycle     norm=5.146140867600258e-09  rel=5.146819027790362e-09  done
FMGSolve... f-cycle     norm=5.146140867600258e-09  rel=5.146819027790362e-09  done
FMGSolve... f-cycle     norm=5.146140867600258e-09  rel=5.146819027790362e-09  done
FMGSolve... f-cycle     norm=5.146140867600258e-09  rel=5.146819027790362e-09  done
FMGSolve... f-cycle     norm=5.146140867600258e-09  rel=5.146819027790362e-09  done
FMGSolve... f-cycle     norm=5.146140867600258e-09  rel=5.146819027790362e-09  done
FMGSolve... f-cycle     norm=5.146140867600258e-09  rel=5.146819027790362e-09  done
FMGSolve... f-cycle     norm=5.146140867600258e-09  rel=5.146819027790362e-09  done
FMGSolve... f-cycle     norm=5.146140867600258e-09  rel=5.146819027790362e-09  done
FMGSolve... f-cycle     norm=5.146140867600258e-09  rel=5.146819027790362e-09  done
FMGSolve... f-cycle     norm=5.146140867600258e-09  rel=5.146819027790362e-09  done
FMGSolve... f-cycle     norm=5.146140867600258e-09  rel=5.146819027790362e-09  done
FMGSolve... f-cycle     norm=5.146140867600258e-09  rel=5.146819027790362e-09  done
FMGSolve... f-cycle     norm=5.146140867600258e-09  rel=5.146819027790362e-09  done
FMGSolve... f-cycle     norm=5.146140867600258e-09  rel=5.146819027790362e-09  done
FMGSolve... f-cycle     norm=5.146140867600258e-09  rel=5.146819027790362e-09  done
FMGSolve... f-cycle     norm=5.146140867600258e-09  rel=5.146819027790362e-09  done
FMGSolve... f-cycle     norm=5.146140867600258e-09  rel=5.146819027790362e-09  done
FMGSolve... f-cycle     norm=5.146140867600258e-09  rel=5.146819027790362e-09  done
FMGSolve... f-cycle     norm=5.146140867600258e-09  rel=5.146819027790362e-09  done
FMGSolve... f-cycle     norm=5.146140867600258e-09  rel=5.146819027790362e-09  done
FMGSolve... f-cycle     norm=5.146140867600258e-09  rel=5.146819027790362e-09  done
FMGSolve... f-cycle     norm=5.146140867600258e-09  rel=5.146819027790362e-09  done
FMGSolve... f-cycle     norm=5.146140867600258e-09  rel=5.146819027790362e-09  done
FMGSolve... f-cycle     norm=5.146140867600258e-09  rel=5.146819027790362e-09  done
FMGSolve... f-cycle     norm=5.146140867600258e-09  rel=5.146819027790362e-09  done
FMGSolve... f-cycle     norm=5.146140867600258e-09  rel=5.146819027790362e-09  done
FMGSolve... f-cycle     norm=5.146140867600258e-09  rel=5.146819027790362e-09  done
FMGSolve... f-cycle     norm=5.146140867600258e-09  rel=5.146819027790362e-09  done
FMGSolve... f-cycle     norm=5.146140867600258e-09  rel=5.146819027790362e-09  done
FMGSolve... f-cycle     norm=5.146140867600258e-09  rel=5.146819027790362e-09  done
FMGSolve... f-cycle     norm=5.146140867600258e-09  rel=5.146819027790362e-09  done
FMGSolve... f-cycle     norm=5.146140867600258e-09  rel=5.146819027790362e-09  done
FMGSolve... f-cycle     norm=5.146140867600258e-09  rel=5.146819027790362e-09  done
FMGSolve... f-cycle     norm=5.146140867600258e-09  rel=5.146819027790362e-09  done
FMGSolve... f-cycle     norm=5.146140867600258e-09  rel=5.146819027790362e-09  done
FMGSolve... f-cycle     norm=5.146140867600258e-09  rel=5.146819027790362e-09  done
FMGSolve... f-cycle     norm=5.146140867600258e-09  rel=5.146819027790362e-09  done
FMGSolve... f-cycle     norm=5.146140867600258e-09  rel=5.146819027790362e-09  done
FMGSolve... f-cycle     norm=5.146140867600258e-09  rel=5.146819027790362e-09  done
FMGSolve... f-cycle     norm=5.146140867600258e-09  rel=5.146819027790362e-09  done
FMGSolve... f-cycle     norm=5.146140867600258e-09  rel=5.146819027790362e-09  done
FMGSolve... f-cycle     norm=5.146140867600258e-09  rel=5.146819027790362e-09  done
FMGSolve... f-cycle     norm=5.146140867600258e-09  rel=5.146819027790362e-09  done
FMGSolve... f-cycle     norm=5.146140867600258e-09  rel=5.146819027790362e-09  done
FMGSolve... f-cycle     norm=5.146140867600258e-09  rel=5.146819027790362e-09  done
FMGSolve... f-cycle     norm=5.146140867600258e-09  rel=5.146819027790362e-09  done
FMGSolve... f-cycle     norm=5.146140867600258e-09  rel=5.146819027790362e-09  done
FMGSolve... f-cycle     norm=5.146140867600258e-09  rel=5.146819027790362e-09  done
FMGSolve... f-cycle     norm=5.146140867600258e-09  rel=5.146819027790362e-09  done
FMGSolve... f-cycle     norm=5.146140867600258e-09  rel=5.146819027790362e-09  done
FMGSolve... f-cycle     norm=5.146140867600258e-09  rel=5.146819027790362e-09  done
FMGSolve... f-cycle     norm=5.146140867600258e-09  rel=5.146819027790362e-09  done
FMGSolve... f-cycle     norm=5.146140867600258e-09  rel=5.146819027790362e-09  done
FMGSolve... f-cycle     norm=5.146140867600258e-09  rel=5.146819027790362e-09  done
FMGSolve... f-cycle     norm=5.146140867600258e-09  rel=5.146819027790362e-09  done
FMGSolve... f-cycle     norm=5.146140867600258e-09  rel=5.146819027790362e-09  done
FMGSolve... f-cycle     norm=5.146140867600258e-09  rel=5.146819027790362e-09  done
FMGSolve... f-cycle     norm=5.146140867600258e-09  rel=5.146819027790362e-09  done
FMGSolve... f-cycle     norm=5.146140867600258e-09  rel=5.146819027790362e-09  done
FMGSolve... f-cycle     norm=5.146140867600258e-09  rel=5.146819027790362e-09  done
FMGSolve... f-cycle     norm=5.146140867600258e-09  rel=5.146819027790362e-09  done
FMGSolve... f-cycle     norm=5.146140867600258e-09  rel=5.146819027790362e-09  done
FMGSolve... f-cycle     norm=5.146140867600258e-09  rel=5.146819027790362e-09  done
FMGSolve... f-cycle     norm=5.146140867600258e-09  rel=5.146819027790362e-09  done
FMGSolve... f-cycle     norm=5.146140867600258e-09  rel=5.146819027790362e-09  done
FMGSolve... f-cycle     norm=5.146140867600258e-09  rel=5.146819027790362e-09  done
FMGSolve... f-cycle     norm=5.146140867600258e-09  rel=5.146819027790362e-09  done
FMGSolve... f-cycle     norm=5.146140867600258e-09  rel=5.146819027790362e-09  done
FMGSolve... f-cycle     norm=5.146140867600258e-09  rel=5.146819027790362e-09  done
FMGSolve... f-cycle     norm=5.146140867600258e-09  rel=5.146819027790362e-09  done
FMGSolve... f-cycle     norm=5.146140867600258e-09  rel=5.146819027790362e-09  done
FMGSolve... f-cycle     norm=5.146140867600258e-09  rel=5.146819027790362e-09  done
FMGSolve... f-cycle     norm=5.146140867600258e-09  rel=5.146819027790362e-09  done
FMGSolve... f-cycle     norm=5.146140867600258e-09  rel=5.146819027790362e-09  done
FMGSolve... f-cycle     norm=5.146140867600258e-09  rel=5.146819027790362e-09  done
FMGSolve... f-cycle     norm=5.146140867600258e-09  rel=5.146819027790362e-09  done
FMGSolve... f-cycle     norm=5.146140867600258e-09  rel=5.146819027790362e-09  done
FMGSolve... f-cycle     norm=5.146140867600258e-09  rel=5.146819027790362e-09  done
FMGSolve... f-cycle     norm=5.146140867600258e-09  rel=5.146819027790362e-09  done
FMGSolve... f-cycle     norm=5.146140867600258e-09  rel=5.146819027790362e-09  done
FMGSolve... f-cycle     norm=5.146140867600258e-09  rel=5.146819027790362e-09  done
FMGSolve... f-cycle     norm=5.146140867600258e-09  rel=5.146819027790362e-09  done
FMGSolve... f-cycle     norm=5.146140867600258e-09  rel=5.146819027790362e-09  done
FMGSolve... f-cycle     norm=5.146140867600258e-09  rel=5.146819027790362e-09  done
FMGSolve... f-cycle     norm=5.146140867600258e-09  rel=5.146819027790362e-09  done
FMGSolve... f-cycle     norm=5.146140867600258e-09  rel=5.146819027790362e-09  done
FMGSolve... f-cycle     norm=5.146140867600258e-09  rel=5.146819027790362e-09  done
FMGSolve... f-cycle     norm=5.146140867600258e-09  rel=5.146819027790362e-09  done
FMGSolve... f-cycle     norm=5.146140867600258e-09  rel=5.146819027790362e-09  done
FMGSolve... f-cycle     norm=5.146140867600258e-09  rel=5.146819027790362e-09  done
FMGSolve... f-cycle     norm=5.146140867600258e-09  rel=5.146819027790362e-09  done
FMGSolve... f-cycle     norm=5.146140867600258e-09  rel=5.146819027790362e-09  done
FMGSolve... f-cycle     norm=5.146140867600258e-09  rel=5.146819027790362e-09  done
FMGSolve... f-cycle     norm=5.146140867600258e-09  rel=5.146819027790362e-09  done
FMGSolve... f-cycle     norm=5.146140867600258e-09  rel=5.146819027790362e-09  done
FMGSolve... f-cycle     norm=5.146140867600258e-09  rel=5.146819027790362e-09  done
FMGSolve... f-cycle     norm=5.146140867600258e-09  rel=5.146819027790362e-09  done
FMGSolve... f-cycle     norm=5.146140867600258e-09  rel=5.146819027790362e-09  done
FMGSolve... f-cycle     norm=5.146140867600258e-09  rel=5.146819027790362e-09  done
FMGSolve... f-cycle     norm=5.146140867600258e-09  rel=5.146819027790362e-09  done
FMGSolve... f-cycle     norm=5.146140867600258e-09  rel=5.146819027790362e-09  done
FMGSolve... f-cycle     norm=5.146140867600258e-09  rel=5.146819027790362e-09  done
FMGSolve... f-cycle     norm=5.146140867600258e-09  rel=5.146819027790362e-09  done
FMGSolve... f-cycle     norm=5.146140867600258e-09  rel=5.146819027790362e-09  done
FMGSolve... f-cycle     norm=5.146140867600258e-09  rel=5.146819027790362e-09  done
FMGSolve... f-cycle     norm=5.146140867600258e-09  rel=5.146819027790362e-09  done
FMGSolve... f-cycle     norm=5.146140867600258e-09  rel=5.146819027790362e-09  done
FMGSolve... f-cycle     norm=5.146140867600258e-09  rel=5.146819027790362e-09  done
FMGSolve... f-cycle     norm=5.146140867600258e-09  rel=5.146819027790362e-09  done
FMGSolve... f-cycle     norm=5.146140867600258e-09  rel=5.146819027790362e-09  done
FMGSolve... f-cycle     norm=5.146140867600258e-09  rel=5.146819027790362e-09  done
FMGSolve... f-cycle     norm=5.146140867600258e-09  rel=5.146819027790362e-09  done
FMGSolve... f-cycle     norm=5.146140867600258e-09  rel=5.146819027790362e-09  done
FMGSolve... f-cycle     norm=5.146140867600258e-09  rel=5.146819027790362e-09  done
FMGSolve... f-cycle     norm=5.146140867600258e-09  rel=5.146819027790362e-09  done
FMGSolve... f-cycle     norm=5.146140867600258e-09  rel=5.146819027790362e-09  done
FMGSolve... f-cycle     norm=5.146140867600258e-09  rel=5.146819027790362e-09  done
FMGSolve... f-cycle     norm=5.146140867600258e-09  rel=5.146819027790362e-09  done
FMGSolve... f-cycle     norm=5.146140867600258e-09  rel=5.146819027790362e-09  done
FMGSolve... f-cycle     norm=5.146140867600258e-09  rel=5.146819027790362e-09  done
FMGSolve... f-cycle     norm=5.146140867600258e-09  rel=5.146819027790362e-09  done
FMGSolve... f-cycle     norm=5.146140867600258e-09  rel=5.146819027790362e-09  done
FMGSolve... f-cycle     norm=5.146140867600258e-09  rel=5.146819027790362e-09  done
FMGSolve... f-cycle     norm=5.146140867600258e-09  rel=5.146819027790362e-09  done
FMGSolve... f-cycle     norm=5.146140867600258e-09  rel=5.146819027790362e-09  done
FMGSolve... f-cycle     norm=5.146140867600258e-09  rel=5.146819027790362e-09  done
FMGSolve... f-cycle     norm=5.146140867600258e-09  rel=5.146819027790362e-09  done
FMGSolve... f-cycle     norm=5.146140867600258e-09  rel=5.146819027790362e-09  done
FMGSolve... f-cycle     norm=5.146140867600258e-09  rel=5.146819027790362e-09  done
FMGSolve... f-cycle     norm=5.146140867600258e-09  rel=5.146819027790362e-09  done
FMGSolve... f-cycle     norm=5.146140867600258e-09  rel=5.146819027790362e-09  done
FMGSolve... f-cycle     norm=5.146140867600258e-09  rel=5.146819027790362e-09  done
FMGSolve... f-cycle     norm=5.146140867600258e-09  rel=5.146819027790362e-09  done
FMGSolve... f-cycle     norm=5.146140867600258e-09  rel=5.146819027790362e-09  done
FMGSolve... f-cycle     norm=5.146140867600258e-09  rel=5.146819027790362e-09  done
FMGSolve... f-cycle     norm=5.146140867600258e-09  rel=5.146819027790362e-09  done
FMGSolve... f-cycle     norm=5.146140867600258e-09  rel=5.146819027790362e-09  done
FMGSolve... f-cycle     norm=5.146140867600258e-09  rel=5.146819027790362e-09  done
FMGSolve... f-cycle     norm=5.146140867600258e-09  rel=5.146819027790362e-09  done
FMGSolve... f-cycle     norm=5.146140867600258e-09  rel=5.146819027790362e-09  done
FMGSolve... f-cycle     norm=5.146140867600258e-09  rel=5.146819027790362e-09  done
FMGSolve... f-cycle     norm=5.146140867600258e-09  rel=5.146819027790362e-09  done
FMGSolve... f-cycle     norm=5.146140867600258e-09  rel=5.146819027790362e-09  done
FMGSolve... f-cycle     norm=5.146140867600258e-09  rel=5.146819027790362e-09  done
FMGSolve... f-cycle     norm=5.146140867600258e-09  rel=5.146819027790362e-09  done
FMGSolve... f-cycle     norm=5.146140867600258e-09  rel=5.146819027790362e-09  done


===== Running 300 solves ========================================================
FMGSolve... f-cycle     norm=4.151187718434251e-08  rel=4.153376239539515e-08  done
FMGSolve... f-cycle     norm=4.151187718434251e-08  rel=4.153376239539515e-08  done
FMGSolve... f-cycle     norm=4.151187718434251e-08  rel=4.153376239539515e-08  done
FMGSolve... f-cycle     norm=4.151187718434251e-08  rel=4.153376239539515e-08  done
FMGSolve... f-cycle     norm=4.151187718434251e-08  rel=4.153376239539515e-08  done
FMGSolve... f-cycle     norm=4.151187718434251e-08  rel=4.153376239539515e-08  done
FMGSolve... f-cycle     norm=4.151187718434251e-08  rel=4.153376239539515e-08  done
FMGSolve... f-cycle     norm=4.151187718434251e-08  rel=4.153376239539515e-08  done
FMGSolve... f-cycle     norm=4.151187718434251e-08  rel=4.153376239539515e-08  done
FMGSolve... f-cycle     norm=4.151187718434251e-08  rel=4.153376239539515e-08  done
FMGSolve... f-cycle     norm=4.151187718434251e-08  rel=4.153376239539515e-08  done
FMGSolve... f-cycle     norm=4.151187718434251e-08  rel=4.153376239539515e-08  done
FMGSolve... f-cycle     norm=4.151187718434251e-08  rel=4.153376239539515e-08  done
FMGSolve... f-cycle     norm=4.151187718434251e-08  rel=4.153376239539515e-08  done
FMGSolve... f-cycle     norm=4.151187718434251e-08  rel=4.153376239539515e-08  done
FMGSolve... f-cycle     norm=4.151187718434251e-08  rel=4.153376239539515e-08  done
FMGSolve... f-cycle     norm=4.151187718434251e-08  rel=4.153376239539515e-08  done
FMGSolve... f-cycle     norm=4.151187718434251e-08  rel=4.153376239539515e-08  done
FMGSolve... f-cycle     norm=4.151187718434251e-08  rel=4.153376239539515e-08  done
FMGSolve... f-cycle     norm=4.151187718434251e-08  rel=4.153376239539515e-08  done
FMGSolve... f-cycle     norm=4.151187718434251e-08  rel=4.153376239539515e-08  done
FMGSolve... f-cycle     norm=4.151187718434251e-08  rel=4.153376239539515e-08  done
FMGSolve... f-cycle     norm=4.151187718434251e-08  rel=4.153376239539515e-08  done
FMGSolve... f-cycle     norm=4.151187718434251e-08  rel=4.153376239539515e-08  done
FMGSolve... f-cycle     norm=4.151187718434251e-08  rel=4.153376239539515e-08  done
FMGSolve... f-cycle     norm=4.151187718434251e-08  rel=4.153376239539515e-08  done
FMGSolve... f-cycle     norm=4.151187718434251e-08  rel=4.153376239539515e-08  done
FMGSolve... f-cycle     norm=4.151187718434251e-08  rel=4.153376239539515e-08  done
FMGSolve... f-cycle     norm=4.151187718434251e-08  rel=4.153376239539515e-08  done
FMGSolve... f-cycle     norm=4.151187718434251e-08  rel=4.153376239539515e-08  done
FMGSolve... f-cycle     norm=4.151187718434251e-08  rel=4.153376239539515e-08  done
FMGSolve... f-cycle     norm=4.151187718434251e-08  rel=4.153376239539515e-08  done
FMGSolve... f-cycle     norm=4.151187718434251e-08  rel=4.153376239539515e-08  done
FMGSolve... f-cycle     norm=4.151187718434251e-08  rel=4.153376239539515e-08  done
FMGSolve... f-cycle     norm=4.151187718434251e-08  rel=4.153376239539515e-08  done
FMGSolve... f-cycle     norm=4.151187718434251e-08  rel=4.153376239539515e-08  done
FMGSolve... f-cycle     norm=4.151187718434251e-08  rel=4.153376239539515e-08  done
FMGSolve... f-cycle     norm=4.151187718434251e-08  rel=4.153376239539515e-08  done
FMGSolve... f-cycle     norm=4.151187718434251e-08  rel=4.153376239539515e-08  done
FMGSolve... f-cycle     norm=4.151187718434251e-08  rel=4.153376239539515e-08  done
FMGSolve... f-cycle     norm=4.151187718434251e-08  rel=4.153376239539515e-08  done
FMGSolve... f-cycle     norm=4.151187718434251e-08  rel=4.153376239539515e-08  done
FMGSolve... f-cycle     norm=4.151187718434251e-08  rel=4.153376239539515e-08  done
FMGSolve... f-cycle     norm=4.151187718434251e-08  rel=4.153376239539515e-08  done
FMGSolve... f-cycle     norm=4.151187718434251e-08  rel=4.153376239539515e-08  done
FMGSolve... f-cycle     norm=4.151187718434251e-08  rel=4.153376239539515e-08  done
FMGSolve... f-cycle     norm=4.151187718434251e-08  rel=4.153376239539515e-08  done
FMGSolve... f-cycle     norm=4.151187718434251e-08  rel=4.153376239539515e-08  done
FMGSolve... f-cycle     norm=4.151187718434251e-08  rel=4.153376239539515e-08  done
FMGSolve... f-cycle     norm=4.151187718434251e-08  rel=4.153376239539515e-08  done
FMGSolve... f-cycle     norm=4.151187718434251e-08  rel=4.153376239539515e-08  done
FMGSolve... f-cycle     norm=4.151187718434251e-08  rel=4.153376239539515e-08  done
FMGSolve... f-cycle     norm=4.151187718434251e-08  rel=4.153376239539515e-08  done
FMGSolve... f-cycle     norm=4.151187718434251e-08  rel=4.153376239539515e-08  done
FMGSolve... f-cycle     norm=4.151187718434251e-08  rel=4.153376239539515e-08  done
FMGSolve... f-cycle     norm=4.151187718434251e-08  rel=4.153376239539515e-08  done
FMGSolve... f-cycle     norm=4.151187718434251e-08  rel=4.153376239539515e-08  done
FMGSolve... f-cycle     norm=4.151187718434251e-08  rel=4.153376239539515e-08  done
FMGSolve... f-cycle     norm=4.151187718434251e-08  rel=4.153376239539515e-08  done
FMGSolve... f-cycle     norm=4.151187718434251e-08  rel=4.153376239539515e-08  done
FMGSolve... f-cycle     norm=4.151187718434251e-08  rel=4.153376239539515e-08  done
FMGSolve... f-cycle     norm=4.151187718434251e-08  rel=4.153376239539515e-08  done
FMGSolve... f-cycle     norm=4.151187718434251e-08  rel=4.153376239539515e-08  done
FMGSolve... f-cycle     norm=4.151187718434251e-08  rel=4.153376239539515e-08  done
FMGSolve... f-cycle     norm=4.151187718434251e-08  rel=4.153376239539515e-08  done
FMGSolve... f-cycle     norm=4.151187718434251e-08  rel=4.153376239539515e-08  done
FMGSolve... f-cycle     norm=4.151187718434251e-08  rel=4.153376239539515e-08  done
FMGSolve... f-cycle     norm=4.151187718434251e-08  rel=4.153376239539515e-08  done
FMGSolve... f-cycle     norm=4.151187718434251e-08  rel=4.153376239539515e-08  done
FMGSolve... f-cycle     norm=4.151187718434251e-08  rel=4.153376239539515e-08  done
FMGSolve... f-cycle     norm=4.151187718434251e-08  rel=4.153376239539515e-08  done
FMGSolve... f-cycle     norm=4.151187718434251e-08  rel=4.153376239539515e-08  done
FMGSolve... f-cycle     norm=4.151187718434251e-08  rel=4.153376239539515e-08  done
FMGSolve... f-cycle     norm=4.151187718434251e-08  rel=4.153376239539515e-08  done
FMGSolve... f-cycle     norm=4.151187718434251e-08  rel=4.153376239539515e-08  done
FMGSolve... f-cycle     norm=4.151187718434251e-08  rel=4.153376239539515e-08  done
FMGSolve... f-cycle     norm=4.151187718434251e-08  rel=4.153376239539515e-08  done
FMGSolve... f-cycle     norm=4.151187718434251e-08  rel=4.153376239539515e-08  done
FMGSolve... f-cycle     norm=4.151187718434251e-08  rel=4.153376239539515e-08  done
FMGSolve... f-cycle     norm=4.151187718434251e-08  rel=4.153376239539515e-08  done
FMGSolve... f-cycle     norm=4.151187718434251e-08  rel=4.153376239539515e-08  done
FMGSolve... f-cycle     norm=4.151187718434251e-08  rel=4.153376239539515e-08  done
FMGSolve... f-cycle     norm=4.151187718434251e-08  rel=4.153376239539515e-08  done
FMGSolve... f-cycle     norm=4.151187718434251e-08  rel=4.153376239539515e-08  done
FMGSolve... f-cycle     norm=4.151187718434251e-08  rel=4.153376239539515e-08  done
FMGSolve... f-cycle     norm=4.151187718434251e-08  rel=4.153376239539515e-08  done
FMGSolve... f-cycle     norm=4.151187718434251e-08  rel=4.153376239539515e-08  done
FMGSolve... f-cycle     norm=4.151187718434251e-08  rel=4.153376239539515e-08  done
FMGSolve... f-cycle     norm=4.151187718434251e-08  rel=4.153376239539515e-08  done
FMGSolve... f-cycle     norm=4.151187718434251e-08  rel=4.153376239539515e-08  done
FMGSolve... f-cycle     norm=4.151187718434251e-08  rel=4.153376239539515e-08  done
FMGSolve... f-cycle     norm=4.151187718434251e-08  rel=4.153376239539515e-08  done
FMGSolve... f-cycle     norm=4.151187718434251e-08  rel=4.153376239539515e-08  done
FMGSolve... f-cycle     norm=4.151187718434251e-08  rel=4.153376239539515e-08  done
FMGSolve... f-cycle     norm=4.151187718434251e-08  rel=4.153376239539515e-08  done
FMGSolve... f-cycle     norm=4.151187718434251e-08  rel=4.153376239539515e-08  done
FMGSolve... f-cycle     norm=4.151187718434251e-08  rel=4.153376239539515e-08  done
FMGSolve... f-cycle     norm=4.151187718434251e-08  rel=4.153376239539515e-08  done
FMGSolve... f-cycle     norm=4.151187718434251e-08  rel=4.153376239539515e-08  done
FMGSolve... f-cycle     norm=4.151187718434251e-08  rel=4.153376239539515e-08  done
FMGSolve... f-cycle     norm=4.151187718434251e-08  rel=4.153376239539515e-08  done
FMGSolve... f-cycle     norm=4.151187718434251e-08  rel=4.153376239539515e-08  done
FMGSolve... f-cycle     norm=4.151187718434251e-08  rel=4.153376239539515e-08  done
FMGSolve... f-cycle     norm=4.151187718434251e-08  rel=4.153376239539515e-08  done
FMGSolve... f-cycle     norm=4.151187718434251e-08  rel=4.153376239539515e-08  done
FMGSolve... f-cycle     norm=4.151187718434251e-08  rel=4.153376239539515e-08  done
FMGSolve... f-cycle     norm=4.151187718434251e-08  rel=4.153376239539515e-08  done
FMGSolve... f-cycle     norm=4.151187718434251e-08  rel=4.153376239539515e-08  done
FMGSolve... f-cycle     norm=4.151187718434251e-08  rel=4.153376239539515e-08  done
FMGSolve... f-cycle     norm=4.151187718434251e-08  rel=4.153376239539515e-08  done
FMGSolve... f-cycle     norm=4.151187718434251e-08  rel=4.153376239539515e-08  done
FMGSolve... f-cycle     norm=4.151187718434251e-08  rel=4.153376239539515e-08  done
FMGSolve... f-cycle     norm=4.151187718434251e-08  rel=4.153376239539515e-08  done
FMGSolve... f-cycle     norm=4.151187718434251e-08  rel=4.153376239539515e-08  done
FMGSolve... f-cycle     norm=4.151187718434251e-08  rel=4.153376239539515e-08  done
FMGSolve... f-cycle     norm=4.151187718434251e-08  rel=4.153376239539515e-08  done
FMGSolve... f-cycle     norm=4.151187718434251e-08  rel=4.153376239539515e-08  done
FMGSolve... f-cycle     norm=4.151187718434251e-08  rel=4.153376239539515e-08  done
FMGSolve... f-cycle     norm=4.151187718434251e-08  rel=4.153376239539515e-08  done
FMGSolve... f-cycle     norm=4.151187718434251e-08  rel=4.153376239539515e-08  done
FMGSolve... f-cycle     norm=4.151187718434251e-08  rel=4.153376239539515e-08  done
FMGSolve... f-cycle     norm=4.151187718434251e-08  rel=4.153376239539515e-08  done
FMGSolve... f-cycle     norm=4.151187718434251e-08  rel=4.153376239539515e-08  done
FMGSolve... f-cycle     norm=4.151187718434251e-08  rel=4.153376239539515e-08  done
FMGSolve... f-cycle     norm=4.151187718434251e-08  rel=4.153376239539515e-08  done
FMGSolve... f-cycle     norm=4.151187718434251e-08  rel=4.153376239539515e-08  done
FMGSolve... f-cycle     norm=4.151187718434251e-08  rel=4.153376239539515e-08  done
FMGSolve... f-cycle     norm=4.151187718434251e-08  rel=4.153376239539515e-08  done
FMGSolve... f-cycle     norm=4.151187718434251e-08  rel=4.153376239539515e-08  done
FMGSolve... f-cycle     norm=4.151187718434251e-08  rel=4.153376239539515e-08  done
FMGSolve... f-cycle     norm=4.151187718434251e-08  rel=4.153376239539515e-08  done
FMGSolve... f-cycle     norm=4.151187718434251e-08  rel=4.153376239539515e-08  done
FMGSolve... f-cycle     norm=4.151187718434251e-08  rel=4.153376239539515e-08  done
FMGSolve... f-cycle     norm=4.151187718434251e-08  rel=4.153376239539515e-08  done
FMGSolve... f-cycle     norm=4.151187718434251e-08  rel=4.153376239539515e-08  done
FMGSolve... f-cycle     norm=4.151187718434251e-08  rel=4.153376239539515e-08  done
FMGSolve... f-cycle     norm=4.151187718434251e-08  rel=4.153376239539515e-08  done
FMGSolve... f-cycle     norm=4.151187718434251e-08  rel=4.153376239539515e-08  done
FMGSolve... f-cycle     norm=4.151187718434251e-08  rel=4.153376239539515e-08  done
FMGSolve... f-cycle     norm=4.151187718434251e-08  rel=4.153376239539515e-08  done
FMGSolve... f-cycle     norm=4.151187718434251e-08  rel=4.153376239539515e-08  done
FMGSolve... f-cycle     norm=4.151187718434251e-08  rel=4.153376239539515e-08  done
FMGSolve... f-cycle     norm=4.151187718434251e-08  rel=4.153376239539515e-08  done
FMGSolve... f-cycle     norm=4.151187718434251e-08  rel=4.153376239539515e-08  done
FMGSolve... f-cycle     norm=4.151187718434251e-08  rel=4.153376239539515e-08  done
FMGSolve... f-cycle     norm=4.151187718434251e-08  rel=4.153376239539515e-08  done
FMGSolve... f-cycle     norm=4.151187718434251e-08  rel=4.153376239539515e-08  done
FMGSolve... f-cycle     norm=4.151187718434251e-08  rel=4.153376239539515e-08  done
FMGSolve... f-cycle     norm=4.151187718434251e-08  rel=4.153376239539515e-08  done
FMGSolve... f-cycle     norm=4.151187718434251e-08  rel=4.153376239539515e-08  done
FMGSolve... f-cycle     norm=4.151187718434251e-08  rel=4.153376239539515e-08  done
FMGSolve... f-cycle     norm=4.151187718434251e-08  rel=4.153376239539515e-08  done
FMGSolve... f-cycle     norm=4.151187718434251e-08  rel=4.153376239539515e-08  done
FMGSolve... f-cycle     norm=4.151187718434251e-08  rel=4.153376239539515e-08  done
FMGSolve... f-cycle     norm=4.151187718434251e-08  rel=4.153376239539515e-08  done
FMGSolve... f-cycle     norm=4.151187718434251e-08  rel=4.153376239539515e-08  done
FMGSolve... f-cycle     norm=4.151187718434251e-08  rel=4.153376239539515e-08  done
FMGSolve... f-cycle     norm=4.151187718434251e-08  rel=4.153376239539515e-08  done
FMGSolve... f-cycle     norm=4.151187718434251e-08  rel=4.153376239539515e-08  done
FMGSolve... f-cycle     norm=4.151187718434251e-08  rel=4.153376239539515e-08  done
FMGSolve... f-cycle     norm=4.151187718434251e-08  rel=4.153376239539515e-08  done
FMGSolve... f-cycle     norm=4.151187718434251e-08  rel=4.153376239539515e-08  done
FMGSolve... f-cycle     norm=4.151187718434251e-08  rel=4.153376239539515e-08  done
FMGSolve... f-cycle     norm=4.151187718434251e-08  rel=4.153376239539515e-08  done
FMGSolve... f-cycle     norm=4.151187718434251e-08  rel=4.153376239539515e-08  done
FMGSolve... f-cycle     norm=4.151187718434251e-08  rel=4.153376239539515e-08  done
FMGSolve... f-cycle     norm=4.151187718434251e-08  rel=4.153376239539515e-08  done
FMGSolve... f-cycle     norm=4.151187718434251e-08  rel=4.153376239539515e-08  done
FMGSolve... f-cycle     norm=4.151187718434251e-08  rel=4.153376239539515e-08  done
FMGSolve... f-cycle     norm=4.151187718434251e-08  rel=4.153376239539515e-08  done
FMGSolve... f-cycle     norm=4.151187718434251e-08  rel=4.153376239539515e-08  done
FMGSolve... f-cycle     norm=4.151187718434251e-08  rel=4.153376239539515e-08  done
FMGSolve... f-cycle     norm=4.151187718434251e-08  rel=4.153376239539515e-08  done
FMGSolve... f-cycle     norm=4.151187718434251e-08  rel=4.153376239539515e-08  done
FMGSolve... f-cycle     norm=4.151187718434251e-08  rel=4.153376239539515e-08  done
FMGSolve... f-cycle     norm=4.151187718434251e-08  rel=4.153376239539515e-08  done
FMGSolve... f-cycle     norm=4.151187718434251e-08  rel=4.153376239539515e-08  done
FMGSolve... f-cycle     norm=4.151187718434251e-08  rel=4.153376239539515e-08  done
FMGSolve... f-cycle     norm=4.151187718434251e-08  rel=4.153376239539515e-08  done
FMGSolve... f-cycle     norm=4.151187718434251e-08  rel=4.153376239539515e-08  done
FMGSolve... f-cycle     norm=4.151187718434251e-08  rel=4.153376239539515e-08  done
FMGSolve... f-cycle     norm=4.151187718434251e-08  rel=4.153376239539515e-08  done
FMGSolve... f-cycle     norm=4.151187718434251e-08  rel=4.153376239539515e-08  done
FMGSolve... f-cycle     norm=4.151187718434251e-08  rel=4.153376239539515e-08  done
FMGSolve... f-cycle     norm=4.151187718434251e-08  rel=4.153376239539515e-08  done
FMGSolve... f-cycle     norm=4.151187718434251e-08  rel=4.153376239539515e-08  done
FMGSolve... f-cycle     norm=4.151187718434251e-08  rel=4.153376239539515e-08  done
FMGSolve... f-cycle     norm=4.151187718434251e-08  rel=4.153376239539515e-08  done
FMGSolve... f-cycle     norm=4.151187718434251e-08  rel=4.153376239539515e-08  done
FMGSolve... f-cycle     norm=4.151187718434251e-08  rel=4.153376239539515e-08  done
FMGSolve... f-cycle     norm=4.151187718434251e-08  rel=4.153376239539515e-08  done
FMGSolve... f-cycle     norm=4.151187718434251e-08  rel=4.153376239539515e-08  done
FMGSolve... f-cycle     norm=4.151187718434251e-08  rel=4.153376239539515e-08  done
FMGSolve... f-cycle     norm=4.151187718434251e-08  rel=4.153376239539515e-08  done
FMGSolve... f-cycle     norm=4.151187718434251e-08  rel=4.153376239539515e-08  done
FMGSolve... f-cycle     norm=4.151187718434251e-08  rel=4.153376239539515e-08  done
FMGSolve... f-cycle     norm=4.151187718434251e-08  rel=4.153376239539515e-08  done
FMGSolve... f-cycle     norm=4.151187718434251e-08  rel=4.153376239539515e-08  done
FMGSolve... f-cycle     norm=4.151187718434251e-08  rel=4.153376239539515e-08  done
FMGSolve... f-cycle     norm=4.151187718434251e-08  rel=4.153376239539515e-08  done
FMGSolve... f-cycle     norm=4.151187718434251e-08  rel=4.153376239539515e-08  done
FMGSolve... f-cycle     norm=4.151187718434251e-08  rel=4.153376239539515e-08  done
FMGSolve... f-cycle     norm=4.151187718434251e-08  rel=4.153376239539515e-08  done
FMGSolve... f-cycle     norm=4.151187718434251e-08  rel=4.153376239539515e-08  done
FMGSolve... f-cycle     norm=4.151187718434251e-08  rel=4.153376239539515e-08  done
FMGSolve... f-cycle     norm=4.151187718434251e-08  rel=4.153376239539515e-08  done
FMGSolve... f-cycle     norm=4.151187718434251e-08  rel=4.153376239539515e-08  done
FMGSolve... f-cycle     norm=4.151187718434251e-08  rel=4.153376239539515e-08  done
FMGSolve... f-cycle     norm=4.151187718434251e-08  rel=4.153376239539515e-08  done
FMGSolve... f-cycle     norm=4.151187718434251e-08  rel=4.153376239539515e-08  done
FMGSolve... f-cycle     norm=4.151187718434251e-08  rel=4.153376239539515e-08  done
FMGSolve... f-cycle     norm=4.151187718434251e-08  rel=4.153376239539515e-08  done
FMGSolve... f-cycle     norm=4.151187718434251e-08  rel=4.153376239539515e-08  done
FMGSolve... f-cycle     norm=4.151187718434251e-08  rel=4.153376239539515e-08  done
FMGSolve... f-cycle     norm=4.151187718434251e-08  rel=4.153376239539515e-08  done
FMGSolve... f-cycle     norm=4.151187718434251e-08  rel=4.153376239539515e-08  done
FMGSolve... f-cycle     norm=4.151187718434251e-08  rel=4.153376239539515e-08  done
FMGSolve... f-cycle     norm=4.151187718434251e-08  rel=4.153376239539515e-08  done
FMGSolve... f-cycle     norm=4.151187718434251e-08  rel=4.153376239539515e-08  done
FMGSolve... f-cycle     norm=4.151187718434251e-08  rel=4.153376239539515e-08  done
FMGSolve... f-cycle     norm=4.151187718434251e-08  rel=4.153376239539515e-08  done
FMGSolve... f-cycle     norm=4.151187718434251e-08  rel=4.153376239539515e-08  done
FMGSolve... f-cycle     norm=4.151187718434251e-08  rel=4.153376239539515e-08  done
FMGSolve... f-cycle     norm=4.151187718434251e-08  rel=4.153376239539515e-08  done
FMGSolve... f-cycle     norm=4.151187718434251e-08  rel=4.153376239539515e-08  done
FMGSolve... f-cycle     norm=4.151187718434251e-08  rel=4.153376239539515e-08  done
FMGSolve... f-cycle     norm=4.151187718434251e-08  rel=4.153376239539515e-08  done
FMGSolve... f-cycle     norm=4.151187718434251e-08  rel=4.153376239539515e-08  done
FMGSolve... f-cycle     norm=4.151187718434251e-08  rel=4.153376239539515e-08  done
FMGSolve... f-cycle     norm=4.151187718434251e-08  rel=4.153376239539515e-08  done
FMGSolve... f-cycle     norm=4.151187718434251e-08  rel=4.153376239539515e-08  done
FMGSolve... f-cycle     norm=4.151187718434251e-08  rel=4.153376239539515e-08  done
FMGSolve... f-cycle     norm=4.151187718434251e-08  rel=4.153376239539515e-08  done
FMGSolve... f-cycle     norm=4.151187718434251e-08  rel=4.153376239539515e-08  done
FMGSolve... f-cycle     norm=4.151187718434251e-08  rel=4.153376239539515e-08  done
FMGSolve... f-cycle     norm=4.151187718434251e-08  rel=4.153376239539515e-08  done
FMGSolve... f-cycle     norm=4.151187718434251e-08  rel=4.153376239539515e-08  done
FMGSolve... f-cycle     norm=4.151187718434251e-08  rel=4.153376239539515e-08  done
FMGSolve... f-cycle     norm=4.151187718434251e-08  rel=4.153376239539515e-08  done
FMGSolve... f-cycle     norm=4.151187718434251e-08  rel=4.153376239539515e-08  done
FMGSolve... f-cycle     norm=4.151187718434251e-08  rel=4.153376239539515e-08  done
FMGSolve... f-cycle     norm=4.151187718434251e-08  rel=4.153376239539515e-08  done
FMGSolve... f-cycle     norm=4.151187718434251e-08  rel=4.153376239539515e-08  done
FMGSolve... f-cycle     norm=4.151187718434251e-08  rel=4.153376239539515e-08  done
FMGSolve... f-cycle     norm=4.151187718434251e-08  rel=4.153376239539515e-08  done
FMGSolve... f-cycle     norm=4.151187718434251e-08  rel=4.153376239539515e-08  done
FMGSolve... f-cycle     norm=4.151187718434251e-08  rel=4.153376239539515e-08  done
FMGSolve... f-cycle     norm=4.151187718434251e-08  rel=4.153376239539515e-08  done
FMGSolve... f-cycle     norm=4.151187718434251e-08  rel=4.153376239539515e-08  done
FMGSolve... f-cycle     norm=4.151187718434251e-08  rel=4.153376239539515e-08  done
FMGSolve... f-cycle     norm=4.151187718434251e-08  rel=4.153376239539515e-08  done
FMGSolve... f-cycle     norm=4.151187718434251e-08  rel=4.153376239539515e-08  done
FMGSolve... f-cycle     norm=4.151187718434251e-08  rel=4.153376239539515e-08  done
FMGSolve... f-cycle     norm=4.151187718434251e-08  rel=4.153376239539515e-08  done
FMGSolve... f-cycle     norm=4.151187718434251e-08  rel=4.153376239539515e-08  done
FMGSolve... f-cycle     norm=4.151187718434251e-08  rel=4.153376239539515e-08  done
FMGSolve... f-cycle     norm=4.151187718434251e-08  rel=4.153376239539515e-08  done
FMGSolve... f-cycle     norm=4.151187718434251e-08  rel=4.153376239539515e-08  done
FMGSolve... f-cycle     norm=4.151187718434251e-08  rel=4.153376239539515e-08  done
FMGSolve... f-cycle     norm=4.151187718434251e-08  rel=4.153376239539515e-08  done
FMGSolve... f-cycle     norm=4.151187718434251e-08  rel=4.153376239539515e-08  done
FMGSolve... f-cycle     norm=4.151187718434251e-08  rel=4.153376239539515e-08  done
FMGSolve... f-cycle     norm=4.151187718434251e-08  rel=4.153376239539515e-08  done
FMGSolve... f-cycle     norm=4.151187718434251e-08  rel=4.153376239539515e-08  done
FMGSolve... f-cycle     norm=4.151187718434251e-08  rel=4.153376239539515e-08  done
FMGSolve... f-cycle     norm=4.151187718434251e-08  rel=4.153376239539515e-08  done
FMGSolve... f-cycle     norm=4.151187718434251e-08  rel=4.153376239539515e-08  done
FMGSolve... f-cycle     norm=4.151187718434251e-08  rel=4.153376239539515e-08  done
FMGSolve... f-cycle     norm=4.151187718434251e-08  rel=4.153376239539515e-08  done
FMGSolve... f-cycle     norm=4.151187718434251e-08  rel=4.153376239539515e-08  done
FMGSolve... f-cycle     norm=4.151187718434251e-08  rel=4.153376239539515e-08  done
FMGSolve... f-cycle     norm=4.151187718434251e-08  rel=4.153376239539515e-08  done
FMGSolve... f-cycle     norm=4.151187718434251e-08  rel=4.153376239539515e-08  done
FMGSolve... f-cycle     norm=4.151187718434251e-08  rel=4.153376239539515e-08  done
FMGSolve... f-cycle     norm=4.151187718434251e-08  rel=4.153376239539515e-08  done
FMGSolve... f-cycle     norm=4.151187718434251e-08  rel=4.153376239539515e-08  done
FMGSolve... f-cycle     norm=4.151187718434251e-08  rel=4.153376239539515e-08  done
FMGSolve... f-cycle     norm=4.151187718434251e-08  rel=4.153376239539515e-08  done
FMGSolve... f-cycle     norm=4.151187718434251e-08  rel=4.153376239539515e-08  done
FMGSolve... f-cycle     norm=4.151187718434251e-08  rel=4.153376239539515e-08  done
FMGSolve... f-cycle     norm=4.151187718434251e-08  rel=4.153376239539515e-08  done
FMGSolve... f-cycle     norm=4.151187718434251e-08  rel=4.153376239539515e-08  done
FMGSolve... f-cycle     norm=4.151187718434251e-08  rel=4.153376239539515e-08  done
FMGSolve... f-cycle     norm=4.151187718434251e-08  rel=4.153376239539515e-08  done
FMGSolve... f-cycle     norm=4.151187718434251e-08  rel=4.153376239539515e-08  done
FMGSolve... f-cycle     norm=4.151187718434251e-08  rel=4.153376239539515e-08  done
FMGSolve... f-cycle     norm=4.151187718434251e-08  rel=4.153376239539515e-08  done
FMGSolve... f-cycle     norm=4.151187718434251e-08  rel=4.153376239539515e-08  done
FMGSolve... f-cycle     norm=4.151187718434251e-08  rel=4.153376239539515e-08  done
FMGSolve... f-cycle     norm=4.151187718434251e-08  rel=4.153376239539515e-08  done
FMGSolve... f-cycle     norm=4.151187718434251e-08  rel=4.153376239539515e-08  done
FMGSolve... f-cycle     norm=4.151187718434251e-08  rel=4.153376239539515e-08  done
FMGSolve... f-cycle     norm=4.151187718434251e-08  rel=4.153376239539515e-08  done
FMGSolve... f-cycle     norm=4.151187718434251e-08  rel=4.153376239539515e-08  done
FMGSolve... f-cycle     norm=4.151187718434251e-08  rel=4.153376239539515e-08  done
FMGSolve... f-cycle     norm=4.151187718434251e-08  rel=4.153376239539515e-08  done
FMGSolve... f-cycle     norm=4.151187718434251e-08  rel=4.153376239539515e-08  done
FMGSolve... f-cycle     norm=4.151187718434251e-08  rel=4.153376239539515e-08  done
FMGSolve... f-cycle     norm=4.151187718434251e-08  rel=4.153376239539515e-08  done
FMGSolve... f-cycle     norm=4.151187718434251e-08  rel=4.153376239539515e-08  done


===== Richardson error analysis ================================================
FMGSolve... f-cycle     norm=6.403249993867141e-10  rel=6.403460941438499e-10  done
FMGSolve... f-cycle     norm=5.146140867600258e-09  rel=5.146819027790362e-09  done
FMGSolve... f-cycle     norm=4.151187718434251e-08  rel=4.153376239539515e-08  done
  h=4.882812500000000e-04  ||error||=3.597934016691395e-12
  order=4.000


===== Deallocating memory ======================================================
attempting to free the restriction and interpolation lists... done
attempting to free the     2^3 level... done
attempting to free the     4^3 level... done
attempting to free the     8^3 level... done
attempting to free the    16^3 level... done
attempting to free the    32^3 level... done
attempting to free the    64^3 level... done
attempting to free the   128^3 level... done
attempting to free the   256^3 level... done
attempting to free the   512^3 level... done
attempting to free the  1024^3 level... done
attempting to free the  2048^3 level... done


===== Done =====================================================================
