[libmmcso] : offloading thread affinity on [host i05r03c02s01, rank [libmmcso] : offloading thread affinity on [host i04r08c06s05, rank 161] : cpu=47
[libmmcso] : offloading thread affinity on [host i04r08c06s08, rank [libmmcso] : offloading thread affinity on [host i05r02c06s10, rank [libmmcso] : offloading thread affinity on [host i05r03c02s02, rank [libmmcso] : offloading thread affinity on [host i04r08c06s11, rank 130] : cpu=23163] : cpu=47
[libmmcso] : offloading thread affinity on [host i05r08c02s02, rank 3] : cpu=47
[libmmcso] : offloading thread affinity on [host i05r03c01s04, rank [libmmcso] : offloading thread affinity on [host i05r08c01s08, rank [libmmcso] : offloading thread affinity on [host i05r08c02s04, rank 8] : cpu=23

169] : cpu=47
[libmmcso] : offloading thread affinity on [host i05r08c02s05, rank 15] : cpu=47
[libmmcso] : offloading thread affinity on [host i05r03c01s04, rank [libmmcso] : offloading thread affinity on [host i05r03c02s01, rank 160] : cpu=23
[libmmcso] : offloading thread affinity on [host i05r08c02s01, rank [libmmcso] : offloading thread affinity on [host i05r08c04s01, rank [libmmcso] : offloading thread affinity on [host i05r02c06s02, rank [libmmcso] : offloading thread affinity on [host i04r08c06s06, rank [libmmcso] : offloading thread affinity on [host i05r02c06s10, rank [libmmcso] : offloading thread affinity on [host i05r03c02s02, rank 180] : cpu=23
[libmmcso] : offloading thread affinity on [host i05r08c04s03, rank [libmmcso] : offloading thread affinity on [host i05r02c06s01, rank 113] : cpu=47[libmmcso] : offloading thread affinity on [host i04r08c06s05, rank 143] : cpu=47
[libmmcso] : offloading thread affinity on [host i05r03c02s04, rank [libmmcso] : offloading thread affinity on [host i05r08c02s03, rank [libmmcso] : offloading thread affinity on [host i05r08c04s05, rank 234] : cpu=23115] : cpu=47
[libmmcso] : offloading thread affinity on [host i04r08c06s06, rank 131] : cpu=47
162] : cpu=23
187] : cpu=47
[libmmcso] : offloading thread affinity on [host i05r08c03s06, rank 227] : cpu=47

[libmmcso] : offloading thread affinity on [host i05r08c02s10, rank [libmmcso] : offloading thread affinity on [host i05r03c01s06, rank [libmmcso] : offloading thread affinity on [host i04r08c06s08, rank 142] : cpu=23
167] : cpu=47
[libmmcso] : offloading thread affinity on [host i05r08c02s07, rank [libmmcso] : offloading thread affinity on [host i05r08c03s08, rank 231] : cpu=47
[libmmcso] : offloading thread affinity on [host i05r02c06s01, rank [libmmcso] : offloading thread affinity on [host i05r08c03s01, rank 147] : cpu=47
[libmmcso] : offloading thread affinity on [host i05r08c04s09, rank [libmmcso] : offloading thread affinity on [host i04r08c06s11, rank [libmmcso] : offloading thread affinity on [host i05r03c01s01, rank [libmmcso] : offloading thread affinity on [host i05r08c01s09, rank 179] : cpu=47
[libmmcso] : offloading thread affinity on [host i05r08c03s09, rank 
112] : cpu=23
[libmmcso] : offloading thread affinity on [host i05r08c03s02, rank [libmmcso] : offloading thread affinity on [host i05r03c01s12, rank 242] : cpu=23
2] : cpu=23
[libmmcso] : offloading thread affinity on [host i05r02c06s11, rank [libmmcso] : offloading thread affinity on [host i05r03c02s03, rank 182] : cpu=23
[libmmcso] : offloading thread affinity on [host i05r08c03s10, rank [libmmcso] : offloading thread affinity on [host i05r08c03s12, rank 224] : cpu=23
[libmmcso] : offloading thread affinity on [host i05r02c06s02, rank 197] : cpu=47
158] : cpu=23
[libmmcso] : offloading thread affinity on [host i05r08c04s09, rank [libmmcso] : offloading thread affinity on [host i04r09c04s02, rank [libmmcso] : offloading thread affinity on [host i04r09c04s10, rank 4] : cpu=23
137] : cpu=47
171] : cpu=47
185] : cpu=47
[libmmcso] : offloading thread affinity on [host i05r08c03s04, rank 208] : cpu=23
[libmmcso] : offloading thread affinity on [host i05r08c04s05, rank 114] : cpu=23
203] : cpu=47
[libmmcso] : offloading thread affinity on [host i05r03c01s12, rank [libmmcso] : offloading thread affinity on [host i05r10c05s08, rank [libmmcso] : offloading thread affinity on [host i04r09c04s08, rank [libmmcso] : offloading thread affinity on [host i04r09c04s11, rank [libmmcso] : offloading thread affinity on [host i05r02c05s07, rank 9] : cpu=47
[libmmcso] : offloading thread affinity on [host i05r03c01s03, rank 164] : cpu=23
191] : cpu=47
213] : cpu=[libmmcso] : offloading thread affinity on [host i05r08c04s03, rank [libmmcso] : offloading thread affinity on [host i05r02c06s03, rank 205] : cpu=47
159] : cpu=47
243] : cpu=47
50] : cpu=23
[libmmcso] : offloading thread affinity on [host i04r09c05s03, rank [libmmcso] : offloading thread affinity on [host i05r02c05s09, rank [libmmcso] : offloading thread affinity on [host i04r09c03s12, rank [libmmcso] : offloading thread affinity on [host i04r09c05s09, rank [libmmcso] : offloading thread affinity on [host i04r09c01s02, rank 14] : cpu=23
[libmmcso] : offloading thread affinity on [host i05r02c06s11, rank [libmmcso] : offloading thread affinity on [host i05r08c01s08, rank [libmmcso] : offloading thread affinity on [host i05r08c02s02, rank [libmmcso] : offloading thread affinity on [host i05r08c03s08, rank 217235] : cpu=47
116] : cpu=[libmmcso] : offloading thread affinity on [host i05r08c02s11, rank [libmmcso] : offloading thread affinity on [host i05r03c01s11, rank 254] : cpu=23
62] : cpu=23
67] : cpu=47
[libmmcso] : offloading thread affinity on [host i05r02c05s11, rank [libmmcso] : offloading thread affinity on [host i04r09c01s08, rank 33] : cpu=47
88] : cpu=23
[libmmcso] : offloading thread affinity on [host i04r09c01s04, rank 5] : cpu=[libmmcso] : offloading thread affinity on [host i05r02c06s12, rank 168] : cpu=23
181] : cpu=47
219] : cpu=47
[libmmcso] : offloading thread affinity on [host i05r08c04s01, rank [libmmcso] : offloading thread affinity on [host i05r02c06s06, rank [libmmcso] : offloading thread affinity on [host i05r08c02s10, rank 156] : cpu=23
[libmmcso] : offloading thread affinity on [host i05r08c04s08, rank [libmmcso] : offloading thread affinity on [host i04r09c04s02, rank 69] : cpu=47
100] : cpu=23
47] : cpu=47
[libmmcso] : offloading thread affinity on [host i04r09c05s10, rank 21] : cpu=47
47
132] : cpu=23
[libmmcso] : offloading thread affinity on [host i05r03c02s04, rank [libmmcso] : offloading thread affinity on [host i05r08c02s04, rank 220] : cpu=23
230] : cpu=23
23
199] : cpu=47
[libmmcso] : offloading thread affinity on [host i05r03c01s06, rank 241] : cpu=47
51] : cpu=47
77] : cpu=47
105] : cpu=47
[libmmcso] : offloading thread affinity on [host i04r09c03s12, rank [libmmcso] : offloading thread affinity on [host i04r09c05s09, rank 25] : cpu=47
[libmmcso] : offloading thread affinity on [host i04r08c06s04, rank [libmmcso] : offloading thread affinity on [host i05r02c06s12, rank 166] : cpu=23
184] : cpu=23
47
[libmmcso] : offloading thread affinity on [host i05r08c03s12, rank 225] : cpu=47
122] : cpu=23
196] : cpu=23
146] : cpu=23
[libmmcso] : offloading thread affinity on [host i05r10c05s08, rank [libmmcso] : offloading thread affinity on [host i04r09c04s08, rank [libmmcso] : offloading thread affinity on [host i04r09c04s11, rank 109] : cpu=47
46] : cpu=23
90] : cpu=23
[libmmcso] : offloading thread affinity on [host i04r09c01s05, rank 1] : cpu=47
[libmmcso] : offloading thread affinity on [host i05r03c01s02, rank [libmmcso] : offloading thread affinity on [host i05r08c01s09, rank [libmmcso] : offloading thread affinity on [host i05r08c02s07, rank 216] : cpu=23
226] : cpu=23
[libmmcso] : offloading thread affinity on [host i05r02c06s07, rank [libmmcso] : offloading thread affinity on [host i05r08c03s01, rank 255] : cpu=47
63] : cpu=47
[libmmcso] : offloading thread affinity on [host i04r09c04s10, rank [libmmcso] : offloading thread affinity on [host i05r02c05s07, rank [libmmcso] : offloading thread affinity on [host i04r09c03s08, rank [libmmcso] : offloading thread affinity on [host i04r09c05s07, rank 27] : cpu=47
[libmmcso] : offloading thread affinity on [host i04r08c06s10, rank 140] : cpu=23
170] : cpu=23
[libmmcso] : offloading thread affinity on [host i05r08c02s05, rank [libmmcso] : offloading thread affinity on [host i05r08c03s05, rank [libmmcso] : offloading thread affinity on [host i05r08c04s04, rank [libmmcso] : offloading thread affinity on [host i05r02c06s04, rank [libmmcso] : offloading thread affinity on [host i05r08c03s02, rank [libmmcso] : offloading thread affinity on [host i05r03c01s07, rank [libmmcso] : offloading thread affinity on [host [libmmcso] : offloading thread affinity on [host i04r09c04s03, rank 68] : cpu=23
101] : cpu=47
[libmmcso] : offloading thread affinity on [host i04r09c01s08, rank 32] : cpu=23
89] : cpu=47
[libmmcso] : offloading thread affinity on [host i04r08c06s12, rank [libmmcso] : offloading thread affinity on [host i04r08c06s07, rank 133] : cpu=47
[libmmcso] : offloading thread affinity on [host i05r03c02s03, rank 165] : cpu=47
190] : cpu=23
] : cpu=47
[libmmcso] : offloading thread affinity on [host i05r08c04s02, rank [libmmcso] : offloading thread affinity on [host i05r02c06s07, rank 125] : cpu=47
202] : cpu=23
[libmmcso] : offloading thread affinity on [host i05r03c01s07, rank i05r08c04s08, rank 53] : cpu=47
66] : cpu=23
[libmmcso] : offloading thread affinity on [host i05r02c05s09, rank 38] : cpu=23
85] : cpu=47
[libmmcso] : offloading thread affinity on [host i04r09c01s02, rank [libmmcso] : offloading thread affinity on [host i04r08c06s10, rank 134] : cpu=23
[libmmcso] : offloading thread affinity on [host i05r08c01s11, rank [libmmcso] : offloading thread affinity on [host i05r08c02s01, rank 210] : cpu=23
[libmmcso] : offloading thread affinity on [host i05r08c04s04, rank [libmmcso] : offloading thread affinity on [host i05r02c06s08, rank 204] : cpu=23
[libmmcso] : offloading thread affinity on [host i05r03c01s10, rank 240] : cpu=23
[libmmcso] : offloading thread affinity on [host i04r09c04s07, rank 104] : cpu=23
[libmmcso] : offloading thread affinity on [host i04r09c03s08, rank 39] : cpu=47
[libmmcso] : offloading thread affinity on [host i04r09c01s04, rank 138] : cpu=[libmmcso] : offloading thread affinity on [host i05r08c01s10, rank [libmmcso] : offloading thread affinity on [host i05r08c02s03, rank [libmmcso] : offloading thread affinity on [host i05r08c03s06, rank [libmmcso] : offloading thread affinity on [host i05r08c04s02, rank 229] : cpu=47
[libmmcso] : offloading thread affinity on [host i05r02c06s03, rank [libmmcso] : offloading thread affinity on [host i05r08c02s08, rank [libmmcso] : offloading thread affinity on [host i05r03c01s11, rank [libmmcso] : offloading thread affinity on [host i05r08c04s11, rank 60] : cpu=23
[libmmcso] : offloading thread affinity on [host i04r09c05s03, rank [libmmcso] : offloading thread affinity on [host i04r09c03s09, rank [libmmcso] : offloading thread affinity on [host i04r09c05s08, rank 16] : cpu=23
[libmmcso] : offloading thread affinity on [host i04r08c06s07, rank 135] : cpu=47
[libmmcso] : offloading thread affinity on [host i05r08c01s11, rank 186] : cpu=23
[libmmcso] : offloading thread affinity on [host i05r08c03s09, rank 232] : cpu=23
[libmmcso] : offloading thread affinity on [host i05r02c06s04, rank 192] : cpu=23
148] : cpu=[libmmcso] : offloading thread affinity on [host i05r08c04s11, rank [libmmcso] : offloading thread affinity on [host i04r09c04s04, rank 76] : cpu=23
[libmmcso] : offloading thread affinity on [host i05r02c05s12, rank [libmmcso] : offloading thread affinity on [host i04r09c05s06, rank 13] : cpu=47[libmmcso] : offloading thread affinity on [host i05r03c01s02, rank [libmmcso] : offloading thread affinity on [host i05r08c01s10, rank 178] : cpu=23
[libmmcso] : offloading thread affinity on [host i05r08c03s10, rank [libmmcso] : offloading thread affinity on [host i05r08c04s06, rank 124] : cpu=23
[libmmcso] : offloading thread affinity on [host i05r08c02s11, rank [libmmcso] : offloading thread affinity on [host i05r03c01s09, rank 246] : cpu=23[libmmcso] : offloading thread affinity on [host i04r09c04s03, rank [libmmcso] : offloading thread affinity on [host 110] : cpu=23
41] : cpu=47
86] : cpu=23
20] : cpu=23
6] : cpu=23
23
174] : cpu=23
183] : cpu=47
[libmmcso] : offloading thread affinity on [host i05r08c03s04, rank 228] : cpu=23
126] : cpu=23
198] : cpu=23
[libmmcso] : offloading thread affinity on [host i05r03c01s10, rank [libmmcso] : offloading thread affinity on [host i05r08c04s12, rank [libmmcso] : offloading thread affinity on [host i04r09c04s04, rank i04r09c04s09, rank [libmmcso] : offloading thread affinity on [host i05r02c05s08, rank [libmmcso] : offloading thread affinity on [host i04r09c03s11, rank [libmmcso] : offloading thread affinity on [host i04r09c05s10, rank 24] : cpu=23
12] : cpu=23
139] : cpu=47
172] : cpu=23
[libmmcso] : offloading thread affinity on [host [libmmcso] : offloading thread affinity on [host i05r08c03s05, rank 211] : cpu=47
233] : cpu=47
117] : cpu=47
[libmmcso] : offloading thread affinity on [host i05r08c02s08, rank 157] : cpu=47
[libmmcso] : offloading thread affinity on [host i05r08c04s10, rank [libmmcso] : offloading thread affinity on [host i04r09c04s05, rank [libmmcso] : offloading thread affinity on [host i04r09c04s09, rank [libmmcso] : offloading thread affinity on [host i05r02c05s08, rank [libmmcso] : offloading thread affinity on [host i04r09c03s11, rank 45] : cpu=47
[libmmcso] : offloading thread affinity on [host i04r09c05s06, rank [libmmcso] : offloading thread affinity on [host i04r09c01s017] : cpu=47
[libmmcso] : offloading thread affinity on [host i05r03c01s01, rank 175] : cpu=47
i05r08c01s12, rank 212] : cpu=23
[libmmcso] : offloading thread affinity on [host i05r08c04s06, rank 118] : cpu=193] : cpu=47
23
247] : cpu=47
[libmmcso] : offloading thread affinity on [host i04r09c04s06, rank [libmmcso] : offloading thread affinity on [host i04r09c05s02, rank [libmmcso] : offloading thread affinity on [host i05r02c05s10, rank 44] : cpu=23
91] : cpu=47
[libmmcso] : offloading thread affinity on [host i04r09c01s01, rank 
136] : cpu=23
173] : cpu=47
176] : cpu=23
218] : cpu=23
236] : cpu=23
[libmmcso] : offloading thread affinity on [host i05r02c06s06, rank [libmmcso] : offloading thread affinity on [host i05r08c02s09, rank [libmmcso] : offloading thread affinity on [host i05r03c01s08, rank 248] : cpu=23
[libmmcso] : offloading thread affinity on [host i04r09c04s07, rank [libmmcso] : offloading thread affinity on [host i04r09c04s12, rank [libmmcso] : offloading thread affinity on [host i05r02c05s11, rank [libmmcso] : offloading thread affinity on [host i04r09c01s10, rank 83] : cpu=47
[libmmcso] : offloading thread affinity on [host i04r09c01s05, rank [libmmcso] : offloading thread affinity on [host i04r08c06s04, rank 0] : cpu=23
[libmmcso] : offloading thread affinity on [host i05r03c01s03, rank [libmmcso] : offloading thread affinity on [host i05r08c01s12, rank 177] : cpu=47221] : cpu=47
237] : cpu=47
119] : cpu=47
[libmmcso] : offloading thread affinity on [host i05r08c03s03, rank [libmmcso] : offloading thread affinity on [host i05r03c01s09, rank [libmmcso] : offloading thread affinity on [host i05r08c04s10, rank 52] : cpu=23
[libmmcso] : offloading thread affinity on [host i04r09c05s02, rank 103] : cpu=47
[libmmcso] : offloading thread affinity on [host i04r09c01s10, rank 82] : cpu=23
[libmmcso] : offloading thread affinity on [host i04r08c06s12, rank 17] : cpu=47
[libmmcso] : offloading thread affinity on [host i04r08c06s09, rank 141] : cpu=47

209] : cpu=47
[libmmcso] : offloading thread affinity on [host i05r08c04s07, rank 123] : cpu=47
[libmmcso] : offloading thread affinity on [host i05r08c02s09, rank 154] : cpu=23

55] : cpu=47
64] : cpu=23
107] : cpu=47
[libmmcso] : offloading thread affinity on [host i04r09c03s09, rank [libmmcso] : offloading thread affinity on [host i04r09c05s07, rank , rank [libmmcso] : offloading thread affinity on [host i04r08c06s09, rank [libmmcso] : offloading thread affinity on [host i05r02c06s09[libmmcso] : offloading thread affinity on [host i05r08c02s06, rank [libmmcso] : offloading thread affinity on [host i05r08c03s07, rank [libmmcso] : offloading thread affinity on [host i05r08c04s07, rank 238] : cpu=2323
[libmmcso] : offloading thread affinity on [host i05r08c02s12, rank [libmmcso] : offloading thread affinity on [host i05r03c01s05, rank [libmmcso] : offloading thread affinity on [host i05r08c05s01, rank [libmmcso] : offloading thread affinity on [host i04r09c04s05, rank 65] : cpu=47
108] : cpu=23
[libmmcso] : offloading thread affinity on [host i04r09c03s10, rank 84] : cpu=23
26] : cpu=23
10] : cpu=23
, rank [libmmcso] : offloading thread affinity on [host i05r08c02s06, rank 214] : cpu=23
239] : cpu=47
[libmmcso] : offloading thread affinity on [host i05r02c06s08, rank [libmmcso] : offloading thread affinity on [host i05r08c03s03, rank 149] : cpu=47
244] : cpu=23
[libmmcso] : offloading thread affinity on [host i04r09c04s06, rank [libmmcso] : offloading thread affinity on [host i04r09c04s12, rank [libmmcso] : offloading thread affinity on [host i05r02c05s12, rank 37] : cpu=47
[libmmcso] : offloading thread affinity on [host i04r09c06s04, rank 18] : cpu=23
11] : cpu=47
[libmmcso] : offloading thread affinity on [host i05r02c06s09, rank 188] : cpu=23
[libmmcso] : offloading thread affinity on [host i05r08c03s07, rank 215] : cpu=47

127] : cpu=47
195] : cpu=47
[libmmcso] : offloading thread affinity on [host i05r03c01s08, rank [libmmcso] : offloading thread affinity on [host i05r08c05s01, rank 61] : cpu=47
75] : cpu=47
102] : cpu=23
40] : cpu=23
[libmmcso] : offloading thread affinity on [host i04r09c05s08, rank 19] : cpu=47
128] : cpu=23
189] : cpu=47
[libmmcso] : offloading thread affinity on [host i05r08c03s11, rank [libmmcso] : offloading thread affinity on [host i05r02c06s05, rank 200] : cpu=23
152] : cpu=23
245] : cpu=47
54] : cpu=23
70] : cpu=23
111] : cpu=47
[libmmcso] : offloading thread affinity on [host i04r09c03s10, rank [libmmcso] : offloading thread affinity on [host i04r09c06s04, rank [libmmcso] : offloading thread affinity on [host i04r09c01s06, rank 129] : cpu=47
[libmmcso] : offloading thread affinity on [host i05r08c03s11, rank [libmmcso] : offloading thread affinity on [host i05r02c06s05, rank 206] : cpu=23155] : cpu=47
250] : cpu=2356] : cpu=23
74] : cpu=23
[libmmcso] : offloading thread affinity on [host i05r02c05s10, rank 36] : cpu=23
[libmmcso] : offloading thread affinity on [host i04r09c05s05, rank [libmmcso] : offloading thread affinity on [host i04r09c01s06, rank 223] : cpu=47
121] : cpu=47
194] : cpu=23
150] : cpu=23
251] : cpu=47
58] : cpu=23
71] : cpu=47
106] : cpu=23
42] : cpu=23
87] : cpu=47
[libmmcso] : offloading thread affinity on [host i04r09c01s07, rank 222] : cpu=23
120] : cpu=23
[libmmcso] : offloading thread affinity on [host i05r08c02s12, rank 201] : cpu=47
153] : cpu=47

57] : cpu=47
[libmmcso] : offloading thread affinity on [host i04r09c05s04, rank [libmmcso] : offloading thread affinity on [host i05r02c05s06, rank 43] : cpu=47
95] : cpu=47
28] : cpu=23
207] : cpu=47
[libmmcso] : offloading thread affinity on [host i05r03c01s05, rank 144] : cpu=23
[libmmcso] : offloading thread affinity on [host i05r08c05s02, rank 59] : cpu=47
[libmmcso] : offloading thread affinity on [host i04r09c05s04, rank [libmmcso] : offloading thread affinity on [host i05r02c05s06, rank [libmmcso] : offloading thread affinity on [host i04r09c01s09, rank 94] : cpu=23
31] : cpu=47

151] : cpu=47
[libmmcso] : offloading thread affinity on [host i05r08c04s12, rank [libmmcso] : offloading thread affinity on [host 78] : cpu=23
[libmmcso] : offloading thread affinity on [host i04r09c06s05, rank [libmmcso] : offloading thread affinity on [host i04r09c01s09, rank 81] : cpu=47
29] : cpu=47
145] : cpu=47
[libmmcso] : offloading thread affinity on [host i05r08c05s02, rank i04r09c04s01, rank 79] : cpu=47
98] : cpu=23
34] : cpu=23
[libmmcso] : offloading thread affinity on [host i04r09c05s11, rank [libmmcso] : offloading thread affinity on [host i04r09c01s07, rank 30] : cpu=23
249] : cpu=47
[libmmcso] : offloading thread affinity on [host [libmmcso] : offloading thread affinity on [host i04r09c05s01, rank 99] : cpu=47
35] : cpu=47
[libmmcso] : offloading thread affinity on [host i04r09c05s11, rank [libmmcso] : offloading thread affinity on [host i04r09c01s03, rank 252] : cpu=23i04r09c04s01, rank [libmmcso] : offloading thread affinity on [host i04r09c05s01, rank [libmmcso] : offloading thread affinity on [host i04r09c06s05, rank 92] : cpu=[libmmcso] : offloading thread affinity on [host i04r09c01s03, rank 253] : cpu=47
48] : cpu=23
73] : cpu=47
96] : cpu=23
93] : cpu=47
22] : cpu=
49] : cpu=47
72] : cpu=23
97] : cpu=47
23
23] : cpu=47
[libmmcso] : offloading thread affinity on [host i04r09c05s0523
, rank 80] : cpu=23
